#
# There is insufficient memory for the Java Runtime Environment to continue.
# Native memory allocation (malloc) failed to allocate 1457136 bytes for Chunk::new
# Possible reasons:
#   The system is out of physical RAM or swap space
#   The process is running with CompressedOops enabled, and the Java Heap may be blocking the growth of the native heap
# Possible solutions:
#   Reduce memory load on the system
#   Increase physical memory or swap space
#   Check if swap backing store is full
#   Decrease Java heap size (-Xmx/-Xms)
#   Decrease number of Java threads
#   Decrease Java thread stack sizes (-Xss)
#   Set larger code cache with -XX:ReservedCodeCacheSize=
#   JVM is running with Unscaled Compressed Oops mode in which the Java heap is
#     placed in the first 4GB address space. The Java Heap base address is the
#     maximum limit for the native heap growth. Please use -XX:HeapBaseMinAddress
#     to set the Java Heap base and to place the Java Heap above 4GB virtual address.
# This output file may be truncated or incomplete.
#
#  Out of Memory Error (./src/hotspot/share/memory/arena.cpp:197), pid=2384, tid=10176
#
# JRE version: OpenJDK Runtime Environment (11.0.8+10) (build 11.0.8+10-b944.6842174)
# Java VM: OpenJDK 64-Bit Server VM (11.0.8+10-b944.6842174, mixed mode, tiered, compressed oops, g1 gc, windows-amd64)
# No core dump will be written. Minidumps are not enabled by default on client versions of Windows
#

---------------  S U M M A R Y ------------

Command Line: --add-opens=java.base/java.util=ALL-UNNAMED --add-opens=java.base/java.lang=ALL-UNNAMED --add-opens=java.base/java.lang.invoke=ALL-UNNAMED --add-opens=java.prefs/java.util.prefs=ALL-UNNAMED -Xmx2048m -Dfile.encoding=UTF-8 -Duser.country=US -Duser.language=en -Duser.variant org.gradle.launcher.daemon.bootstrap.GradleDaemon 5.4.1

Host: Intel(R) Core(TM) i5-9300H CPU @ 2.40GHz, 8 cores, 7G,  Windows 10 , 64 bit Build 19041 (10.0.19041.1023)
Time: Fri Jul 30 09:40:11 2021 SE Asia Standard Time elapsed time: 2 seconds (0d 0h 0m 2s)

---------------  T H R E A D  ---------------

Current thread (0x0000024520ad8800):  JavaThread "C2 CompilerThread0" daemon [_thread_in_native, id=10176, stack(0x000000af4c900000,0x000000af4ca00000)]


Current CompileTask:
C2:   2486 1766   !   4       java.lang.ClassLoader::loadClass (122 bytes)

Stack: [0x000000af4c900000,0x000000af4ca00000]
Native frames: (J=compiled Java code, j=interpreted, Vv=VM code, C=native code)
V  [jvm.dll+0x5de50a]
V  [jvm.dll+0x7122f5]
V  [jvm.dll+0x71384d]
V  [jvm.dll+0x713f03]
V  [jvm.dll+0x23e728]
V  [jvm.dll+0xb899c]
V  [jvm.dll+0xb8e9c]
V  [jvm.dll+0x35024d]
V  [jvm.dll+0x31dea3]
V  [jvm.dll+0x31d39a]
V  [jvm.dll+0x1f7702]
V  [jvm.dll+0x1f68d4]
V  [jvm.dll+0x17f32c]
V  [jvm.dll+0x205047]
V  [jvm.dll+0x203891]
V  [jvm.dll+0x6dad3f]
V  [jvm.dll+0x6d3895]
V  [jvm.dll+0x5dd4a6]
C  [ucrtbase.dll+0x21bb2]
C  [KERNEL32.DLL+0x17034]
C  [ntdll.dll+0x52651]


---------------  P R O C E S S  ---------------

Threads class SMR info:
_java_thread_list=0x0000024522f39530, length=23, elements={
0x00000245047d8800, 0x0000024520ac1000, 0x0000024520acc800, 0x0000024521442800,
0x0000024520ad8000, 0x0000024520ad8800, 0x0000024520ae8000, 0x0000024520ae9800,
0x0000024521594800, 0x00000245215ae800, 0x0000024522b72800, 0x00000245229f7000,
0x0000024522bb3000, 0x000002452276c000, 0x0000024522b1a800, 0x0000024522b10000,
0x0000024522b11000, 0x0000024522df0800, 0x000002452289e000, 0x000002452289e800,
0x0000024522eb7000, 0x0000024522eb2000, 0x0000024522eb3000
}

Java Threads: ( => current thread )
  0x00000245047d8800 JavaThread "main" [_thread_blocked, id=12684, stack(0x000000af4be00000,0x000000af4bf00000)]
  0x0000024520ac1000 JavaThread "Reference Handler" daemon [_thread_blocked, id=7076, stack(0x000000af4c500000,0x000000af4c600000)]
  0x0000024520acc800 JavaThread "Finalizer" daemon [_thread_blocked, id=6940, stack(0x000000af4c600000,0x000000af4c700000)]
  0x0000024521442800 JavaThread "Signal Dispatcher" daemon [_thread_blocked, id=12892, stack(0x000000af4c700000,0x000000af4c800000)]
  0x0000024520ad8000 JavaThread "Attach Listener" daemon [_thread_blocked, id=968, stack(0x000000af4c800000,0x000000af4c900000)]
=>0x0000024520ad8800 JavaThread "C2 CompilerThread0" daemon [_thread_in_native, id=10176, stack(0x000000af4c900000,0x000000af4ca00000)]
  0x0000024520ae8000 JavaThread "C1 CompilerThread0" daemon [_thread_blocked, id=6588, stack(0x000000af4ca00000,0x000000af4cb00000)]
  0x0000024520ae9800 JavaThread "Sweeper thread" daemon [_thread_blocked, id=19800, stack(0x000000af4cb00000,0x000000af4cc00000)]
  0x0000024521594800 JavaThread "Common-Cleaner" daemon [_thread_blocked, id=20204, stack(0x000000af4cc00000,0x000000af4cd00000)]
  0x00000245215ae800 JavaThread "Service Thread" daemon [_thread_blocked, id=12948, stack(0x000000af4cd00000,0x000000af4ce00000)]
  0x0000024522b72800 JavaThread "Daemon health stats" [_thread_blocked, id=14508, stack(0x000000af4d100000,0x000000af4d200000)]
  0x00000245229f7000 JavaThread "Incoming local TCP Connector on port 58779" [_thread_in_native, id=8388, stack(0x000000af4d200000,0x000000af4d300000)]
  0x0000024522bb3000 JavaThread "Daemon periodic checks" [_thread_blocked, id=13908, stack(0x000000af4d300000,0x000000af4d400000)]
  0x000002452276c000 JavaThread "Daemon" [_thread_blocked, id=19536, stack(0x000000af4d400000,0x000000af4d500000)]
  0x0000024522b1a800 JavaThread "Handler for socket connection from /127.0.0.1:58779 to /127.0.0.1:58780" [_thread_in_native, id=14308, stack(0x000000af4d500000,0x000000af4d600000)]
  0x0000024522b10000 JavaThread "Cancel handler" [_thread_blocked, id=10912, stack(0x000000af4d600000,0x000000af4d700000)]
  0x0000024522b11000 JavaThread "Daemon worker" [_thread_in_vm, id=17516, stack(0x000000af4d700000,0x000000af4d800000)]
  0x0000024522df0800 JavaThread "Asynchronous log dispatcher for DefaultDaemonConnection: socket connection from /127.0.0.1:58779 to /127.0.0.1:58780" [_thread_blocked, id=12776, stack(0x000000af4d800000,0x000000af4d900000)]
  0x000002452289e000 JavaThread "Stdin handler" [_thread_blocked, id=19232, stack(0x000000af4d900000,0x000000af4da00000)]
  0x000002452289e800 JavaThread "Thread-8" [_thread_blocked, id=12412, stack(0x000000af4da00000,0x000000af4db00000)]
  0x0000024522eb7000 JavaThread "Cache worker for file hash cache (C:\Users\missv\.gradle\caches\5.4.1\fileHashes)" [_thread_blocked, id=7052, stack(0x000000af4db00000,0x000000af4dc00000)]
  0x0000024522eb2000 JavaThread "File lock request listener" [_thread_in_native, id=15032, stack(0x000000af4dc00000,0x000000af4dd00000)]
  0x0000024522eb3000 JavaThread "Cache worker for journal cache (C:\Users\missv\.gradle\caches\journal-1)" [_thread_blocked, id=15780, stack(0x000000af4dd00000,0x000000af4de00000)]

Other Threads:
  0x0000024520abd000 VMThread "VM Thread" [stack: 0x000000af4c400000,0x000000af4c500000] [id=7368]
  0x00000245215af000 WatcherThread [stack: 0x000000af4ce00000,0x000000af4cf00000] [id=16312]
  0x00000245047ef800 GCTaskThread "GC Thread#0" [stack: 0x000000af4bf00000,0x000000af4c000000] [id=14724]
  0x00000245214bc000 GCTaskThread "GC Thread#1" [stack: 0x000000af4cf00000,0x000000af4d000000] [id=13704]
  0x00000245214bc800 GCTaskThread "GC Thread#2" [stack: 0x000000af4d000000,0x000000af4d100000] [id=20088]
  0x00000245214b9000 GCTaskThread "GC Thread#3" [stack: 0x000000af4de00000,0x000000af4df00000] [id=2780]
  0x00000245214b8800 GCTaskThread "GC Thread#4" [stack: 0x000000af4df00000,0x000000af4e000000] [id=9408]
  0x00000245214ba000 GCTaskThread "GC Thread#5" [stack: 0x000000af4e000000,0x000000af4e100000] [id=19468]
  0x00000245214ba800 GCTaskThread "GC Thread#6" [stack: 0x000000af4e100000,0x000000af4e200000] [id=9708]
  0x00000245214bd800 GCTaskThread "GC Thread#7" [stack: 0x000000af4e200000,0x000000af4e300000] [id=18244]
  0x0000024504825000 ConcurrentGCThread "G1 Main Marker" [stack: 0x000000af4c000000,0x000000af4c100000] [id=16488]
  0x000002450482b000 ConcurrentGCThread "G1 Conc#0" [stack: 0x000000af4c100000,0x000000af4c200000] [id=12292]
  0x00000245214be000 ConcurrentGCThread "G1 Conc#1" [stack: 0x000000af4e400000,0x000000af4e500000] [id=20316]
  0x0000024520910800 ConcurrentGCThread "G1 Refine#0" [stack: 0x000000af4c200000,0x000000af4c300000] [id=15152]
  0x000002452226c800 ConcurrentGCThread "G1 Refine#1" [stack: 0x000000af4e300000,0x000000af4e400000] [id=12856]
  0x0000024520911800 ConcurrentGCThread "G1 Young RemSet Sampling" [stack: 0x000000af4c300000,0x000000af4c400000] [id=12896]

Threads with active compile tasks:
C2 CompilerThread0   2526 1766   !   4       java.lang.ClassLoader::loadClass (122 bytes)

VM state:not at safepoint (normal execution)

VM Mutex/Monitor currently owned by a thread: None

Heap address: 0x0000000080000000, size: 2048 MB, Compressed Oops mode: 32-bit
Narrow klass base: 0x0000000000000000, Narrow klass shift: 3
Compressed class space size: 1073741824 Address: 0x0000000100000000

Heap:
 garbage-first heap   total 129024K, used 16256K [0x0000000080000000, 0x0000000100000000)
  region size 1024K, 12 young (12288K), 10 survivors (10240K)
 Metaspace       used 21087K, capacity 21572K, committed 21888K, reserved 1069056K
  class space    used 2672K, capacity 2851K, committed 2944K, reserved 1048576K
Heap Regions: E=young(eden), S=young(survivor), O=old, HS=humongous(starts), HC=humongous(continues), CS=collection set, F=free, A=archive, TAMS=top-at-mark-start (previous, next)
|   0|0x0000000080000000, 0x0000000080000000, 0x0000000080100000|  0%| F|  |TAMS 0x0000000080000000, 0x0000000080000000| Untracked 
|   1|0x0000000080100000, 0x0000000080100000, 0x0000000080200000|  0%| F|  |TAMS 0x0000000080100000, 0x0000000080100000| Untracked 
|   2|0x0000000080200000, 0x0000000080300000, 0x0000000080300000|100%|HS|  |TAMS 0x0000000080300000, 0x0000000080200000| Complete 
|   3|0x0000000080300000, 0x0000000080400000, 0x0000000080400000|100%|HS|  |TAMS 0x0000000080400000, 0x0000000080300000| Complete 
|   4|0x0000000080400000, 0x0000000080500000, 0x0000000080500000|100%|HC|  |TAMS 0x0000000080500000, 0x0000000080400000| Complete 
|   5|0x0000000080500000, 0x0000000080600000, 0x0000000080600000|100%| O|  |TAMS 0x0000000080600000, 0x0000000080500000| Untracked 
|   6|0x0000000080600000, 0x00000000806e0200, 0x0000000080700000| 87%| O|  |TAMS 0x00000000806e0200, 0x0000000080600000| Untracked 
|   7|0x0000000080700000, 0x0000000080700000, 0x0000000080800000|  0%| F|  |TAMS 0x0000000080700000, 0x0000000080700000| Untracked 
|   8|0x0000000080800000, 0x0000000080800000, 0x0000000080900000|  0%| F|  |TAMS 0x0000000080800000, 0x0000000080800000| Untracked 
|   9|0x0000000080900000, 0x0000000080900000, 0x0000000080a00000|  0%| F|  |TAMS 0x0000000080900000, 0x0000000080900000| Untracked 
|  10|0x0000000080a00000, 0x0000000080a00000, 0x0000000080b00000|  0%| F|  |TAMS 0x0000000080a00000, 0x0000000080a00000| Untracked 
|  11|0x0000000080b00000, 0x0000000080b00000, 0x0000000080c00000|  0%| F|  |TAMS 0x0000000080b00000, 0x0000000080b00000| Untracked 
|  12|0x0000000080c00000, 0x0000000080c00000, 0x0000000080d00000|  0%| F|  |TAMS 0x0000000080c00000, 0x0000000080c00000| Untracked 
|  13|0x0000000080d00000, 0x0000000080d00000, 0x0000000080e00000|  0%| F|  |TAMS 0x0000000080d00000, 0x0000000080d00000| Untracked 
|  14|0x0000000080e00000, 0x0000000080e00000, 0x0000000080f00000|  0%| F|  |TAMS 0x0000000080e00000, 0x0000000080e00000| Untracked 
|  15|0x0000000080f00000, 0x0000000080f00000, 0x0000000081000000|  0%| F|  |TAMS 0x0000000080f00000, 0x0000000080f00000| Untracked 
|  16|0x0000000081000000, 0x0000000081000000, 0x0000000081100000|  0%| F|  |TAMS 0x0000000081000000, 0x0000000081000000| Untracked 
|  17|0x0000000081100000, 0x0000000081100000, 0x0000000081200000|  0%| F|  |TAMS 0x0000000081100000, 0x0000000081100000| Untracked 
|  18|0x0000000081200000, 0x0000000081200000, 0x0000000081300000|  0%| F|  |TAMS 0x0000000081200000, 0x0000000081200000| Untracked 
|  19|0x0000000081300000, 0x0000000081300000, 0x0000000081400000|  0%| F|  |TAMS 0x0000000081300000, 0x0000000081300000| Untracked 
|  20|0x0000000081400000, 0x0000000081400000, 0x0000000081500000|  0%| F|  |TAMS 0x0000000081400000, 0x0000000081400000| Untracked 
|  21|0x0000000081500000, 0x0000000081500000, 0x0000000081600000|  0%| F|  |TAMS 0x0000000081500000, 0x0000000081500000| Untracked 
|  22|0x0000000081600000, 0x0000000081600000, 0x0000000081700000|  0%| F|  |TAMS 0x0000000081600000, 0x0000000081600000| Untracked 
|  23|0x0000000081700000, 0x0000000081700000, 0x0000000081800000|  0%| F|  |TAMS 0x0000000081700000, 0x0000000081700000| Untracked 
|  24|0x0000000081800000, 0x0000000081800000, 0x0000000081900000|  0%| F|  |TAMS 0x0000000081800000, 0x0000000081800000| Untracked 
|  25|0x0000000081900000, 0x0000000081900000, 0x0000000081a00000|  0%| F|  |TAMS 0x0000000081900000, 0x0000000081900000| Untracked 
|  26|0x0000000081a00000, 0x0000000081a00000, 0x0000000081b00000|  0%| F|  |TAMS 0x0000000081a00000, 0x0000000081a00000| Untracked 
|  27|0x0000000081b00000, 0x0000000081b00000, 0x0000000081c00000|  0%| F|  |TAMS 0x0000000081b00000, 0x0000000081b00000| Untracked 
|  28|0x0000000081c00000, 0x0000000081c00000, 0x0000000081d00000|  0%| F|  |TAMS 0x0000000081c00000, 0x0000000081c00000| Untracked 
|  29|0x0000000081d00000, 0x0000000081d00000, 0x0000000081e00000|  0%| F|  |TAMS 0x0000000081d00000, 0x0000000081d00000| Untracked 
|  30|0x0000000081e00000, 0x0000000081e00000, 0x0000000081f00000|  0%| F|  |TAMS 0x0000000081e00000, 0x0000000081e00000| Untracked 
|  31|0x0000000081f00000, 0x0000000081f00000, 0x0000000082000000|  0%| F|  |TAMS 0x0000000081f00000, 0x0000000081f00000| Untracked 
|  32|0x0000000082000000, 0x0000000082000000, 0x0000000082100000|  0%| F|  |TAMS 0x0000000082000000, 0x0000000082000000| Untracked 
|  33|0x0000000082100000, 0x0000000082100000, 0x0000000082200000|  0%| F|  |TAMS 0x0000000082100000, 0x0000000082100000| Untracked 
|  34|0x0000000082200000, 0x0000000082200000, 0x0000000082300000|  0%| F|  |TAMS 0x0000000082200000, 0x0000000082200000| Untracked 
|  35|0x0000000082300000, 0x0000000082300000, 0x0000000082400000|  0%| F|  |TAMS 0x0000000082300000, 0x0000000082300000| Untracked 
|  36|0x0000000082400000, 0x0000000082400000, 0x0000000082500000|  0%| F|  |TAMS 0x0000000082400000, 0x0000000082400000| Untracked 
|  37|0x0000000082500000, 0x0000000082500000, 0x0000000082600000|  0%| F|  |TAMS 0x0000000082500000, 0x0000000082500000| Untracked 
|  38|0x0000000082600000, 0x0000000082600000, 0x0000000082700000|  0%| F|  |TAMS 0x0000000082600000, 0x0000000082600000| Untracked 
|  39|0x0000000082700000, 0x0000000082700000, 0x0000000082800000|  0%| F|  |TAMS 0x0000000082700000, 0x0000000082700000| Untracked 
|  40|0x0000000082800000, 0x0000000082800000, 0x0000000082900000|  0%| F|  |TAMS 0x0000000082800000, 0x0000000082800000| Untracked 
|  41|0x0000000082900000, 0x0000000082900000, 0x0000000082a00000|  0%| F|  |TAMS 0x0000000082900000, 0x0000000082900000| Untracked 
|  42|0x0000000082a00000, 0x0000000082b00000, 0x0000000082b00000|100%| S|CS|TAMS 0x0000000082a00000, 0x0000000082a00000| Complete 
|  43|0x0000000082b00000, 0x0000000082c00000, 0x0000000082c00000|100%| S|CS|TAMS 0x0000000082b00000, 0x0000000082b00000| Complete 
|  44|0x0000000082c00000, 0x0000000082d00000, 0x0000000082d00000|100%| S|CS|TAMS 0x0000000082c00000, 0x0000000082c00000| Complete 
|  45|0x0000000082d00000, 0x0000000082e00000, 0x0000000082e00000|100%| S|CS|TAMS 0x0000000082d00000, 0x0000000082d00000| Complete 
|  46|0x0000000082e00000, 0x0000000082f00000, 0x0000000082f00000|100%| S|CS|TAMS 0x0000000082e00000, 0x0000000082e00000| Complete 
|  47|0x0000000082f00000, 0x0000000083000000, 0x0000000083000000|100%| S|CS|TAMS 0x0000000082f00000, 0x0000000082f00000| Complete 
|  48|0x0000000083000000, 0x0000000083100000, 0x0000000083100000|100%| S|CS|TAMS 0x0000000083000000, 0x0000000083000000| Complete 
|  49|0x0000000083100000, 0x0000000083200000, 0x0000000083200000|100%| S|CS|TAMS 0x0000000083100000, 0x0000000083100000| Complete 
|  50|0x0000000083200000, 0x0000000083300000, 0x0000000083300000|100%| S|CS|TAMS 0x0000000083200000, 0x0000000083200000| Complete 
|  51|0x0000000083300000, 0x0000000083400000, 0x0000000083400000|100%| S|CS|TAMS 0x0000000083300000, 0x0000000083300000| Complete 
|  52|0x0000000083400000, 0x0000000083400000, 0x0000000083500000|  0%| F|  |TAMS 0x0000000083400000, 0x0000000083400000| Untracked 
|  53|0x0000000083500000, 0x0000000083500000, 0x0000000083600000|  0%| F|  |TAMS 0x0000000083500000, 0x0000000083500000| Untracked 
|  54|0x0000000083600000, 0x0000000083600000, 0x0000000083700000|  0%| F|  |TAMS 0x0000000083600000, 0x0000000083600000| Untracked 
|  55|0x0000000083700000, 0x0000000083700000, 0x0000000083800000|  0%| F|  |TAMS 0x0000000083700000, 0x0000000083700000| Untracked 
|  56|0x0000000083800000, 0x0000000083800000, 0x0000000083900000|  0%| F|  |TAMS 0x0000000083800000, 0x0000000083800000| Untracked 
|  57|0x0000000083900000, 0x0000000083900000, 0x0000000083a00000|  0%| F|  |TAMS 0x0000000083900000, 0x0000000083900000| Untracked 
|  58|0x0000000083a00000, 0x0000000083a00000, 0x0000000083b00000|  0%| F|  |TAMS 0x0000000083a00000, 0x0000000083a00000| Untracked 
|  59|0x0000000083b00000, 0x0000000083b00000, 0x0000000083c00000|  0%| F|  |TAMS 0x0000000083b00000, 0x0000000083b00000| Untracked 
|  60|0x0000000083c00000, 0x0000000083c00000, 0x0000000083d00000|  0%| F|  |TAMS 0x0000000083c00000, 0x0000000083c00000| Untracked 
|  61|0x0000000083d00000, 0x0000000083d00000, 0x0000000083e00000|  0%| F|  |TAMS 0x0000000083d00000, 0x0000000083d00000| Untracked 
|  62|0x0000000083e00000, 0x0000000083e00000, 0x0000000083f00000|  0%| F|  |TAMS 0x0000000083e00000, 0x0000000083e00000| Untracked 
|  63|0x0000000083f00000, 0x0000000083f00000, 0x0000000084000000|  0%| F|  |TAMS 0x0000000083f00000, 0x0000000083f00000| Untracked 
|  64|0x0000000084000000, 0x0000000084000000, 0x0000000084100000|  0%| F|  |TAMS 0x0000000084000000, 0x0000000084000000| Untracked 
|  65|0x0000000084100000, 0x0000000084100000, 0x0000000084200000|  0%| F|  |TAMS 0x0000000084100000, 0x0000000084100000| Untracked 
|  66|0x0000000084200000, 0x0000000084200000, 0x0000000084300000|  0%| F|  |TAMS 0x0000000084200000, 0x0000000084200000| Untracked 
|  67|0x0000000084300000, 0x0000000084300000, 0x0000000084400000|  0%| F|  |TAMS 0x0000000084300000, 0x0000000084300000| Untracked 
|  68|0x0000000084400000, 0x0000000084400000, 0x0000000084500000|  0%| F|  |TAMS 0x0000000084400000, 0x0000000084400000| Untracked 
|  69|0x0000000084500000, 0x0000000084500000, 0x0000000084600000|  0%| F|  |TAMS 0x0000000084500000, 0x0000000084500000| Untracked 
|  70|0x0000000084600000, 0x0000000084600000, 0x0000000084700000|  0%| F|  |TAMS 0x0000000084600000, 0x0000000084600000| Untracked 
|  71|0x0000000084700000, 0x0000000084700000, 0x0000000084800000|  0%| F|  |TAMS 0x0000000084700000, 0x0000000084700000| Untracked 
|  72|0x0000000084800000, 0x0000000084800000, 0x0000000084900000|  0%| F|  |TAMS 0x0000000084800000, 0x0000000084800000| Untracked 
|  73|0x0000000084900000, 0x0000000084900000, 0x0000000084a00000|  0%| F|  |TAMS 0x0000000084900000, 0x0000000084900000| Untracked 
|  74|0x0000000084a00000, 0x0000000084a00000, 0x0000000084b00000|  0%| F|  |TAMS 0x0000000084a00000, 0x0000000084a00000| Untracked 
|  75|0x0000000084b00000, 0x0000000084b00000, 0x0000000084c00000|  0%| F|  |TAMS 0x0000000084b00000, 0x0000000084b00000| Untracked 
|  76|0x0000000084c00000, 0x0000000084c00000, 0x0000000084d00000|  0%| F|  |TAMS 0x0000000084c00000, 0x0000000084c00000| Untracked 
|  77|0x0000000084d00000, 0x0000000084d00000, 0x0000000084e00000|  0%| F|  |TAMS 0x0000000084d00000, 0x0000000084d00000| Untracked 
|  78|0x0000000084e00000, 0x0000000084e00000, 0x0000000084f00000|  0%| F|  |TAMS 0x0000000084e00000, 0x0000000084e00000| Untracked 
|  79|0x0000000084f00000, 0x0000000084f00000, 0x0000000085000000|  0%| F|  |TAMS 0x0000000084f00000, 0x0000000084f00000| Untracked 
|  80|0x0000000085000000, 0x0000000085000000, 0x0000000085100000|  0%| F|  |TAMS 0x0000000085000000, 0x0000000085000000| Untracked 
|  81|0x0000000085100000, 0x0000000085100000, 0x0000000085200000|  0%| F|  |TAMS 0x0000000085100000, 0x0000000085100000| Untracked 
|  82|0x0000000085200000, 0x0000000085200000, 0x0000000085300000|  0%| F|  |TAMS 0x0000000085200000, 0x0000000085200000| Untracked 
|  83|0x0000000085300000, 0x0000000085300000, 0x0000000085400000|  0%| F|  |TAMS 0x0000000085300000, 0x0000000085300000| Untracked 
|  84|0x0000000085400000, 0x0000000085400000, 0x0000000085500000|  0%| F|  |TAMS 0x0000000085400000, 0x0000000085400000| Untracked 
|  85|0x0000000085500000, 0x0000000085500000, 0x0000000085600000|  0%| F|  |TAMS 0x0000000085500000, 0x0000000085500000| Untracked 
|  86|0x0000000085600000, 0x0000000085600000, 0x0000000085700000|  0%| F|  |TAMS 0x0000000085600000, 0x0000000085600000| Untracked 
|  87|0x0000000085700000, 0x0000000085700000, 0x0000000085800000|  0%| F|  |TAMS 0x0000000085700000, 0x0000000085700000| Untracked 
|  88|0x0000000085800000, 0x0000000085800000, 0x0000000085900000|  0%| F|  |TAMS 0x0000000085800000, 0x0000000085800000| Untracked 
|  89|0x0000000085900000, 0x0000000085900000, 0x0000000085a00000|  0%| F|  |TAMS 0x0000000085900000, 0x0000000085900000| Untracked 
|  90|0x0000000085a00000, 0x0000000085a00000, 0x0000000085b00000|  0%| F|  |TAMS 0x0000000085a00000, 0x0000000085a00000| Untracked 
|  91|0x0000000085b00000, 0x0000000085b00000, 0x0000000085c00000|  0%| F|  |TAMS 0x0000000085b00000, 0x0000000085b00000| Untracked 
|  92|0x0000000085c00000, 0x0000000085c00000, 0x0000000085d00000|  0%| F|  |TAMS 0x0000000085c00000, 0x0000000085c00000| Untracked 
|  93|0x0000000085d00000, 0x0000000085d00000, 0x0000000085e00000|  0%| F|  |TAMS 0x0000000085d00000, 0x0000000085d00000| Untracked 
|  94|0x0000000085e00000, 0x0000000085e00000, 0x0000000085f00000|  0%| F|  |TAMS 0x0000000085e00000, 0x0000000085e00000| Untracked 
|  95|0x0000000085f00000, 0x0000000085f00000, 0x0000000086000000|  0%| F|  |TAMS 0x0000000085f00000, 0x0000000085f00000| Untracked 
|  96|0x0000000086000000, 0x0000000086000000, 0x0000000086100000|  0%| F|  |TAMS 0x0000000086000000, 0x0000000086000000| Untracked 
|  97|0x0000000086100000, 0x0000000086100000, 0x0000000086200000|  0%| F|  |TAMS 0x0000000086100000, 0x0000000086100000| Untracked 
|  98|0x0000000086200000, 0x0000000086200000, 0x0000000086300000|  0%| F|  |TAMS 0x0000000086200000, 0x0000000086200000| Untracked 
|  99|0x0000000086300000, 0x0000000086300000, 0x0000000086400000|  0%| F|  |TAMS 0x0000000086300000, 0x0000000086300000| Untracked 
| 100|0x0000000086400000, 0x0000000086400000, 0x0000000086500000|  0%| F|  |TAMS 0x0000000086400000, 0x0000000086400000| Untracked 
| 101|0x0000000086500000, 0x0000000086500000, 0x0000000086600000|  0%| F|  |TAMS 0x0000000086500000, 0x0000000086500000| Untracked 
| 102|0x0000000086600000, 0x0000000086600000, 0x0000000086700000|  0%| F|  |TAMS 0x0000000086600000, 0x0000000086600000| Untracked 
| 103|0x0000000086700000, 0x0000000086700000, 0x0000000086800000|  0%| F|  |TAMS 0x0000000086700000, 0x0000000086700000| Untracked 
| 104|0x0000000086800000, 0x0000000086800000, 0x0000000086900000|  0%| F|  |TAMS 0x0000000086800000, 0x0000000086800000| Untracked 
| 105|0x0000000086900000, 0x0000000086900000, 0x0000000086a00000|  0%| F|  |TAMS 0x0000000086900000, 0x0000000086900000| Untracked 
| 106|0x0000000086a00000, 0x0000000086a00000, 0x0000000086b00000|  0%| F|  |TAMS 0x0000000086a00000, 0x0000000086a00000| Untracked 
| 107|0x0000000086b00000, 0x0000000086b00000, 0x0000000086c00000|  0%| F|  |TAMS 0x0000000086b00000, 0x0000000086b00000| Untracked 
| 108|0x0000000086c00000, 0x0000000086c00000, 0x0000000086d00000|  0%| F|  |TAMS 0x0000000086c00000, 0x0000000086c00000| Untracked 
| 109|0x0000000086d00000, 0x0000000086d00000, 0x0000000086e00000|  0%| F|  |TAMS 0x0000000086d00000, 0x0000000086d00000| Untracked 
| 110|0x0000000086e00000, 0x0000000086e00000, 0x0000000086f00000|  0%| F|  |TAMS 0x0000000086e00000, 0x0000000086e00000| Untracked 
| 111|0x0000000086f00000, 0x0000000086f00000, 0x0000000087000000|  0%| F|  |TAMS 0x0000000086f00000, 0x0000000086f00000| Untracked 
| 112|0x0000000087000000, 0x0000000087000000, 0x0000000087100000|  0%| F|  |TAMS 0x0000000087000000, 0x0000000087000000| Untracked 
| 113|0x0000000087100000, 0x0000000087100000, 0x0000000087200000|  0%| F|  |TAMS 0x0000000087100000, 0x0000000087100000| Untracked 
| 114|0x0000000087200000, 0x0000000087200000, 0x0000000087300000|  0%| F|  |TAMS 0x0000000087200000, 0x0000000087200000| Untracked 
| 115|0x0000000087300000, 0x0000000087300000, 0x0000000087400000|  0%| F|  |TAMS 0x0000000087300000, 0x0000000087300000| Untracked 
| 116|0x0000000087400000, 0x0000000087400000, 0x0000000087500000|  0%| F|  |TAMS 0x0000000087400000, 0x0000000087400000| Untracked 
| 117|0x0000000087500000, 0x0000000087500000, 0x0000000087600000|  0%| F|  |TAMS 0x0000000087500000, 0x0000000087500000| Untracked 
| 118|0x0000000087600000, 0x0000000087600000, 0x0000000087700000|  0%| F|  |TAMS 0x0000000087600000, 0x0000000087600000| Untracked 
| 119|0x0000000087700000, 0x0000000087700000, 0x0000000087800000|  0%| F|  |TAMS 0x0000000087700000, 0x0000000087700000| Untracked 
| 120|0x0000000087800000, 0x0000000087800000, 0x0000000087900000|  0%| F|  |TAMS 0x0000000087800000, 0x0000000087800000| Untracked 
| 121|0x0000000087900000, 0x0000000087900000, 0x0000000087a00000|  0%| F|  |TAMS 0x0000000087900000, 0x0000000087900000| Untracked 
| 122|0x0000000087a00000, 0x0000000087a00000, 0x0000000087b00000|  0%| F|  |TAMS 0x0000000087a00000, 0x0000000087a00000| Untracked 
| 123|0x0000000087b00000, 0x0000000087baed08, 0x0000000087c00000| 68%| E|  |TAMS 0x0000000087b00000, 0x0000000087b00000| Complete 
| 124|0x0000000087c00000, 0x0000000087d00000, 0x0000000087d00000|100%| E|CS|TAMS 0x0000000087c00000, 0x0000000087c00000| Complete 
| 125|0x0000000087d00000, 0x0000000087e00000, 0x0000000087e00000|100%| E|CS|TAMS 0x0000000087d00000, 0x0000000087d00000| Complete 

Card table byte_map: [0x00000245197f0000,0x0000024519bf0000] _byte_map_base: 0x00000245193f0000

Marking Bits (Prev, Next): (CMBitMap*) 0x000002450481c2f0, (CMBitMap*) 0x000002450481c2b8
 Prev Bits: [0x000002451bff0000, 0x000002451dff0000)
 Next Bits: [0x0000024519ff0000, 0x000002451bff0000)

Polling page: 0x00000245048c0000

Metaspace:

Usage:
  Non-class:     18.34 MB capacity,    18.02 MB ( 98%) used,   296.56 KB (  2%) free+waste,    35.00 KB ( <1%) overhead. 
      Class:      2.78 MB capacity,     2.62 MB ( 94%) used,   155.80 KB (  5%) free+waste,    17.25 KB ( <1%) overhead. 
       Both:     21.13 MB capacity,    20.64 MB ( 98%) used,   452.36 KB (  2%) free+waste,    52.25 KB ( <1%) overhead. 

Virtual space:
  Non-class space:       20.00 MB reserved,      18.50 MB ( 93%) committed 
      Class space:        1.00 GB reserved,       2.88 MB ( <1%) committed 
             Both:        1.02 GB reserved,      21.38 MB (  2%) committed 

Chunk freelists:
   Non-Class:  31.00 KB
       Class:  29.00 KB
        Both:  60.00 KB

MaxMetaspaceSize: 17179869184.00 GB
CompressedClassSpaceSize: 1.00 GB

CodeHeap 'non-profiled nmethods': size=120000Kb used=595Kb max_used=595Kb free=119404Kb
 bounds [0x0000024511460000, 0x00000245116d0000, 0x0000024518990000]
CodeHeap 'profiled nmethods': size=120000Kb used=3352Kb max_used=3352Kb free=116647Kb
 bounds [0x0000024509f30000, 0x000002450a290000, 0x0000024511460000]
CodeHeap 'non-nmethods': size=5760Kb used=1128Kb max_used=1134Kb free=4631Kb
 bounds [0x0000024509990000, 0x0000024509c00000, 0x0000024509f30000]
 total_blobs=2107 nmethods=1650 adapters=368
 compilation: enabled
              stopped_count=0, restarted_count=0
 full_count=0

Compilation events (20 events):
Event: 2.388 Thread 0x0000024520ae8000 1822       3       java.util.regex.Matcher::start (65 bytes)
Event: 2.389 Thread 0x0000024520ae8000 nmethod 1822 0x000002450a01c490 code [0x000002450a01c720, 0x000002450a01d168]
Event: 2.389 Thread 0x0000024520ae8000 1823       3       org.gradle.internal.service.DefaultServiceRegistry$SingletonService::get (5 bytes)
Event: 2.390 Thread 0x0000024520ae8000 nmethod 1823 0x0000024509fb8b90 code [0x0000024509fb8d40, 0x0000024509fb8e68]
Event: 2.390 Thread 0x0000024520ae8000 1824   !   3       org.gradle.internal.service.DefaultServiceRegistry$ManagedObjectServiceProvider::getInstance (81 bytes)
Event: 2.390 Thread 0x0000024520ae8000 nmethod 1824 0x0000024509fef010 code [0x0000024509fef1e0, 0x0000024509fef628]
Event: 2.406 Thread 0x0000024520ae8000 1825       3       java.lang.reflect.ProxyGenerator::dotToSlash (9 bytes)
Event: 2.406 Thread 0x0000024520ae8000 nmethod 1825 0x0000024509ffab10 code [0x0000024509ffacc0, 0x0000024509ffade8]
Event: 2.418 Thread 0x0000024520ae8000 1826       3       org.gradle.internal.service.DefaultServiceRegistry::find (149 bytes)
Event: 2.419 Thread 0x0000024520ae8000 nmethod 1826 0x000002450a27ed10 code [0x000002450a27f0c0, 0x000002450a280a28]
Event: 2.419 Thread 0x0000024520ae8000 1827       3       org.gradle.internal.service.DefaultServiceRegistry$SingletonService::getService (18 bytes)
Event: 2.419 Thread 0x0000024520ae8000 nmethod 1827 0x000002450a000f10 code [0x000002450a0010e0, 0x000002450a0012f8]
Event: 2.419 Thread 0x0000024520ae8000 1828       3       org.gradle.internal.service.DefaultServiceRegistry::access$1200 (6 bytes)
Event: 2.419 Thread 0x0000024520ae8000 nmethod 1828 0x000002450a000b90 code [0x000002450a000d40, 0x000002450a000e48]
Event: 2.429 Thread 0x0000024520ae8000 1829       3       java.lang.invoke.VarHandleGuards::guard_LLL_Z (70 bytes)
Event: 2.430 Thread 0x0000024520ae8000 nmethod 1829 0x000002450a281110 code [0x000002450a2813c0, 0x000002450a282368]
Event: 2.435 Thread 0x0000024520ae8000 1831       3       java.lang.Throwable::<init> (39 bytes)
Event: 2.435 Thread 0x0000024520ae8000 nmethod 1831 0x000002450a002990 code [0x000002450a002b60, 0x000002450a002f88]
Event: 2.460 Thread 0x0000024520ae8000 1833   !   3       java.lang.ref.ReferenceQueue::enqueue (119 bytes)
Event: 2.461 Thread 0x0000024520ae8000 nmethod 1833 0x000002450a01b990 code [0x000002450a01bb80, 0x000002450a01c2e8]

GC Heap History (4 events):
Event: 1.076 GC heap before
{Heap before GC invocations=0 (full 0):
 garbage-first heap   total 129024K, used 28672K [0x0000000080000000, 0x0000000100000000)
  region size 1024K, 24 young (24576K), 0 survivors (0K)
 Metaspace       used 10322K, capacity 10564K, committed 10752K, reserved 1058816K
  class space    used 1085K, capacity 1157K, committed 1280K, reserved 1048576K
}
Event: 1.081 GC heap after
{Heap after GC invocations=1 (full 0):
 garbage-first heap   total 129024K, used 7339K [0x0000000080000000, 0x0000000100000000)
  region size 1024K, 3 young (3072K), 3 survivors (3072K)
 Metaspace       used 10322K, capacity 10564K, committed 10752K, reserved 1058816K
  class space    used 1085K, capacity 1157K, committed 1280K, reserved 1048576K
}
Event: 2.442 GC heap before
{Heap before GC invocations=1 (full 0):
 garbage-first heap   total 129024K, used 79019K [0x0000000080000000, 0x0000000100000000)
  region size 1024K, 74 young (75776K), 3 survivors (3072K)
 Metaspace       used 20786K, capacity 21179K, committed 21248K, reserved 1067008K
  class space    used 2626K, capacity 2784K, committed 2816K, reserved 1048576K
}
Event: 2.458 GC heap after
{Heap after GC invocations=2 (full 0):
 garbage-first heap   total 129024K, used 15232K [0x0000000080000000, 0x0000000100000000)
  region size 1024K, 10 young (10240K), 10 survivors (10240K)
 Metaspace       used 20786K, capacity 21179K, committed 21248K, reserved 1067008K
  class space    used 2626K, capacity 2784K, committed 2816K, reserved 1048576K
}

Deoptimization events (20 events):
Event: 2.021 Thread 0x0000024522b11000 Uncommon trap: trap_request=0xffffffc6 fr.pc=0x000002451149e0b8 relative=0x0000000000000d18
Event: 2.021 Thread 0x0000024522b11000 Uncommon trap: reason=bimorphic_or_optimized_type_check action=maybe_recompile pc=0x000002451149e0b8 method=java.util.HashMap.putVal(ILjava/lang/Object;Ljava/lang/Object;ZZ)Ljava/lang/Object; @ 253 c2
Event: 2.021 Thread 0x0000024522b11000 DEOPT PACKING pc=0x000002451149e0b8 sp=0x000000af4d7fea90
Event: 2.021 Thread 0x0000024522b11000 DEOPT UNPACKING pc=0x00000245099b74af sp=0x000000af4d7fea60 mode 2
Event: 2.021 Thread 0x0000024522b11000 Uncommon trap: trap_request=0xffffffc6 fr.pc=0x000002451149e0b8 relative=0x0000000000000d18
Event: 2.021 Thread 0x0000024522b11000 Uncommon trap: reason=bimorphic_or_optimized_type_check action=maybe_recompile pc=0x000002451149e0b8 method=java.util.HashMap.putVal(ILjava/lang/Object;Ljava/lang/Object;ZZ)Ljava/lang/Object; @ 253 c2
Event: 2.021 Thread 0x0000024522b11000 DEOPT PACKING pc=0x000002451149e0b8 sp=0x000000af4d7feb80
Event: 2.021 Thread 0x0000024522b11000 DEOPT UNPACKING pc=0x00000245099b74af sp=0x000000af4d7feb50 mode 2
Event: 2.171 Thread 0x0000024522b11000 Uncommon trap: trap_request=0xffffffde fr.pc=0x00000245114acb60 relative=0x00000000000003c0
Event: 2.171 Thread 0x0000024522b11000 Uncommon trap: reason=class_check action=maybe_recompile pc=0x00000245114acb60 method=java.util.regex.Matcher.match(II)Z @ 121 c2
Event: 2.171 Thread 0x0000024522b11000 DEOPT PACKING pc=0x00000245114acb60 sp=0x000000af4d7fbd60
Event: 2.171 Thread 0x0000024522b11000 DEOPT UNPACKING pc=0x00000245099b74af sp=0x000000af4d7fbd20 mode 2
Event: 2.179 Thread 0x0000024522b11000 Uncommon trap: trap_request=0xffffff4d fr.pc=0x00000245114ad4f8 relative=0x0000000000000218
Event: 2.179 Thread 0x0000024522b11000 Uncommon trap: reason=unstable_if action=reinterpret pc=0x00000245114ad4f8 method=java.util.regex.Matcher.reset()Ljava/util/regex/Matcher; @ 71 c2
Event: 2.179 Thread 0x0000024522b11000 DEOPT PACKING pc=0x00000245114ad4f8 sp=0x000000af4d7fac00
Event: 2.179 Thread 0x0000024522b11000 DEOPT UNPACKING pc=0x00000245099b74af sp=0x000000af4d7fab88 mode 2
Event: 2.179 Thread 0x0000024522b11000 Uncommon trap: trap_request=0xffffff4d fr.pc=0x00000245114acbcc relative=0x000000000000042c
Event: 2.179 Thread 0x0000024522b11000 Uncommon trap: reason=unstable_if action=reinterpret pc=0x00000245114acbcc method=java.util.regex.Matcher.match(II)Z @ 76 c2
Event: 2.179 Thread 0x0000024522b11000 DEOPT PACKING pc=0x00000245114acbcc sp=0x000000af4d7fac30
Event: 2.179 Thread 0x0000024522b11000 DEOPT UNPACKING pc=0x00000245099b74af sp=0x000000af4d7fac00 mode 2

Classes redefined (0 events):
No events

Internal exceptions (20 events):
Event: 1.700 Thread 0x00000245047d8800 Exception <a 'java/lang/NoSuchMethodError'{0x0000000085afedb8}: 'java.lang.Object java.lang.invoke.DirectMethodHandle$Holder.invokeStaticInit(java.lang.Object, java.lang.Object, int, int, int, int)'> (0x0000000085afedb8) thrown at [./src/hotspot/share/interpreter/linkResolver.cpp, line 773]
Event: 1.885 Thread 0x00000245047d8800 Exception <a 'java/io/IOException'{0x00000000857387d0}> (0x00000000857387d0) thrown at [./src/hotspot/share/prims/jni.cpp, line 615]
Event: 1.980 Thread 0x0000024522b1a800 Exception <a 'java/lang/NoSuchMethodError'{0x00000000856a3b40}: <clinit>> (0x00000000856a3b40) thrown at [./src/hotspot/share/prims/jni.cpp, line 1362]
Event: 1.981 Thread 0x0000024522b1a800 Exception <a 'java/lang/NoSuchMethodError'{0x00000000856af270}: <clinit>> (0x00000000856af270) thrown at [./src/hotspot/share/prims/jni.cpp, line 1362]
Event: 1.983 Thread 0x0000024522b1a800 Exception <a 'java/lang/NoSuchMethodError'{0x00000000856be6b8}: <clinit>> (0x00000000856be6b8) thrown at [./src/hotspot/share/prims/jni.cpp, line 1362]
Event: 1.985 Thread 0x0000024522b1a800 Exception <a 'java/lang/NoSuchMethodError'{0x00000000856d06d8}: <clinit>> (0x00000000856d06d8) thrown at [./src/hotspot/share/prims/jni.cpp, line 1362]
Event: 1.987 Thread 0x0000024522b1a800 Exception <a 'java/lang/NoSuchMethodError'{0x00000000856f70b0}: <clinit>> (0x00000000856f70b0) thrown at [./src/hotspot/share/prims/jni.cpp, line 1362]
Event: 1.988 Thread 0x0000024522b1a800 Exception <a 'java/lang/NoSuchMethodError'{0x000000008550efb8}: <clinit>> (0x000000008550efb8) thrown at [./src/hotspot/share/prims/jni.cpp, line 1362]
Event: 1.989 Thread 0x0000024522b1a800 Exception <a 'java/lang/NoSuchMethodError'{0x0000000085518980}: <clinit>> (0x0000000085518980) thrown at [./src/hotspot/share/prims/jni.cpp, line 1362]
Event: 1.990 Thread 0x0000024522b1a800 Exception <a 'java/lang/NoSuchMethodError'{0x000000008552df88}: <clinit>> (0x000000008552df88) thrown at [./src/hotspot/share/prims/jni.cpp, line 1362]
Event: 1.998 Thread 0x0000024522b1a800 Exception <a 'java/lang/NoSuchMethodError'{0x0000000085572b90}: <clinit>> (0x0000000085572b90) thrown at [./src/hotspot/share/prims/jni.cpp, line 1362]
Event: 2.000 Thread 0x0000024522b1a800 Exception <a 'java/lang/NoSuchMethodError'{0x00000000855a0378}: <clinit>> (0x00000000855a0378) thrown at [./src/hotspot/share/prims/jni.cpp, line 1362]
Event: 2.002 Thread 0x0000024522b1a800 Exception <a 'java/lang/NoSuchMethodError'{0x00000000855c7268}: <clinit>> (0x00000000855c7268) thrown at [./src/hotspot/share/prims/jni.cpp, line 1362]
Event: 2.003 Thread 0x0000024522b1a800 Exception <a 'java/lang/NoSuchMethodError'{0x00000000855d1520}: <clinit>> (0x00000000855d1520) thrown at [./src/hotspot/share/prims/jni.cpp, line 1362]
Event: 2.042 Thread 0x0000024522b11000 Exception <a 'java/lang/NoSuchMethodError'{0x0000000085139918}: 'void java.lang.invoke.DelegatingMethodHandle$Holder.reinvoke_L(java.lang.Object, java.lang.Object, java.lang.Object, java.lang.Object)'> (0x0000000085139918) thrown at [./src/hotspot/share/interpreter/linkResolver.cpp, line 773]
Event: 2.045 Thread 0x0000024522b11000 Exception <a 'java/lang/NoSuchMethodError'{0x0000000085159088}: 'void java.lang.invoke.DirectMethodHandle$Holder.invokeVirtual(java.lang.Object, java.lang.Object, java.lang.Object, java.lang.Object, java.lang.Object, java.lang.Object)'> (0x0000000085159088) thrown at [./src/hotspot/share/interpreter/linkResolver.cpp, line 773]
Event: 2.047 Thread 0x0000024522b11000 Exception <a 'java/lang/NoSuchMethodError'{0x000000008517b438}: 'void java.lang.invoke.DelegatingMethodHandle$Holder.reinvoke_L(java.lang.Object, java.lang.Object, java.lang.Object, java.lang.Object, java.lang.Object, java.lang.Object)'> (0x000000008517b438) thrown at [./src/hotspot/share/interpreter/linkResolver.cpp, line 773]
Event: 2.120 Thread 0x0000024522b11000 Exception <a 'java/lang/NoSuchMethodError'{0x0000000084b828a8}: 'java.lang.Object java.lang.invoke.DirectMethodHandle$Holder.invokeVirtual(java.lang.Object, java.lang.Object, java.lang.Object)'> (0x0000000084b828a8) thrown at [./src/hotspot/share/interpreter/linkResolver.cpp, line 773]
Event: 2.158 Thread 0x0000024522b11000 Exception <a 'java/lang/NoSuchMethodError'{0x0000000084838590}: 'java.lang.Object java.lang.invoke.Invokers$Holder.invoker(java.lang.Object, java.lang.Object, java.lang.Object)'> (0x0000000084838590) thrown at [./src/hotspot/share/interpreter/linkResolver.cpp, line 773]
Event: 2.279 Thread 0x0000024522b11000 Exception <a 'java/lang/NoSuchMethodError'{0x0000000083da3d98}: 'java.lang.Object java.lang.invoke.DirectMethodHandle$Holder.invokeVirtual(java.lang.Object, java.lang.Object, java.lang.Object, java.lang.Object)'> (0x0000000083da3d98) thrown at [./src/hotspot/share/interpreter/linkResolver.cpp, line 773]

Events (20 events):
Event: 2.469 Executing VM operation: CGC_Operation
Event: 2.471 Executing VM operation: CGC_Operation done
Event: 2.472 loading class org/gradle/internal/instantiation/AbstractClassGenerator$ManagedTypeHandler
Event: 2.472 loading class org/gradle/internal/instantiation/AbstractClassGenerator$ManagedTypeHandler done
Event: 2.473 loading class org/gradle/internal/instantiation/AbstractClassGenerator$ExtensibleTypePropertyHandler
Event: 2.473 loading class org/gradle/internal/instantiation/AbstractClassGenerator$ExtensibleTypePropertyHandler done
Event: 2.473 Executing VM operation: CGC_Operation
Event: 2.473 Executing VM operation: CGC_Operation done
Event: 2.475 loading class org/gradle/internal/instantiation/AbstractClassGenerator$DslMixInPropertyType
Event: 2.475 loading class org/gradle/internal/instantiation/AbstractClassGenerator$DslMixInPropertyType done
Event: 2.477 loading class org/gradle/internal/reflect/MethodSet
Event: 2.477 loading class org/gradle/internal/reflect/MethodSet done
Event: 2.478 loading class org/gradle/internal/instantiation/AbstractClassGenerator$DisabledAnnotationValidator
Event: 2.478 loading class org/gradle/internal/instantiation/AbstractClassGenerator$DisabledAnnotationValidator done
Event: 2.478 loading class org/gradle/internal/instantiation/AbstractClassGenerator$ClassValidator
Event: 2.478 loading class org/gradle/internal/instantiation/AbstractClassGenerator$ClassValidator done
Event: 2.481 loading class org/gradle/internal/instantiation/AbstractClassGenerator$InjectionAnnotationValidator
Event: 2.481 loading class org/gradle/internal/instantiation/AbstractClassGenerator$InjectionAnnotationValidator done
Event: 2.482 loading class org/gradle/internal/instantiation/AsmBackedClassGenerator$ClassInspectionVisitorImpl
Event: 2.482 loading class org/gradle/internal/instantiation/AsmBackedClassGenerator$ClassInspectionVisitorImpl done


Dynamic libraries:
0x00007ff6d1150000 - 0x00007ff6d115a000 	D:\Android Studio\jre\bin\java.exe
0x00007fffff9d0000 - 0x00007fffffbc5000 	C:\WINDOWS\SYSTEM32\ntdll.dll
0x00007ffffdae0000 - 0x00007ffffdb9d000 	C:\WINDOWS\System32\KERNEL32.DLL
0x00007ffffd440000 - 0x00007ffffd709000 	C:\WINDOWS\System32\KERNELBASE.dll
0x00007ffffd140000 - 0x00007ffffd240000 	C:\WINDOWS\System32\ucrtbase.dll
0x00007ffff0ff0000 - 0x00007ffff1007000 	D:\Android Studio\jre\bin\VCRUNTIME140.dll
0x00007fffe5210000 - 0x00007fffe5229000 	D:\Android Studio\jre\bin\jli.dll
0x00007fffff1b0000 - 0x00007fffff350000 	C:\WINDOWS\System32\USER32.dll
0x00007ffffda10000 - 0x00007ffffda32000 	C:\WINDOWS\System32\win32u.dll
0x00007ffffdba0000 - 0x00007ffffdbca000 	C:\WINDOWS\System32\GDI32.dll
0x00007fffe5920000 - 0x00007fffe5bba000 	C:\WINDOWS\WinSxS\amd64_microsoft.windows.common-controls_6595b64144ccf1df_6.0.19041.1110_none_60b5254171f9507e\COMCTL32.dll
0x00007ffffe390000 - 0x00007ffffe42e000 	C:\WINDOWS\System32\msvcrt.dll
0x00007ffffd900000 - 0x00007ffffda0b000 	C:\WINDOWS\System32\gdi32full.dll
0x00007ffffd240000 - 0x00007ffffd2dd000 	C:\WINDOWS\System32\msvcp_win.dll
0x00007ffffe9e0000 - 0x00007ffffea10000 	C:\WINDOWS\System32\IMM32.DLL
0x00007fffb61b0000 - 0x00007fffb624d000 	D:\Android Studio\jre\bin\msvcp140.dll
0x00007fffb3140000 - 0x00007fffb3bfc000 	D:\Android Studio\jre\bin\server\jvm.dll
0x00007fffff880000 - 0x00007fffff92c000 	C:\WINDOWS\System32\ADVAPI32.dll
0x00007ffffda40000 - 0x00007ffffdadb000 	C:\WINDOWS\System32\sechost.dll
0x00007ffffe720000 - 0x00007ffffe84a000 	C:\WINDOWS\System32\RPCRT4.dll
0x00007fffff350000 - 0x00007fffff358000 	C:\WINDOWS\System32\PSAPI.DLL
0x00007fffdbf70000 - 0x00007fffdbf79000 	C:\WINDOWS\SYSTEM32\WSOCK32.dll
0x00007ffff3590000 - 0x00007ffff359a000 	C:\WINDOWS\SYSTEM32\VERSION.dll
0x00007ffffa500000 - 0x00007ffffa527000 	C:\WINDOWS\SYSTEM32\WINMM.dll
0x00007ffffe430000 - 0x00007ffffe49b000 	C:\WINDOWS\System32\WS2_32.dll
0x00007ffffb0b0000 - 0x00007ffffb0c2000 	C:\WINDOWS\SYSTEM32\kernel.appcore.dll
0x00007ffff0fc0000 - 0x00007ffff0fd1000 	D:\Android Studio\jre\bin\verify.dll
0x00007ffffad50000 - 0x00007ffffaf34000 	C:\WINDOWS\SYSTEM32\DBGHELP.DLL
0x00007ffffa4d0000 - 0x00007ffffa4fc000 	C:\WINDOWS\SYSTEM32\dbgcore.DLL
0x00007ffffd710000 - 0x00007ffffd793000 	C:\WINDOWS\System32\bcryptPrimitives.dll
0x00007fffe0870000 - 0x00007fffe0899000 	D:\Android Studio\jre\bin\java.dll
0x00007ffff0fb0000 - 0x00007ffff0fbb000 	D:\Android Studio\jre\bin\jimage.dll
0x00007fffe6940000 - 0x00007fffe6958000 	D:\Android Studio\jre\bin\zip.dll
0x00007ffffea10000 - 0x00007fffff14f000 	C:\WINDOWS\System32\SHELL32.dll
0x00007ffffb240000 - 0x00007ffffb9d1000 	C:\WINDOWS\SYSTEM32\windows.storage.dll
0x00007ffffdbd0000 - 0x00007ffffdf25000 	C:\WINDOWS\System32\combase.dll
0x00007ffffcb80000 - 0x00007ffffcbac000 	C:\WINDOWS\SYSTEM32\Wldp.dll
0x00007ffffe1c0000 - 0x00007ffffe26e000 	C:\WINDOWS\System32\SHCORE.dll
0x00007ffffe6c0000 - 0x00007ffffe715000 	C:\WINDOWS\System32\shlwapi.dll
0x00007ffffd050000 - 0x00007ffffd06f000 	C:\WINDOWS\SYSTEM32\profapi.dll
0x00007fffe43e0000 - 0x00007fffe43fa000 	D:\Android Studio\jre\bin\net.dll
0x00007ffff4f90000 - 0x00007ffff509a000 	C:\WINDOWS\SYSTEM32\WINHTTP.dll
0x00007ffffc8e0000 - 0x00007ffffc94a000 	C:\WINDOWS\system32\mswsock.dll
0x00007fffe09c0000 - 0x00007fffe09d4000 	D:\Android Studio\jre\bin\nio.dll
0x00007ffff4dc0000 - 0x00007ffff4de6000 	C:\Users\missv\.gradle\native\29\windows-amd64\native-platform.dll
0x00007fffef9f0000 - 0x00007fffef9fa000 	D:\Android Studio\jre\bin\management.dll
0x00007fffef990000 - 0x00007fffef99c000 	D:\Android Studio\jre\bin\management_ext.dll
0x00007ffffcac0000 - 0x00007ffffcad8000 	C:\WINDOWS\SYSTEM32\CRYPTSP.dll
0x00007ffffc210000 - 0x00007ffffc244000 	C:\WINDOWS\system32\rsaenh.dll
0x00007ffffd110000 - 0x00007ffffd137000 	C:\WINDOWS\System32\bcrypt.dll
0x00007ffffd010000 - 0x00007ffffd03e000 	C:\WINDOWS\SYSTEM32\USERENV.dll
0x00007ffffcae0000 - 0x00007ffffcaec000 	C:\WINDOWS\SYSTEM32\CRYPTBASE.dll
0x00007ffffc580000 - 0x00007ffffc5bb000 	C:\WINDOWS\SYSTEM32\IPHLPAPI.DLL
0x00007fffff3e0000 - 0x00007fffff3e8000 	C:\WINDOWS\System32\NSI.dll
0x00007ffff2580000 - 0x00007ffff2597000 	C:\WINDOWS\SYSTEM32\dhcpcsvc6.DLL
0x00007ffff2ac0000 - 0x00007ffff2add000 	C:\WINDOWS\SYSTEM32\dhcpcsvc.DLL
0x00007ffffc5c0000 - 0x00007ffffc68c000 	C:\WINDOWS\SYSTEM32\DNSAPI.dll

dbghelp: loaded successfully - version: 4.0.5 - missing functions: none
symbol engine: initialized successfully - sym options: 0x614 - pdb path: .;D:\Android Studio\jre\bin;C:\WINDOWS\SYSTEM32;C:\WINDOWS\WinSxS\amd64_microsoft.windows.common-controls_6595b64144ccf1df_6.0.19041.1110_none_60b5254171f9507e;D:\Android Studio\jre\bin\server;C:\Users\missv\.gradle\native\29\windows-amd64

VM Arguments:
jvm_args: --add-opens=java.base/java.util=ALL-UNNAMED --add-opens=java.base/java.lang=ALL-UNNAMED --add-opens=java.base/java.lang.invoke=ALL-UNNAMED --add-opens=java.prefs/java.util.prefs=ALL-UNNAMED -Xmx2048m -Dfile.encoding=UTF-8 -Duser.country=US -Duser.language=en -Duser.variant 
java_command: org.gradle.launcher.daemon.bootstrap.GradleDaemon 5.4.1
java_class_path (initial): C:\Users\missv\.gradle\wrapper\dists\gradle-5.4.1-all\3221gyojl5jsh0helicew7rwx\gradle-5.4.1\lib\gradle-launcher-5.4.1.jar
Launcher Type: SUN_STANDARD

[Global flags]
     intx CICompilerCount                          = 4                                         {product} {ergonomic}
     uint ConcGCThreads                            = 2                                         {product} {ergonomic}
     uint G1ConcRefinementThreads                  = 8                                         {product} {ergonomic}
   size_t G1HeapRegionSize                         = 1048576                                   {product} {ergonomic}
    uintx GCDrainStackTargetSize                   = 64                                        {product} {ergonomic}
   size_t InitialHeapSize                          = 132120576                                 {product} {ergonomic}
   size_t MarkStackSize                            = 4194304                                   {product} {ergonomic}
   size_t MaxHeapSize                              = 2147483648                                {product} {command line}
   size_t MaxNewSize                               = 1287651328                                {product} {ergonomic}
   size_t MinHeapDeltaBytes                        = 1048576                                   {product} {ergonomic}
    uintx NonNMethodCodeHeapSize                   = 5836300                                {pd product} {ergonomic}
    uintx NonProfiledCodeHeapSize                  = 122910970                              {pd product} {ergonomic}
    uintx ProfiledCodeHeapSize                     = 122910970                              {pd product} {ergonomic}
    uintx ReservedCodeCacheSize                    = 251658240                              {pd product} {ergonomic}
     bool SegmentedCodeCache                       = true                                      {product} {ergonomic}
     bool UseCompressedClassPointers               = true                                 {lp64_product} {ergonomic}
     bool UseCompressedOops                        = true                                 {lp64_product} {ergonomic}
     bool UseG1GC                                  = true                                      {product} {ergonomic}
     bool UseLargePagesIndividualAllocation        = false                                  {pd product} {ergonomic}

Logging:
Log output configuration:
 #0: stdout all=warning uptime,level,tags
 #1: stderr all=off uptime,level,tags

Environment Variables:
PATH=C:\Program Files (x86)\Common Files\Oracle\Java\javapath;C:\Python38\Scripts\;C:\Python38\;C:\Windows\system32;C:\Windows;C:\Windows\System32\Wbem;C:\Windows\System32\WindowsPowerShell\v1.0\;C:\Windows\System32\OpenSSH\;C:\Program Files\Intel\WiFi\bin\;C:\Program Files\Common Files\Intel\WirelessCommon\;C:\Program Files (x86)\NVIDIA Corporation\PhysX\Common;C:\Program Files\NVIDIA Corporation\NVIDIA NvDLISR;C:\WINDOWS\system32;C:\WINDOWS;C:\WINDOWS\System32\Wbem;C:\WINDOWS\System32\WindowsPowerShell\v1.0\;C:\WINDOWS\System32\OpenSSH\;C:\Program Files\Git\cmd;C:\ProgramData\chocolatey\bin;C:\Program Files\Java\jdk1.8.0_291\bin
USERNAME=missv
OS=Windows_NT
PROCESSOR_IDENTIFIER=Intel64 Family 6 Model 158 Stepping 10, GenuineIntel



---------------  S Y S T E M  ---------------

OS: Windows 10 , 64 bit Build 19041 (10.0.19041.1023)
OS uptime: 1 days 2:34 hours

CPU:total 8 (initial active 8) (4 cores per cpu, 2 threads per core) family 6 model 158 stepping 10, cmov, cx8, fxsr, mmx, sse, sse2, sse3, ssse3, sse4.1, sse4.2, popcnt, avx, avx2, aes, clmul, erms, 3dnowpref, lzcnt, ht, tsc, tscinvbit, bmi1, bmi2, adx, fma

Memory: 4k page, system-wide physical 7973M (231M free)
TotalPageFile size 21217M (AvailPageFile size 1M)
current process WorkingSet (physical memory assigned to process): 172M, peak: 172M
current process commit charge ("private bytes"): 252M, peak: 253M

vm_info: OpenJDK 64-Bit Server VM (11.0.8+10-b944.6842174) for windows-amd64 JRE (11.0.8+10-b944.6842174), built on Sep 19 2020 01:11:42 by "builder" with MS VC++ 14.0 (VS2015)

END.
