#
# There is insufficient memory for the Java Runtime Environment to continue.
# Native memory allocation (malloc) failed to allocate 1052896 bytes for Chunk::new
# Possible reasons:
#   The system is out of physical RAM or swap space
#   The process is running with CompressedOops enabled, and the Java Heap may be blocking the growth of the native heap
# Possible solutions:
#   Reduce memory load on the system
#   Increase physical memory or swap space
#   Check if swap backing store is full
#   Decrease Java heap size (-Xmx/-Xms)
#   Decrease number of Java threads
#   Decrease Java thread stack sizes (-Xss)
#   Set larger code cache with -XX:ReservedCodeCacheSize=
#   JVM is running with Unscaled Compressed Oops mode in which the Java heap is
#     placed in the first 4GB address space. The Java Heap base address is the
#     maximum limit for the native heap growth. Please use -XX:HeapBaseMinAddress
#     to set the Java Heap base and to place the Java Heap above 4GB virtual address.
# This output file may be truncated or incomplete.
#
#  Out of Memory Error (./src/hotspot/share/memory/arena.cpp:197), pid=17020, tid=1440
#
# JRE version: OpenJDK Runtime Environment (11.0.8+10) (build 11.0.8+10-b944.6842174)
# Java VM: OpenJDK 64-Bit Server VM (11.0.8+10-b944.6842174, mixed mode, tiered, compressed oops, g1 gc, windows-amd64)
# No core dump will be written. Minidumps are not enabled by default on client versions of Windows
#

---------------  S U M M A R Y ------------

Command Line: --add-opens=java.base/java.util=ALL-UNNAMED --add-opens=java.base/java.lang=ALL-UNNAMED --add-opens=java.base/java.lang.invoke=ALL-UNNAMED --add-opens=java.prefs/java.util.prefs=ALL-UNNAMED -Xmx2048m -Dfile.encoding=UTF-8 -Duser.country=US -Duser.language=en -Duser.variant org.gradle.launcher.daemon.bootstrap.GradleDaemon 5.4.1

Host: Intel(R) Core(TM) i5-9300H CPU @ 2.40GHz, 8 cores, 7G,  Windows 10 , 64 bit Build 19041 (10.0.19041.1023)
Time: Fri Jul 30 09:12:51 2021 SE Asia Standard Time elapsed time: 5968 seconds (0d 1h 39m 28s)

---------------  T H R E A D  ---------------

Current thread (0x000001f3496c8000):  JavaThread "C2 CompilerThread0" daemon [_thread_in_native, id=1440, stack(0x000000b8c9700000,0x000000b8c9800000)]


Current CompileTask:
C2:5968591 27869       4       org.gradle.api.internal.artifacts.ivyservice.resolveengine.graph.builder.ModuleResolveState::maybeUpdateSelection (50 bytes)

Stack: [0x000000b8c9700000,0x000000b8c9800000]
Native frames: (J=compiled Java code, j=interpreted, Vv=VM code, C=native code)
V  [jvm.dll+0x5de50a]
V  [jvm.dll+0x7122f5]
V  [jvm.dll+0x71384d]
V  [jvm.dll+0x713f03]
V  [jvm.dll+0x23e728]
V  [jvm.dll+0xb899c]
V  [jvm.dll+0xb8e9c]
V  [jvm.dll+0x2b20e4]
V  [jvm.dll+0x502098]
V  [jvm.dll+0x1f8df6]
V  [jvm.dll+0x1f685f]
V  [jvm.dll+0x17f32c]
V  [jvm.dll+0x205047]
V  [jvm.dll+0x203891]
V  [jvm.dll+0x6dad3f]
V  [jvm.dll+0x6d3895]
V  [jvm.dll+0x5dd4a6]
C  [ucrtbase.dll+0x21bb2]
C  [KERNEL32.DLL+0x17034]
C  [ntdll.dll+0x52651]


---------------  P R O C E S S  ---------------

Threads class SMR info:
_java_thread_list=0x000001f34e9fdbc0, length=42, elements={
0x000001f32d41a000, 0x000001f3496b0800, 0x000001f3496bc000, 0x000001f34a042800,
0x000001f3496c7800, 0x000001f3496c8000, 0x000001f3496d7800, 0x000001f3496db800,
0x000001f34a19d800, 0x000001f34a1a7800, 0x000001f34b795800, 0x000001f34ae7e800,
0x000001f34bd18000, 0x000001f34be3e800, 0x000001f34be43000, 0x000001f34be44000,
0x000001f34be42800, 0x000001f34c0fc800, 0x000001f34c101000, 0x000001f34be41800,
0x000001f34c0fa000, 0x000001f34c0fe000, 0x000001f34c0f9000, 0x000001f34c0ff000,
0x000001f34c0ff800, 0x000001f34c100800, 0x000001f34c0fa800, 0x000001f34c0fb800,
0x000001f34c104800, 0x000001f34c102000, 0x000001f34c107000, 0x000001f34c103000,
0x000001f34c105800, 0x000001f34c108000, 0x000001f34af45000, 0x000001f34af43800,
0x000001f34af42800, 0x000001f34af45800, 0x000001f34af44000, 0x000001f34af46800,
0x000001f34af41000, 0x000001f34af41800
}

Java Threads: ( => current thread )
  0x000001f32d41a000 JavaThread "main" [_thread_blocked, id=9584, stack(0x000000b8c8c00000,0x000000b8c8d00000)]
  0x000001f3496b0800 JavaThread "Reference Handler" daemon [_thread_blocked, id=3740, stack(0x000000b8c9300000,0x000000b8c9400000)]
  0x000001f3496bc000 JavaThread "Finalizer" daemon [_thread_blocked, id=20416, stack(0x000000b8c9400000,0x000000b8c9500000)]
  0x000001f34a042800 JavaThread "Signal Dispatcher" daemon [_thread_blocked, id=12340, stack(0x000000b8c9500000,0x000000b8c9600000)]
  0x000001f3496c7800 JavaThread "Attach Listener" daemon [_thread_blocked, id=17032, stack(0x000000b8c9600000,0x000000b8c9700000)]
=>0x000001f3496c8000 JavaThread "C2 CompilerThread0" daemon [_thread_in_native, id=1440, stack(0x000000b8c9700000,0x000000b8c9800000)]
  0x000001f3496d7800 JavaThread "C1 CompilerThread0" daemon [_thread_blocked, id=14280, stack(0x000000b8c9800000,0x000000b8c9900000)]
  0x000001f3496db800 JavaThread "Sweeper thread" daemon [_thread_blocked, id=2008, stack(0x000000b8c9900000,0x000000b8c9a00000)]
  0x000001f34a19d800 JavaThread "Common-Cleaner" daemon [_thread_blocked, id=11848, stack(0x000000b8c9a00000,0x000000b8c9b00000)]
  0x000001f34a1a7800 JavaThread "Service Thread" daemon [_thread_blocked, id=16528, stack(0x000000b8c9b00000,0x000000b8c9c00000)]
  0x000001f34b795800 JavaThread "Daemon health stats" [_thread_blocked, id=7628, stack(0x000000b8c9f00000,0x000000b8ca000000)]
  0x000001f34ae7e800 JavaThread "Incoming local TCP Connector on port 63124" [_thread_in_native, id=2768, stack(0x000000b8ca000000,0x000000b8ca100000)]
  0x000001f34bd18000 JavaThread "Daemon periodic checks" [_thread_blocked, id=14060, stack(0x000000b8ca100000,0x000000b8ca200000)]
  0x000001f34be3e800 JavaThread "Cache worker for file hash cache (C:\Users\missv\.gradle\caches\5.4.1\fileHashes)" [_thread_blocked, id=1264, stack(0x000000b8ca900000,0x000000b8caa00000)]
  0x000001f34be43000 JavaThread "File lock request listener" [_thread_in_native, id=3216, stack(0x000000b8caa00000,0x000000b8cab00000)]
  0x000001f34be44000 JavaThread "Cache worker for journal cache (C:\Users\missv\.gradle\caches\journal-1)" [_thread_blocked, id=9072, stack(0x000000b8cab00000,0x000000b8cac00000)]
  0x000001f34be42800 JavaThread "Cache worker for execution history cache (C:\Users\missv\.gradle\caches\5.4.1\executionHistory)" [_thread_blocked, id=16180, stack(0x000000b8cb500000,0x000000b8cb600000)]
  0x000001f34c0fc800 JavaThread "Memory manager" [_thread_blocked, id=14200, stack(0x000000b8cbf00000,0x000000b8cc000000)]
  0x000001f34c101000 JavaThread "Cache worker for file content cache (C:\Users\missv\.gradle\caches\5.4.1\fileContent)" [_thread_blocked, id=17420, stack(0x000000b8cc000000,0x000000b8cc100000)]
  0x000001f34be41800 JavaThread "Cache worker for Java compile cache (C:\Users\missv\.gradle\caches\5.4.1\javaCompile)" [_thread_blocked, id=16996, stack(0x000000b8cd100000,0x000000b8cd200000)]
  0x000001f34c0fa000 JavaThread "ForkJoinPool.commonPool-worker-9" daemon [_thread_blocked, id=6900, stack(0x000000b8cd300000,0x000000b8cd400000)]
  0x000001f34c0fe000 JavaThread "Daemon Thread 18" [_thread_blocked, id=13792, stack(0x000000b8c8900000,0x000000b8c8a00000)]
  0x000001f34c0f9000 JavaThread "Handler for socket connection from /127.0.0.1:63124 to /127.0.0.1:59121" [_thread_in_native, id=1364, stack(0x000000b8c8a00000,0x000000b8c8b00000)]
  0x000001f34c0ff000 JavaThread "Cancel handler" [_thread_blocked, id=9168, stack(0x000000b8c8b00000,0x000000b8c8c00000)]
  0x000001f34c0ff800 JavaThread "Daemon worker Thread 18" [_thread_in_Java, id=20028, stack(0x000000b8ca200000,0x000000b8ca300000)]
  0x000001f34c100800 JavaThread "Asynchronous log dispatcher for DefaultDaemonConnection: socket connection from /127.0.0.1:63124 to /127.0.0.1:59121" [_thread_blocked, id=6592, stack(0x000000b8ca300000,0x000000b8ca400000)]
  0x000001f34c0fa800 JavaThread "Stdin handler" [_thread_blocked, id=7196, stack(0x000000b8ca400000,0x000000b8ca500000)]
  0x000001f34c0fb800 JavaThread "Thread-592" [_thread_blocked, id=18680, stack(0x000000b8ca500000,0x000000b8ca600000)]
  0x000001f34c104800 JavaThread "Cache worker for file hash cache (D:\Covid19TrackerApp\.gradle\5.4.1\fileHashes)" [_thread_blocked, id=12828, stack(0x000000b8ca600000,0x000000b8ca700000)]
  0x000001f34c102000 JavaThread "Cache worker for cache directory md-supplier (C:\Users\missv\.gradle\caches\5.4.1\md-supplier)" [_thread_blocked, id=6864, stack(0x000000b8ca700000,0x000000b8ca800000)]
  0x000001f34c107000 JavaThread "Cache worker for cache directory md-rule (C:\Users\missv\.gradle\caches\5.4.1\md-rule)" [_thread_blocked, id=14036, stack(0x000000b8ca800000,0x000000b8ca900000)]
  0x000001f34c103000 JavaThread "Build operations" [_thread_blocked, id=2680, stack(0x000000b8cb200000,0x000000b8cb300000)]
  0x000001f34c105800 JavaThread "Build operations Thread 2" [_thread_blocked, id=14304, stack(0x000000b8cb300000,0x000000b8cb400000)]
  0x000001f34c108000 JavaThread "Build operations Thread 3" [_thread_blocked, id=19944, stack(0x000000b8cb400000,0x000000b8cb500000)]
  0x000001f34af45000 JavaThread "Build operations Thread 4" [_thread_blocked, id=19312, stack(0x000000b8cb600000,0x000000b8cb700000)]
  0x000001f34af43800 JavaThread "Build operations Thread 5" [_thread_blocked, id=20076, stack(0x000000b8cb700000,0x000000b8cb800000)]
  0x000001f34af42800 JavaThread "Build operations Thread 6" [_thread_blocked, id=13344, stack(0x000000b8cb800000,0x000000b8cb900000)]
  0x000001f34af45800 JavaThread "Build operations Thread 7" [_thread_blocked, id=18728, stack(0x000000b8cb900000,0x000000b8cba00000)]
  0x000001f34af44000 JavaThread "Build operations Thread 8" [_thread_blocked, id=16012, stack(0x000000b8cba00000,0x000000b8cbb00000)]
  0x000001f34af46800 JavaThread "Cache worker for Build Output Cleanup Cache (D:\Covid19TrackerApp\.gradle\buildOutputCleanup)" [_thread_blocked, id=10688, stack(0x000000b8cbb00000,0x000000b8cbc00000)]
  0x000001f34af41000 JavaThread "Cache worker for file content cache (D:\Covid19TrackerApp\.gradle\5.4.1\fileContent)" [_thread_blocked, id=14932, stack(0x000000b8cbc00000,0x000000b8cbd00000)]
  0x000001f34af41800 JavaThread "C2 CompilerThread1" daemon [_thread_blocked, id=19940, stack(0x000000b8cbd00000,0x000000b8cbe00000)]

Other Threads:
  0x000001f3496ac800 VMThread "VM Thread" [stack: 0x000000b8c9200000,0x000000b8c9300000] [id=8896]
  0x000001f34a1a8800 WatcherThread [stack: 0x000000b8c9c00000,0x000000b8c9d00000] [id=5740]
  0x000001f32d430800 GCTaskThread "GC Thread#0" [stack: 0x000000b8c8d00000,0x000000b8c8e00000] [id=2684]
  0x000001f34abdc000 GCTaskThread "GC Thread#1" [stack: 0x000000b8c9d00000,0x000000b8c9e00000] [id=19608]
  0x000001f34abdc800 GCTaskThread "GC Thread#2" [stack: 0x000000b8c9e00000,0x000000b8c9f00000] [id=19200]
  0x000001f34b7b0000 GCTaskThread "GC Thread#3" [stack: 0x000000b8cac00000,0x000000b8cad00000] [id=2344]
  0x000001f34be94000 GCTaskThread "GC Thread#4" [stack: 0x000000b8cad00000,0x000000b8cae00000] [id=14276]
  0x000001f34bf10800 GCTaskThread "GC Thread#5" [stack: 0x000000b8cae00000,0x000000b8caf00000] [id=19992]
  0x000001f34bf11000 GCTaskThread "GC Thread#6" [stack: 0x000000b8caf00000,0x000000b8cb000000] [id=17300]
  0x000001f34be8e000 GCTaskThread "GC Thread#7" [stack: 0x000000b8cb000000,0x000000b8cb100000] [id=4112]
  0x000001f32d465000 ConcurrentGCThread "G1 Main Marker" [stack: 0x000000b8c8e00000,0x000000b8c8f00000] [id=18156]
  0x000001f32d466000 ConcurrentGCThread "G1 Conc#0" [stack: 0x000000b8c8f00000,0x000000b8c9000000] [id=16400]
  0x000001f34c4e0800 ConcurrentGCThread "G1 Conc#1" [stack: 0x000000b8cb100000,0x000000b8cb200000] [id=4844]
  0x000001f349500800 ConcurrentGCThread "G1 Refine#0" [stack: 0x000000b8c9000000,0x000000b8c9100000] [id=15024]
  0x000001f3504d5000 ConcurrentGCThread "G1 Refine#1" [stack: 0x000000b8ccb00000,0x000000b8ccc00000] [id=8888]
  0x000001f34c687800 ConcurrentGCThread "G1 Refine#2" [stack: 0x000000b8cc700000,0x000000b8cc800000] [id=15700]
  0x000001f34c687000 ConcurrentGCThread "G1 Refine#3" [stack: 0x000000b8ccf00000,0x000000b8cd000000] [id=4576]
  0x000001f349501000 ConcurrentGCThread "G1 Young RemSet Sampling" [stack: 0x000000b8c9100000,0x000000b8c9200000] [id=16396]

Threads with active compile tasks:
C2 CompilerThread05968639 27869       4       org.gradle.api.internal.artifacts.ivyservice.resolveengine.graph.builder.ModuleResolveState::maybeUpdateSelection (50 bytes)

VM state:not at safepoint (normal execution)

VM Mutex/Monitor currently owned by a thread: None

Heap address: 0x0000000080000000, size: 2048 MB, Compressed Oops mode: 32-bit
Narrow klass base: 0x0000000000000000, Narrow klass shift: 3
Compressed class space size: 1073741824 Address: 0x0000000100000000

Heap:
 garbage-first heap   total 270336K, used 142041K [0x0000000080000000, 0x0000000100000000)
  region size 1024K, 43 young (44032K), 4 survivors (4096K)
 Metaspace       used 108945K, capacity 112611K, committed 112760K, reserved 1146880K
  class space    used 13127K, capacity 14373K, committed 14456K, reserved 1048576K
Heap Regions: E=young(eden), S=young(survivor), O=old, HS=humongous(starts), HC=humongous(continues), CS=collection set, F=free, A=archive, TAMS=top-at-mark-start (previous, next)
|   0|0x0000000080000000, 0x0000000080100000, 0x0000000080100000|100%| O|  |TAMS 0x0000000080100000, 0x0000000080000000| Untracked 
|   1|0x0000000080100000, 0x0000000080200000, 0x0000000080200000|100%| O|  |TAMS 0x0000000080200000, 0x0000000080100000| Untracked 
|   2|0x0000000080200000, 0x0000000080300000, 0x0000000080300000|100%|HS|  |TAMS 0x0000000080300000, 0x0000000080200000| Complete 
|   3|0x0000000080300000, 0x0000000080400000, 0x0000000080400000|100%|HS|  |TAMS 0x0000000080400000, 0x0000000080300000| Complete 
|   4|0x0000000080400000, 0x0000000080500000, 0x0000000080500000|100%|HC|  |TAMS 0x0000000080500000, 0x0000000080400000| Complete 
|   5|0x0000000080500000, 0x0000000080600000, 0x0000000080600000|100%| O|  |TAMS 0x0000000080600000, 0x0000000080500000| Untracked 
|   6|0x0000000080600000, 0x0000000080700000, 0x0000000080700000|100%| O|  |TAMS 0x0000000080700000, 0x0000000080600000| Complete 
|   7|0x0000000080700000, 0x0000000080800000, 0x0000000080800000|100%| O|  |TAMS 0x0000000080800000, 0x0000000080700000| Untracked 
|   8|0x0000000080800000, 0x0000000080900000, 0x0000000080900000|100%| O|  |TAMS 0x0000000080900000, 0x0000000080800000| Untracked 
|   9|0x0000000080900000, 0x0000000080a00000, 0x0000000080a00000|100%| O|  |TAMS 0x0000000080a00000, 0x0000000080900000| Untracked 
|  10|0x0000000080a00000, 0x0000000080b00000, 0x0000000080b00000|100%| O|  |TAMS 0x0000000080b00000, 0x0000000080a00000| Untracked 
|  11|0x0000000080b00000, 0x0000000080c00000, 0x0000000080c00000|100%| O|  |TAMS 0x0000000080c00000, 0x0000000080b00000| Complete 
|  12|0x0000000080c00000, 0x0000000080d00000, 0x0000000080d00000|100%| O|  |TAMS 0x0000000080d00000, 0x0000000080c00000| Untracked 
|  13|0x0000000080d00000, 0x0000000080e00000, 0x0000000080e00000|100%| O|  |TAMS 0x0000000080e00000, 0x0000000080d00000| Untracked 
|  14|0x0000000080e00000, 0x0000000080f00000, 0x0000000080f00000|100%| O|  |TAMS 0x0000000080f00000, 0x0000000080e00000| Complete 
|  15|0x0000000080f00000, 0x0000000081000000, 0x0000000081000000|100%|HS|  |TAMS 0x0000000081000000, 0x0000000080f00000| Complete 
|  16|0x0000000081000000, 0x0000000081100000, 0x0000000081100000|100%|HC|  |TAMS 0x0000000081100000, 0x0000000081000000| Complete 
|  17|0x0000000081100000, 0x0000000081200000, 0x0000000081200000|100%|HS|  |TAMS 0x0000000081200000, 0x0000000081100000| Complete 
|  18|0x0000000081200000, 0x0000000081300000, 0x0000000081300000|100%|HC|  |TAMS 0x0000000081300000, 0x0000000081200000| Complete 
|  19|0x0000000081300000, 0x0000000081400000, 0x0000000081400000|100%|HC|  |TAMS 0x0000000081400000, 0x0000000081300000| Complete 
|  20|0x0000000081400000, 0x0000000081500000, 0x0000000081500000|100%|HS|  |TAMS 0x0000000081500000, 0x0000000081400000| Complete 
|  21|0x0000000081500000, 0x0000000081600000, 0x0000000081600000|100%|HC|  |TAMS 0x0000000081600000, 0x0000000081500000| Complete 
|  22|0x0000000081600000, 0x0000000081700000, 0x0000000081700000|100%|HC|  |TAMS 0x0000000081700000, 0x0000000081600000| Complete 
|  23|0x0000000081700000, 0x0000000081800000, 0x0000000081800000|100%|HC|  |TAMS 0x0000000081800000, 0x0000000081700000| Complete 
|  24|0x0000000081800000, 0x0000000081900000, 0x0000000081900000|100%|HS|  |TAMS 0x0000000081900000, 0x0000000081800000| Complete 
|  25|0x0000000081900000, 0x0000000081a00000, 0x0000000081a00000|100%|HC|  |TAMS 0x0000000081a00000, 0x0000000081900000| Complete 
|  26|0x0000000081a00000, 0x0000000081b00000, 0x0000000081b00000|100%| O|  |TAMS 0x0000000081b00000, 0x0000000081a00000| Complete 
|  27|0x0000000081b00000, 0x0000000081c00000, 0x0000000081c00000|100%| O|  |TAMS 0x0000000081c00000, 0x0000000081b00000| Complete 
|  28|0x0000000081c00000, 0x0000000081d00000, 0x0000000081d00000|100%| O|  |TAMS 0x0000000081d00000, 0x0000000081c00000| Untracked 
|  29|0x0000000081d00000, 0x0000000081e00000, 0x0000000081e00000|100%| O|  |TAMS 0x0000000081e00000, 0x0000000081d00000| Untracked 
|  30|0x0000000081e00000, 0x0000000081f00000, 0x0000000081f00000|100%| O|  |TAMS 0x0000000081f00000, 0x0000000081e00000| Complete 
|  31|0x0000000081f00000, 0x0000000082000000, 0x0000000082000000|100%| O|  |TAMS 0x0000000082000000, 0x0000000081f00000| Complete 
|  32|0x0000000082000000, 0x0000000082000000, 0x0000000082100000|  0%| F|  |TAMS 0x0000000082000000, 0x0000000082000000| Untracked 
|  33|0x0000000082100000, 0x0000000082200000, 0x0000000082200000|100%| O|  |TAMS 0x0000000082200000, 0x0000000082100000| Complete 
|  34|0x0000000082200000, 0x0000000082300000, 0x0000000082300000|100%| O|  |TAMS 0x0000000082300000, 0x0000000082200000| Complete 
|  35|0x0000000082300000, 0x0000000082400000, 0x0000000082400000|100%| O|  |TAMS 0x0000000082400000, 0x0000000082300000| Untracked 
|  36|0x0000000082400000, 0x0000000082500000, 0x0000000082500000|100%| O|  |TAMS 0x0000000082500000, 0x0000000082400000| Untracked 
|  37|0x0000000082500000, 0x0000000082600000, 0x0000000082600000|100%| O|  |TAMS 0x0000000082600000, 0x0000000082500000| Untracked 
|  38|0x0000000082600000, 0x0000000082700000, 0x0000000082700000|100%| O|  |TAMS 0x0000000082700000, 0x0000000082600000| Complete 
|  39|0x0000000082700000, 0x0000000082800000, 0x0000000082800000|100%| O|  |TAMS 0x0000000082800000, 0x0000000082700000| Complete 
|  40|0x0000000082800000, 0x0000000082900000, 0x0000000082900000|100%| O|  |TAMS 0x0000000082900000, 0x0000000082800000| Complete 
|  41|0x0000000082900000, 0x0000000082a00000, 0x0000000082a00000|100%| O|  |TAMS 0x0000000082a00000, 0x0000000082900000| Untracked 
|  42|0x0000000082a00000, 0x0000000082b00000, 0x0000000082b00000|100%| O|  |TAMS 0x0000000082b00000, 0x0000000082a00000| Complete 
|  43|0x0000000082b00000, 0x0000000082c00000, 0x0000000082c00000|100%|HS|  |TAMS 0x0000000082c00000, 0x0000000082b00000| Complete 
|  44|0x0000000082c00000, 0x0000000082d00000, 0x0000000082d00000|100%| O|  |TAMS 0x0000000082d00000, 0x0000000082c00000| Complete 
|  45|0x0000000082d00000, 0x0000000082d00000, 0x0000000082e00000|  0%| F|  |TAMS 0x0000000082d00000, 0x0000000082d00000| Untracked 
|  46|0x0000000082e00000, 0x0000000082f00000, 0x0000000082f00000|100%| O|  |TAMS 0x0000000082f00000, 0x0000000082e00000| Untracked 
|  47|0x0000000082f00000, 0x0000000083000000, 0x0000000083000000|100%| O|  |TAMS 0x0000000083000000, 0x0000000082f00000| Untracked 
|  48|0x0000000083000000, 0x0000000083100000, 0x0000000083100000|100%| O|  |TAMS 0x0000000083100000, 0x0000000083000000| Untracked 
|  49|0x0000000083100000, 0x0000000083100000, 0x0000000083200000|  0%| F|  |TAMS 0x0000000083100000, 0x0000000083100000| Untracked 
|  50|0x0000000083200000, 0x0000000083300000, 0x0000000083300000|100%| O|  |TAMS 0x0000000083300000, 0x0000000083200000| Complete 
|  51|0x0000000083300000, 0x0000000083400000, 0x0000000083400000|100%| O|  |TAMS 0x0000000083400000, 0x0000000083300000| Complete 
|  52|0x0000000083400000, 0x0000000083500000, 0x0000000083500000|100%| O|  |TAMS 0x0000000083500000, 0x0000000083400000| Untracked 
|  53|0x0000000083500000, 0x000000008355d600, 0x0000000083600000| 36%| O|  |TAMS 0x000000008355d600, 0x0000000083500000| Untracked 
|  54|0x0000000083600000, 0x0000000083700000, 0x0000000083700000|100%|HS|  |TAMS 0x0000000083600000, 0x0000000083600000| Complete 
|  55|0x0000000083700000, 0x0000000083800000, 0x0000000083800000|100%|HC|  |TAMS 0x0000000083700000, 0x0000000083700000| Complete 
|  56|0x0000000083800000, 0x0000000083900000, 0x0000000083900000|100%| O|  |TAMS 0x0000000083900000, 0x0000000083800000| Untracked 
|  57|0x0000000083900000, 0x0000000083a00000, 0x0000000083a00000|100%| O|  |TAMS 0x0000000083a00000, 0x0000000083900000| Complete 
|  58|0x0000000083a00000, 0x0000000083b00000, 0x0000000083b00000|100%| O|  |TAMS 0x0000000083b00000, 0x0000000083a00000| Untracked 
|  59|0x0000000083b00000, 0x0000000083c00000, 0x0000000083c00000|100%| O|  |TAMS 0x0000000083c00000, 0x0000000083b00000| Complete 
|  60|0x0000000083c00000, 0x0000000083d00000, 0x0000000083d00000|100%| O|  |TAMS 0x0000000083d00000, 0x0000000083c00000| Untracked 
|  61|0x0000000083d00000, 0x0000000083d00000, 0x0000000083e00000|  0%| F|  |TAMS 0x0000000083d00000, 0x0000000083d00000| Untracked 
|  62|0x0000000083e00000, 0x0000000083f00000, 0x0000000083f00000|100%| O|  |TAMS 0x0000000083f00000, 0x0000000083e00000| Complete 
|  63|0x0000000083f00000, 0x0000000083f00000, 0x0000000084000000|  0%| F|  |TAMS 0x0000000083f00000, 0x0000000083f00000| Untracked 
|  64|0x0000000084000000, 0x0000000084100000, 0x0000000084100000|100%| O|  |TAMS 0x0000000084100000, 0x0000000084000000| Complete 
|  65|0x0000000084100000, 0x0000000084200000, 0x0000000084200000|100%| O|  |TAMS 0x0000000084200000, 0x0000000084100000| Complete 
|  66|0x0000000084200000, 0x0000000084200000, 0x0000000084300000|  0%| F|  |TAMS 0x0000000084200000, 0x0000000084200000| Untracked 
|  67|0x0000000084300000, 0x0000000084400000, 0x0000000084400000|100%| O|  |TAMS 0x0000000084400000, 0x0000000084300000| Untracked 
|  68|0x0000000084400000, 0x0000000084500000, 0x0000000084500000|100%| O|  |TAMS 0x0000000084500000, 0x0000000084400000| Complete 
|  69|0x0000000084500000, 0x0000000084600000, 0x0000000084600000|100%| O|  |TAMS 0x0000000084600000, 0x0000000084500000| Complete 
|  70|0x0000000084600000, 0x0000000084700000, 0x0000000084700000|100%| O|  |TAMS 0x0000000084700000, 0x0000000084600000| Complete 
|  71|0x0000000084700000, 0x0000000084700000, 0x0000000084800000|  0%| F|  |TAMS 0x0000000084700000, 0x0000000084700000| Untracked 
|  72|0x0000000084800000, 0x0000000084900000, 0x0000000084900000|100%| O|  |TAMS 0x0000000084900000, 0x0000000084800000| Complete 
|  73|0x0000000084900000, 0x0000000084a00000, 0x0000000084a00000|100%| O|  |TAMS 0x0000000084a00000, 0x0000000084900000| Complete 
|  74|0x0000000084a00000, 0x0000000084a00000, 0x0000000084b00000|  0%| F|  |TAMS 0x0000000084a00000, 0x0000000084a00000| Untracked 
|  75|0x0000000084b00000, 0x0000000084b00000, 0x0000000084c00000|  0%| F|  |TAMS 0x0000000084b00000, 0x0000000084b00000| Untracked 
|  76|0x0000000084c00000, 0x0000000084d00000, 0x0000000084d00000|100%| O|  |TAMS 0x0000000084d00000, 0x0000000084c00000| Complete 
|  77|0x0000000084d00000, 0x0000000084e00000, 0x0000000084e00000|100%| O|  |TAMS 0x0000000084e00000, 0x0000000084d00000| Untracked 
|  78|0x0000000084e00000, 0x0000000084e00000, 0x0000000084f00000|  0%| F|  |TAMS 0x0000000084e00000, 0x0000000084e00000| Untracked 
|  79|0x0000000084f00000, 0x0000000084f00000, 0x0000000085000000|  0%| F|  |TAMS 0x0000000084f00000, 0x0000000084f00000| Untracked 
|  80|0x0000000085000000, 0x0000000085100000, 0x0000000085100000|100%| O|  |TAMS 0x0000000085100000, 0x0000000085000000| Untracked 
|  81|0x0000000085100000, 0x0000000085200000, 0x0000000085200000|100%| O|  |TAMS 0x0000000085200000, 0x0000000085100000| Untracked 
|  82|0x0000000085200000, 0x0000000085300000, 0x0000000085300000|100%| O|  |TAMS 0x0000000085300000, 0x0000000085200000| Complete 
|  83|0x0000000085300000, 0x0000000085400000, 0x0000000085400000|100%| O|  |TAMS 0x0000000085400000, 0x0000000085300000| Untracked 
|  84|0x0000000085400000, 0x0000000085400000, 0x0000000085500000|  0%| F|  |TAMS 0x0000000085400000, 0x0000000085400000| Untracked 
|  85|0x0000000085500000, 0x0000000085500000, 0x0000000085600000|  0%| F|  |TAMS 0x0000000085500000, 0x0000000085500000| Untracked 
|  86|0x0000000085600000, 0x0000000085700000, 0x0000000085700000|100%| O|  |TAMS 0x0000000085700000, 0x0000000085600000| Untracked 
|  87|0x0000000085700000, 0x0000000085800000, 0x0000000085800000|100%| O|  |TAMS 0x0000000085800000, 0x0000000085700000| Complete 
|  88|0x0000000085800000, 0x0000000085900000, 0x0000000085900000|100%| O|  |TAMS 0x0000000085900000, 0x0000000085800000| Complete 
|  89|0x0000000085900000, 0x0000000085a00000, 0x0000000085a00000|100%| O|  |TAMS 0x0000000085a00000, 0x0000000085900000| Complete 
|  90|0x0000000085a00000, 0x0000000085b00000, 0x0000000085b00000|100%| O|  |TAMS 0x0000000085b00000, 0x0000000085a00000| Complete 
|  91|0x0000000085b00000, 0x0000000085c00000, 0x0000000085c00000|100%| O|  |TAMS 0x0000000085c00000, 0x0000000085b00000| Untracked 
|  92|0x0000000085c00000, 0x0000000085d00000, 0x0000000085d00000|100%| O|  |TAMS 0x0000000085d00000, 0x0000000085c00000| Complete 
|  93|0x0000000085d00000, 0x0000000085e00000, 0x0000000085e00000|100%| O|  |TAMS 0x0000000085e00000, 0x0000000085d00000| Complete 
|  94|0x0000000085e00000, 0x0000000085f00000, 0x0000000085f00000|100%| O|  |TAMS 0x0000000085f00000, 0x0000000085e00000| Complete 
|  95|0x0000000085f00000, 0x0000000086000000, 0x0000000086000000|100%| O|  |TAMS 0x0000000086000000, 0x0000000085f00000| Complete 
|  96|0x0000000086000000, 0x0000000086100000, 0x0000000086100000|100%| O|  |TAMS 0x0000000086100000, 0x0000000086000000| Complete 
|  97|0x0000000086100000, 0x0000000086200000, 0x0000000086200000|100%| O|  |TAMS 0x0000000086200000, 0x0000000086100000| Untracked 
|  98|0x0000000086200000, 0x0000000086300000, 0x0000000086300000|100%| O|  |TAMS 0x0000000086300000, 0x0000000086200000| Complete 
|  99|0x0000000086300000, 0x0000000086400000, 0x0000000086400000|100%| O|  |TAMS 0x0000000086400000, 0x0000000086300000| Complete 
| 100|0x0000000086400000, 0x0000000086500000, 0x0000000086500000|100%| O|  |TAMS 0x0000000086500000, 0x0000000086400000| Complete 
| 101|0x0000000086500000, 0x0000000086600000, 0x0000000086600000|100%| O|  |TAMS 0x0000000086600000, 0x0000000086500000| Complete 
| 102|0x0000000086600000, 0x0000000086700000, 0x0000000086700000|100%| O|  |TAMS 0x0000000086700000, 0x0000000086600000| Complete 
| 103|0x0000000086700000, 0x0000000086700000, 0x0000000086800000|  0%| F|  |TAMS 0x0000000086700000, 0x0000000086700000| Untracked 
| 104|0x0000000086800000, 0x0000000086800000, 0x0000000086900000|  0%| F|  |TAMS 0x0000000086800000, 0x0000000086800000| Untracked 
| 105|0x0000000086900000, 0x0000000086900000, 0x0000000086a00000|  0%| F|  |TAMS 0x0000000086900000, 0x0000000086900000| Untracked 
| 106|0x0000000086a00000, 0x0000000086b00000, 0x0000000086b00000|100%| O|  |TAMS 0x0000000086b00000, 0x0000000086a00000| Complete 
| 107|0x0000000086b00000, 0x0000000086b00000, 0x0000000086c00000|  0%| F|  |TAMS 0x0000000086b00000, 0x0000000086b00000| Untracked 
| 108|0x0000000086c00000, 0x0000000086c00000, 0x0000000086d00000|  0%| F|  |TAMS 0x0000000086c00000, 0x0000000086c00000| Untracked 
| 109|0x0000000086d00000, 0x0000000086d00000, 0x0000000086e00000|  0%| F|  |TAMS 0x0000000086d00000, 0x0000000086d00000| Untracked 
| 110|0x0000000086e00000, 0x0000000086f00000, 0x0000000086f00000|100%| O|  |TAMS 0x0000000086f00000, 0x0000000086e00000| Complete 
| 111|0x0000000086f00000, 0x0000000087000000, 0x0000000087000000|100%| O|  |TAMS 0x0000000087000000, 0x0000000086f00000| Untracked 
| 112|0x0000000087000000, 0x0000000087100000, 0x0000000087100000|100%| O|  |TAMS 0x0000000087100000, 0x0000000087000000| Complete 
| 113|0x0000000087100000, 0x0000000087100000, 0x0000000087200000|  0%| F|  |TAMS 0x0000000087100000, 0x0000000087100000| Untracked 
| 114|0x0000000087200000, 0x0000000087200000, 0x0000000087300000|  0%| F|  |TAMS 0x0000000087200000, 0x0000000087200000| Untracked 
| 115|0x0000000087300000, 0x0000000087300000, 0x0000000087400000|  0%| F|  |TAMS 0x0000000087300000, 0x0000000087300000| Untracked 
| 116|0x0000000087400000, 0x0000000087400000, 0x0000000087500000|  0%| F|  |TAMS 0x0000000087400000, 0x0000000087400000| Untracked 
| 117|0x0000000087500000, 0x0000000087500000, 0x0000000087600000|  0%| F|  |TAMS 0x0000000087500000, 0x0000000087500000| Untracked 
| 118|0x0000000087600000, 0x0000000087600000, 0x0000000087700000|  0%| F|  |TAMS 0x0000000087600000, 0x0000000087600000| Untracked 
| 119|0x0000000087700000, 0x0000000087700000, 0x0000000087800000|  0%| F|  |TAMS 0x0000000087700000, 0x0000000087700000| Untracked 
| 120|0x0000000087800000, 0x0000000087800000, 0x0000000087900000|  0%| F|  |TAMS 0x0000000087800000, 0x0000000087800000| Untracked 
| 121|0x0000000087900000, 0x0000000087900000, 0x0000000087a00000|  0%| F|  |TAMS 0x0000000087900000, 0x0000000087900000| Untracked 
| 122|0x0000000087a00000, 0x0000000087a00000, 0x0000000087b00000|  0%| F|  |TAMS 0x0000000087a00000, 0x0000000087a00000| Untracked 
| 123|0x0000000087b00000, 0x0000000087b00000, 0x0000000087c00000|  0%| F|  |TAMS 0x0000000087b00000, 0x0000000087b00000| Untracked 
| 124|0x0000000087c00000, 0x0000000087c00000, 0x0000000087d00000|  0%| F|  |TAMS 0x0000000087c00000, 0x0000000087c00000| Untracked 
| 125|0x0000000087d00000, 0x0000000087d00000, 0x0000000087e00000|  0%| F|  |TAMS 0x0000000087d00000, 0x0000000087d00000| Untracked 
| 126|0x0000000087e00000, 0x0000000087e00000, 0x0000000087f00000|  0%| F|  |TAMS 0x0000000087e00000, 0x0000000087e00000| Untracked 
| 127|0x0000000087f00000, 0x0000000087f00000, 0x0000000088000000|  0%| F|  |TAMS 0x0000000087f00000, 0x0000000087f00000| Untracked 
| 128|0x0000000088000000, 0x0000000088000000, 0x0000000088100000|  0%| F|  |TAMS 0x0000000088000000, 0x0000000088000000| Untracked 
| 129|0x0000000088100000, 0x0000000088100000, 0x0000000088200000|  0%| F|  |TAMS 0x0000000088100000, 0x0000000088100000| Untracked 
| 130|0x0000000088200000, 0x0000000088200000, 0x0000000088300000|  0%| F|  |TAMS 0x0000000088200000, 0x0000000088200000| Untracked 
| 131|0x0000000088300000, 0x0000000088300000, 0x0000000088400000|  0%| F|  |TAMS 0x0000000088300000, 0x0000000088300000| Untracked 
| 132|0x0000000088400000, 0x0000000088400000, 0x0000000088500000|  0%| F|  |TAMS 0x0000000088400000, 0x0000000088400000| Untracked 
| 133|0x0000000088500000, 0x0000000088500000, 0x0000000088600000|  0%| F|  |TAMS 0x0000000088500000, 0x0000000088500000| Untracked 
| 134|0x0000000088600000, 0x0000000088600000, 0x0000000088700000|  0%| F|  |TAMS 0x0000000088600000, 0x0000000088600000| Untracked 
| 135|0x0000000088700000, 0x0000000088700000, 0x0000000088800000|  0%| F|  |TAMS 0x0000000088700000, 0x0000000088700000| Untracked 
| 136|0x0000000088800000, 0x0000000088800000, 0x0000000088900000|  0%| F|  |TAMS 0x0000000088800000, 0x0000000088800000| Untracked 
| 137|0x0000000088900000, 0x0000000088900000, 0x0000000088a00000|  0%| F|  |TAMS 0x0000000088900000, 0x0000000088900000| Untracked 
| 138|0x0000000088a00000, 0x0000000088a00000, 0x0000000088b00000|  0%| F|  |TAMS 0x0000000088a00000, 0x0000000088a00000| Untracked 
| 139|0x0000000088b00000, 0x0000000088b00000, 0x0000000088c00000|  0%| F|  |TAMS 0x0000000088b00000, 0x0000000088b00000| Untracked 
| 140|0x0000000088c00000, 0x0000000088c00000, 0x0000000088d00000|  0%| F|  |TAMS 0x0000000088c00000, 0x0000000088c00000| Untracked 
| 141|0x0000000088d00000, 0x0000000088d00000, 0x0000000088e00000|  0%| F|  |TAMS 0x0000000088d00000, 0x0000000088d00000| Untracked 
| 142|0x0000000088e00000, 0x0000000088e00000, 0x0000000088f00000|  0%| F|  |TAMS 0x0000000088e00000, 0x0000000088e00000| Untracked 
| 143|0x0000000088f00000, 0x0000000088f00000, 0x0000000089000000|  0%| F|  |TAMS 0x0000000088f00000, 0x0000000088f00000| Untracked 
| 144|0x0000000089000000, 0x0000000089000000, 0x0000000089100000|  0%| F|  |TAMS 0x0000000089000000, 0x0000000089000000| Untracked 
| 145|0x0000000089100000, 0x0000000089100000, 0x0000000089200000|  0%| F|  |TAMS 0x0000000089100000, 0x0000000089100000| Untracked 
| 146|0x0000000089200000, 0x0000000089200000, 0x0000000089300000|  0%| F|  |TAMS 0x0000000089200000, 0x0000000089200000| Untracked 
| 147|0x0000000089300000, 0x0000000089300000, 0x0000000089400000|  0%| F|  |TAMS 0x0000000089300000, 0x0000000089300000| Untracked 
| 148|0x0000000089400000, 0x0000000089400000, 0x0000000089500000|  0%| F|  |TAMS 0x0000000089400000, 0x0000000089400000| Untracked 
| 149|0x0000000089500000, 0x0000000089500000, 0x0000000089600000|  0%| F|  |TAMS 0x0000000089500000, 0x0000000089500000| Untracked 
| 150|0x0000000089600000, 0x0000000089600000, 0x0000000089700000|  0%| F|  |TAMS 0x0000000089600000, 0x0000000089600000| Untracked 
| 151|0x0000000089700000, 0x0000000089700000, 0x0000000089800000|  0%| F|  |TAMS 0x0000000089700000, 0x0000000089700000| Untracked 
| 152|0x0000000089800000, 0x0000000089800000, 0x0000000089900000|  0%| F|  |TAMS 0x0000000089800000, 0x0000000089800000| Untracked 
| 153|0x0000000089900000, 0x0000000089900000, 0x0000000089a00000|  0%| F|  |TAMS 0x0000000089900000, 0x0000000089900000| Untracked 
| 154|0x0000000089a00000, 0x0000000089b00000, 0x0000000089b00000|100%| O|  |TAMS 0x0000000089b00000, 0x0000000089a00000| Complete 
| 155|0x0000000089b00000, 0x0000000089c00000, 0x0000000089c00000|100%| O|  |TAMS 0x0000000089c00000, 0x0000000089b00000| Complete 
| 156|0x0000000089c00000, 0x0000000089d00000, 0x0000000089d00000|100%| O|  |TAMS 0x0000000089d00000, 0x0000000089c00000| Complete 
| 157|0x0000000089d00000, 0x0000000089e00000, 0x0000000089e00000|100%| O|  |TAMS 0x0000000089e00000, 0x0000000089d00000| Complete 
| 158|0x0000000089e00000, 0x0000000089e00000, 0x0000000089f00000|  0%| F|  |TAMS 0x0000000089e00000, 0x0000000089e00000| Untracked 
| 159|0x0000000089f00000, 0x0000000089f00000, 0x000000008a000000|  0%| F|  |TAMS 0x0000000089f00000, 0x0000000089f00000| Untracked 
| 160|0x000000008a000000, 0x000000008a000000, 0x000000008a100000|  0%| F|  |TAMS 0x000000008a000000, 0x000000008a000000| Untracked 
| 161|0x000000008a100000, 0x000000008a100000, 0x000000008a200000|  0%| F|  |TAMS 0x000000008a100000, 0x000000008a100000| Untracked 
| 162|0x000000008a200000, 0x000000008a200000, 0x000000008a300000|  0%| F|  |TAMS 0x000000008a200000, 0x000000008a200000| Untracked 
| 163|0x000000008a300000, 0x000000008a300000, 0x000000008a400000|  0%| F|  |TAMS 0x000000008a300000, 0x000000008a300000| Untracked 
| 164|0x000000008a400000, 0x000000008a400000, 0x000000008a500000|  0%| F|  |TAMS 0x000000008a400000, 0x000000008a400000| Untracked 
| 165|0x000000008a500000, 0x000000008a500000, 0x000000008a600000|  0%| F|  |TAMS 0x000000008a500000, 0x000000008a500000| Untracked 
| 166|0x000000008a600000, 0x000000008a600000, 0x000000008a700000|  0%| F|  |TAMS 0x000000008a600000, 0x000000008a600000| Untracked 
| 167|0x000000008a700000, 0x000000008a700000, 0x000000008a800000|  0%| F|  |TAMS 0x000000008a700000, 0x000000008a700000| Untracked 
| 168|0x000000008a800000, 0x000000008a800000, 0x000000008a900000|  0%| F|  |TAMS 0x000000008a800000, 0x000000008a800000| Untracked 
| 169|0x000000008a900000, 0x000000008a900000, 0x000000008aa00000|  0%| F|  |TAMS 0x000000008a900000, 0x000000008a900000| Untracked 
| 170|0x000000008aa00000, 0x000000008aa00000, 0x000000008ab00000|  0%| F|  |TAMS 0x000000008aa00000, 0x000000008aa00000| Untracked 
| 171|0x000000008ab00000, 0x000000008ab00000, 0x000000008ac00000|  0%| F|  |TAMS 0x000000008ab00000, 0x000000008ab00000| Untracked 
| 172|0x000000008ac00000, 0x000000008ac00000, 0x000000008ad00000|  0%| F|  |TAMS 0x000000008ac00000, 0x000000008ac00000| Untracked 
| 173|0x000000008ad00000, 0x000000008ad00000, 0x000000008ae00000|  0%| F|  |TAMS 0x000000008ad00000, 0x000000008ad00000| Untracked 
| 174|0x000000008ae00000, 0x000000008ae00000, 0x000000008af00000|  0%| F|  |TAMS 0x000000008ae00000, 0x000000008ae00000| Untracked 
| 175|0x000000008af00000, 0x000000008af00000, 0x000000008b000000|  0%| F|  |TAMS 0x000000008af00000, 0x000000008af00000| Untracked 
| 176|0x000000008b000000, 0x000000008b000000, 0x000000008b100000|  0%| F|  |TAMS 0x000000008b000000, 0x000000008b000000| Untracked 
| 177|0x000000008b100000, 0x000000008b100000, 0x000000008b200000|  0%| F|  |TAMS 0x000000008b100000, 0x000000008b100000| Untracked 
| 178|0x000000008b200000, 0x000000008b200000, 0x000000008b300000|  0%| F|  |TAMS 0x000000008b200000, 0x000000008b200000| Untracked 
| 179|0x000000008b300000, 0x000000008b300000, 0x000000008b400000|  0%| F|  |TAMS 0x000000008b300000, 0x000000008b300000| Untracked 
| 180|0x000000008b400000, 0x000000008b400000, 0x000000008b500000|  0%| F|  |TAMS 0x000000008b400000, 0x000000008b400000| Untracked 
| 181|0x000000008b500000, 0x000000008b500000, 0x000000008b600000|  0%| F|  |TAMS 0x000000008b500000, 0x000000008b500000| Untracked 
| 182|0x000000008b600000, 0x000000008b600000, 0x000000008b700000|  0%| F|  |TAMS 0x000000008b600000, 0x000000008b600000| Untracked 
| 183|0x000000008b700000, 0x000000008b700000, 0x000000008b800000|  0%| F|  |TAMS 0x000000008b700000, 0x000000008b700000| Untracked 
| 184|0x000000008b800000, 0x000000008b800000, 0x000000008b900000|  0%| F|  |TAMS 0x000000008b800000, 0x000000008b800000| Untracked 
| 185|0x000000008b900000, 0x000000008b900000, 0x000000008ba00000|  0%| F|  |TAMS 0x000000008b900000, 0x000000008b900000| Untracked 
| 186|0x000000008ba00000, 0x000000008ba00000, 0x000000008bb00000|  0%| F|  |TAMS 0x000000008ba00000, 0x000000008ba00000| Untracked 
| 187|0x000000008bb00000, 0x000000008bb00000, 0x000000008bc00000|  0%| F|  |TAMS 0x000000008bb00000, 0x000000008bb00000| Untracked 
| 188|0x000000008bc00000, 0x000000008bc00000, 0x000000008bd00000|  0%| F|  |TAMS 0x000000008bc00000, 0x000000008bc00000| Untracked 
| 189|0x000000008bd00000, 0x000000008bd00000, 0x000000008be00000|  0%| F|  |TAMS 0x000000008bd00000, 0x000000008bd00000| Untracked 
| 190|0x000000008be00000, 0x000000008be00000, 0x000000008bf00000|  0%| F|  |TAMS 0x000000008be00000, 0x000000008be00000| Untracked 
| 191|0x000000008bf00000, 0x000000008bf00000, 0x000000008c000000|  0%| F|  |TAMS 0x000000008bf00000, 0x000000008bf00000| Untracked 
| 192|0x000000008c000000, 0x000000008c000000, 0x000000008c100000|  0%| F|  |TAMS 0x000000008c000000, 0x000000008c000000| Untracked 
| 193|0x000000008c100000, 0x000000008c100000, 0x000000008c200000|  0%| F|  |TAMS 0x000000008c100000, 0x000000008c100000| Untracked 
| 194|0x000000008c200000, 0x000000008c200000, 0x000000008c300000|  0%| F|  |TAMS 0x000000008c200000, 0x000000008c200000| Untracked 
| 195|0x000000008c300000, 0x000000008c300000, 0x000000008c400000|  0%| F|  |TAMS 0x000000008c300000, 0x000000008c300000| Untracked 
| 196|0x000000008c400000, 0x000000008c400000, 0x000000008c500000|  0%| F|  |TAMS 0x000000008c400000, 0x000000008c400000| Untracked 
| 197|0x000000008c500000, 0x000000008c500000, 0x000000008c600000|  0%| F|  |TAMS 0x000000008c500000, 0x000000008c500000| Untracked 
| 198|0x000000008c600000, 0x000000008c600000, 0x000000008c700000|  0%| F|  |TAMS 0x000000008c600000, 0x000000008c600000| Untracked 
| 199|0x000000008c700000, 0x000000008c700000, 0x000000008c800000|  0%| F|  |TAMS 0x000000008c700000, 0x000000008c700000| Untracked 
| 200|0x000000008c800000, 0x000000008c800000, 0x000000008c900000|  0%| F|  |TAMS 0x000000008c800000, 0x000000008c800000| Untracked 
| 201|0x000000008c900000, 0x000000008c900000, 0x000000008ca00000|  0%| F|  |TAMS 0x000000008c900000, 0x000000008c900000| Untracked 
| 202|0x000000008ca00000, 0x000000008ca00000, 0x000000008cb00000|  0%| F|  |TAMS 0x000000008ca00000, 0x000000008ca00000| Untracked 
| 203|0x000000008cb00000, 0x000000008cb00000, 0x000000008cc00000|  0%| F|  |TAMS 0x000000008cb00000, 0x000000008cb00000| Untracked 
| 204|0x000000008cc00000, 0x000000008cc00000, 0x000000008cd00000|  0%| F|  |TAMS 0x000000008cc00000, 0x000000008cc00000| Untracked 
| 205|0x000000008cd00000, 0x000000008cd00000, 0x000000008ce00000|  0%| F|  |TAMS 0x000000008cd00000, 0x000000008cd00000| Untracked 
| 206|0x000000008ce00000, 0x000000008ce00000, 0x000000008cf00000|  0%| F|  |TAMS 0x000000008ce00000, 0x000000008ce00000| Untracked 
| 207|0x000000008cf00000, 0x000000008cf00000, 0x000000008d000000|  0%| F|  |TAMS 0x000000008cf00000, 0x000000008cf00000| Untracked 
| 208|0x000000008d000000, 0x000000008d000000, 0x000000008d100000|  0%| F|  |TAMS 0x000000008d000000, 0x000000008d000000| Untracked 
| 209|0x000000008d100000, 0x000000008d100000, 0x000000008d200000|  0%| F|  |TAMS 0x000000008d100000, 0x000000008d100000| Untracked 
| 210|0x000000008d200000, 0x000000008d200000, 0x000000008d300000|  0%| F|  |TAMS 0x000000008d200000, 0x000000008d200000| Untracked 
| 211|0x000000008d300000, 0x000000008d300000, 0x000000008d400000|  0%| F|  |TAMS 0x000000008d300000, 0x000000008d300000| Untracked 
| 212|0x000000008d400000, 0x000000008d400000, 0x000000008d500000|  0%| F|  |TAMS 0x000000008d400000, 0x000000008d400000| Untracked 
| 213|0x000000008d500000, 0x000000008d500000, 0x000000008d600000|  0%| F|  |TAMS 0x000000008d500000, 0x000000008d500000| Untracked 
| 214|0x000000008d600000, 0x000000008d600000, 0x000000008d700000|  0%| F|  |TAMS 0x000000008d600000, 0x000000008d600000| Untracked 
| 215|0x000000008d700000, 0x000000008d700000, 0x000000008d800000|  0%| F|  |TAMS 0x000000008d700000, 0x000000008d700000| Untracked 
| 216|0x000000008d800000, 0x000000008d800000, 0x000000008d900000|  0%| F|  |TAMS 0x000000008d800000, 0x000000008d800000| Untracked 
| 217|0x000000008d900000, 0x000000008d900000, 0x000000008da00000|  0%| F|  |TAMS 0x000000008d900000, 0x000000008d900000| Untracked 
| 218|0x000000008da00000, 0x000000008da00000, 0x000000008db00000|  0%| F|  |TAMS 0x000000008da00000, 0x000000008da00000| Untracked 
| 219|0x000000008db00000, 0x000000008db00000, 0x000000008dc00000|  0%| F|  |TAMS 0x000000008db00000, 0x000000008db00000| Untracked 
| 220|0x000000008dc00000, 0x000000008dca0480, 0x000000008dd00000| 62%| E|  |TAMS 0x000000008dc00000, 0x000000008dc00000| Complete 
| 221|0x000000008dd00000, 0x000000008de00000, 0x000000008de00000|100%| E|CS|TAMS 0x000000008dd00000, 0x000000008dd00000| Complete 
| 222|0x000000008de00000, 0x000000008df00000, 0x000000008df00000|100%| E|CS|TAMS 0x000000008de00000, 0x000000008de00000| Complete 
| 223|0x000000008df00000, 0x000000008e000000, 0x000000008e000000|100%| E|CS|TAMS 0x000000008df00000, 0x000000008df00000| Complete 
| 224|0x000000008e000000, 0x000000008e100000, 0x000000008e100000|100%| E|CS|TAMS 0x000000008e000000, 0x000000008e000000| Complete 
| 225|0x000000008e100000, 0x000000008e200000, 0x000000008e200000|100%| E|CS|TAMS 0x000000008e100000, 0x000000008e100000| Complete 
| 226|0x000000008e200000, 0x000000008e300000, 0x000000008e300000|100%| E|CS|TAMS 0x000000008e200000, 0x000000008e200000| Complete 
| 227|0x000000008e300000, 0x000000008e400000, 0x000000008e400000|100%| E|CS|TAMS 0x000000008e300000, 0x000000008e300000| Complete 
| 228|0x000000008e400000, 0x000000008e500000, 0x000000008e500000|100%| E|CS|TAMS 0x000000008e400000, 0x000000008e400000| Complete 
| 229|0x000000008e500000, 0x000000008e600000, 0x000000008e600000|100%| E|CS|TAMS 0x000000008e500000, 0x000000008e500000| Complete 
| 230|0x000000008e600000, 0x000000008e700000, 0x000000008e700000|100%| E|CS|TAMS 0x000000008e600000, 0x000000008e600000| Complete 
| 231|0x000000008e700000, 0x000000008e800000, 0x000000008e800000|100%| E|CS|TAMS 0x000000008e700000, 0x000000008e700000| Complete 
| 232|0x000000008e800000, 0x000000008e900000, 0x000000008e900000|100%| E|CS|TAMS 0x000000008e800000, 0x000000008e800000| Complete 
| 233|0x000000008e900000, 0x000000008ea00000, 0x000000008ea00000|100%| E|CS|TAMS 0x000000008e900000, 0x000000008e900000| Complete 
| 234|0x000000008ea00000, 0x000000008eb00000, 0x000000008eb00000|100%| E|CS|TAMS 0x000000008ea00000, 0x000000008ea00000| Complete 
| 235|0x000000008eb00000, 0x000000008ec00000, 0x000000008ec00000|100%| E|CS|TAMS 0x000000008eb00000, 0x000000008eb00000| Complete 
| 236|0x000000008ec00000, 0x000000008ed00000, 0x000000008ed00000|100%| E|CS|TAMS 0x000000008ec00000, 0x000000008ec00000| Complete 
| 237|0x000000008ed00000, 0x000000008ee00000, 0x000000008ee00000|100%| E|CS|TAMS 0x000000008ed00000, 0x000000008ed00000| Complete 
| 238|0x000000008ee00000, 0x000000008ef00000, 0x000000008ef00000|100%| E|CS|TAMS 0x000000008ee00000, 0x000000008ee00000| Complete 
| 239|0x000000008ef00000, 0x000000008f000000, 0x000000008f000000|100%| E|CS|TAMS 0x000000008ef00000, 0x000000008ef00000| Complete 
| 240|0x000000008f000000, 0x000000008f100000, 0x000000008f100000|100%| E|CS|TAMS 0x000000008f000000, 0x000000008f000000| Complete 
| 241|0x000000008f100000, 0x000000008f200000, 0x000000008f200000|100%| E|CS|TAMS 0x000000008f100000, 0x000000008f100000| Complete 
| 242|0x000000008f200000, 0x000000008f300000, 0x000000008f300000|100%| E|CS|TAMS 0x000000008f200000, 0x000000008f200000| Complete 
| 243|0x000000008f300000, 0x000000008f400000, 0x000000008f400000|100%| E|CS|TAMS 0x000000008f300000, 0x000000008f300000| Complete 
| 244|0x000000008f400000, 0x000000008f500000, 0x000000008f500000|100%| E|CS|TAMS 0x000000008f400000, 0x000000008f400000| Complete 
| 245|0x000000008f500000, 0x000000008f600000, 0x000000008f600000|100%| E|CS|TAMS 0x000000008f500000, 0x000000008f500000| Complete 
| 246|0x000000008f600000, 0x000000008f700000, 0x000000008f700000|100%| E|CS|TAMS 0x000000008f600000, 0x000000008f600000| Complete 
| 247|0x000000008f700000, 0x000000008f800000, 0x000000008f800000|100%| E|CS|TAMS 0x000000008f700000, 0x000000008f700000| Complete 
| 248|0x000000008f800000, 0x000000008f900000, 0x000000008f900000|100%| E|CS|TAMS 0x000000008f800000, 0x000000008f800000| Complete 
| 249|0x000000008f900000, 0x000000008fa00000, 0x000000008fa00000|100%| E|CS|TAMS 0x000000008f900000, 0x000000008f900000| Complete 
| 250|0x000000008fa00000, 0x000000008fa59160, 0x000000008fb00000| 34%| S|CS|TAMS 0x000000008fa00000, 0x000000008fa00000| Complete 
| 251|0x000000008fb00000, 0x000000008fc00000, 0x000000008fc00000|100%| S|CS|TAMS 0x000000008fb00000, 0x000000008fb00000| Complete 
| 252|0x000000008fc00000, 0x000000008fd00000, 0x000000008fd00000|100%| S|CS|TAMS 0x000000008fc00000, 0x000000008fc00000| Complete 
| 253|0x000000008fd00000, 0x000000008fe00000, 0x000000008fe00000|100%| S|CS|TAMS 0x000000008fd00000, 0x000000008fd00000| Complete 
| 254|0x000000008fe00000, 0x000000008ff00000, 0x000000008ff00000|100%| E|CS|TAMS 0x000000008fe00000, 0x000000008fe00000| Complete 
| 255|0x000000008ff00000, 0x0000000090000000, 0x0000000090000000|100%| E|CS|TAMS 0x000000008ff00000, 0x000000008ff00000| Complete 
| 256|0x0000000090000000, 0x0000000090100000, 0x0000000090100000|100%| E|CS|TAMS 0x0000000090000000, 0x0000000090000000| Complete 
| 257|0x0000000090100000, 0x0000000090200000, 0x0000000090200000|100%| E|CS|TAMS 0x0000000090100000, 0x0000000090100000| Complete 
| 258|0x0000000090200000, 0x0000000090300000, 0x0000000090300000|100%| E|CS|TAMS 0x0000000090200000, 0x0000000090200000| Complete 
| 259|0x0000000090300000, 0x0000000090400000, 0x0000000090400000|100%| E|CS|TAMS 0x0000000090300000, 0x0000000090300000| Complete 
| 260|0x0000000090400000, 0x0000000090500000, 0x0000000090500000|100%| E|CS|TAMS 0x0000000090400000, 0x0000000090400000| Complete 
| 261|0x0000000090500000, 0x0000000090600000, 0x0000000090600000|100%| E|CS|TAMS 0x0000000090500000, 0x0000000090500000| Complete 
| 262|0x0000000090600000, 0x0000000090700000, 0x0000000090700000|100%| E|CS|TAMS 0x0000000090600000, 0x0000000090600000| Complete 
| 263|0x0000000090700000, 0x0000000090800000, 0x0000000090800000|100%| E|CS|TAMS 0x0000000090700000, 0x0000000090700000| Complete 

Card table byte_map: [0x000001f3423e0000,0x000001f3427e0000] _byte_map_base: 0x000001f341fe0000

Marking Bits (Prev, Next): (CMBitMap*) 0x000001f32d45c328, (CMBitMap*) 0x000001f32d45c360
 Prev Bits: [0x000001f342be0000, 0x000001f344be0000)
 Next Bits: [0x000001f344be0000, 0x000001f346be0000)

Polling page: 0x000001f32d500000

Metaspace:

Usage:
  Non-class:     95.94 MB capacity,    93.57 MB ( 98%) used,     2.00 MB (  2%) free+waste,   373.88 KB ( <1%) overhead. 
      Class:     14.04 MB capacity,    12.82 MB ( 91%) used,     1.06 MB (  8%) free+waste,   162.31 KB (  1%) overhead. 
       Both:    109.97 MB capacity,   106.39 MB ( 97%) used,     3.06 MB (  3%) free+waste,   536.19 KB ( <1%) overhead. 

Virtual space:
  Non-class space:       96.00 MB reserved,      96.00 MB (100%) committed 
      Class space:        1.00 GB reserved,      14.12 MB (  1%) committed 
             Both:        1.09 GB reserved,     110.12 MB ( 10%) committed 

Chunk freelists:
   Non-Class:  0 bytes
       Class:  0 bytes
        Both:  0 bytes

MaxMetaspaceSize: 17179869184.00 GB
CompressedClassSpaceSize: 1.00 GB

CodeHeap 'non-profiled nmethods': size=120000Kb used=18364Kb max_used=18364Kb free=101635Kb
 bounds [0x000001f33a050000, 0x000001f33b250000, 0x000001f341580000]
CodeHeap 'profiled nmethods': size=120000Kb used=40624Kb max_used=41369Kb free=79375Kb
 bounds [0x000001f332b20000, 0x000001f335430000, 0x000001f33a050000]
CodeHeap 'non-nmethods': size=5760Kb used=2297Kb max_used=2357Kb free=3462Kb
 bounds [0x000001f332580000, 0x000001f3327f0000, 0x000001f332b20000]
 total_blobs=20842 nmethods=19932 adapters=819
 compilation: enabled
              stopped_count=0, restarted_count=0
 full_count=0

Compilation events (20 events):
Event: 5968.252 Thread 0x000001f3496c8000 27869       4       org.gradle.api.internal.artifacts.ivyservice.resolveengine.graph.builder.ModuleResolveState::maybeUpdateSelection (50 bytes)
Event: 5968.555 Thread 0x000001f3496d7800 27873       3       org.gradle.api.internal.artifacts.ivyservice.ivyresolve.ErrorHandlingModuleComponentRepository$ErrorHandlingModuleComponentRepositoryAccess::<init> (80 bytes)
Event: 5968.562 Thread 0x000001f3496d7800 nmethod 27873 0x000001f3334c6990 code [0x000001f3334c6b60, 0x000001f3334c6e58]
Event: 5968.564 Thread 0x000001f3496d7800 27882       3       org.gradle.api.internal.artifacts.ivyservice.ivyresolve.strategy.StaticVersionComparator::compare (326 bytes)
Event: 5968.565 Thread 0x000001f34af41800 27871       4       org.gradle.api.internal.artifacts.ivyservice.resolveengine.graph.selectors.SelectorStateResolver::createAllRejects (120 bytes)
Event: 5968.572 Thread 0x000001f3496d7800 nmethod 27882 0x000001f33403d710 code [0x000001f33403dac0, 0x000001f33403f468]
Event: 5968.572 Thread 0x000001f3496d7800 27881       3       org.gradle.api.internal.artifacts.ivyservice.ivyresolve.strategy.StaticVersionComparator::compare (13 bytes)
Event: 5968.572 Thread 0x000001f3496d7800 nmethod 27881 0x000001f33360e110 code [0x000001f33360e2e0, 0x000001f33360e628]
Event: 5968.572 Thread 0x000001f3496d7800 27874       3       org.gradle.api.internal.artifacts.ivyservice.ivyresolve.UserResolverChain::add (25 bytes)
Event: 5968.573 Thread 0x000001f3496d7800 nmethod 27874 0x000001f3339c1510 code [0x000001f3339c1760, 0x000001f3339c2058]
Event: 5968.573 Thread 0x000001f3496d7800 27875       3       org.gradle.api.internal.artifacts.ivyservice.ivyresolve.RepositoryChainDependencyToComponentIdResolver::add (9 bytes)
Event: 5968.573 Thread 0x000001f3496d7800 nmethod 27875 0x000001f3336a4510 code [0x000001f3336a4700, 0x000001f3336a4ac8]
Event: 5968.573 Thread 0x000001f3496d7800 27876       3       org.gradle.api.internal.artifacts.ivyservice.ivyresolve.DynamicVersionResolver::add (28 bytes)
Event: 5968.573 Thread 0x000001f3496d7800 nmethod 27876 0x000001f333680710 code [0x000001f333680900, 0x000001f333680c68]
Event: 5968.573 Thread 0x000001f3496d7800 27877       3       org.gradle.api.internal.artifacts.ivyservice.ivyresolve.RepositoryChainComponentMetaDataResolver::add (28 bytes)
Event: 5968.573 Thread 0x000001f3496d7800 nmethod 27877 0x000001f3336a6290 code [0x000001f3336a6480, 0x000001f3336a67e8]
Event: 5968.573 Thread 0x000001f3496d7800 27878       3       org.gradle.api.internal.artifacts.ivyservice.ivyresolve.RepositoryChainArtifactResolver::add (18 bytes)
Event: 5968.573 Thread 0x000001f3496d7800 nmethod 27878 0x000001f333731390 code [0x000001f333731560, 0x000001f3337317f8]
Event: 5968.573 Thread 0x000001f3496d7800 27879       3       org.gradle.api.internal.artifacts.ivyservice.moduleconverter.dependencies.DefaultLocalConfigurationMetadataBuilder::addExcludeRules (53 bytes)
Event: 5968.574 Thread 0x000001f3496d7800 nmethod 27879 0x000001f333a11a90 code [0x000001f333a11d00, 0x000001f333a12658]

GC Heap History (20 events):
Event: 5669.541 GC heap before
{Heap before GC invocations=181 (full 0):
 garbage-first heap   total 270336K, used 110428K [0x0000000080000000, 0x0000000100000000)
  region size 1024K, 6 young (6144K), 2 survivors (2048K)
 Metaspace       used 108378K, capacity 111941K, committed 112248K, reserved 1146880K
  class space    used 13093K, capacity 14310K, committed 14456K, reserved 1048576K
}
Event: 5669.546 GC heap after
{Heap after GC invocations=182 (full 0):
 garbage-first heap   total 270336K, used 107305K [0x0000000080000000, 0x0000000100000000)
  region size 1024K, 2 young (2048K), 2 survivors (2048K)
 Metaspace       used 108378K, capacity 111941K, committed 112248K, reserved 1146880K
  class space    used 13093K, capacity 14310K, committed 14456K, reserved 1048576K
}
Event: 5761.794 GC heap before
{Heap before GC invocations=183 (full 0):
 garbage-first heap   total 270336K, used 170793K [0x0000000080000000, 0x0000000100000000)
  region size 1024K, 61 young (62464K), 2 survivors (2048K)
 Metaspace       used 108448K, capacity 112005K, committed 112248K, reserved 1146880K
  class space    used 13093K, capacity 14310K, committed 14456K, reserved 1048576K
}
Event: 5761.840 GC heap after
{Heap after GC invocations=184 (full 0):
 garbage-first heap   total 270336K, used 108617K [0x0000000080000000, 0x0000000100000000)
  region size 1024K, 5 young (5120K), 5 survivors (5120K)
 Metaspace       used 108448K, capacity 112005K, committed 112248K, reserved 1146880K
  class space    used 13093K, capacity 14310K, committed 14456K, reserved 1048576K
}
Event: 5761.936 GC heap before
{Heap before GC invocations=184 (full 0):
 garbage-first heap   total 270336K, used 116809K [0x0000000080000000, 0x0000000100000000)
  region size 1024K, 13 young (13312K), 5 survivors (5120K)
 Metaspace       used 108449K, capacity 112005K, committed 112248K, reserved 1146880K
  class space    used 13093K, capacity 14310K, committed 14456K, reserved 1048576K
}
Event: 5761.954 GC heap after
{Heap after GC invocations=185 (full 0):
 garbage-first heap   total 270336K, used 109145K [0x0000000080000000, 0x0000000100000000)
  region size 1024K, 2 young (2048K), 2 survivors (2048K)
 Metaspace       used 108449K, capacity 112005K, committed 112248K, reserved 1146880K
  class space    used 13093K, capacity 14310K, committed 14456K, reserved 1048576K
}
Event: 5763.188 GC heap before
{Heap before GC invocations=185 (full 0):
 garbage-first heap   total 270336K, used 171609K [0x0000000080000000, 0x0000000100000000)
  region size 1024K, 65 young (66560K), 2 survivors (2048K)
 Metaspace       used 108532K, capacity 112138K, committed 112504K, reserved 1146880K
  class space    used 13102K, capacity 14328K, committed 14456K, reserved 1048576K
}
Event: 5763.206 GC heap after
{Heap after GC invocations=186 (full 0):
 garbage-first heap   total 270336K, used 112221K [0x0000000080000000, 0x0000000100000000)
  region size 1024K, 5 young (5120K), 5 survivors (5120K)
 Metaspace       used 108532K, capacity 112138K, committed 112504K, reserved 1146880K
  class space    used 13102K, capacity 14328K, committed 14456K, reserved 1048576K
}
Event: 5764.063 GC heap before
{Heap before GC invocations=187 (full 0):
 garbage-first heap   total 270336K, used 182877K [0x0000000080000000, 0x0000000100000000)
  region size 1024K, 74 young (75776K), 5 survivors (5120K)
 Metaspace       used 108864K, capacity 112512K, committed 112760K, reserved 1146880K
  class space    used 13126K, capacity 14368K, committed 14456K, reserved 1048576K
}
Event: 5764.075 GC heap after
{Heap after GC invocations=188 (full 0):
 garbage-first heap   total 270336K, used 112872K [0x0000000080000000, 0x0000000100000000)
  region size 1024K, 6 young (6144K), 6 survivors (6144K)
 Metaspace       used 108864K, capacity 112512K, committed 112760K, reserved 1146880K
  class space    used 13126K, capacity 14368K, committed 14456K, reserved 1048576K
}
Event: 5764.088 GC heap before
{Heap before GC invocations=188 (full 0):
 garbage-first heap   total 270336K, used 119016K [0x0000000080000000, 0x0000000100000000)
  region size 1024K, 13 young (13312K), 6 survivors (6144K)
 Metaspace       used 108864K, capacity 112512K, committed 112760K, reserved 1146880K
  class space    used 13126K, capacity 14368K, committed 14456K, reserved 1048576K
}
Event: 5764.144 GC heap after
{Heap after GC invocations=189 (full 0):
 garbage-first heap   total 270336K, used 96843K [0x0000000080000000, 0x0000000100000000)
  region size 1024K, 1 young (1024K), 1 survivors (1024K)
 Metaspace       used 108864K, capacity 112512K, committed 112760K, reserved 1146880K
  class space    used 13126K, capacity 14368K, committed 14456K, reserved 1048576K
}
Event: 5764.228 GC heap before
{Heap before GC invocations=189 (full 0):
 garbage-first heap   total 270336K, used 116299K [0x0000000080000000, 0x0000000100000000)
  region size 1024K, 22 young (22528K), 1 survivors (1024K)
 Metaspace       used 108872K, capacity 112524K, committed 112760K, reserved 1146880K
  class space    used 13128K, capacity 14372K, committed 14456K, reserved 1048576K
}
Event: 5764.235 GC heap after
{Heap after GC invocations=190 (full 0):
 garbage-first heap   total 270336K, used 98746K [0x0000000080000000, 0x0000000100000000)
  region size 1024K, 3 young (3072K), 3 survivors (3072K)
 Metaspace       used 108872K, capacity 112524K, committed 112760K, reserved 1146880K
  class space    used 13128K, capacity 14372K, committed 14456K, reserved 1048576K
}
Event: 5765.311 GC heap before
{Heap before GC invocations=191 (full 0):
 garbage-first heap   total 270336K, used 186810K [0x0000000080000000, 0x0000000100000000)
  region size 1024K, 87 young (89088K), 3 survivors (3072K)
 Metaspace       used 108797K, capacity 112479K, committed 112760K, reserved 1146880K
  class space    used 13114K, capacity 14348K, committed 14456K, reserved 1048576K
}
Event: 5765.321 GC heap after
{Heap after GC invocations=192 (full 0):
 garbage-first heap   total 270336K, used 100899K [0x0000000080000000, 0x0000000100000000)
  region size 1024K, 5 young (5120K), 5 survivors (5120K)
 Metaspace       used 108797K, capacity 112479K, committed 112760K, reserved 1146880K
  class space    used 13114K, capacity 14348K, committed 14456K, reserved 1048576K
}
Event: 5765.359 GC heap before
{Heap before GC invocations=192 (full 0):
 garbage-first heap   total 270336K, used 111139K [0x0000000080000000, 0x0000000100000000)
  region size 1024K, 13 young (13312K), 5 survivors (5120K)
 Metaspace       used 108798K, capacity 112479K, committed 112760K, reserved 1146880K
  class space    used 13114K, capacity 14348K, committed 14456K, reserved 1048576K
}
Event: 5765.369 GC heap after
{Heap after GC invocations=193 (full 0):
 garbage-first heap   total 270336K, used 99545K [0x0000000080000000, 0x0000000100000000)
  region size 1024K, 2 young (2048K), 2 survivors (2048K)
 Metaspace       used 108798K, capacity 112479K, committed 112760K, reserved 1146880K
  class space    used 13114K, capacity 14348K, committed 14456K, reserved 1048576K
}
Event: 5765.417 GC heap before
{Heap before GC invocations=193 (full 0):
 garbage-first heap   total 270336K, used 105689K [0x0000000080000000, 0x0000000100000000)
  region size 1024K, 10 young (10240K), 2 survivors (2048K)
 Metaspace       used 108802K, capacity 112479K, committed 112760K, reserved 1146880K
  class space    used 13114K, capacity 14348K, committed 14456K, reserved 1048576K
}
Event: 5765.420 GC heap after
{Heap after GC invocations=194 (full 0):
 garbage-first heap   total 270336K, used 101081K [0x0000000080000000, 0x0000000100000000)
  region size 1024K, 4 young (4096K), 4 survivors (4096K)
 Metaspace       used 108802K, capacity 112479K, committed 112760K, reserved 1146880K
  class space    used 13114K, capacity 14348K, committed 14456K, reserved 1048576K
}

Deoptimization events (20 events):
Event: 5764.217 Thread 0x000001f350db1000 Uncommon trap: trap_request=0xffffffde fr.pc=0x000001f33a814148 relative=0x0000000000001648
Event: 5764.217 Thread 0x000001f350db1000 Uncommon trap: reason=class_check action=maybe_recompile pc=0x000001f33a814148 method=com.google.common.collect.ImmutableMap.copyOf(Ljava/lang/Iterable;)Lcom/google/common/collect/ImmutableMap; @ 53 c2
Event: 5764.217 Thread 0x000001f350db1000 DEOPT PACKING pc=0x000001f33a814148 sp=0x000000b8ca2f9750
Event: 5764.218 Thread 0x000001f350db1000 DEOPT UNPACKING pc=0x000001f3325a74af sp=0x000000b8ca2f9708 mode 2
Event: 5764.300 Thread 0x000001f350db1000 DEOPT PACKING pc=0x000001f333cf07b2 sp=0x000000b8ca2f9670
Event: 5764.300 Thread 0x000001f350db1000 DEOPT UNPACKING pc=0x000001f3325a72ce sp=0x000000b8ca2f8b88 mode 0
Event: 5764.598 Thread 0x000001f34af4f800 DEOPT PACKING pc=0x000001f334ef751c sp=0x000000b8ccdfccd0
Event: 5764.598 Thread 0x000001f34af4f800 DEOPT UNPACKING pc=0x000001f3325a72ce sp=0x000000b8ccdfc4d0 mode 0
Event: 5765.122 Thread 0x000001f34c100800 DEOPT PACKING pc=0x000001f334014d45 sp=0x000000b8cd5fec50
Event: 5765.122 Thread 0x000001f34c100800 DEOPT UNPACKING pc=0x000001f3325a72ce sp=0x000000b8cd5fe0f8 mode 0
Event: 5765.133 Thread 0x000001f34c100800 DEOPT PACKING pc=0x000001f333f7e66f sp=0x000000b8cd5fedf0
Event: 5765.134 Thread 0x000001f34c100800 DEOPT UNPACKING pc=0x000001f3325a72ce sp=0x000000b8cd5fe358 mode 0
Event: 5765.135 Thread 0x000001f34c100800 DEOPT PACKING pc=0x000001f333f7e763 sp=0x000000b8cd5fedf0
Event: 5765.135 Thread 0x000001f34c100800 DEOPT UNPACKING pc=0x000001f3325a72ce sp=0x000000b8cd5fe358 mode 0
Event: 5765.149 Thread 0x000001f34c100800 DEOPT PACKING pc=0x000001f3340b0285 sp=0x000000b8cd5fea20
Event: 5765.149 Thread 0x000001f34c100800 DEOPT UNPACKING pc=0x000001f3325a72ce sp=0x000000b8cd5fdeb8 mode 0
Event: 5765.151 Thread 0x000001f34c100800 DEOPT PACKING pc=0x000001f3340b0285 sp=0x000000b8cd5fea20
Event: 5765.151 Thread 0x000001f34c100800 DEOPT UNPACKING pc=0x000001f3325a72ce sp=0x000000b8cd5fdeb8 mode 0
Event: 5765.877 Thread 0x000001f350db1000 DEOPT PACKING pc=0x000001f33431e20e sp=0x000000b8ca2fd7b0
Event: 5765.877 Thread 0x000001f350db1000 DEOPT UNPACKING pc=0x000001f3325a72ce sp=0x000000b8ca2fcdb0 mode 0

Classes redefined (0 events):
No events

Internal exceptions (20 events):
Event: 5763.870 Thread 0x000001f34af41000 Exception <a 'sun/nio/fs/WindowsException'{0x000000008da718b8}> (0x000000008da718b8) thrown at [./src/hotspot/share/prims/jni.cpp, line 615]
Event: 5763.893 Thread 0x000001f34af41000 Exception <a 'sun/nio/fs/WindowsException'{0x000000008d64a020}> (0x000000008d64a020) thrown at [./src/hotspot/share/prims/jni.cpp, line 615]
Event: 5763.895 Thread 0x000001f34af41000 Exception <a 'sun/nio/fs/WindowsException'{0x000000008d652e28}> (0x000000008d652e28) thrown at [./src/hotspot/share/prims/jni.cpp, line 615]
Event: 5763.896 Thread 0x000001f34af41000 Exception <a 'sun/nio/fs/WindowsException'{0x000000008d659cb8}> (0x000000008d659cb8) thrown at [./src/hotspot/share/prims/jni.cpp, line 615]
Event: 5763.896 Thread 0x000001f34af41000 Exception <a 'sun/nio/fs/WindowsException'{0x000000008d65e450}> (0x000000008d65e450) thrown at [./src/hotspot/share/prims/jni.cpp, line 615]
Event: 5763.897 Thread 0x000001f34af41000 Exception <a 'sun/nio/fs/WindowsException'{0x000000008d668d60}> (0x000000008d668d60) thrown at [./src/hotspot/share/prims/jni.cpp, line 615]
Event: 5763.898 Thread 0x000001f34af41000 Exception <a 'sun/nio/fs/WindowsException'{0x000000008d671fd0}> (0x000000008d671fd0) thrown at [./src/hotspot/share/prims/jni.cpp, line 615]
Event: 5763.899 Thread 0x000001f34af41000 Exception <a 'sun/nio/fs/WindowsException'{0x000000008d676618}> (0x000000008d676618) thrown at [./src/hotspot/share/prims/jni.cpp, line 615]
Event: 5763.900 Thread 0x000001f34af41000 Exception <a 'sun/nio/fs/WindowsException'{0x000000008d680648}> (0x000000008d680648) thrown at [./src/hotspot/share/prims/jni.cpp, line 615]
Event: 5763.900 Thread 0x000001f34af41000 Exception <a 'sun/nio/fs/WindowsException'{0x000000008d688aa8}> (0x000000008d688aa8) thrown at [./src/hotspot/share/prims/jni.cpp, line 615]
Event: 5763.901 Thread 0x000001f34af41000 Exception <a 'sun/nio/fs/WindowsException'{0x000000008d68d0f0}> (0x000000008d68d0f0) thrown at [./src/hotspot/share/prims/jni.cpp, line 615]
Event: 5763.902 Thread 0x000001f34af41000 Exception <a 'sun/nio/fs/WindowsException'{0x000000008d697120}> (0x000000008d697120) thrown at [./src/hotspot/share/prims/jni.cpp, line 615]
Event: 5763.903 Thread 0x000001f34af41000 Exception <a 'sun/nio/fs/WindowsException'{0x000000008d69f590}> (0x000000008d69f590) thrown at [./src/hotspot/share/prims/jni.cpp, line 615]
Event: 5763.904 Thread 0x000001f34af41000 Exception <a 'sun/nio/fs/WindowsException'{0x000000008d6a2a88}> (0x000000008d6a2a88) thrown at [./src/hotspot/share/prims/jni.cpp, line 615]
Event: 5763.907 Thread 0x000001f34af41000 Exception <a 'sun/nio/fs/WindowsException'{0x000000008d6c57a8}> (0x000000008d6c57a8) thrown at [./src/hotspot/share/prims/jni.cpp, line 615]
Event: 5764.323 Thread 0x000001f34af4f800 Exception <a 'sun/nio/fs/WindowsException'{0x000000008f6b1798}> (0x000000008f6b1798) thrown at [./src/hotspot/share/prims/jni.cpp, line 615]
Event: 5764.609 Thread 0x000001f34af4f800 Exception <a 'sun/nio/fs/WindowsException'{0x000000008ec8d200}> (0x000000008ec8d200) thrown at [./src/hotspot/share/prims/jni.cpp, line 615]
Event: 5765.044 Thread 0x000001f34c0fe000 Exception <a 'sun/nio/fs/WindowsException'{0x000000008de64940}> (0x000000008de64940) thrown at [./src/hotspot/share/prims/jni.cpp, line 615]
Event: 5765.161 Thread 0x000001f34c100800 Exception <a 'sun/nio/fs/WindowsException'{0x000000008be9bf18}> (0x000000008be9bf18) thrown at [./src/hotspot/share/prims/jni.cpp, line 615]
Event: 5765.874 Thread 0x000001f350db1000 Exception <a 'sun/nio/fs/WindowsException'{0x0000000090355a38}> (0x0000000090355a38) thrown at [./src/hotspot/share/prims/jni.cpp, line 615]

Events (20 events):
Event: 5966.563 Executing VM operation: RevokeBias done
Event: 5966.563 Executing VM operation: RevokeBias
Event: 5966.563 Executing VM operation: RevokeBias done
Event: 5966.771 Thread 0x000001f34c102000 Thread added: 0x000001f34c102000
Event: 5966.779 Thread 0x000001f34c107000 Thread added: 0x000001f34c107000
Event: 5966.971 Thread 0x000001f34c103000 Thread added: 0x000001f34c103000
Event: 5966.973 Thread 0x000001f34c105800 Thread added: 0x000001f34c105800
Event: 5966.973 Thread 0x000001f34c108000 Thread added: 0x000001f34c108000
Event: 5966.974 Thread 0x000001f34af45000 Thread added: 0x000001f34af45000
Event: 5966.974 Thread 0x000001f34af43800 Thread added: 0x000001f34af43800
Event: 5966.974 Thread 0x000001f34af42800 Thread added: 0x000001f34af42800
Event: 5966.975 Thread 0x000001f34af45800 Thread added: 0x000001f34af45800
Event: 5966.975 Executing VM operation: RevokeBias
Event: 5966.976 Thread 0x000001f34af44000 Thread added: 0x000001f34af44000
Event: 5966.982 Executing VM operation: RevokeBias done
Event: 5967.304 Thread 0x000001f34af46800 Thread added: 0x000001f34af46800
Event: 5968.006 Thread 0x000001f34af41000 Thread added: 0x000001f34af41000
Event: 5968.178 Executing VM operation: BulkRevokeBias
Event: 5968.187 Executing VM operation: BulkRevokeBias done
Event: 5968.564 Thread 0x000001f34af41800 Thread added: 0x000001f34af41800


Dynamic libraries:
0x00007ff77eb00000 - 0x00007ff77eb0a000 	D:\Android Studio\jre\bin\java.exe
0x00007fffff9d0000 - 0x00007fffffbc5000 	C:\WINDOWS\SYSTEM32\ntdll.dll
0x00007ffffdae0000 - 0x00007ffffdb9d000 	C:\WINDOWS\System32\KERNEL32.DLL
0x00007ffffd440000 - 0x00007ffffd709000 	C:\WINDOWS\System32\KERNELBASE.dll
0x00007ffffd140000 - 0x00007ffffd240000 	C:\WINDOWS\System32\ucrtbase.dll
0x00007fffe5210000 - 0x00007fffe5227000 	D:\Android Studio\jre\bin\VCRUNTIME140.dll
0x00007fffe51f0000 - 0x00007fffe5209000 	D:\Android Studio\jre\bin\jli.dll
0x00007fffff1b0000 - 0x00007fffff350000 	C:\WINDOWS\System32\USER32.dll
0x00007ffffda10000 - 0x00007ffffda32000 	C:\WINDOWS\System32\win32u.dll
0x00007ffffdba0000 - 0x00007ffffdbca000 	C:\WINDOWS\System32\GDI32.dll
0x00007ffffd900000 - 0x00007ffffda0b000 	C:\WINDOWS\System32\gdi32full.dll
0x00007fffe5920000 - 0x00007fffe5bba000 	C:\WINDOWS\WinSxS\amd64_microsoft.windows.common-controls_6595b64144ccf1df_6.0.19041.1110_none_60b5254171f9507e\COMCTL32.dll
0x00007ffffd240000 - 0x00007ffffd2dd000 	C:\WINDOWS\System32\msvcp_win.dll
0x00007ffffe390000 - 0x00007ffffe42e000 	C:\WINDOWS\System32\msvcrt.dll
0x00007ffffe9e0000 - 0x00007ffffea10000 	C:\WINDOWS\System32\IMM32.DLL
0x00007fffb7920000 - 0x00007fffb79bd000 	D:\Android Studio\jre\bin\msvcp140.dll
0x00007fffb3140000 - 0x00007fffb3bfc000 	D:\Android Studio\jre\bin\server\jvm.dll
0x00007fffff880000 - 0x00007fffff92c000 	C:\WINDOWS\System32\ADVAPI32.dll
0x00007ffffda40000 - 0x00007ffffdadb000 	C:\WINDOWS\System32\sechost.dll
0x00007ffffe720000 - 0x00007ffffe84a000 	C:\WINDOWS\System32\RPCRT4.dll
0x00007fffff350000 - 0x00007fffff358000 	C:\WINDOWS\System32\PSAPI.DLL
0x00007ffff3590000 - 0x00007ffff359a000 	C:\WINDOWS\SYSTEM32\VERSION.dll
0x00007ffffa500000 - 0x00007ffffa527000 	C:\WINDOWS\SYSTEM32\WINMM.dll
0x00007fffdbf70000 - 0x00007fffdbf79000 	C:\WINDOWS\SYSTEM32\WSOCK32.dll
0x00007ffffe430000 - 0x00007ffffe49b000 	C:\WINDOWS\System32\ws2_32.DLL
0x00007ffffb0b0000 - 0x00007ffffb0c2000 	C:\WINDOWS\SYSTEM32\kernel.appcore.dll
0x00007ffff0fc0000 - 0x00007ffff0fd1000 	D:\Android Studio\jre\bin\verify.dll
0x00007ffffad50000 - 0x00007ffffaf34000 	C:\WINDOWS\SYSTEM32\DBGHELP.DLL
0x00007ffffa4d0000 - 0x00007ffffa4fc000 	C:\WINDOWS\SYSTEM32\dbgcore.DLL
0x00007ffffd710000 - 0x00007ffffd793000 	C:\WINDOWS\System32\bcryptPrimitives.dll
0x00007fffe0870000 - 0x00007fffe0899000 	D:\Android Studio\jre\bin\java.dll
0x00007ffff0fb0000 - 0x00007ffff0fbb000 	D:\Android Studio\jre\bin\jimage.dll
0x00007fffe6940000 - 0x00007fffe6958000 	D:\Android Studio\jre\bin\zip.dll
0x00007ffffea10000 - 0x00007fffff14f000 	C:\WINDOWS\System32\SHELL32.dll
0x00007ffffb240000 - 0x00007ffffb9d1000 	C:\WINDOWS\SYSTEM32\windows.storage.dll
0x00007ffffdbd0000 - 0x00007ffffdf25000 	C:\WINDOWS\System32\combase.dll
0x00007ffffcb80000 - 0x00007ffffcbac000 	C:\WINDOWS\SYSTEM32\Wldp.dll
0x00007ffffe1c0000 - 0x00007ffffe26e000 	C:\WINDOWS\System32\SHCORE.dll
0x00007ffffe6c0000 - 0x00007ffffe715000 	C:\WINDOWS\System32\shlwapi.dll
0x00007ffffd050000 - 0x00007ffffd06f000 	C:\WINDOWS\SYSTEM32\profapi.dll
0x00007fffe43e0000 - 0x00007fffe43fa000 	D:\Android Studio\jre\bin\net.dll
0x00007ffff4f90000 - 0x00007ffff509a000 	C:\WINDOWS\SYSTEM32\WINHTTP.dll
0x00007ffffc8e0000 - 0x00007ffffc94a000 	C:\WINDOWS\system32\mswsock.dll
0x00007fffe09c0000 - 0x00007fffe09d4000 	D:\Android Studio\jre\bin\nio.dll
0x00007ffff4dc0000 - 0x00007ffff4de6000 	C:\Users\missv\.gradle\native\29\windows-amd64\native-platform.dll
0x00007fffef9f0000 - 0x00007fffef9fa000 	D:\Android Studio\jre\bin\management.dll
0x00007fffef990000 - 0x00007fffef99c000 	D:\Android Studio\jre\bin\management_ext.dll
0x00007ffffcac0000 - 0x00007ffffcad8000 	C:\WINDOWS\SYSTEM32\CRYPTSP.dll
0x00007ffffc210000 - 0x00007ffffc244000 	C:\WINDOWS\system32\rsaenh.dll
0x00007ffffd110000 - 0x00007ffffd137000 	C:\WINDOWS\System32\bcrypt.dll
0x00007ffffd010000 - 0x00007ffffd03e000 	C:\WINDOWS\SYSTEM32\USERENV.dll
0x00007ffffcae0000 - 0x00007ffffcaec000 	C:\WINDOWS\SYSTEM32\CRYPTBASE.dll
0x00007ffffc580000 - 0x00007ffffc5bb000 	C:\WINDOWS\SYSTEM32\IPHLPAPI.DLL
0x00007fffff3e0000 - 0x00007fffff3e8000 	C:\WINDOWS\System32\NSI.dll
0x00007ffff2580000 - 0x00007ffff2597000 	C:\WINDOWS\SYSTEM32\dhcpcsvc6.DLL
0x00007ffff2ac0000 - 0x00007ffff2add000 	C:\WINDOWS\SYSTEM32\dhcpcsvc.DLL
0x00007ffffc5c0000 - 0x00007ffffc68c000 	C:\WINDOWS\SYSTEM32\DNSAPI.dll
0x00007fffd3ed0000 - 0x00007fffd3ef7000 	D:\Android Studio\jre\bin\sunec.dll

dbghelp: loaded successfully - version: 4.0.5 - missing functions: none
symbol engine: initialized successfully - sym options: 0x614 - pdb path: .;D:\Android Studio\jre\bin;C:\WINDOWS\SYSTEM32;C:\WINDOWS\WinSxS\amd64_microsoft.windows.common-controls_6595b64144ccf1df_6.0.19041.1110_none_60b5254171f9507e;D:\Android Studio\jre\bin\server;C:\Users\missv\.gradle\native\29\windows-amd64

VM Arguments:
jvm_args: --add-opens=java.base/java.util=ALL-UNNAMED --add-opens=java.base/java.lang=ALL-UNNAMED --add-opens=java.base/java.lang.invoke=ALL-UNNAMED --add-opens=java.prefs/java.util.prefs=ALL-UNNAMED -Xmx2048m -Dfile.encoding=UTF-8 -Duser.country=US -Duser.language=en -Duser.variant 
java_command: org.gradle.launcher.daemon.bootstrap.GradleDaemon 5.4.1
java_class_path (initial): C:\Users\missv\.gradle\wrapper\dists\gradle-5.4.1-all\3221gyojl5jsh0helicew7rwx\gradle-5.4.1\lib\gradle-launcher-5.4.1.jar
Launcher Type: SUN_STANDARD

[Global flags]
     intx CICompilerCount                          = 4                                         {product} {ergonomic}
     uint ConcGCThreads                            = 2                                         {product} {ergonomic}
     uint G1ConcRefinementThreads                  = 8                                         {product} {ergonomic}
   size_t G1HeapRegionSize                         = 1048576                                   {product} {ergonomic}
    uintx GCDrainStackTargetSize                   = 64                                        {product} {ergonomic}
   size_t InitialHeapSize                          = 132120576                                 {product} {ergonomic}
   size_t MarkStackSize                            = 4194304                                   {product} {ergonomic}
   size_t MaxHeapSize                              = 2147483648                                {product} {command line}
   size_t MaxNewSize                               = 1287651328                                {product} {ergonomic}
   size_t MinHeapDeltaBytes                        = 1048576                                   {product} {ergonomic}
    uintx NonNMethodCodeHeapSize                   = 5836300                                {pd product} {ergonomic}
    uintx NonProfiledCodeHeapSize                  = 122910970                              {pd product} {ergonomic}
    uintx ProfiledCodeHeapSize                     = 122910970                              {pd product} {ergonomic}
    uintx ReservedCodeCacheSize                    = 251658240                              {pd product} {ergonomic}
     bool SegmentedCodeCache                       = true                                      {product} {ergonomic}
     bool UseCompressedClassPointers               = true                                 {lp64_product} {ergonomic}
     bool UseCompressedOops                        = true                                 {lp64_product} {ergonomic}
     bool UseG1GC                                  = true                                      {product} {ergonomic}
     bool UseLargePagesIndividualAllocation        = false                                  {pd product} {ergonomic}

Logging:
Log output configuration:
 #0: stdout all=warning uptime,level,tags
 #1: stderr all=off uptime,level,tags

Environment Variables:
PATH=C:\Program Files (x86)\Common Files\Oracle\Java\javapath;C:\Python38\Scripts\;C:\Python38\;C:\Windows\system32;C:\Windows;C:\Windows\System32\Wbem;C:\Windows\System32\WindowsPowerShell\v1.0\;C:\Windows\System32\OpenSSH\;C:\Program Files\Intel\WiFi\bin\;C:\Program Files\Common Files\Intel\WirelessCommon\;C:\Program Files (x86)\NVIDIA Corporation\PhysX\Common;C:\Program Files\NVIDIA Corporation\NVIDIA NvDLISR;C:\WINDOWS\system32;C:\WINDOWS;C:\WINDOWS\System32\Wbem;C:\WINDOWS\System32\WindowsPowerShell\v1.0\;C:\WINDOWS\System32\OpenSSH\;C:\Program Files\Git\cmd;C:\ProgramData\chocolatey\bin;C:\Program Files\Java\jdk1.8.0_291\bin
USERNAME=missv
OS=Windows_NT
PROCESSOR_IDENTIFIER=Intel64 Family 6 Model 158 Stepping 10, GenuineIntel



---------------  S Y S T E M  ---------------

OS: Windows 10 , 64 bit Build 19041 (10.0.19041.1023)
OS uptime: 1 days 2:07 hours

CPU:total 8 (initial active 8) (4 cores per cpu, 2 threads per core) family 6 model 158 stepping 10, cmov, cx8, fxsr, mmx, sse, sse2, sse3, ssse3, sse4.1, sse4.2, popcnt, avx, avx2, aes, clmul, erms, 3dnowpref, lzcnt, ht, tsc, tscinvbit, bmi1, bmi2, adx, fma

Memory: 4k page, system-wide physical 7973M (474M free)
TotalPageFile size 21217M (AvailPageFile size 1M)
current process WorkingSet (physical memory assigned to process): 166M, peak: 494M
current process commit charge ("private bytes"): 623M, peak: 639M

vm_info: OpenJDK 64-Bit Server VM (11.0.8+10-b944.6842174) for windows-amd64 JRE (11.0.8+10-b944.6842174), built on Sep 19 2020 01:11:42 by "builder" with MS VC++ 14.0 (VS2015)

END.
