#
# There is insufficient memory for the Java Runtime Environment to continue.
# Native memory allocation (mmap) failed to map 141557760 bytes for Failed to commit area from 0x000000008e800000 to 0x0000000096f00000 of length 141557760.
# Possible reasons:
#   The system is out of physical RAM or swap space
#   The process is running with CompressedOops enabled, and the Java Heap may be blocking the growth of the native heap
# Possible solutions:
#   Reduce memory load on the system
#   Increase physical memory or swap space
#   Check if swap backing store is full
#   Decrease Java heap size (-Xmx/-Xms)
#   Decrease number of Java threads
#   Decrease Java thread stack sizes (-Xss)
#   Set larger code cache with -XX:ReservedCodeCacheSize=
#   JVM is running with Unscaled Compressed Oops mode in which the Java heap is
#     placed in the first 4GB address space. The Java Heap base address is the
#     maximum limit for the native heap growth. Please use -XX:HeapBaseMinAddress
#     to set the Java Heap base and to place the Java Heap above 4GB virtual address.
# This output file may be truncated or incomplete.
#
#  Out of Memory Error (./src/hotspot/os/windows/os_windows.cpp:3303), pid=12192, tid=11764
#
# JRE version: OpenJDK Runtime Environment (11.0.8+10) (build 11.0.8+10-b944.6842174)
# Java VM: OpenJDK 64-Bit Server VM (11.0.8+10-b944.6842174, mixed mode, tiered, compressed oops, g1 gc, windows-amd64)
# No core dump will be written. Minidumps are not enabled by default on client versions of Windows
#

---------------  S U M M A R Y ------------

Command Line: --add-opens=java.base/java.util=ALL-UNNAMED --add-opens=java.base/java.lang=ALL-UNNAMED --add-opens=java.base/java.lang.invoke=ALL-UNNAMED --add-opens=java.prefs/java.util.prefs=ALL-UNNAMED -Xmx2048m -Dfile.encoding=UTF-8 -Duser.country=US -Duser.language=en -Duser.variant org.gradle.launcher.daemon.bootstrap.GradleDaemon 5.4.1

Host: Intel(R) Core(TM) i5-9300H CPU @ 2.40GHz, 8 cores, 7G,  Windows 10 , 64 bit Build 19041 (10.0.19041.1023)
Time: Fri Jul 30 09:50:45 2021 SE Asia Standard Time elapsed time: 46 seconds (0d 0h 0m 46s)

---------------  T H R E A D  ---------------

Current thread (0x00000196db26e800):  VMThread "VM Thread" [stack: 0x0000007ccdf00000,0x0000007cce000000] [id=11764]

Stack: [0x0000007ccdf00000,0x0000007cce000000]
[error occurred during error reporting (printing stack bounds), id 0xc0000005, EXCEPTION_ACCESS_VIOLATION (0xc0000005) at pc=0x00000196c4120dad]

Native frames: (J=compiled Java code, j=interpreted, Vv=VM code, C=native code)
V  [jvm.dll+0x5de50a]
V  [jvm.dll+0x7122f5]
V  [jvm.dll+0x71384d]
V  [jvm.dll+0x713e65]
V  [jvm.dll+0x713e1b]
V  [jvm.dll+0x5dd958]
V  [jvm.dll+0x5de0f8]
C  [ntdll.dll+0xa217f]
C  [ntdll.dll+0x51454]
C  [ntdll.dll+0xa0cae]
C  0x00000196c4120dad

VM_Operation (0x0000007cd1bfe050): G1CollectForAllocation, mode: safepoint, requested by thread 0x00000196e060e000


---------------  P R O C E S S  ---------------

Threads class SMR info:
_java_thread_list=0x00000196e19b1ef0, length=71, elements={
0x00000196c079a000, 0x00000196db273000, 0x00000196db27e800, 0x00000196dbc05000,
0x00000196dbc08000, 0x00000196dbc09800, 0x00000196db291800, 0x00000196db29a000,
0x00000196dbd72000, 0x00000196dbd8b800, 0x00000196dd523000, 0x00000196dd30d800,
0x00000196dd0fc800, 0x00000196dd0f8000, 0x00000196dd18f000, 0x00000196dd190000,
0x00000196dd22e800, 0x00000196dd228000, 0x00000196dd228800, 0x00000196dd7e3800,
0x00000196db294000, 0x00000196db290000, 0x00000196db28f000, 0x00000196db295800,
0x00000196db293800, 0x00000196e056b000, 0x00000196e0568000, 0x00000196e0567000,
0x00000196e0569800, 0x00000196e0568800, 0x00000196e056a000, 0x00000196e0565800,
0x00000196e056c000, 0x00000196e0566000, 0x00000196e056f000, 0x00000196e0570000,
0x00000196e0572800, 0x00000196e0571800, 0x00000196e056c800, 0x00000196e0573000,
0x00000196e056e800, 0x00000196e056d800, 0x00000196e0574000, 0x00000196db295000,
0x00000196e3d49000, 0x00000196e3d46800, 0x00000196e3d49800, 0x00000196e3d47000,
0x00000196e3d45000, 0x00000196e3d45800, 0x00000196e3d4b800, 0x00000196e3d52000,
0x00000196e3d4e000, 0x00000196e3d50000, 0x00000196e3d4e800, 0x00000196e3d4f800,
0x00000196e3d4c000, 0x00000196e3d52800, 0x00000196e3d53800, 0x00000196e3d51000,
0x00000196e0570800, 0x00000196e0606800, 0x00000196e060b000, 0x00000196e0609000,
0x00000196e060c800, 0x00000196e060a000, 0x00000196e060b800, 0x00000196e060d000,
0x00000196e0607800, 0x00000196e060e000, 0x00000196e0608800
}

Java Threads: ( => current thread )
  0x00000196c079a000 JavaThread "main" [_thread_blocked, id=14848, stack(0x0000007ccd900000,0x0000007ccda00000)]
  0x00000196db273000 JavaThread "Reference Handler" daemon [_thread_blocked, id=10768, stack(0x0000007cce000000,0x0000007cce100000)]
  0x00000196db27e800 JavaThread "Finalizer" daemon [_thread_blocked, id=12972, stack(0x0000007cce100000,0x0000007cce200000)]
  0x00000196dbc05000 JavaThread "Signal Dispatcher" daemon [_thread_blocked, id=4824, stack(0x0000007cce200000,0x0000007cce300000)]
  0x00000196dbc08000 JavaThread "Attach Listener" daemon [_thread_blocked, id=17988, stack(0x0000007cce300000,0x0000007cce400000)]
  0x00000196dbc09800 JavaThread "C2 CompilerThread0" daemon [_thread_blocked, id=10384, stack(0x0000007cce400000,0x0000007cce500000)]
  0x00000196db291800 JavaThread "C1 CompilerThread0" daemon [_thread_blocked, id=8704, stack(0x0000007cce500000,0x0000007cce600000)]
  0x00000196db29a000 JavaThread "Sweeper thread" daemon [_thread_blocked, id=2220, stack(0x0000007cce600000,0x0000007cce700000)]
  0x00000196dbd72000 JavaThread "Common-Cleaner" daemon [_thread_blocked, id=12872, stack(0x0000007cce700000,0x0000007cce800000)]
  0x00000196dbd8b800 JavaThread "Service Thread" daemon [_thread_blocked, id=2392, stack(0x0000007cce800000,0x0000007cce900000)]
  0x00000196dd523000 JavaThread "Daemon health stats" [_thread_blocked, id=6124, stack(0x0000007cced00000,0x0000007ccee00000)]
  0x00000196dd30d800 JavaThread "Incoming local TCP Connector on port 58103" [_thread_in_native, id=16596, stack(0x0000007ccea00000,0x0000007cceb00000)]
  0x00000196dd0fc800 JavaThread "Daemon periodic checks" [_thread_blocked, id=9356, stack(0x0000007ccee00000,0x0000007ccef00000)]
  0x00000196dd0f8000 JavaThread "Daemon" [_thread_blocked, id=9616, stack(0x0000007ccef00000,0x0000007ccf000000)]
  0x00000196dd18f000 JavaThread "Handler for socket connection from /127.0.0.1:58103 to /127.0.0.1:58105" [_thread_in_native, id=9700, stack(0x0000007ccf000000,0x0000007ccf100000)]
  0x00000196dd190000 JavaThread "Cancel handler" [_thread_blocked, id=19360, stack(0x0000007ccf100000,0x0000007ccf200000)]
  0x00000196dd22e800 JavaThread "Daemon worker" [_thread_blocked, id=19140, stack(0x0000007ccf200000,0x0000007ccf300000)]
  0x00000196dd228000 JavaThread "Asynchronous log dispatcher for DefaultDaemonConnection: socket connection from /127.0.0.1:58103 to /127.0.0.1:58105" [_thread_blocked, id=6488, stack(0x0000007ccf300000,0x0000007ccf400000)]
  0x00000196dd228800 JavaThread "Stdin handler" [_thread_blocked, id=13964, stack(0x0000007ccf400000,0x0000007ccf500000)]
  0x00000196dd7e3800 JavaThread "Thread-8" [_thread_blocked, id=18536, stack(0x0000007ccf500000,0x0000007ccf600000)]
  0x00000196db294000 JavaThread "Cache worker for file hash cache (C:\Users\missv\.gradle\caches\5.4.1\fileHashes)" [_thread_blocked, id=1668, stack(0x0000007ccf600000,0x0000007ccf700000)]
  0x00000196db290000 JavaThread "File lock request listener" [_thread_in_native, id=19076, stack(0x0000007ccf700000,0x0000007ccf800000)]
  0x00000196db28f000 JavaThread "Cache worker for journal cache (C:\Users\missv\.gradle\caches\journal-1)" [_thread_blocked, id=12836, stack(0x0000007ccf800000,0x0000007ccf900000)]
  0x00000196db295800 JavaThread "Cache worker for file hash cache (D:\Covid19TrackerApp\.gradle\5.4.1\fileHashes)" [_thread_blocked, id=14712, stack(0x0000007cd0100000,0x0000007cd0200000)]
  0x00000196db293800 JavaThread "Cache worker for cache directory md-supplier (C:\Users\missv\.gradle\caches\5.4.1\md-supplier)" [_thread_blocked, id=4104, stack(0x0000007cd0200000,0x0000007cd0300000)]
  0x00000196e056b000 JavaThread "Cache worker for cache directory md-rule (C:\Users\missv\.gradle\caches\5.4.1\md-rule)" [_thread_blocked, id=10988, stack(0x0000007cd0300000,0x0000007cd0400000)]
  0x00000196e0568000 JavaThread "Cache worker for execution history cache (C:\Users\missv\.gradle\caches\5.4.1\executionHistory)" [_thread_blocked, id=19760, stack(0x0000007cd0400000,0x0000007cd0500000)]
  0x00000196e0567000 JavaThread "Build operations" [_thread_blocked, id=15368, stack(0x0000007cd0500000,0x0000007cd0600000)]
  0x00000196e0569800 JavaThread "Build operations Thread 2" [_thread_blocked, id=796, stack(0x0000007cd0600000,0x0000007cd0700000)]
  0x00000196e0568800 JavaThread "Build operations Thread 3" [_thread_blocked, id=3636, stack(0x0000007cd0700000,0x0000007cd0800000)]
  0x00000196e056a000 JavaThread "Build operations Thread 4" [_thread_blocked, id=2320, stack(0x0000007cd0800000,0x0000007cd0900000)]
  0x00000196e0565800 JavaThread "Build operations Thread 5" [_thread_blocked, id=2008, stack(0x0000007cd0900000,0x0000007cd0a00000)]
  0x00000196e056c000 JavaThread "Build operations Thread 6" [_thread_blocked, id=10064, stack(0x0000007cd0a00000,0x0000007cd0b00000)]
  0x00000196e0566000 JavaThread "Build operations Thread 7" [_thread_blocked, id=8244, stack(0x0000007cd0b00000,0x0000007cd0c00000)]
  0x00000196e056f000 JavaThread "Build operations Thread 8" [_thread_blocked, id=1728, stack(0x0000007cd0c00000,0x0000007cd0d00000)]
  0x00000196e0570000 JavaThread "Cache worker for Build Output Cleanup Cache (D:\Covid19TrackerApp\.gradle\buildOutputCleanup)" [_thread_blocked, id=14292, stack(0x0000007cd0d00000,0x0000007cd0e00000)]
  0x00000196e0572800 JavaThread "Memory manager" [_thread_blocked, id=6616, stack(0x0000007cd0e00000,0x0000007cd0f00000)]
  0x00000196e0571800 JavaThread "Cache worker for file content cache (C:\Users\missv\.gradle\caches\5.4.1\fileContent)" [_thread_blocked, id=15364, stack(0x0000007cd0f00000,0x0000007cd1000000)]
  0x00000196e056c800 JavaThread "Cache worker for file content cache (D:\Covid19TrackerApp\.gradle\5.4.1\fileContent)" [_thread_blocked, id=13348, stack(0x0000007cd1000000,0x0000007cd1100000)]
  0x00000196e0573000 JavaThread "Execution worker for ':'" [_thread_blocked, id=13748, stack(0x0000007cd1100000,0x0000007cd1200000)]
  0x00000196e056e800 JavaThread "Execution worker for ':' Thread 2" [_thread_blocked, id=13732, stack(0x0000007cd1200000,0x0000007cd1300000)]
  0x00000196e056d800 JavaThread "Execution worker for ':' Thread 3" [_thread_blocked, id=18600, stack(0x0000007cd1300000,0x0000007cd1400000)]
  0x00000196e0574000 JavaThread "Execution worker for ':' Thread 4" [_thread_blocked, id=18868, stack(0x0000007cd1400000,0x0000007cd1500000)]
  0x00000196db295000 JavaThread "Execution worker for ':' Thread 5" [_thread_blocked, id=12864, stack(0x0000007cd1500000,0x0000007cd1600000)]
  0x00000196e3d49000 JavaThread "Execution worker for ':' Thread 6" [_thread_blocked, id=14328, stack(0x0000007cd1600000,0x0000007cd1700000)]
  0x00000196e3d46800 JavaThread "Execution worker for ':' Thread 7" [_thread_blocked, id=10996, stack(0x0000007cd1700000,0x0000007cd1800000)]
  0x00000196e3d49800 JavaThread "Cache worker for execution history cache (D:\Covid19TrackerApp\.gradle\5.4.1\executionHistory)" [_thread_blocked, id=15152, stack(0x0000007cd1800000,0x0000007cd1900000)]
  0x00000196e3d47000 JavaThread "WorkerExecutor Queue" [_thread_blocked, id=16328, stack(0x0000007cd1900000,0x0000007cd1a00000)]
  0x00000196e3d45000 JavaThread "pool-2-thread-1" [_thread_blocked, id=20404, stack(0x0000007cd1c00000,0x0000007cd1d00000)]
  0x00000196e3d45800 JavaThread "WorkerExecutor Queue Thread 3" [_thread_blocked, id=15628, stack(0x0000007cd1d00000,0x0000007cd1e00000)]
  0x00000196e3d4b800 JavaThread "WorkerExecutor Queue Thread 4" [_thread_blocked, id=5352, stack(0x0000007cd1e00000,0x0000007cd1f00000)]
  0x00000196e3d52000 JavaThread "WorkerExecutor Queue Thread 7" [_thread_blocked, id=7192, stack(0x0000007cd2100000,0x0000007cd2200000)]
  0x00000196e3d4e000 JavaThread "WorkerExecutor Queue Thread 8" [_thread_blocked, id=11892, stack(0x0000007cd2200000,0x0000007cd2300000)]
  0x00000196e3d50000 JavaThread "stderr" [_thread_in_native, id=14428, stack(0x0000007cd2300000,0x0000007cd2400000)]
  0x00000196e3d4e800 JavaThread "stdout" [_thread_in_native, id=9664, stack(0x0000007cd2400000,0x0000007cd2500000)]
  0x00000196e3d4f800 JavaThread "stderr" [_thread_in_native, id=16488, stack(0x0000007cd2500000,0x0000007cd2600000)]
  0x00000196e3d4c000 JavaThread "stdout" [_thread_in_native, id=16660, stack(0x0000007cd2600000,0x0000007cd2700000)]
  0x00000196e3d52800 JavaThread "stderr" [_thread_in_native, id=5108, stack(0x0000007cd2700000,0x0000007cd2800000)]
  0x00000196e3d53800 JavaThread "stdout" [_thread_in_native, id=4644, stack(0x0000007cd2800000,0x0000007cd2900000)]
  0x00000196e3d51000 JavaThread "stderr" [_thread_in_native, id=9576, stack(0x0000007cd2900000,0x0000007cd2a00000)]
  0x00000196e0570800 JavaThread "stdout" [_thread_in_native, id=11204, stack(0x0000007cd2a00000,0x0000007cd2b00000)]
  0x00000196e0606800 JavaThread "stderr" [_thread_in_native, id=12840, stack(0x0000007cd2b00000,0x0000007cd2c00000)]
  0x00000196e060b000 JavaThread "stdout" [_thread_in_native, id=9076, stack(0x0000007cd2c00000,0x0000007cd2d00000)]
  0x00000196e0609000 JavaThread "stderr" [_thread_in_native, id=4840, stack(0x0000007cd2d00000,0x0000007cd2e00000)]
  0x00000196e060c800 JavaThread "stdout" [_thread_in_native, id=19964, stack(0x0000007cd2e00000,0x0000007cd2f00000)]
  0x00000196e060a000 JavaThread "stderr" [_thread_in_native, id=7640, stack(0x0000007cd2f00000,0x0000007cd3000000)]
  0x00000196e060b800 JavaThread "stdout" [_thread_in_native, id=18148, stack(0x0000007cd3000000,0x0000007cd3100000)]
  0x00000196e060d000 JavaThread "stderr" [_thread_in_native, id=17348, stack(0x0000007cd3100000,0x0000007cd3200000)]
  0x00000196e0607800 JavaThread "stdout" [_thread_in_native, id=14468, stack(0x0000007cd3200000,0x0000007cd3300000)]
  0x00000196e060e000 JavaThread "Cache worker for Java compile cache (C:\Users\missv\.gradle\caches\5.4.1\javaCompile)" [_thread_blocked, id=9952, stack(0x0000007cd1b00000,0x0000007cd1c00000)]
  0x00000196e0608800 JavaThread "Cache worker for Java compile cache (D:\Covid19TrackerApp\.gradle\5.4.1\javaCompile)" [_thread_blocked, id=15232, stack(0x0000007cd1f00000,0x0000007cd2000000)]

Other Threads:
=>0x00000196db26e800 VMThread "VM Thread" [stack: 0x0000007ccdf00000,0x0000007cce000000] [id=11764]
  0x00000196dbd8e000 WatcherThread [stack: 0x0000007cce900000,0x0000007ccea00000] [id=4540]
  0x00000196c07af800 GCTaskThread "GC Thread#0" [stack: 0x0000007ccda00000,0x0000007ccdb00000] [id=14472]
  0x00000196dc6e3000 GCTaskThread "GC Thread#1" [stack: 0x0000007cceb00000,0x0000007ccec00000] [id=12908]
  0x00000196dc6e3800 GCTaskThread "GC Thread#2" [stack: 0x0000007ccec00000,0x0000007cced00000] [id=512]
  0x00000196dd66e800 GCTaskThread "GC Thread#3" [stack: 0x0000007ccfa00000,0x0000007ccfb00000] [id=14948]
  0x00000196dd80e000 GCTaskThread "GC Thread#4" [stack: 0x0000007ccfb00000,0x0000007ccfc00000] [id=6636]
  0x00000196dd80f000 GCTaskThread "GC Thread#5" [stack: 0x0000007ccfc00000,0x0000007ccfd00000] [id=6512]
  0x00000196de6e0800 GCTaskThread "GC Thread#6" [stack: 0x0000007ccfd00000,0x0000007ccfe00000] [id=10188]
  0x00000196de6e1000 GCTaskThread "GC Thread#7" [stack: 0x0000007ccfe00000,0x0000007ccff00000] [id=17476]
  0x00000196c07e4800 ConcurrentGCThread "G1 Main Marker" [stack: 0x0000007ccdb00000,0x0000007ccdc00000] [id=11768]
  0x00000196c07e6800 ConcurrentGCThread "G1 Conc#0" [stack: 0x0000007ccdc00000,0x0000007ccdd00000] [id=18668]
  0x00000196dcbe5000 ConcurrentGCThread "G1 Conc#1" [stack: 0x0000007cd0000000,0x0000007cd0100000] [id=14976]
  0x00000196db0c0800 ConcurrentGCThread "G1 Refine#0" [stack: 0x0000007ccdd00000,0x0000007ccde00000] [id=20084]
  0x00000196de781000 ConcurrentGCThread "G1 Refine#1" [stack: 0x0000007ccff00000,0x0000007cd0000000] [id=13064]
  0x00000196e5202000 ConcurrentGCThread "G1 Refine#2" [stack: 0x0000007ccf900000,0x0000007ccfa00000] [id=14716]
  0x00000196e48ae000 ConcurrentGCThread "G1 Refine#3" [stack: 0x0000007cd1a00000,0x0000007cd1b00000] [id=20408]
  0x00000196e3fc4000 ConcurrentGCThread "G1 Refine#4" [stack: 0x0000007cd2000000,0x0000007cd2100000] [id=13740]
  0x00000196db0c1800 ConcurrentGCThread "G1 Young RemSet Sampling" [stack: 0x0000007ccde00000,0x0000007ccdf00000] [id=8064]

Threads with active compile tasks:
C2 CompilerThread0  46196 13266       4       com.google.common.collect.ImmutableSet::construct (252 bytes)

VM state:at safepoint (normal execution)

VM Mutex/Monitor currently owned by a thread:  ([mutex/lock_event])
[0x00000196c0797870] Threads_lock - owner thread: 0x00000196db26e800
[0x00000196c0797240] Heap_lock - owner thread: 0x00000196e060e000

Heap address: 0x0000000080000000, size: 2048 MB, Compressed Oops mode: 32-bit
Narrow klass base: 0x0000000000000000, Narrow klass shift: 3
Compressed class space size: 1073741824 Address: 0x0000000100000000

Heap:
 garbage-first heap   total 375808K, used 132016K [0x0000000080000000, 0x0000000100000000)
  region size 1024K, 2 young (2048K), 2 survivors (2048K)
 Metaspace       used 85161K, capacity 87131K, committed 87288K, reserved 1126400K
  class space    used 10485K, capacity 11181K, committed 11256K, reserved 1048576K
Heap Regions: E=young(eden), S=young(survivor), O=old, HS=humongous(starts), HC=humongous(continues), CS=collection set, F=free, A=archive, TAMS=top-at-mark-start (previous, next)
|   0|0x0000000080000000, 0x0000000080100000, 0x0000000080100000|100%| O|  |TAMS 0x0000000080100000, 0x0000000080000000| Untracked 
|   1|0x0000000080100000, 0x0000000080200000, 0x0000000080200000|100%| O|  |TAMS 0x0000000080200000, 0x0000000080100000| Untracked 
|   2|0x0000000080200000, 0x0000000080300000, 0x0000000080300000|100%|HS|  |TAMS 0x0000000080300000, 0x0000000080200000| Complete 
|   3|0x0000000080300000, 0x0000000080400000, 0x0000000080400000|100%|HS|  |TAMS 0x0000000080400000, 0x0000000080300000| Complete 
|   4|0x0000000080400000, 0x0000000080500000, 0x0000000080500000|100%|HC|  |TAMS 0x0000000080500000, 0x0000000080400000| Complete 
|   5|0x0000000080500000, 0x0000000080600000, 0x0000000080600000|100%| O|  |TAMS 0x0000000080600000, 0x0000000080500000| Untracked 
|   6|0x0000000080600000, 0x0000000080700000, 0x0000000080700000|100%| O|  |TAMS 0x0000000080700000, 0x0000000080600000| Complete 
|   7|0x0000000080700000, 0x0000000080800000, 0x0000000080800000|100%| O|  |TAMS 0x0000000080800000, 0x0000000080700000| Untracked 
|   8|0x0000000080800000, 0x0000000080900000, 0x0000000080900000|100%| O|  |TAMS 0x0000000080900000, 0x0000000080800000| Untracked 
|   9|0x0000000080900000, 0x0000000080a00000, 0x0000000080a00000|100%| O|  |TAMS 0x0000000080a00000, 0x0000000080900000| Untracked 
|  10|0x0000000080a00000, 0x0000000080b00000, 0x0000000080b00000|100%| O|  |TAMS 0x0000000080b00000, 0x0000000080a00000| Untracked 
|  11|0x0000000080b00000, 0x0000000080c00000, 0x0000000080c00000|100%| O|  |TAMS 0x0000000080c00000, 0x0000000080b00000| Untracked 
|  12|0x0000000080c00000, 0x0000000080d00000, 0x0000000080d00000|100%| O|  |TAMS 0x0000000080d00000, 0x0000000080c00000| Untracked 
|  13|0x0000000080d00000, 0x0000000080e00000, 0x0000000080e00000|100%| O|  |TAMS 0x0000000080e00000, 0x0000000080d00000| Untracked 
|  14|0x0000000080e00000, 0x0000000080f00000, 0x0000000080f00000|100%| O|  |TAMS 0x0000000080f00000, 0x0000000080e00000| Untracked 
|  15|0x0000000080f00000, 0x0000000081000000, 0x0000000081000000|100%|HS|  |TAMS 0x0000000081000000, 0x0000000080f00000| Complete 
|  16|0x0000000081000000, 0x0000000081100000, 0x0000000081100000|100%|HC|  |TAMS 0x0000000081100000, 0x0000000081000000| Complete 
|  17|0x0000000081100000, 0x0000000081200000, 0x0000000081200000|100%|HS|  |TAMS 0x0000000081200000, 0x0000000081100000| Complete 
|  18|0x0000000081200000, 0x0000000081300000, 0x0000000081300000|100%|HC|  |TAMS 0x0000000081300000, 0x0000000081200000| Complete 
|  19|0x0000000081300000, 0x0000000081400000, 0x0000000081400000|100%|HC|  |TAMS 0x0000000081400000, 0x0000000081300000| Complete 
|  20|0x0000000081400000, 0x0000000081500000, 0x0000000081500000|100%|HS|  |TAMS 0x0000000081500000, 0x0000000081400000| Complete 
|  21|0x0000000081500000, 0x0000000081600000, 0x0000000081600000|100%|HC|  |TAMS 0x0000000081600000, 0x0000000081500000| Complete 
|  22|0x0000000081600000, 0x0000000081700000, 0x0000000081700000|100%|HC|  |TAMS 0x0000000081700000, 0x0000000081600000| Complete 
|  23|0x0000000081700000, 0x0000000081800000, 0x0000000081800000|100%|HC|  |TAMS 0x0000000081800000, 0x0000000081700000| Complete 
|  24|0x0000000081800000, 0x0000000081900000, 0x0000000081900000|100%|HS|  |TAMS 0x0000000081900000, 0x0000000081800000| Complete 
|  25|0x0000000081900000, 0x0000000081a00000, 0x0000000081a00000|100%|HC|  |TAMS 0x0000000081a00000, 0x0000000081900000| Complete 
|  26|0x0000000081a00000, 0x0000000081b00000, 0x0000000081b00000|100%| O|  |TAMS 0x0000000081b00000, 0x0000000081a00000| Untracked 
|  27|0x0000000081b00000, 0x0000000081c00000, 0x0000000081c00000|100%| O|  |TAMS 0x0000000081c00000, 0x0000000081b00000| Untracked 
|  28|0x0000000081c00000, 0x0000000081d00000, 0x0000000081d00000|100%| O|  |TAMS 0x0000000081d00000, 0x0000000081c00000| Untracked 
|  29|0x0000000081d00000, 0x0000000081e00000, 0x0000000081e00000|100%| O|  |TAMS 0x0000000081e00000, 0x0000000081d00000| Untracked 
|  30|0x0000000081e00000, 0x0000000081f00000, 0x0000000081f00000|100%| O|  |TAMS 0x0000000081f00000, 0x0000000081e00000| Untracked 
|  31|0x0000000081f00000, 0x0000000082000000, 0x0000000082000000|100%| O|  |TAMS 0x0000000082000000, 0x0000000081f00000| Complete 
|  32|0x0000000082000000, 0x0000000082100000, 0x0000000082100000|100%| O|  |TAMS 0x0000000082100000, 0x0000000082000000| Untracked 
|  33|0x0000000082100000, 0x0000000082200000, 0x0000000082200000|100%| O|  |TAMS 0x0000000082200000, 0x0000000082100000| Untracked 
|  34|0x0000000082200000, 0x0000000082300000, 0x0000000082300000|100%| O|  |TAMS 0x0000000082300000, 0x0000000082200000| Untracked 
|  35|0x0000000082300000, 0x0000000082400000, 0x0000000082400000|100%| O|  |TAMS 0x0000000082400000, 0x0000000082300000| Untracked 
|  36|0x0000000082400000, 0x0000000082500000, 0x0000000082500000|100%| O|  |TAMS 0x0000000082500000, 0x0000000082400000| Untracked 
|  37|0x0000000082500000, 0x0000000082600000, 0x0000000082600000|100%| O|  |TAMS 0x0000000082600000, 0x0000000082500000| Untracked 
|  38|0x0000000082600000, 0x0000000082700000, 0x0000000082700000|100%| O|  |TAMS 0x0000000082700000, 0x0000000082600000| Untracked 
|  39|0x0000000082700000, 0x0000000082800000, 0x0000000082800000|100%| O|  |TAMS 0x0000000082800000, 0x0000000082700000| Untracked 
|  40|0x0000000082800000, 0x0000000082900000, 0x0000000082900000|100%| O|  |TAMS 0x0000000082900000, 0x0000000082800000| Untracked 
|  41|0x0000000082900000, 0x0000000082a00000, 0x0000000082a00000|100%| O|  |TAMS 0x0000000082a00000, 0x0000000082900000| Untracked 
|  42|0x0000000082a00000, 0x0000000082b00000, 0x0000000082b00000|100%| O|  |TAMS 0x0000000082b00000, 0x0000000082a00000| Complete 
|  43|0x0000000082b00000, 0x0000000082c00000, 0x0000000082c00000|100%| O|  |TAMS 0x0000000082c00000, 0x0000000082b00000| Untracked 
|  44|0x0000000082c00000, 0x0000000082d00000, 0x0000000082d00000|100%| O|  |TAMS 0x0000000082d00000, 0x0000000082c00000| Untracked 
|  45|0x0000000082d00000, 0x0000000082e00000, 0x0000000082e00000|100%| O|  |TAMS 0x0000000082e00000, 0x0000000082d00000| Complete 
|  46|0x0000000082e00000, 0x0000000082f00000, 0x0000000082f00000|100%| O|  |TAMS 0x0000000082f00000, 0x0000000082e00000| Untracked 
|  47|0x0000000082f00000, 0x0000000083000000, 0x0000000083000000|100%| O|  |TAMS 0x0000000083000000, 0x0000000082f00000| Untracked 
|  48|0x0000000083000000, 0x0000000083100000, 0x0000000083100000|100%| O|  |TAMS 0x0000000083100000, 0x0000000083000000| Untracked 
|  49|0x0000000083100000, 0x0000000083200000, 0x0000000083200000|100%| O|  |TAMS 0x0000000083200000, 0x0000000083100000| Untracked 
|  50|0x0000000083200000, 0x0000000083300000, 0x0000000083300000|100%| O|  |TAMS 0x0000000083300000, 0x0000000083200000| Complete 
|  51|0x0000000083300000, 0x0000000083400000, 0x0000000083400000|100%| O|  |TAMS 0x0000000083400000, 0x0000000083300000| Complete 
|  52|0x0000000083400000, 0x0000000083500000, 0x0000000083500000|100%| O|  |TAMS 0x0000000083500000, 0x0000000083400000| Untracked 
|  53|0x0000000083500000, 0x0000000083600000, 0x0000000083600000|100%| O|  |TAMS 0x0000000083600000, 0x0000000083500000| Untracked 
|  54|0x0000000083600000, 0x0000000083700000, 0x0000000083700000|100%| O|  |TAMS 0x0000000083700000, 0x0000000083600000| Untracked 
|  55|0x0000000083700000, 0x0000000083800000, 0x0000000083800000|100%| O|  |TAMS 0x0000000083800000, 0x0000000083700000| Untracked 
|  56|0x0000000083800000, 0x0000000083900000, 0x0000000083900000|100%| O|  |TAMS 0x0000000083900000, 0x0000000083800000| Untracked 
|  57|0x0000000083900000, 0x0000000083a00000, 0x0000000083a00000|100%| O|  |TAMS 0x0000000083a00000, 0x0000000083900000| Untracked 
|  58|0x0000000083a00000, 0x0000000083b00000, 0x0000000083b00000|100%| O|  |TAMS 0x0000000083b00000, 0x0000000083a00000| Untracked 
|  59|0x0000000083b00000, 0x0000000083c00000, 0x0000000083c00000|100%| O|  |TAMS 0x0000000083c00000, 0x0000000083b00000| Untracked 
|  60|0x0000000083c00000, 0x0000000083d00000, 0x0000000083d00000|100%| O|  |TAMS 0x0000000083d00000, 0x0000000083c00000| Untracked 
|  61|0x0000000083d00000, 0x0000000083e00000, 0x0000000083e00000|100%| O|  |TAMS 0x0000000083e00000, 0x0000000083d00000| Untracked 
|  62|0x0000000083e00000, 0x0000000083f00000, 0x0000000083f00000|100%| O|  |TAMS 0x0000000083f00000, 0x0000000083e00000| Untracked 
|  63|0x0000000083f00000, 0x0000000084000000, 0x0000000084000000|100%| O|  |TAMS 0x0000000084000000, 0x0000000083f00000| Untracked 
|  64|0x0000000084000000, 0x0000000084100000, 0x0000000084100000|100%| O|  |TAMS 0x0000000084100000, 0x0000000084000000| Untracked 
|  65|0x0000000084100000, 0x0000000084200000, 0x0000000084200000|100%| O|  |TAMS 0x0000000084200000, 0x0000000084100000| Complete 
|  66|0x0000000084200000, 0x0000000084300000, 0x0000000084300000|100%| O|  |TAMS 0x0000000084300000, 0x0000000084200000| Untracked 
|  67|0x0000000084300000, 0x0000000084400000, 0x0000000084400000|100%|HS|  |TAMS 0x0000000084400000, 0x0000000084300000| Complete 
|  68|0x0000000084400000, 0x0000000084500000, 0x0000000084500000|100%|HC|  |TAMS 0x0000000084500000, 0x0000000084400000| Complete 
|  69|0x0000000084500000, 0x0000000084600000, 0x0000000084600000|100%|HS|  |TAMS 0x0000000084600000, 0x0000000084500000| Complete 
|  70|0x0000000084600000, 0x0000000084700000, 0x0000000084700000|100%|HC|  |TAMS 0x0000000084700000, 0x0000000084600000| Complete 
|  71|0x0000000084700000, 0x0000000084800000, 0x0000000084800000|100%|HC|  |TAMS 0x0000000084800000, 0x0000000084700000| Complete 
|  72|0x0000000084800000, 0x0000000084900000, 0x0000000084900000|100%|HC|  |TAMS 0x0000000084900000, 0x0000000084800000| Complete 
|  73|0x0000000084900000, 0x0000000084a00000, 0x0000000084a00000|100%| O|  |TAMS 0x0000000084a00000, 0x0000000084900000| Untracked 
|  74|0x0000000084a00000, 0x0000000084b00000, 0x0000000084b00000|100%| O|  |TAMS 0x0000000084b00000, 0x0000000084a00000| Complete 
|  75|0x0000000084b00000, 0x0000000084c00000, 0x0000000084c00000|100%| O|  |TAMS 0x0000000084c00000, 0x0000000084b00000| Untracked 
|  76|0x0000000084c00000, 0x0000000084d00000, 0x0000000084d00000|100%| O|  |TAMS 0x0000000084d00000, 0x0000000084c00000| Untracked 
|  77|0x0000000084d00000, 0x0000000084e00000, 0x0000000084e00000|100%| O|  |TAMS 0x0000000084e00000, 0x0000000084d00000| Untracked 
|  78|0x0000000084e00000, 0x0000000084f00000, 0x0000000084f00000|100%| O|  |TAMS 0x0000000084f00000, 0x0000000084e00000| Untracked 
|  79|0x0000000084f00000, 0x0000000085000000, 0x0000000085000000|100%| O|  |TAMS 0x0000000085000000, 0x0000000084f00000| Untracked 
|  80|0x0000000085000000, 0x0000000085100000, 0x0000000085100000|100%| O|  |TAMS 0x0000000085000000, 0x0000000085000000| Untracked 
|  81|0x0000000085100000, 0x0000000085200000, 0x0000000085200000|100%| O|  |TAMS 0x0000000085100000, 0x0000000085100000| Untracked 
|  82|0x0000000085200000, 0x0000000085300000, 0x0000000085300000|100%| O|  |TAMS 0x0000000085200000, 0x0000000085200000| Untracked 
|  83|0x0000000085300000, 0x0000000085400000, 0x0000000085400000|100%| O|  |TAMS 0x0000000085300000, 0x0000000085300000| Untracked 
|  84|0x0000000085400000, 0x0000000085500000, 0x0000000085500000|100%| O|  |TAMS 0x0000000085500000, 0x0000000085400000| Untracked 
|  85|0x0000000085500000, 0x0000000085600000, 0x0000000085600000|100%| O|  |TAMS 0x0000000085600000, 0x0000000085500000| Complete 
|  86|0x0000000085600000, 0x0000000085700000, 0x0000000085700000|100%| O|  |TAMS 0x0000000085600000, 0x0000000085600000| Untracked 
|  87|0x0000000085700000, 0x0000000085800000, 0x0000000085800000|100%| O|  |TAMS 0x0000000085800000, 0x0000000085700000| Complete 
|  88|0x0000000085800000, 0x0000000085900000, 0x0000000085900000|100%| O|  |TAMS 0x0000000085900000, 0x0000000085800000| Complete 
|  89|0x0000000085900000, 0x0000000085a00000, 0x0000000085a00000|100%| O|  |TAMS 0x0000000085900000, 0x0000000085900000| Untracked 
|  90|0x0000000085a00000, 0x0000000085aec000, 0x0000000085b00000| 92%| O|  |TAMS 0x0000000085a00000, 0x0000000085a00000| Untracked 
|  91|0x0000000085b00000, 0x0000000085c00000, 0x0000000085c00000|100%| O|  |TAMS 0x0000000085c00000, 0x0000000085b00000| Untracked 
|  92|0x0000000085c00000, 0x0000000085d00000, 0x0000000085d00000|100%| O|  |TAMS 0x0000000085d00000, 0x0000000085c00000| Untracked 
|  93|0x0000000085d00000, 0x0000000085e00000, 0x0000000085e00000|100%| O|  |TAMS 0x0000000085e00000, 0x0000000085d00000| Untracked 
|  94|0x0000000085e00000, 0x0000000085f00000, 0x0000000085f00000|100%|HS|  |TAMS 0x0000000085f00000, 0x0000000085e00000| Complete 
|  95|0x0000000085f00000, 0x0000000086000000, 0x0000000086000000|100%|HC|  |TAMS 0x0000000086000000, 0x0000000085f00000| Complete 
|  96|0x0000000086000000, 0x0000000086100000, 0x0000000086100000|100%| O|  |TAMS 0x0000000086100000, 0x0000000086000000| Untracked 
|  97|0x0000000086100000, 0x0000000086200000, 0x0000000086200000|100%| O|  |TAMS 0x0000000086200000, 0x0000000086100000| Untracked 
|  98|0x0000000086200000, 0x0000000086300000, 0x0000000086300000|100%| O|  |TAMS 0x0000000086300000, 0x0000000086200000| Untracked 
|  99|0x0000000086300000, 0x0000000086400000, 0x0000000086400000|100%| O|  |TAMS 0x0000000086400000, 0x0000000086300000| Untracked 
| 100|0x0000000086400000, 0x0000000086500000, 0x0000000086500000|100%| O|  |TAMS 0x0000000086500000, 0x0000000086400000| Untracked 
| 101|0x0000000086500000, 0x0000000086600000, 0x0000000086600000|100%| O|  |TAMS 0x0000000086600000, 0x0000000086500000| Complete 
| 102|0x0000000086600000, 0x0000000086700000, 0x0000000086700000|100%| O|  |TAMS 0x0000000086700000, 0x0000000086600000| Untracked 
| 103|0x0000000086700000, 0x0000000086800000, 0x0000000086800000|100%|HS|  |TAMS 0x0000000086800000, 0x0000000086700000| Complete 
| 104|0x0000000086800000, 0x0000000086800000, 0x0000000086900000|  0%| F|  |TAMS 0x0000000086800000, 0x0000000086800000| Untracked 
| 105|0x0000000086900000, 0x0000000086a00000, 0x0000000086a00000|100%| O|  |TAMS 0x0000000086a00000, 0x0000000086900000| Complete 
| 106|0x0000000086a00000, 0x0000000086a00000, 0x0000000086b00000|  0%| F|  |TAMS 0x0000000086a00000, 0x0000000086a00000| Untracked 
| 107|0x0000000086b00000, 0x0000000086c00000, 0x0000000086c00000|100%| O|  |TAMS 0x0000000086c00000, 0x0000000086b00000| Complete 
| 108|0x0000000086c00000, 0x0000000086c00000, 0x0000000086d00000|  0%| F|  |TAMS 0x0000000086c00000, 0x0000000086c00000| Untracked 
| 109|0x0000000086d00000, 0x0000000086e00000, 0x0000000086e00000|100%| O|  |TAMS 0x0000000086e00000, 0x0000000086d00000| Complete 
| 110|0x0000000086e00000, 0x0000000086e00000, 0x0000000086f00000|  0%| F|  |TAMS 0x0000000086e00000, 0x0000000086e00000| Untracked 
| 111|0x0000000086f00000, 0x0000000087000000, 0x0000000087000000|100%| O|  |TAMS 0x0000000087000000, 0x0000000086f00000| Complete 
| 112|0x0000000087000000, 0x0000000087100000, 0x0000000087100000|100%| O|  |TAMS 0x0000000087100000, 0x0000000087000000| Complete 
| 113|0x0000000087100000, 0x0000000087200000, 0x0000000087200000|100%| O|  |TAMS 0x0000000087200000, 0x0000000087100000| Complete 
| 114|0x0000000087200000, 0x0000000087300000, 0x0000000087300000|100%| O|  |TAMS 0x0000000087300000, 0x0000000087200000| Complete 
| 115|0x0000000087300000, 0x0000000087300000, 0x0000000087400000|  0%| F|  |TAMS 0x0000000087300000, 0x0000000087300000| Untracked 
| 116|0x0000000087400000, 0x0000000087400000, 0x0000000087500000|  0%| F|  |TAMS 0x0000000087400000, 0x0000000087400000| Untracked 
| 117|0x0000000087500000, 0x0000000087500000, 0x0000000087600000|  0%| F|  |TAMS 0x0000000087500000, 0x0000000087500000| Untracked 
| 118|0x0000000087600000, 0x0000000087600000, 0x0000000087700000|  0%| F|  |TAMS 0x0000000087600000, 0x0000000087600000| Untracked 
| 119|0x0000000087700000, 0x0000000087700000, 0x0000000087800000|  0%| F|  |TAMS 0x0000000087700000, 0x0000000087700000| Untracked 
| 120|0x0000000087800000, 0x0000000087800000, 0x0000000087900000|  0%| F|  |TAMS 0x0000000087800000, 0x0000000087800000| Untracked 
| 121|0x0000000087900000, 0x0000000087900000, 0x0000000087a00000|  0%| F|  |TAMS 0x0000000087900000, 0x0000000087900000| Untracked 
| 122|0x0000000087a00000, 0x0000000087a00000, 0x0000000087b00000|  0%| F|  |TAMS 0x0000000087a00000, 0x0000000087a00000| Untracked 
| 123|0x0000000087b00000, 0x0000000087b00000, 0x0000000087c00000|  0%| F|  |TAMS 0x0000000087b00000, 0x0000000087b00000| Untracked 
| 124|0x0000000087c00000, 0x0000000087c00000, 0x0000000087d00000|  0%| F|  |TAMS 0x0000000087c00000, 0x0000000087c00000| Untracked 
| 125|0x0000000087d00000, 0x0000000087d00000, 0x0000000087e00000|  0%| F|  |TAMS 0x0000000087d00000, 0x0000000087d00000| Untracked 
| 126|0x0000000087e00000, 0x0000000087e00000, 0x0000000087f00000|  0%| F|  |TAMS 0x0000000087e00000, 0x0000000087e00000| Untracked 
| 127|0x0000000087f00000, 0x0000000087f00000, 0x0000000088000000|  0%| F|  |TAMS 0x0000000087f00000, 0x0000000087f00000| Untracked 
| 128|0x0000000088000000, 0x0000000088100000, 0x0000000088100000|100%| O|  |TAMS 0x0000000088100000, 0x0000000088000000| Complete 
| 129|0x0000000088100000, 0x0000000088100000, 0x0000000088200000|  0%| F|  |TAMS 0x0000000088100000, 0x0000000088100000| Untracked 
| 130|0x0000000088200000, 0x0000000088200000, 0x0000000088300000|  0%| F|  |TAMS 0x0000000088200000, 0x0000000088200000| Untracked 
| 131|0x0000000088300000, 0x0000000088400000, 0x0000000088400000|100%| O|  |TAMS 0x0000000088400000, 0x0000000088300000| Complete 
| 132|0x0000000088400000, 0x0000000088400000, 0x0000000088500000|  0%| F|  |TAMS 0x0000000088400000, 0x0000000088400000| Untracked 
| 133|0x0000000088500000, 0x0000000088500000, 0x0000000088600000|  0%| F|  |TAMS 0x0000000088500000, 0x0000000088500000| Untracked 
| 134|0x0000000088600000, 0x0000000088600000, 0x0000000088700000|  0%| F|  |TAMS 0x0000000088600000, 0x0000000088600000| Untracked 
| 135|0x0000000088700000, 0x0000000088700000, 0x0000000088800000|  0%| F|  |TAMS 0x0000000088700000, 0x0000000088700000| Untracked 
| 136|0x0000000088800000, 0x0000000088800000, 0x0000000088900000|  0%| F|  |TAMS 0x0000000088800000, 0x0000000088800000| Untracked 
| 137|0x0000000088900000, 0x0000000088900000, 0x0000000088a00000|  0%| F|  |TAMS 0x0000000088900000, 0x0000000088900000| Untracked 
| 138|0x0000000088a00000, 0x0000000088a00000, 0x0000000088b00000|  0%| F|  |TAMS 0x0000000088a00000, 0x0000000088a00000| Untracked 
| 139|0x0000000088b00000, 0x0000000088b00000, 0x0000000088c00000|  0%| F|  |TAMS 0x0000000088b00000, 0x0000000088b00000| Untracked 
| 140|0x0000000088c00000, 0x0000000088c00000, 0x0000000088d00000|  0%| F|  |TAMS 0x0000000088c00000, 0x0000000088c00000| Untracked 
| 141|0x0000000088d00000, 0x0000000088d00000, 0x0000000088e00000|  0%| F|  |TAMS 0x0000000088d00000, 0x0000000088d00000| Untracked 
| 142|0x0000000088e00000, 0x0000000088f00000, 0x0000000088f00000|100%| O|  |TAMS 0x0000000088f00000, 0x0000000088e00000| Complete 
| 143|0x0000000088f00000, 0x0000000088f00000, 0x0000000089000000|  0%| F|  |TAMS 0x0000000088f00000, 0x0000000088f00000| Untracked 
| 144|0x0000000089000000, 0x0000000089100000, 0x0000000089100000|100%| O|  |TAMS 0x0000000089100000, 0x0000000089000000| Complete 
| 145|0x0000000089100000, 0x0000000089200000, 0x0000000089200000|100%| O|  |TAMS 0x0000000089200000, 0x0000000089100000| Complete 
| 146|0x0000000089200000, 0x0000000089300000, 0x0000000089300000|100%| O|  |TAMS 0x0000000089300000, 0x0000000089200000| Complete 
| 147|0x0000000089300000, 0x0000000089400000, 0x0000000089400000|100%| O|  |TAMS 0x0000000089400000, 0x0000000089300000| Untracked 
| 148|0x0000000089400000, 0x0000000089400000, 0x0000000089500000|  0%| F|  |TAMS 0x0000000089400000, 0x0000000089400000| Untracked 
| 149|0x0000000089500000, 0x0000000089600000, 0x0000000089600000|100%| O|  |TAMS 0x0000000089600000, 0x0000000089500000| Complete 
| 150|0x0000000089600000, 0x0000000089700000, 0x0000000089700000|100%| O|  |TAMS 0x0000000089700000, 0x0000000089600000| Untracked 
| 151|0x0000000089700000, 0x0000000089800000, 0x0000000089800000|100%| O|  |TAMS 0x0000000089800000, 0x0000000089700000| Untracked 
| 152|0x0000000089800000, 0x0000000089900000, 0x0000000089900000|100%| O|  |TAMS 0x0000000089900000, 0x0000000089800000| Untracked 
| 153|0x0000000089900000, 0x0000000089a00000, 0x0000000089a00000|100%| O|  |TAMS 0x0000000089a00000, 0x0000000089900000| Untracked 
| 154|0x0000000089a00000, 0x0000000089a00000, 0x0000000089b00000|  0%| F|  |TAMS 0x0000000089a00000, 0x0000000089a00000| Untracked 
| 155|0x0000000089b00000, 0x0000000089c00000, 0x0000000089c00000|100%| O|  |TAMS 0x0000000089c00000, 0x0000000089b00000| Complete 
| 156|0x0000000089c00000, 0x0000000089d00000, 0x0000000089d00000|100%| O|  |TAMS 0x0000000089d00000, 0x0000000089c00000| Complete 
| 157|0x0000000089d00000, 0x0000000089e00000, 0x0000000089e00000|100%| O|  |TAMS 0x0000000089e00000, 0x0000000089d00000| Complete 
| 158|0x0000000089e00000, 0x0000000089f00000, 0x0000000089f00000|100%| O|  |TAMS 0x0000000089e48400, 0x0000000089e00000| Untracked 
| 159|0x0000000089f00000, 0x0000000089f00000, 0x000000008a000000|  0%| F|  |TAMS 0x0000000089f00000, 0x0000000089f00000| Untracked 
| 160|0x000000008a000000, 0x000000008a000000, 0x000000008a100000|  0%| F|  |TAMS 0x000000008a000000, 0x000000008a000000| Untracked 
| 161|0x000000008a100000, 0x000000008a100000, 0x000000008a200000|  0%| F|  |TAMS 0x000000008a100000, 0x000000008a100000| Untracked 
| 162|0x000000008a200000, 0x000000008a200000, 0x000000008a300000|  0%| F|  |TAMS 0x000000008a200000, 0x000000008a200000| Untracked 
| 163|0x000000008a300000, 0x000000008a300000, 0x000000008a400000|  0%| F|  |TAMS 0x000000008a300000, 0x000000008a300000| Untracked 
| 164|0x000000008a400000, 0x000000008a400000, 0x000000008a500000|  0%| F|  |TAMS 0x000000008a400000, 0x000000008a400000| Untracked 
| 165|0x000000008a500000, 0x000000008a500000, 0x000000008a600000|  0%| F|  |TAMS 0x000000008a500000, 0x000000008a500000| Untracked 
| 166|0x000000008a600000, 0x000000008a600000, 0x000000008a700000|  0%| F|  |TAMS 0x000000008a600000, 0x000000008a600000| Untracked 
| 167|0x000000008a700000, 0x000000008a700000, 0x000000008a800000|  0%| F|  |TAMS 0x000000008a700000, 0x000000008a700000| Untracked 
| 168|0x000000008a800000, 0x000000008a800000, 0x000000008a900000|  0%| F|  |TAMS 0x000000008a800000, 0x000000008a800000| Untracked 
| 169|0x000000008a900000, 0x000000008a900000, 0x000000008aa00000|  0%| F|  |TAMS 0x000000008a900000, 0x000000008a900000| Untracked 
| 170|0x000000008aa00000, 0x000000008aa00000, 0x000000008ab00000|  0%| F|  |TAMS 0x000000008aa00000, 0x000000008aa00000| Untracked 
| 171|0x000000008ab00000, 0x000000008ab00000, 0x000000008ac00000|  0%| F|  |TAMS 0x000000008ab00000, 0x000000008ab00000| Untracked 
| 172|0x000000008ac00000, 0x000000008ac00000, 0x000000008ad00000|  0%| F|  |TAMS 0x000000008ac00000, 0x000000008ac00000| Untracked 
| 173|0x000000008ad00000, 0x000000008ad00000, 0x000000008ae00000|  0%| F|  |TAMS 0x000000008ad00000, 0x000000008ad00000| Untracked 
| 174|0x000000008ae00000, 0x000000008ae00000, 0x000000008af00000|  0%| F|  |TAMS 0x000000008ae00000, 0x000000008ae00000| Untracked 
| 175|0x000000008af00000, 0x000000008af00000, 0x000000008b000000|  0%| F|  |TAMS 0x000000008af00000, 0x000000008af00000| Untracked 
| 176|0x000000008b000000, 0x000000008b000000, 0x000000008b100000|  0%| F|  |TAMS 0x000000008b000000, 0x000000008b000000| Untracked 
| 177|0x000000008b100000, 0x000000008b100000, 0x000000008b200000|  0%| F|  |TAMS 0x000000008b100000, 0x000000008b100000| Untracked 
| 178|0x000000008b200000, 0x000000008b200000, 0x000000008b300000|  0%| F|  |TAMS 0x000000008b200000, 0x000000008b200000| Untracked 
| 179|0x000000008b300000, 0x000000008b300000, 0x000000008b400000|  0%| F|  |TAMS 0x000000008b300000, 0x000000008b300000| Untracked 
| 180|0x000000008b400000, 0x000000008b400000, 0x000000008b500000|  0%| F|  |TAMS 0x000000008b400000, 0x000000008b400000| Untracked 
| 181|0x000000008b500000, 0x000000008b500000, 0x000000008b600000|  0%| F|  |TAMS 0x000000008b500000, 0x000000008b500000| Untracked 
| 182|0x000000008b600000, 0x000000008b600000, 0x000000008b700000|  0%| F|  |TAMS 0x000000008b600000, 0x000000008b600000| Untracked 
| 183|0x000000008b700000, 0x000000008b700000, 0x000000008b800000|  0%| F|  |TAMS 0x000000008b700000, 0x000000008b700000| Untracked 
| 184|0x000000008b800000, 0x000000008b800000, 0x000000008b900000|  0%| F|  |TAMS 0x000000008b800000, 0x000000008b800000| Untracked 
| 185|0x000000008b900000, 0x000000008b900000, 0x000000008ba00000|  0%| F|  |TAMS 0x000000008b900000, 0x000000008b900000| Untracked 
| 186|0x000000008ba00000, 0x000000008ba00000, 0x000000008bb00000|  0%| F|  |TAMS 0x000000008ba00000, 0x000000008ba00000| Untracked 
| 187|0x000000008bb00000, 0x000000008bb00000, 0x000000008bc00000|  0%| F|  |TAMS 0x000000008bb00000, 0x000000008bb00000| Untracked 
| 188|0x000000008bc00000, 0x000000008bc00000, 0x000000008bd00000|  0%| F|  |TAMS 0x000000008bc00000, 0x000000008bc00000| Untracked 
| 189|0x000000008bd00000, 0x000000008bd00000, 0x000000008be00000|  0%| F|  |TAMS 0x000000008bd00000, 0x000000008bd00000| Untracked 
| 190|0x000000008be00000, 0x000000008be00000, 0x000000008bf00000|  0%| F|  |TAMS 0x000000008be00000, 0x000000008be00000| Untracked 
| 191|0x000000008bf00000, 0x000000008bf00000, 0x000000008c000000|  0%| F|  |TAMS 0x000000008bf00000, 0x000000008bf00000| Untracked 
| 192|0x000000008c000000, 0x000000008c000000, 0x000000008c100000|  0%| F|  |TAMS 0x000000008c000000, 0x000000008c000000| Untracked 
| 193|0x000000008c100000, 0x000000008c100000, 0x000000008c200000|  0%| F|  |TAMS 0x000000008c100000, 0x000000008c100000| Untracked 
| 194|0x000000008c200000, 0x000000008c200000, 0x000000008c300000|  0%| F|  |TAMS 0x000000008c200000, 0x000000008c200000| Untracked 
| 195|0x000000008c300000, 0x000000008c300000, 0x000000008c400000|  0%| F|  |TAMS 0x000000008c300000, 0x000000008c300000| Untracked 
| 196|0x000000008c400000, 0x000000008c400000, 0x000000008c500000|  0%| F|  |TAMS 0x000000008c400000, 0x000000008c400000| Untracked 
| 197|0x000000008c500000, 0x000000008c500000, 0x000000008c600000|  0%| F|  |TAMS 0x000000008c500000, 0x000000008c500000| Untracked 
| 198|0x000000008c600000, 0x000000008c600000, 0x000000008c700000|  0%| F|  |TAMS 0x000000008c600000, 0x000000008c600000| Untracked 
| 199|0x000000008c700000, 0x000000008c700000, 0x000000008c800000|  0%| F|  |TAMS 0x000000008c700000, 0x000000008c700000| Untracked 
| 200|0x000000008c800000, 0x000000008c800000, 0x000000008c900000|  0%| F|  |TAMS 0x000000008c800000, 0x000000008c800000| Untracked 
| 201|0x000000008c900000, 0x000000008c900000, 0x000000008ca00000|  0%| F|  |TAMS 0x000000008c900000, 0x000000008c900000| Untracked 
| 202|0x000000008ca00000, 0x000000008ca00000, 0x000000008cb00000|  0%| F|  |TAMS 0x000000008ca00000, 0x000000008ca00000| Untracked 
| 203|0x000000008cb00000, 0x000000008cb00000, 0x000000008cc00000|  0%| F|  |TAMS 0x000000008cb00000, 0x000000008cb00000| Untracked 
| 204|0x000000008cc00000, 0x000000008cc00000, 0x000000008cd00000|  0%| F|  |TAMS 0x000000008cc00000, 0x000000008cc00000| Untracked 
| 205|0x000000008cd00000, 0x000000008cd00000, 0x000000008ce00000|  0%| F|  |TAMS 0x000000008cd00000, 0x000000008cd00000| Untracked 
| 206|0x000000008ce00000, 0x000000008ce00000, 0x000000008cf00000|  0%| F|  |TAMS 0x000000008ce00000, 0x000000008ce00000| Untracked 
| 207|0x000000008cf00000, 0x000000008cf00000, 0x000000008d000000|  0%| F|  |TAMS 0x000000008cf00000, 0x000000008cf00000| Untracked 
| 208|0x000000008d000000, 0x000000008d000000, 0x000000008d100000|  0%| F|  |TAMS 0x000000008d000000, 0x000000008d000000| Untracked 
| 209|0x000000008d100000, 0x000000008d100000, 0x000000008d200000|  0%| F|  |TAMS 0x000000008d100000, 0x000000008d100000| Untracked 
| 210|0x000000008d200000, 0x000000008d200000, 0x000000008d300000|  0%| F|  |TAMS 0x000000008d200000, 0x000000008d200000| Untracked 
| 211|0x000000008d300000, 0x000000008d300000, 0x000000008d400000|  0%| F|  |TAMS 0x000000008d300000, 0x000000008d300000| Untracked 
| 212|0x000000008d400000, 0x000000008d400000, 0x000000008d500000|  0%| F|  |TAMS 0x000000008d400000, 0x000000008d400000| Untracked 
| 213|0x000000008d500000, 0x000000008d500000, 0x000000008d600000|  0%| F|  |TAMS 0x000000008d500000, 0x000000008d500000| Untracked 
| 214|0x000000008d600000, 0x000000008d600000, 0x000000008d700000|  0%| F|  |TAMS 0x000000008d600000, 0x000000008d600000| Untracked 
| 215|0x000000008d700000, 0x000000008d700000, 0x000000008d800000|  0%| F|  |TAMS 0x000000008d700000, 0x000000008d700000| Untracked 
| 216|0x000000008d800000, 0x000000008d800000, 0x000000008d900000|  0%| F|  |TAMS 0x000000008d800000, 0x000000008d800000| Untracked 
| 217|0x000000008d900000, 0x000000008d900000, 0x000000008da00000|  0%| F|  |TAMS 0x000000008d900000, 0x000000008d900000| Untracked 
| 218|0x000000008da00000, 0x000000008da00000, 0x000000008db00000|  0%| F|  |TAMS 0x000000008da00000, 0x000000008da00000| Untracked 
| 219|0x000000008db00000, 0x000000008db00000, 0x000000008dc00000|  0%| F|  |TAMS 0x000000008db00000, 0x000000008db00000| Untracked 
| 220|0x000000008dc00000, 0x000000008dc00000, 0x000000008dd00000|  0%| F|  |TAMS 0x000000008dc00000, 0x000000008dc00000| Untracked 
| 221|0x000000008dd00000, 0x000000008dd00000, 0x000000008de00000|  0%| F|  |TAMS 0x000000008dd00000, 0x000000008dd00000| Untracked 
| 222|0x000000008de00000, 0x000000008de00000, 0x000000008df00000|  0%| F|  |TAMS 0x000000008de00000, 0x000000008de00000| Untracked 
| 223|0x000000008df00000, 0x000000008e000000, 0x000000008e000000|100%| S|CS|TAMS 0x000000008df00000, 0x000000008df00000| Complete 
| 224|0x000000008e000000, 0x000000008e100000, 0x000000008e100000|100%| S|CS|TAMS 0x000000008e000000, 0x000000008e000000| Complete 
| 225|0x000000008e100000, 0x000000008e100000, 0x000000008e200000|  0%| F|  |TAMS 0x000000008e100000, 0x000000008e100000| Untracked 
| 226|0x000000008e200000, 0x000000008e200000, 0x000000008e300000|  0%| F|  |TAMS 0x000000008e200000, 0x000000008e200000| Untracked 
| 227|0x000000008e300000, 0x000000008e300000, 0x000000008e400000|  0%| F|  |TAMS 0x000000008e300000, 0x000000008e300000| Untracked 
| 228|0x000000008e400000, 0x000000008e400000, 0x000000008e500000|  0%| F|  |TAMS 0x000000008e400000, 0x000000008e400000| Untracked 
| 229|0x000000008e500000, 0x000000008e500000, 0x000000008e600000|  0%| F|  |TAMS 0x000000008e500000, 0x000000008e500000| Untracked 
| 230|0x000000008e600000, 0x000000008e600000, 0x000000008e700000|  0%| F|  |TAMS 0x000000008e600000, 0x000000008e600000| Untracked 
| 231|0x000000008e700000, 0x000000008e700000, 0x000000008e800000|  0%| F|  |TAMS 0x000000008e700000, 0x000000008e700000| Untracked 

Card table byte_map: [0x00000196d3f90000,0x00000196d4390000] _byte_map_base: 0x00000196d3b90000

Marking Bits (Prev, Next): (CMBitMap*) 0x00000196c07dab10, (CMBitMap*) 0x00000196c07daad8
 Prev Bits: [0x00000196d6790000, 0x00000196d8790000)
 Next Bits: [0x00000196d4790000, 0x00000196d6790000)

Polling page: 0x00000196beea0000

Metaspace:

Usage:
  Non-class:     74.17 MB capacity,    72.93 MB ( 98%) used,     1.06 MB (  1%) free+waste,   193.06 KB ( <1%) overhead. 
      Class:     10.92 MB capacity,    10.24 MB ( 94%) used,   610.42 KB (  5%) free+waste,    84.63 KB ( <1%) overhead. 
       Both:     85.09 MB capacity,    83.17 MB ( 98%) used,     1.65 MB (  2%) free+waste,   277.69 KB ( <1%) overhead. 

Virtual space:
  Non-class space:       76.00 MB reserved,      74.25 MB ( 98%) committed 
      Class space:        1.00 GB reserved,      10.99 MB (  1%) committed 
             Both:        1.07 GB reserved,      85.24 MB (  8%) committed 

Chunk freelists:
   Non-Class:  18.00 KB
       Class:  19.00 KB
        Both:  37.00 KB

MaxMetaspaceSize: 17179869184.00 GB
CompressedClassSpaceSize: 1.00 GB

CodeHeap 'non-profiled nmethods': size=120000Kb used=6547Kb max_used=6547Kb free=113452Kb
 bounds [0x00000196cbbf0000, 0x00000196cc260000, 0x00000196d3120000]
CodeHeap 'profiled nmethods': size=120000Kb used=29797Kb max_used=29797Kb free=90202Kb
 bounds [0x00000196c46c0000, 0x00000196c63e0000, 0x00000196cbbf0000]
CodeHeap 'non-nmethods': size=5760Kb used=2280Kb max_used=2320Kb free=3479Kb
 bounds [0x00000196c4120000, 0x00000196c4390000, 0x00000196c46c0000]
 total_blobs=13704 nmethods=12823 adapters=790
 compilation: enabled
              stopped_count=0, restarted_count=0
 full_count=0

Compilation events (20 events):
Event: 46.130 Thread 0x00000196db291800 13258       2       org.gradle.internal.serialize.IntSetSerializer::read (54 bytes)
Event: 46.130 Thread 0x00000196db291800 nmethod 13258 0x00000196c63d7810 code [0x00000196c63d7a20, 0x00000196c63d7d78]
Event: 46.131 Thread 0x00000196db291800 13259       2       com.esotericsoftware.kryo.io.Input::require (220 bytes)
Event: 46.131 Thread 0x00000196db291800 nmethod 13259 0x00000196c63d7f90 code [0x00000196c63d8240, 0x00000196c63d8b78]
Event: 46.132 Thread 0x00000196db291800 13260       2       it.unimi.dsi.fastutil.ints.AbstractIntSet::<init> (5 bytes)
Event: 46.132 Thread 0x00000196db291800 nmethod 13260 0x00000196c63d9010 code [0x00000196c63d91c0, 0x00000196c63d92b8]
Event: 46.132 Thread 0x00000196db291800 13261       2       it.unimi.dsi.fastutil.ints.AbstractIntCollection::<init> (5 bytes)
Event: 46.132 Thread 0x00000196db291800 nmethod 13261 0x00000196c63d9390 code [0x00000196c63d9540, 0x00000196c63d9638]
Event: 46.132 Thread 0x00000196db291800 13262       2       it.unimi.dsi.fastutil.HashCommon::arraySize (71 bytes)
Event: 46.133 Thread 0x00000196db291800 nmethod 13262 0x00000196c63d9710 code [0x00000196c63d9980, 0x00000196c63d9d78]
Event: 46.135 Thread 0x00000196db291800 13263       2       com.esotericsoftware.kryo.io.Input::readInt_slow (201 bytes)
Event: 46.136 Thread 0x00000196db291800 nmethod 13263 0x00000196c63d9f90 code [0x00000196c63da180, 0x00000196c63da4f8]
Event: 46.137 Thread 0x00000196db291800 13264       2       com.google.common.collect.ImmutableMap::of (4 bytes)
Event: 46.137 Thread 0x00000196db291800 nmethod 13264 0x00000196c63da710 code [0x00000196c63da8c0, 0x00000196c63da998]
Event: 46.137 Thread 0x00000196db291800 13265       2       it.unimi.dsi.fastutil.ints.IntOpenHashSet::<init> (94 bytes)
Event: 46.138 Thread 0x00000196db291800 nmethod 13265 0x00000196c63daa10 code [0x00000196c63dac40, 0x00000196c63db0f8]
Event: 46.138 Thread 0x00000196dbc09800 nmethod 13253 0x00000196cc253b10 code [0x00000196cc253d00, 0x00000196cc254708]
Event: 46.138 Thread 0x00000196dbc09800 13184       4       com.sun.tools.javac.code.Symbol::getRawTypeAttributes (21 bytes)
Event: 46.139 Thread 0x00000196dbc09800 nmethod 13184 0x00000196cc254c10 code [0x00000196cc254da0, 0x00000196cc254e18]
Event: 46.139 Thread 0x00000196dbc09800 13266       4       com.google.common.collect.ImmutableSet::construct (252 bytes)

GC Heap History (20 events):
Event: 44.032 GC heap after
{Heap after GC invocations=34 (full 0):
 garbage-first heap   total 187392K, used 130817K [0x0000000080000000, 0x0000000100000000)
  region size 1024K, 4 young (4096K), 4 survivors (4096K)
 Metaspace       used 82858K, capacity 84774K, committed 85112K, reserved 1124352K
  class space    used 10322K, capacity 11002K, committed 11128K, reserved 1048576K
}
Event: 44.051 GC heap before
{Heap before GC invocations=34 (full 0):
 garbage-first heap   total 187392K, used 135937K [0x0000000080000000, 0x0000000100000000)
  region size 1024K, 9 young (9216K), 4 survivors (4096K)
 Metaspace       used 82874K, capacity 84777K, committed 85112K, reserved 1124352K
  class space    used 10322K, capacity 11002K, committed 11128K, reserved 1048576K
}
Event: 44.061 GC heap after
{Heap after GC invocations=35 (full 0):
 garbage-first heap   total 187392K, used 134399K [0x0000000080000000, 0x0000000100000000)
  region size 1024K, 2 young (2048K), 2 survivors (2048K)
 Metaspace       used 82874K, capacity 84777K, committed 85112K, reserved 1124352K
  class space    used 10322K, capacity 11002K, committed 11128K, reserved 1048576K
}
Event: 44.104 GC heap before
{Heap before GC invocations=35 (full 0):
 garbage-first heap   total 187392K, used 149759K [0x0000000080000000, 0x0000000100000000)
  region size 1024K, 17 young (17408K), 2 survivors (2048K)
 Metaspace       used 82903K, capacity 84844K, committed 85112K, reserved 1124352K
  class space    used 10323K, capacity 11002K, committed 11128K, reserved 1048576K
}
Event: 44.120 GC heap after
{Heap after GC invocations=36 (full 0):
 garbage-first heap   total 187392K, used 144375K [0x0000000080000000, 0x0000000100000000)
  region size 1024K, 3 young (3072K), 3 survivors (3072K)
 Metaspace       used 82903K, capacity 84844K, committed 85112K, reserved 1124352K
  class space    used 10323K, capacity 11002K, committed 11128K, reserved 1048576K
}
Event: 44.158 GC heap before
{Heap before GC invocations=36 (full 0):
 garbage-first heap   total 187392K, used 153591K [0x0000000080000000, 0x0000000100000000)
  region size 1024K, 12 young (12288K), 3 survivors (3072K)
 Metaspace       used 82919K, capacity 84847K, committed 85112K, reserved 1124352K
  class space    used 10323K, capacity 11002K, committed 11128K, reserved 1048576K
}
Event: 44.167 GC heap after
{Heap after GC invocations=37 (full 0):
 garbage-first heap   total 187392K, used 149479K [0x0000000080000000, 0x0000000100000000)
  region size 1024K, 2 young (2048K), 2 survivors (2048K)
 Metaspace       used 82919K, capacity 84847K, committed 85112K, reserved 1124352K
  class space    used 10323K, capacity 11002K, committed 11128K, reserved 1048576K
}
Event: 44.190 GC heap before
{Heap before GC invocations=37 (full 0):
 garbage-first heap   total 187392K, used 156647K [0x0000000080000000, 0x0000000100000000)
  region size 1024K, 9 young (9216K), 2 survivors (2048K)
 Metaspace       used 82920K, capacity 84847K, committed 85112K, reserved 1124352K
  class space    used 10323K, capacity 11002K, committed 11128K, reserved 1048576K
}
Event: 44.199 GC heap after
{Heap after GC invocations=38 (full 0):
 garbage-first heap   total 187392K, used 155217K [0x0000000080000000, 0x0000000100000000)
  region size 1024K, 2 young (2048K), 2 survivors (2048K)
 Metaspace       used 82920K, capacity 84847K, committed 85112K, reserved 1124352K
  class space    used 10323K, capacity 11002K, committed 11128K, reserved 1048576K
}
Event: 44.220 GC heap before
{Heap before GC invocations=38 (full 0):
 garbage-first heap   total 187392K, used 162385K [0x0000000080000000, 0x0000000100000000)
  region size 1024K, 9 young (9216K), 2 survivors (2048K)
 Metaspace       used 82923K, capacity 84911K, committed 85112K, reserved 1124352K
  class space    used 10323K, capacity 11002K, committed 11128K, reserved 1048576K
}
Event: 44.229 GC heap after
{Heap after GC invocations=39 (full 0):
 garbage-first heap   total 187392K, used 161038K [0x0000000080000000, 0x0000000100000000)
  region size 1024K, 2 young (2048K), 2 survivors (2048K)
 Metaspace       used 82923K, capacity 84911K, committed 85112K, reserved 1124352K
  class space    used 10323K, capacity 11002K, committed 11128K, reserved 1048576K
}
Event: 44.373 GC heap before
{Heap before GC invocations=40 (full 0):
 garbage-first heap   total 187392K, used 165134K [0x0000000080000000, 0x0000000100000000)
  region size 1024K, 9 young (9216K), 2 survivors (2048K)
 Metaspace       used 83766K, capacity 85752K, committed 86008K, reserved 1124352K
  class space    used 10439K, capacity 11133K, committed 11256K, reserved 1048576K
}
Event: 44.383 GC heap after
{Heap after GC invocations=41 (full 0):
 garbage-first heap   total 237568K, used 160421K [0x0000000080000000, 0x0000000100000000)
  region size 1024K, 1 young (1024K), 1 survivors (1024K)
 Metaspace       used 83766K, capacity 85752K, committed 86008K, reserved 1124352K
  class space    used 10439K, capacity 11133K, committed 11256K, reserved 1048576K
}
Event: 44.611 GC heap before
{Heap before GC invocations=41 (full 0):
 garbage-first heap   total 237568K, used 170661K [0x0000000080000000, 0x0000000100000000)
  region size 1024K, 11 young (11264K), 1 survivors (1024K)
 Metaspace       used 84260K, capacity 86224K, committed 86520K, reserved 1124352K
  class space    used 10454K, capacity 11138K, committed 11256K, reserved 1048576K
}
Event: 44.628 GC heap after
{Heap after GC invocations=42 (full 0):
 garbage-first heap   total 237568K, used 140464K [0x0000000080000000, 0x0000000100000000)
  region size 1024K, 2 young (2048K), 2 survivors (2048K)
 Metaspace       used 84260K, capacity 86224K, committed 86520K, reserved 1124352K
  class space    used 10454K, capacity 11138K, committed 11256K, reserved 1048576K
}
Event: 45.134 GC heap before
{Heap before GC invocations=42 (full 0):
 garbage-first heap   total 237568K, used 167088K [0x0000000080000000, 0x0000000100000000)
  region size 1024K, 28 young (28672K), 2 survivors (2048K)
 Metaspace       used 84770K, capacity 86739K, committed 87032K, reserved 1124352K
  class space    used 10462K, capacity 11179K, committed 11256K, reserved 1048576K
}
Event: 45.143 GC heap after
{Heap after GC invocations=43 (full 0):
 garbage-first heap   total 237568K, used 142321K [0x0000000080000000, 0x0000000100000000)
  region size 1024K, 4 young (4096K), 4 survivors (4096K)
 Metaspace       used 84770K, capacity 86739K, committed 87032K, reserved 1124352K
  class space    used 10462K, capacity 11179K, committed 11256K, reserved 1048576K
}
Event: 46.101 GC heap before
{Heap before GC invocations=44 (full 0):
 garbage-first heap   total 237568K, used 167921K [0x0000000080000000, 0x0000000100000000)
  region size 1024K, 32 young (32768K), 4 survivors (4096K)
 Metaspace       used 85154K, capacity 87131K, committed 87288K, reserved 1126400K
  class space    used 10485K, capacity 11181K, committed 11256K, reserved 1048576K
}
Event: 46.114 GC heap after
{Heap after GC invocations=45 (full 0):
 garbage-first heap   total 237568K, used 140976K [0x0000000080000000, 0x0000000100000000)
  region size 1024K, 4 young (4096K), 4 survivors (4096K)
 Metaspace       used 85154K, capacity 87131K, committed 87288K, reserved 1126400K
  class space    used 10485K, capacity 11181K, committed 11256K, reserved 1048576K
}
Event: 46.141 GC heap before
{Heap before GC invocations=45 (full 0):
 garbage-first heap   total 237568K, used 148144K [0x0000000080000000, 0x0000000100000000)
  region size 1024K, 11 young (11264K), 4 survivors (4096K)
 Metaspace       used 85161K, capacity 87131K, committed 87288K, reserved 1126400K
  class space    used 10485K, capacity 11181K, committed 11256K, reserved 1048576K
}

Deoptimization events (20 events):
Event: 45.712 Thread 0x00000196e056d800 DEOPT PACKING pc=0x00000196c4803fb4 sp=0x0000007cd13fa040
Event: 45.712 Thread 0x00000196e056d800 DEOPT UNPACKING pc=0x00000196c41472ce sp=0x0000007cd13f9590 mode 0
Event: 45.777 Thread 0x00000196e056d800 DEOPT PACKING pc=0x00000196c5eb9c74 sp=0x0000007cd13fa710
Event: 45.777 Thread 0x00000196e056d800 DEOPT UNPACKING pc=0x00000196c41472ce sp=0x0000007cd13f9b70 mode 0
Event: 45.787 Thread 0x00000196e056d800 DEOPT PACKING pc=0x00000196c61eda92 sp=0x0000007cd13fa020
Event: 45.787 Thread 0x00000196e056d800 DEOPT UNPACKING pc=0x00000196c41472ce sp=0x0000007cd13f9818 mode 0
Event: 45.955 Thread 0x00000196e056d800 DEOPT PACKING pc=0x00000196c61e1c40 sp=0x0000007cd13fa0a0
Event: 45.955 Thread 0x00000196e056d800 DEOPT UNPACKING pc=0x00000196c41472ce sp=0x0000007cd13f9630 mode 0
Event: 45.957 Thread 0x00000196e056d800 DEOPT PACKING pc=0x00000196c4803fb4 sp=0x0000007cd13f9df0
Event: 45.957 Thread 0x00000196e056d800 DEOPT UNPACKING pc=0x00000196c41472ce sp=0x0000007cd13f9340 mode 0
Event: 46.006 Thread 0x00000196e056d800 DEOPT PACKING pc=0x00000196c61db6ae sp=0x0000007cd13fa690
Event: 46.006 Thread 0x00000196e056d800 DEOPT UNPACKING pc=0x00000196c41472ce sp=0x0000007cd13f9bb8 mode 0
Event: 46.131 Thread 0x00000196e060e000 Uncommon trap: trap_request=0xffffff4d fr.pc=0x00000196cbd785f4 relative=0x00000000000001b4
Event: 46.131 Thread 0x00000196e060e000 Uncommon trap: reason=unstable_if action=reinterpret pc=0x00000196cbd785f4 method=com.esotericsoftware.kryo.io.Input.require(I)I @ 65 c2
Event: 46.131 Thread 0x00000196e060e000 DEOPT PACKING pc=0x00000196cbd785f4 sp=0x0000007cd1bfe350
Event: 46.131 Thread 0x00000196e060e000 DEOPT UNPACKING pc=0x00000196c41474af sp=0x0000007cd1bfe300 mode 2
Event: 46.131 Thread 0x00000196e060e000 Uncommon trap: trap_request=0xffffff4d fr.pc=0x00000196cc13c4bc relative=0x000000000000047c
Event: 46.131 Thread 0x00000196e060e000 Uncommon trap: reason=unstable_if action=reinterpret pc=0x00000196cc13c4bc method=org.gradle.internal.io.StreamByteBuffer$StreamByteBufferInputStream.readImpl([BII)I @ 49 c2
Event: 46.131 Thread 0x00000196e060e000 DEOPT PACKING pc=0x00000196cc13c4bc sp=0x0000007cd1bfe240
Event: 46.131 Thread 0x00000196e060e000 DEOPT UNPACKING pc=0x00000196c41474af sp=0x0000007cd1bfe170 mode 2

Classes redefined (0 events):
No events

Internal exceptions (20 events):
Event: 46.009 Thread 0x00000196e056d800 Exception <a 'sun/nio/fs/WindowsException'{0x000000008cf6fb08}> (0x000000008cf6fb08) thrown at [./src/hotspot/share/prims/jni.cpp, line 615]
Event: 46.010 Thread 0x00000196e056d800 Exception <a 'sun/nio/fs/WindowsException'{0x000000008cf73af8}> (0x000000008cf73af8) thrown at [./src/hotspot/share/prims/jni.cpp, line 615]
Event: 46.010 Thread 0x00000196e056d800 Exception <a 'sun/nio/fs/WindowsException'{0x000000008cf77750}> (0x000000008cf77750) thrown at [./src/hotspot/share/prims/jni.cpp, line 615]
Event: 46.011 Thread 0x00000196e056d800 Exception <a 'sun/nio/fs/WindowsException'{0x000000008cf7aaf8}> (0x000000008cf7aaf8) thrown at [./src/hotspot/share/prims/jni.cpp, line 615]
Event: 46.011 Thread 0x00000196e056d800 Exception <a 'sun/nio/fs/WindowsException'{0x000000008cf7de90}> (0x000000008cf7de90) thrown at [./src/hotspot/share/prims/jni.cpp, line 615]
Event: 46.012 Thread 0x00000196e056d800 Exception <a 'sun/nio/fs/WindowsException'{0x000000008cf83ba0}> (0x000000008cf83ba0) thrown at [./src/hotspot/share/prims/jni.cpp, line 615]
Event: 46.013 Thread 0x00000196e056d800 Exception <a 'sun/nio/fs/WindowsException'{0x000000008cf88000}> (0x000000008cf88000) thrown at [./src/hotspot/share/prims/jni.cpp, line 615]
Event: 46.014 Thread 0x00000196e056d800 Exception <a 'sun/nio/fs/WindowsException'{0x000000008cf98100}> (0x000000008cf98100) thrown at [./src/hotspot/share/prims/jni.cpp, line 615]
Event: 46.014 Thread 0x00000196e056d800 Exception <a 'sun/nio/fs/WindowsException'{0x000000008cf99048}> (0x000000008cf99048) thrown at [./src/hotspot/share/prims/jni.cpp, line 615]
Event: 46.014 Thread 0x00000196e056d800 Exception <a 'sun/nio/fs/WindowsException'{0x000000008cf99e00}> (0x000000008cf99e00) thrown at [./src/hotspot/share/prims/jni.cpp, line 615]
Event: 46.014 Thread 0x00000196e056d800 Exception <a 'sun/nio/fs/WindowsException'{0x000000008cf9ad38}> (0x000000008cf9ad38) thrown at [./src/hotspot/share/prims/jni.cpp, line 615]
Event: 46.014 Thread 0x00000196e056d800 Exception <a 'sun/nio/fs/WindowsException'{0x000000008cf9ae70}> (0x000000008cf9ae70) thrown at [./src/hotspot/share/prims/jni.cpp, line 615]
Event: 46.014 Thread 0x00000196e056d800 Exception <a 'sun/nio/fs/WindowsException'{0x000000008cf9caf0}> (0x000000008cf9caf0) thrown at [./src/hotspot/share/prims/jni.cpp, line 615]
Event: 46.014 Thread 0x00000196e056d800 Exception <a 'sun/nio/fs/WindowsException'{0x000000008cf9cc08}> (0x000000008cf9cc08) thrown at [./src/hotspot/share/prims/jni.cpp, line 615]
Event: 46.014 Thread 0x00000196e056d800 Exception <a 'sun/nio/fs/WindowsException'{0x000000008cf9e878}> (0x000000008cf9e878) thrown at [./src/hotspot/share/prims/jni.cpp, line 615]
Event: 46.015 Thread 0x00000196e056d800 Exception <a 'sun/nio/fs/WindowsException'{0x000000008cfa2e50}> (0x000000008cfa2e50) thrown at [./src/hotspot/share/prims/jni.cpp, line 615]
Event: 46.017 Thread 0x00000196e056d800 Exception <a 'sun/nio/fs/WindowsException'{0x000000008cfa6278}> (0x000000008cfa6278) thrown at [./src/hotspot/share/prims/jni.cpp, line 615]
Event: 46.018 Thread 0x00000196e056d800 Exception <a 'sun/nio/fs/WindowsException'{0x000000008cfacf98}> (0x000000008cfacf98) thrown at [./src/hotspot/share/prims/jni.cpp, line 615]
Event: 46.019 Thread 0x00000196e056d800 Exception <a 'sun/nio/fs/WindowsException'{0x000000008cfadef0}> (0x000000008cfadef0) thrown at [./src/hotspot/share/prims/jni.cpp, line 615]
Event: 46.021 Thread 0x00000196e056d800 Exception <a 'sun/nio/fs/WindowsException'{0x000000008cfb73d0}> (0x000000008cfb73d0) thrown at [./src/hotspot/share/prims/jni.cpp, line 615]

Events (20 events):
Event: 46.091 loading class it/unimi/dsi/fastutil/ints/IntIterator done
Event: 46.091 loading class java/util/PrimitiveIterator$OfInt
Event: 46.092 loading class java/util/PrimitiveIterator
Event: 46.092 loading class java/util/PrimitiveIterator done
Event: 46.092 loading class java/util/PrimitiveIterator$OfInt done
Event: 46.093 loading class it/unimi/dsi/fastutil/HashCommon
Event: 46.093 loading class it/unimi/dsi/fastutil/HashCommon done
Event: 46.095 loading class java/lang/StrictMath
Event: 46.096 loading class java/lang/StrictMath done
Event: 46.096 loading class org/gradle/api/internal/tasks/compile/incremental/deps/ClassSetAnalysisData
Event: 46.096 loading class org/gradle/api/internal/tasks/compile/incremental/deps/ClassSetAnalysisData done
Event: 46.096 loading class org/gradle/api/internal/tasks/compile/incremental/classpath/ClasspathEntrySnapshotData
Event: 46.096 loading class org/gradle/api/internal/tasks/compile/incremental/classpath/ClasspathEntrySnapshotData done
Event: 46.097 loading class org/gradle/api/internal/tasks/compile/incremental/deps/ClassSetAnalysis
Event: 46.097 loading class org/gradle/api/internal/tasks/compile/incremental/deps/ClassSetAnalysis done
Event: 46.097 loading class org/gradle/api/internal/tasks/compile/incremental/processing/AnnotationProcessingData
Event: 46.097 loading class org/gradle/api/internal/tasks/compile/incremental/processing/AnnotationProcessingData done
Event: 46.099 Executing VM operation: G1CollectForAllocation
Event: 46.114 Executing VM operation: G1CollectForAllocation done
Event: 46.141 Executing VM operation: G1CollectForAllocation


Dynamic libraries:
0x00007ff7103d0000 - 0x00007ff7103da000 	D:\Android Studio\jre\bin\java.exe
0x00007fffff9d0000 - 0x00007fffffbc5000 	C:\WINDOWS\SYSTEM32\ntdll.dll
0x00007ffffdae0000 - 0x00007ffffdb9d000 	C:\WINDOWS\System32\KERNEL32.DLL
0x00007ffffd440000 - 0x00007ffffd709000 	C:\WINDOWS\System32\KERNELBASE.dll
0x00007ffffd140000 - 0x00007ffffd240000 	C:\WINDOWS\System32\ucrtbase.dll
0x00007fffb5b00000 - 0x00007fffb5b19000 	D:\Android Studio\jre\bin\jli.dll
0x00007fffb5870000 - 0x00007fffb5887000 	D:\Android Studio\jre\bin\VCRUNTIME140.dll
0x00007fffff1b0000 - 0x00007fffff350000 	C:\WINDOWS\System32\USER32.dll
0x00007ffffda10000 - 0x00007ffffda32000 	C:\WINDOWS\System32\win32u.dll
0x00007fffe5920000 - 0x00007fffe5bba000 	C:\WINDOWS\WinSxS\amd64_microsoft.windows.common-controls_6595b64144ccf1df_6.0.19041.1110_none_60b5254171f9507e\COMCTL32.dll
0x00007ffffdba0000 - 0x00007ffffdbca000 	C:\WINDOWS\System32\GDI32.dll
0x00007ffffe390000 - 0x00007ffffe42e000 	C:\WINDOWS\System32\msvcrt.dll
0x00007ffffd900000 - 0x00007ffffda0b000 	C:\WINDOWS\System32\gdi32full.dll
0x00007ffffd240000 - 0x00007ffffd2dd000 	C:\WINDOWS\System32\msvcp_win.dll
0x00007ffffe9e0000 - 0x00007ffffea10000 	C:\WINDOWS\System32\IMM32.DLL
0x00007fffb54c0000 - 0x00007fffb555d000 	D:\Android Studio\jre\bin\msvcp140.dll
0x00007fffb3140000 - 0x00007fffb3bfc000 	D:\Android Studio\jre\bin\server\jvm.dll
0x00007fffff880000 - 0x00007fffff92c000 	C:\WINDOWS\System32\ADVAPI32.dll
0x00007ffffda40000 - 0x00007ffffdadb000 	C:\WINDOWS\System32\sechost.dll
0x00007ffffe720000 - 0x00007ffffe84a000 	C:\WINDOWS\System32\RPCRT4.dll
0x00007fffff350000 - 0x00007fffff358000 	C:\WINDOWS\System32\PSAPI.DLL
0x00007ffffa500000 - 0x00007ffffa527000 	C:\WINDOWS\SYSTEM32\WINMM.dll
0x00007ffff3590000 - 0x00007ffff359a000 	C:\WINDOWS\SYSTEM32\VERSION.dll
0x00007fffdbf70000 - 0x00007fffdbf79000 	C:\WINDOWS\SYSTEM32\WSOCK32.dll
0x00007ffffe430000 - 0x00007ffffe49b000 	C:\WINDOWS\System32\WS2_32.dll
0x00007ffffb0b0000 - 0x00007ffffb0c2000 	C:\WINDOWS\SYSTEM32\kernel.appcore.dll
0x00007ffff0fc0000 - 0x00007ffff0fd1000 	D:\Android Studio\jre\bin\verify.dll
0x00007ffffad50000 - 0x00007ffffaf34000 	C:\WINDOWS\SYSTEM32\DBGHELP.DLL
0x00007ffffa4d0000 - 0x00007ffffa4fc000 	C:\WINDOWS\SYSTEM32\dbgcore.DLL
0x00007ffffd710000 - 0x00007ffffd793000 	C:\WINDOWS\System32\bcryptPrimitives.dll
0x00007fffe0870000 - 0x00007fffe0899000 	D:\Android Studio\jre\bin\java.dll
0x00007ffff0fb0000 - 0x00007ffff0fbb000 	D:\Android Studio\jre\bin\jimage.dll
0x00007fffe6940000 - 0x00007fffe6958000 	D:\Android Studio\jre\bin\zip.dll
0x00007ffffea10000 - 0x00007fffff14f000 	C:\WINDOWS\System32\SHELL32.dll
0x00007ffffb240000 - 0x00007ffffb9d1000 	C:\WINDOWS\SYSTEM32\windows.storage.dll
0x00007ffffdbd0000 - 0x00007ffffdf25000 	C:\WINDOWS\System32\combase.dll
0x00007ffffcb80000 - 0x00007ffffcbac000 	C:\WINDOWS\SYSTEM32\Wldp.dll
0x00007ffffe1c0000 - 0x00007ffffe26e000 	C:\WINDOWS\System32\SHCORE.dll
0x00007ffffe6c0000 - 0x00007ffffe715000 	C:\WINDOWS\System32\shlwapi.dll
0x00007ffffd050000 - 0x00007ffffd06f000 	C:\WINDOWS\SYSTEM32\profapi.dll
0x00007fffe43e0000 - 0x00007fffe43fa000 	D:\Android Studio\jre\bin\net.dll
0x00007ffff4f90000 - 0x00007ffff509a000 	C:\WINDOWS\SYSTEM32\WINHTTP.dll
0x00007ffffc8e0000 - 0x00007ffffc94a000 	C:\WINDOWS\system32\mswsock.dll
0x00007fffe09c0000 - 0x00007fffe09d4000 	D:\Android Studio\jre\bin\nio.dll
0x00007ffff4dc0000 - 0x00007ffff4de6000 	C:\Users\missv\.gradle\native\29\windows-amd64\native-platform.dll
0x00007fffef9f0000 - 0x00007fffef9fa000 	D:\Android Studio\jre\bin\management.dll
0x00007fffef990000 - 0x00007fffef99c000 	D:\Android Studio\jre\bin\management_ext.dll
0x00007ffffcac0000 - 0x00007ffffcad8000 	C:\WINDOWS\SYSTEM32\CRYPTSP.dll
0x00007ffffc210000 - 0x00007ffffc244000 	C:\WINDOWS\system32\rsaenh.dll
0x00007ffffd110000 - 0x00007ffffd137000 	C:\WINDOWS\System32\bcrypt.dll
0x00007ffffd010000 - 0x00007ffffd03e000 	C:\WINDOWS\SYSTEM32\USERENV.dll
0x00007ffffcae0000 - 0x00007ffffcaec000 	C:\WINDOWS\SYSTEM32\CRYPTBASE.dll
0x00007ffffc580000 - 0x00007ffffc5bb000 	C:\WINDOWS\SYSTEM32\IPHLPAPI.DLL
0x00007fffff3e0000 - 0x00007fffff3e8000 	C:\WINDOWS\System32\NSI.dll
0x00007ffff2580000 - 0x00007ffff2597000 	C:\WINDOWS\SYSTEM32\dhcpcsvc6.DLL
0x00007ffff2ac0000 - 0x00007ffff2add000 	C:\WINDOWS\SYSTEM32\dhcpcsvc.DLL
0x00007ffffc5c0000 - 0x00007ffffc68c000 	C:\WINDOWS\SYSTEM32\DNSAPI.dll

dbghelp: loaded successfully - version: 4.0.5 - missing functions: none
symbol engine: initialized successfully - sym options: 0x614 - pdb path: .;D:\Android Studio\jre\bin;C:\WINDOWS\SYSTEM32;C:\WINDOWS\WinSxS\amd64_microsoft.windows.common-controls_6595b64144ccf1df_6.0.19041.1110_none_60b5254171f9507e;D:\Android Studio\jre\bin\server;C:\Users\missv\.gradle\native\29\windows-amd64

VM Arguments:
jvm_args: --add-opens=java.base/java.util=ALL-UNNAMED --add-opens=java.base/java.lang=ALL-UNNAMED --add-opens=java.base/java.lang.invoke=ALL-UNNAMED --add-opens=java.prefs/java.util.prefs=ALL-UNNAMED -Xmx2048m -Dfile.encoding=UTF-8 -Duser.country=US -Duser.language=en -Duser.variant 
java_command: org.gradle.launcher.daemon.bootstrap.GradleDaemon 5.4.1
java_class_path (initial): C:\Users\missv\.gradle\wrapper\dists\gradle-5.4.1-all\3221gyojl5jsh0helicew7rwx\gradle-5.4.1\lib\gradle-launcher-5.4.1.jar
Launcher Type: SUN_STANDARD

[Global flags]
     intx CICompilerCount                          = 4                                         {product} {ergonomic}
     uint ConcGCThreads                            = 2                                         {product} {ergonomic}
     uint G1ConcRefinementThreads                  = 8                                         {product} {ergonomic}
   size_t G1HeapRegionSize                         = 1048576                                   {product} {ergonomic}
    uintx GCDrainStackTargetSize                   = 64                                        {product} {ergonomic}
   size_t InitialHeapSize                          = 132120576                                 {product} {ergonomic}
   size_t MarkStackSize                            = 4194304                                   {product} {ergonomic}
   size_t MaxHeapSize                              = 2147483648                                {product} {command line}
   size_t MaxNewSize                               = 1287651328                                {product} {ergonomic}
   size_t MinHeapDeltaBytes                        = 1048576                                   {product} {ergonomic}
    uintx NonNMethodCodeHeapSize                   = 5836300                                {pd product} {ergonomic}
    uintx NonProfiledCodeHeapSize                  = 122910970                              {pd product} {ergonomic}
    uintx ProfiledCodeHeapSize                     = 122910970                              {pd product} {ergonomic}
    uintx ReservedCodeCacheSize                    = 251658240                              {pd product} {ergonomic}
     bool SegmentedCodeCache                       = true                                      {product} {ergonomic}
     bool UseCompressedClassPointers               = true                                 {lp64_product} {ergonomic}
     bool UseCompressedOops                        = true                                 {lp64_product} {ergonomic}
     bool UseG1GC                                  = true                                      {product} {ergonomic}
     bool UseLargePagesIndividualAllocation        = false                                  {pd product} {ergonomic}

Logging:
Log output configuration:
 #0: stdout all=warning uptime,level,tags
 #1: stderr all=off uptime,level,tags

Environment Variables:
PATH=C:\Program Files (x86)\Common Files\Oracle\Java\javapath;C:\Python38\Scripts\;C:\Python38\;C:\Windows\system32;C:\Windows;C:\Windows\System32\Wbem;C:\Windows\System32\WindowsPowerShell\v1.0\;C:\Windows\System32\OpenSSH\;C:\Program Files\Intel\WiFi\bin\;C:\Program Files\Common Files\Intel\WirelessCommon\;C:\Program Files (x86)\NVIDIA Corporation\PhysX\Common;C:\Program Files\NVIDIA Corporation\NVIDIA NvDLISR;C:\WINDOWS\system32;C:\WINDOWS;C:\WINDOWS\System32\Wbem;C:\WINDOWS\System32\WindowsPowerShell\v1.0\;C:\WINDOWS\System32\OpenSSH\;C:\Program Files\Git\cmd;C:\ProgramData\chocolatey\bin;C:\Program Files\Java\jdk1.8.0_291\bin
USERNAME=missv
OS=Windows_NT
PROCESSOR_IDENTIFIER=Intel64 Family 6 Model 158 Stepping 10, GenuineIntel



---------------  S Y S T E M  ---------------

OS: Windows 10 , 64 bit Build 19041 (10.0.19041.1023)
OS uptime: 1 days 2:44 hours

CPU:total 8 (initial active 8) (4 cores per cpu, 2 threads per core) family 6 model 158 stepping 10, cmov, cx8, fxsr, mmx, sse, sse2, sse3, ssse3, sse4.1, sse4.2, popcnt, avx, avx2, aes, clmul, erms, 3dnowpref, lzcnt, ht, tsc, tscinvbit, bmi1, bmi2, adx, fma

Memory: 4k page, system-wide physical 7973M (214M free)
TotalPageFile size 21217M (AvailPageFile size 53M)
current process WorkingSet (physical memory assigned to process): 376M, peak: 380M
current process commit charge ("private bytes"): 520M, peak: 655M

vm_info: OpenJDK 64-Bit Server VM (11.0.8+10-b944.6842174) for windows-amd64 JRE (11.0.8+10-b944.6842174), built on Sep 19 2020 01:11:42 by "builder" with MS VC++ 14.0 (VS2015)

END.
