#
# There is insufficient memory for the Java Runtime Environment to continue.
# Native memory allocation (malloc) failed to allocate 1072496 bytes for Chunk::new
# Possible reasons:
#   The system is out of physical RAM or swap space
#   The process is running with CompressedOops enabled, and the Java Heap may be blocking the growth of the native heap
# Possible solutions:
#   Reduce memory load on the system
#   Increase physical memory or swap space
#   Check if swap backing store is full
#   Decrease Java heap size (-Xmx/-Xms)
#   Decrease number of Java threads
#   Decrease Java thread stack sizes (-Xss)
#   Set larger code cache with -XX:ReservedCodeCacheSize=
#   JVM is running with Unscaled Compressed Oops mode in which the Java heap is
#     placed in the first 4GB address space. The Java Heap base address is the
#     maximum limit for the native heap growth. Please use -XX:HeapBaseMinAddress
#     to set the Java Heap base and to place the Java Heap above 4GB virtual address.
# This output file may be truncated or incomplete.
#
#  Out of Memory Error (./src/hotspot/share/memory/arena.cpp:197), pid=7024, tid=11972
#
# JRE version: OpenJDK Runtime Environment (11.0.8+10) (build 11.0.8+10-b944.6842174)
# Java VM: OpenJDK 64-Bit Server VM (11.0.8+10-b944.6842174, mixed mode, tiered, compressed oops, g1 gc, windows-amd64)
# No core dump will be written. Minidumps are not enabled by default on client versions of Windows
#

---------------  S U M M A R Y ------------

Command Line: --add-opens=java.base/java.util=ALL-UNNAMED --add-opens=java.base/java.lang=ALL-UNNAMED --add-opens=java.base/java.lang.invoke=ALL-UNNAMED --add-opens=java.prefs/java.util.prefs=ALL-UNNAMED -Xmx2048m -Dfile.encoding=UTF-8 -Duser.country=US -Duser.language=en -Duser.variant org.gradle.launcher.daemon.bootstrap.GradleDaemon 5.4.1

Host: Intel(R) Core(TM) i5-9300H CPU @ 2.40GHz, 8 cores, 7G,  Windows 10 , 64 bit Build 19041 (10.0.19041.1023)
Time: Wed Jul 21 10:22:26 2021 SE Asia Standard Time elapsed time: 8 seconds (0d 0h 0m 8s)

---------------  T H R E A D  ---------------

Current thread (0x0000016b56907000):  JavaThread "C2 CompilerThread1" daemon [_thread_in_native, id=11972, stack(0x00000015a9000000,0x00000015a9100000)]


Current CompileTask:
C2:   8649 4418       4       java.util.regex.Pattern::compile (498 bytes)

Stack: [0x00000015a9000000,0x00000015a9100000]
Native frames: (J=compiled Java code, j=interpreted, Vv=VM code, C=native code)
V  [jvm.dll+0x5de50a]
V  [jvm.dll+0x7122f5]
V  [jvm.dll+0x71384d]
V  [jvm.dll+0x713f03]
V  [jvm.dll+0x23e728]
V  [jvm.dll+0xb899c]
V  [jvm.dll+0xb8e9c]
V  [jvm.dll+0x35020b]
V  [jvm.dll+0x31dea3]
V  [jvm.dll+0x31d39a]
V  [jvm.dll+0x1f7702]
V  [jvm.dll+0x1f68d4]
V  [jvm.dll+0x17f32c]
V  [jvm.dll+0x205047]
V  [jvm.dll+0x203891]
V  [jvm.dll+0x6dad3f]
V  [jvm.dll+0x6d3895]
V  [jvm.dll+0x5dd4a6]
C  [ucrtbase.dll+0x21bb2]
C  [KERNEL32.DLL+0x17034]
C  [ntdll.dll+0x52651]


---------------  P R O C E S S  ---------------

Threads class SMR info:
_java_thread_list=0x0000016b55a56760, length=37, elements={
0x0000016b344aa000, 0x0000016b50751000, 0x0000016b5075c800, 0x0000016b50766800,
0x0000016b50767000, 0x0000016b50768000, 0x0000016b50777800, 0x0000016b5077b800,
0x0000016b51235000, 0x0000016b51246000, 0x0000016b529c2000, 0x0000016b52826800,
0x0000016b52784000, 0x0000016b5255c800, 0x0000016b52884000, 0x0000016b5285e800,
0x0000016b52b58000, 0x0000016b5285a000, 0x0000016b5285b800, 0x0000016b5284a800,
0x0000016b52bd4800, 0x0000016b52bd5800, 0x0000016b52bd3800, 0x0000016b52bd6000,
0x0000016b52bd7800, 0x0000016b52bd2000, 0x0000016b52bd8800, 0x0000016b52bd3000,
0x0000016b56e3c000, 0x0000016b56e3d800, 0x0000016b56e39000, 0x0000016b56e3d000,
0x0000016b56e38000, 0x0000016b56e3e800, 0x0000016b56e3a800, 0x0000016b56e39800,
0x0000016b56907000
}

Java Threads: ( => current thread )
  0x0000016b344aa000 JavaThread "main" [_thread_blocked, id=12696, stack(0x00000015a5c00000,0x00000015a5d00000)]
  0x0000016b50751000 JavaThread "Reference Handler" daemon [_thread_blocked, id=7244, stack(0x00000015a6300000,0x00000015a6400000)]
  0x0000016b5075c800 JavaThread "Finalizer" daemon [_thread_blocked, id=19192, stack(0x00000015a6400000,0x00000015a6500000)]
  0x0000016b50766800 JavaThread "Signal Dispatcher" daemon [_thread_blocked, id=12252, stack(0x00000015a6500000,0x00000015a6600000)]
  0x0000016b50767000 JavaThread "Attach Listener" daemon [_thread_blocked, id=9552, stack(0x00000015a6600000,0x00000015a6700000)]
  0x0000016b50768000 JavaThread "C2 CompilerThread0" daemon [_thread_in_native, id=18616, stack(0x00000015a6700000,0x00000015a6800000)]
  0x0000016b50777800 JavaThread "C1 CompilerThread0" daemon [_thread_blocked, id=4540, stack(0x00000015a6800000,0x00000015a6900000)]
  0x0000016b5077b800 JavaThread "Sweeper thread" daemon [_thread_blocked, id=8796, stack(0x00000015a6900000,0x00000015a6a00000)]
  0x0000016b51235000 JavaThread "Common-Cleaner" daemon [_thread_blocked, id=21544, stack(0x00000015a6a00000,0x00000015a6b00000)]
  0x0000016b51246000 JavaThread "Service Thread" daemon [_thread_blocked, id=18084, stack(0x00000015a6b00000,0x00000015a6c00000)]
  0x0000016b529c2000 JavaThread "Daemon health stats" [_thread_blocked, id=19044, stack(0x00000015a7000000,0x00000015a7100000)]
  0x0000016b52826800 JavaThread "Incoming local TCP Connector on port 60337" [_thread_in_native, id=8260, stack(0x00000015a6d00000,0x00000015a6e00000)]
  0x0000016b52784000 JavaThread "Daemon periodic checks" [_thread_blocked, id=15816, stack(0x00000015a7100000,0x00000015a7200000)]
  0x0000016b5255c800 JavaThread "Daemon" [_thread_blocked, id=16800, stack(0x00000015a7200000,0x00000015a7300000)]
  0x0000016b52884000 JavaThread "Handler for socket connection from /127.0.0.1:60337 to /127.0.0.1:60338" [_thread_in_native, id=21632, stack(0x00000015a7300000,0x00000015a7400000)]
  0x0000016b5285e800 JavaThread "Cancel handler" [_thread_blocked, id=15928, stack(0x00000015a7400000,0x00000015a7500000)]
  0x0000016b52b58000 JavaThread "Daemon worker" [_thread_in_vm, id=2712, stack(0x00000015a7500000,0x00000015a7600000)]
  0x0000016b5285a000 JavaThread "Asynchronous log dispatcher for DefaultDaemonConnection: socket connection from /127.0.0.1:60337 to /127.0.0.1:60338" [_thread_blocked, id=19380, stack(0x00000015a7600000,0x00000015a7700000)]
  0x0000016b5285b800 JavaThread "Stdin handler" [_thread_blocked, id=19100, stack(0x00000015a7700000,0x00000015a7800000)]
  0x0000016b5284a800 JavaThread "Thread-8" [_thread_blocked, id=3108, stack(0x00000015a7800000,0x00000015a7900000)]
  0x0000016b52bd4800 JavaThread "Cache worker for file hash cache (C:\Users\missv\.gradle\caches\5.4.1\fileHashes)" [_thread_blocked, id=12904, stack(0x00000015a7900000,0x00000015a7a00000)]
  0x0000016b52bd5800 JavaThread "File lock request listener" [_thread_in_native, id=1196, stack(0x00000015a7a00000,0x00000015a7b00000)]
  0x0000016b52bd3800 JavaThread "Cache worker for journal cache (C:\Users\missv\.gradle\caches\journal-1)" [_thread_blocked, id=16932, stack(0x00000015a7b00000,0x00000015a7c00000)]
  0x0000016b52bd6000 JavaThread "Cache worker for file hash cache (D:\Covid19TrackerApp\.gradle\5.4.1\fileHashes)" [_thread_blocked, id=12820, stack(0x00000015a8400000,0x00000015a8500000)]
  0x0000016b52bd7800 JavaThread "Cache worker for cache directory md-supplier (C:\Users\missv\.gradle\caches\5.4.1\md-supplier)" [_thread_blocked, id=22020, stack(0x00000015a8500000,0x00000015a8600000)]
  0x0000016b52bd2000 JavaThread "Cache worker for cache directory md-rule (C:\Users\missv\.gradle\caches\5.4.1\md-rule)" [_thread_blocked, id=3436, stack(0x00000015a8600000,0x00000015a8700000)]
  0x0000016b52bd8800 JavaThread "Cache worker for execution history cache (C:\Users\missv\.gradle\caches\5.4.1\executionHistory)" [_thread_blocked, id=9444, stack(0x00000015a8700000,0x00000015a8800000)]
  0x0000016b52bd3000 JavaThread "Build operations" [_thread_blocked, id=14464, stack(0x00000015a8800000,0x00000015a8900000)]
  0x0000016b56e3c000 JavaThread "Build operations Thread 2" [_thread_blocked, id=1400, stack(0x00000015a8900000,0x00000015a8a00000)]
  0x0000016b56e3d800 JavaThread "Build operations Thread 3" [_thread_blocked, id=10604, stack(0x00000015a8a00000,0x00000015a8b00000)]
  0x0000016b56e39000 JavaThread "Build operations Thread 4" [_thread_blocked, id=15964, stack(0x00000015a8b00000,0x00000015a8c00000)]
  0x0000016b56e3d000 JavaThread "Build operations Thread 5" [_thread_blocked, id=12468, stack(0x00000015a8c00000,0x00000015a8d00000)]
  0x0000016b56e38000 JavaThread "Build operations Thread 6" [_thread_blocked, id=19716, stack(0x00000015a8d00000,0x00000015a8e00000)]
  0x0000016b56e3e800 JavaThread "Build operations Thread 7" [_thread_blocked, id=19376, stack(0x00000015a8e00000,0x00000015a8f00000)]
  0x0000016b56e3a800 JavaThread "Build operations Thread 8" [_thread_blocked, id=15700, stack(0x00000015a8f00000,0x00000015a9000000)]
  0x0000016b56e39800 JavaThread "Cache worker for Build Output Cleanup Cache (D:\Covid19TrackerApp\.gradle\buildOutputCleanup)" [_thread_blocked, id=2420, stack(0x00000015a7c00000,0x00000015a7d00000)]
=>0x0000016b56907000 JavaThread "C2 CompilerThread1" daemon [_thread_in_native, id=11972, stack(0x00000015a9000000,0x00000015a9100000)]

Other Threads:
  0x0000016b5074e000 VMThread "VM Thread" [stack: 0x00000015a6200000,0x00000015a6300000] [id=10616]
  0x0000016b5125a800 WatcherThread [stack: 0x00000015a6c00000,0x00000015a6d00000] [id=7824]
  0x0000016b344c0800 GCTaskThread "GC Thread#0" [stack: 0x00000015a5d00000,0x00000015a5e00000] [id=20668]
  0x0000016b51f37000 GCTaskThread "GC Thread#1" [stack: 0x00000015a6e00000,0x00000015a6f00000] [id=3124]
  0x0000016b520e2000 GCTaskThread "GC Thread#2" [stack: 0x00000015a6f00000,0x00000015a7000000] [id=4944]
  0x0000016b52d5f800 GCTaskThread "GC Thread#3" [stack: 0x00000015a7d00000,0x00000015a7e00000] [id=14360]
  0x0000016b52d61800 GCTaskThread "GC Thread#4" [stack: 0x00000015a7e00000,0x00000015a7f00000] [id=10152]
  0x0000016b5287c000 GCTaskThread "GC Thread#5" [stack: 0x00000015a7f00000,0x00000015a8000000] [id=20704]
  0x0000016b52d4f800 GCTaskThread "GC Thread#6" [stack: 0x00000015a8000000,0x00000015a8100000] [id=12772]
  0x0000016b53bb7000 GCTaskThread "GC Thread#7" [stack: 0x00000015a8100000,0x00000015a8200000] [id=10576]
  0x0000016b344f6000 ConcurrentGCThread "G1 Main Marker" [stack: 0x00000015a5e00000,0x00000015a5f00000] [id=11924]
  0x0000016b344f8000 ConcurrentGCThread "G1 Conc#0" [stack: 0x00000015a5f00000,0x00000015a6000000] [id=21412]
  0x0000016b53b41000 ConcurrentGCThread "G1 Conc#1" [stack: 0x00000015a8300000,0x00000015a8400000] [id=19532]
  0x0000016b34589000 ConcurrentGCThread "G1 Refine#0" [stack: 0x00000015a6000000,0x00000015a6100000] [id=14052]
  0x0000016b519ef800 ConcurrentGCThread "G1 Refine#1" [stack: 0x00000015a8200000,0x00000015a8300000] [id=19996]
  0x0000016b505a0800 ConcurrentGCThread "G1 Young RemSet Sampling" [stack: 0x00000015a6100000,0x00000015a6200000] [id=15800]

Threads with active compile tasks:
C2 CompilerThread0   8680 4118   !   4       java.util.jar.Attributes::read (388 bytes)
C2 CompilerThread1   8680 4418       4       java.util.regex.Pattern::compile (498 bytes)

VM state:not at safepoint (normal execution)

VM Mutex/Monitor currently owned by a thread: None

Heap address: 0x0000000080000000, size: 2048 MB, Compressed Oops mode: 32-bit
Narrow klass base: 0x0000000000000000, Narrow klass shift: 3
Compressed class space size: 1073741824 Address: 0x0000000100000000

Heap:
 garbage-first heap   total 129024K, used 84050K [0x0000000080000000, 0x0000000100000000)
  region size 1024K, 42 young (43008K), 4 survivors (4096K)
 Metaspace       used 53598K, capacity 54721K, committed 54784K, reserved 1097728K
  class space    used 6803K, capacity 7143K, committed 7168K, reserved 1048576K
Heap Regions: E=young(eden), S=young(survivor), O=old, HS=humongous(starts), HC=humongous(continues), CS=collection set, F=free, A=archive, TAMS=top-at-mark-start (previous, next)
|   0|0x0000000080000000, 0x0000000080100000, 0x0000000080100000|100%| O|  |TAMS 0x0000000080100000, 0x0000000080000000| Untracked 
|   1|0x0000000080100000, 0x0000000080200000, 0x0000000080200000|100%| O|  |TAMS 0x0000000080200000, 0x0000000080100000| Untracked 
|   2|0x0000000080200000, 0x0000000080300000, 0x0000000080300000|100%|HS|  |TAMS 0x0000000080300000, 0x0000000080200000| Complete 
|   3|0x0000000080300000, 0x0000000080400000, 0x0000000080400000|100%|HS|  |TAMS 0x0000000080400000, 0x0000000080300000| Complete 
|   4|0x0000000080400000, 0x0000000080500000, 0x0000000080500000|100%|HC|  |TAMS 0x0000000080500000, 0x0000000080400000| Complete 
|   5|0x0000000080500000, 0x0000000080600000, 0x0000000080600000|100%| O|  |TAMS 0x0000000080600000, 0x0000000080500000| Untracked 
|   6|0x0000000080600000, 0x0000000080700000, 0x0000000080700000|100%| O|  |TAMS 0x0000000080700000, 0x0000000080600000| Untracked 
|   7|0x0000000080700000, 0x0000000080800000, 0x0000000080800000|100%| O|  |TAMS 0x0000000080800000, 0x0000000080700000| Untracked 
|   8|0x0000000080800000, 0x0000000080900000, 0x0000000080900000|100%| O|  |TAMS 0x0000000080900000, 0x0000000080800000| Untracked 
|   9|0x0000000080900000, 0x0000000080a00000, 0x0000000080a00000|100%| O|  |TAMS 0x0000000080a00000, 0x0000000080900000| Untracked 
|  10|0x0000000080a00000, 0x0000000080b00000, 0x0000000080b00000|100%| O|  |TAMS 0x0000000080b00000, 0x0000000080a00000| Untracked 
|  11|0x0000000080b00000, 0x0000000080c00000, 0x0000000080c00000|100%| O|  |TAMS 0x0000000080c00000, 0x0000000080b00000| Untracked 
|  12|0x0000000080c00000, 0x0000000080d00000, 0x0000000080d00000|100%| O|  |TAMS 0x0000000080d00000, 0x0000000080c00000| Untracked 
|  13|0x0000000080d00000, 0x0000000080e00000, 0x0000000080e00000|100%| O|  |TAMS 0x0000000080e00000, 0x0000000080d00000| Untracked 
|  14|0x0000000080e00000, 0x0000000080f00000, 0x0000000080f00000|100%| O|  |TAMS 0x0000000080f00000, 0x0000000080e00000| Untracked 
|  15|0x0000000080f00000, 0x0000000081000000, 0x0000000081000000|100%|HS|  |TAMS 0x0000000081000000, 0x0000000080f00000| Complete 
|  16|0x0000000081000000, 0x0000000081100000, 0x0000000081100000|100%|HC|  |TAMS 0x0000000081100000, 0x0000000081000000| Complete 
|  17|0x0000000081100000, 0x0000000081200000, 0x0000000081200000|100%|HS|  |TAMS 0x0000000081200000, 0x0000000081100000| Complete 
|  18|0x0000000081200000, 0x0000000081300000, 0x0000000081300000|100%|HC|  |TAMS 0x0000000081300000, 0x0000000081200000| Complete 
|  19|0x0000000081300000, 0x0000000081400000, 0x0000000081400000|100%|HC|  |TAMS 0x0000000081400000, 0x0000000081300000| Complete 
|  20|0x0000000081400000, 0x0000000081500000, 0x0000000081500000|100%|HS|  |TAMS 0x0000000081500000, 0x0000000081400000| Complete 
|  21|0x0000000081500000, 0x0000000081600000, 0x0000000081600000|100%|HC|  |TAMS 0x0000000081600000, 0x0000000081500000| Complete 
|  22|0x0000000081600000, 0x0000000081700000, 0x0000000081700000|100%|HC|  |TAMS 0x0000000081700000, 0x0000000081600000| Complete 
|  23|0x0000000081700000, 0x0000000081800000, 0x0000000081800000|100%|HC|  |TAMS 0x0000000081800000, 0x0000000081700000| Complete 
|  24|0x0000000081800000, 0x0000000081900000, 0x0000000081900000|100%|HS|  |TAMS 0x0000000081800000, 0x0000000081800000| Complete 
|  25|0x0000000081900000, 0x0000000081a00000, 0x0000000081a00000|100%|HC|  |TAMS 0x0000000081900000, 0x0000000081900000| Complete 
|  26|0x0000000081a00000, 0x0000000081b00000, 0x0000000081b00000|100%| O|  |TAMS 0x0000000081a00000, 0x0000000081a00000| Untracked 
|  27|0x0000000081b00000, 0x0000000081c00000, 0x0000000081c00000|100%| O|  |TAMS 0x0000000081c00000, 0x0000000081b00000| Untracked 
|  28|0x0000000081c00000, 0x0000000081d00000, 0x0000000081d00000|100%| O|  |TAMS 0x0000000081d00000, 0x0000000081c00000| Untracked 
|  29|0x0000000081d00000, 0x0000000081e00000, 0x0000000081e00000|100%| O|  |TAMS 0x0000000081e00000, 0x0000000081d00000| Untracked 
|  30|0x0000000081e00000, 0x0000000081f00000, 0x0000000081f00000|100%| O|  |TAMS 0x0000000081eb8c00, 0x0000000081e00000| Untracked 
|  31|0x0000000081f00000, 0x0000000082000000, 0x0000000082000000|100%| O|  |TAMS 0x0000000081f00000, 0x0000000081f00000| Untracked 
|  32|0x0000000082000000, 0x0000000082100000, 0x0000000082100000|100%| O|  |TAMS 0x0000000082000000, 0x0000000082000000| Untracked 
|  33|0x0000000082100000, 0x0000000082200000, 0x0000000082200000|100%| O|  |TAMS 0x0000000082100000, 0x0000000082100000| Untracked 
|  34|0x0000000082200000, 0x0000000082300000, 0x0000000082300000|100%| O|  |TAMS 0x0000000082200000, 0x0000000082200000| Untracked 
|  35|0x0000000082300000, 0x0000000082400000, 0x0000000082400000|100%| O|  |TAMS 0x0000000082300000, 0x0000000082300000| Untracked 
|  36|0x0000000082400000, 0x0000000082500000, 0x0000000082500000|100%| O|  |TAMS 0x0000000082400000, 0x0000000082400000| Untracked 
|  37|0x0000000082500000, 0x0000000082600000, 0x0000000082600000|100%| O|  |TAMS 0x0000000082500000, 0x0000000082500000| Untracked 
|  38|0x0000000082600000, 0x0000000082700000, 0x0000000082700000|100%| O|  |TAMS 0x0000000082600000, 0x0000000082600000| Untracked 
|  39|0x0000000082700000, 0x0000000082800000, 0x0000000082800000|100%| O|  |TAMS 0x0000000082700000, 0x0000000082700000| Untracked 
|  40|0x0000000082800000, 0x0000000082900000, 0x0000000082900000|100%| O|  |TAMS 0x0000000082800000, 0x0000000082800000| Untracked 
|  41|0x0000000082900000, 0x000000008299f400, 0x0000000082a00000| 62%| O|  |TAMS 0x0000000082900000, 0x0000000082900000| Untracked 
|  42|0x0000000082a00000, 0x0000000082b00000, 0x0000000082b00000|100%|HS|  |TAMS 0x0000000082a00000, 0x0000000082a00000| Complete 
|  43|0x0000000082b00000, 0x0000000082b00000, 0x0000000082c00000|  0%| F|  |TAMS 0x0000000082b00000, 0x0000000082b00000| Untracked 
|  44|0x0000000082c00000, 0x0000000082c00000, 0x0000000082d00000|  0%| F|  |TAMS 0x0000000082c00000, 0x0000000082c00000| Untracked 
|  45|0x0000000082d00000, 0x0000000082d00000, 0x0000000082e00000|  0%| F|  |TAMS 0x0000000082d00000, 0x0000000082d00000| Untracked 
|  46|0x0000000082e00000, 0x0000000082e00000, 0x0000000082f00000|  0%| F|  |TAMS 0x0000000082e00000, 0x0000000082e00000| Untracked 
|  47|0x0000000082f00000, 0x0000000082f00000, 0x0000000083000000|  0%| F|  |TAMS 0x0000000082f00000, 0x0000000082f00000| Untracked 
|  48|0x0000000083000000, 0x0000000083000000, 0x0000000083100000|  0%| F|  |TAMS 0x0000000083000000, 0x0000000083000000| Untracked 
|  49|0x0000000083100000, 0x0000000083100000, 0x0000000083200000|  0%| F|  |TAMS 0x0000000083100000, 0x0000000083100000| Untracked 
|  50|0x0000000083200000, 0x0000000083200000, 0x0000000083300000|  0%| F|  |TAMS 0x0000000083200000, 0x0000000083200000| Untracked 
|  51|0x0000000083300000, 0x0000000083300000, 0x0000000083400000|  0%| F|  |TAMS 0x0000000083300000, 0x0000000083300000| Untracked 
|  52|0x0000000083400000, 0x0000000083400000, 0x0000000083500000|  0%| F|  |TAMS 0x0000000083400000, 0x0000000083400000| Untracked 
|  53|0x0000000083500000, 0x0000000083500000, 0x0000000083600000|  0%| F|  |TAMS 0x0000000083500000, 0x0000000083500000| Untracked 
|  54|0x0000000083600000, 0x0000000083600000, 0x0000000083700000|  0%| F|  |TAMS 0x0000000083600000, 0x0000000083600000| Untracked 
|  55|0x0000000083700000, 0x0000000083700000, 0x0000000083800000|  0%| F|  |TAMS 0x0000000083700000, 0x0000000083700000| Untracked 
|  56|0x0000000083800000, 0x0000000083800000, 0x0000000083900000|  0%| F|  |TAMS 0x0000000083800000, 0x0000000083800000| Untracked 
|  57|0x0000000083900000, 0x0000000083900000, 0x0000000083a00000|  0%| F|  |TAMS 0x0000000083900000, 0x0000000083900000| Untracked 
|  58|0x0000000083a00000, 0x0000000083a00000, 0x0000000083b00000|  0%| F|  |TAMS 0x0000000083a00000, 0x0000000083a00000| Untracked 
|  59|0x0000000083b00000, 0x0000000083b00000, 0x0000000083c00000|  0%| F|  |TAMS 0x0000000083b00000, 0x0000000083b00000| Untracked 
|  60|0x0000000083c00000, 0x0000000083c00000, 0x0000000083d00000|  0%| F|  |TAMS 0x0000000083c00000, 0x0000000083c00000| Untracked 
|  61|0x0000000083d00000, 0x0000000083d00000, 0x0000000083e00000|  0%| F|  |TAMS 0x0000000083d00000, 0x0000000083d00000| Untracked 
|  62|0x0000000083e00000, 0x0000000083e00000, 0x0000000083f00000|  0%| F|  |TAMS 0x0000000083e00000, 0x0000000083e00000| Untracked 
|  63|0x0000000083f00000, 0x0000000083f00000, 0x0000000084000000|  0%| F|  |TAMS 0x0000000083f00000, 0x0000000083f00000| Untracked 
|  64|0x0000000084000000, 0x0000000084000000, 0x0000000084100000|  0%| F|  |TAMS 0x0000000084000000, 0x0000000084000000| Untracked 
|  65|0x0000000084100000, 0x0000000084100000, 0x0000000084200000|  0%| F|  |TAMS 0x0000000084100000, 0x0000000084100000| Untracked 
|  66|0x0000000084200000, 0x0000000084200000, 0x0000000084300000|  0%| F|  |TAMS 0x0000000084200000, 0x0000000084200000| Untracked 
|  67|0x0000000084300000, 0x0000000084300000, 0x0000000084400000|  0%| F|  |TAMS 0x0000000084300000, 0x0000000084300000| Untracked 
|  68|0x0000000084400000, 0x0000000084400000, 0x0000000084500000|  0%| F|  |TAMS 0x0000000084400000, 0x0000000084400000| Untracked 
|  69|0x0000000084500000, 0x0000000084500000, 0x0000000084600000|  0%| F|  |TAMS 0x0000000084500000, 0x0000000084500000| Untracked 
|  70|0x0000000084600000, 0x0000000084600000, 0x0000000084700000|  0%| F|  |TAMS 0x0000000084600000, 0x0000000084600000| Untracked 
|  71|0x0000000084700000, 0x0000000084700000, 0x0000000084800000|  0%| F|  |TAMS 0x0000000084700000, 0x0000000084700000| Untracked 
|  72|0x0000000084800000, 0x0000000084800000, 0x0000000084900000|  0%| F|  |TAMS 0x0000000084800000, 0x0000000084800000| Untracked 
|  73|0x0000000084900000, 0x0000000084900000, 0x0000000084a00000|  0%| F|  |TAMS 0x0000000084900000, 0x0000000084900000| Untracked 
|  74|0x0000000084a00000, 0x0000000084a00000, 0x0000000084b00000|  0%| F|  |TAMS 0x0000000084a00000, 0x0000000084a00000| Untracked 
|  75|0x0000000084b00000, 0x0000000084b00000, 0x0000000084c00000|  0%| F|  |TAMS 0x0000000084b00000, 0x0000000084b00000| Untracked 
|  76|0x0000000084c00000, 0x0000000084c00000, 0x0000000084d00000|  0%| F|  |TAMS 0x0000000084c00000, 0x0000000084c00000| Untracked 
|  77|0x0000000084d00000, 0x0000000084d00000, 0x0000000084e00000|  0%| F|  |TAMS 0x0000000084d00000, 0x0000000084d00000| Untracked 
|  78|0x0000000084e00000, 0x0000000084e75410, 0x0000000084f00000| 45%| S|CS|TAMS 0x0000000084e00000, 0x0000000084e00000| Complete 
|  79|0x0000000084f00000, 0x0000000085000000, 0x0000000085000000|100%| S|CS|TAMS 0x0000000084f00000, 0x0000000084f00000| Complete 
|  80|0x0000000085000000, 0x0000000085100000, 0x0000000085100000|100%| S|CS|TAMS 0x0000000085000000, 0x0000000085000000| Complete 
|  81|0x0000000085100000, 0x0000000085200000, 0x0000000085200000|100%| S|CS|TAMS 0x0000000085100000, 0x0000000085100000| Complete 
|  82|0x0000000085200000, 0x0000000085200000, 0x0000000085300000|  0%| F|  |TAMS 0x0000000085200000, 0x0000000085200000| Untracked 
|  83|0x0000000085300000, 0x0000000085300000, 0x0000000085400000|  0%| F|  |TAMS 0x0000000085300000, 0x0000000085300000| Untracked 
|  84|0x0000000085400000, 0x0000000085400000, 0x0000000085500000|  0%| F|  |TAMS 0x0000000085400000, 0x0000000085400000| Untracked 
|  85|0x0000000085500000, 0x0000000085500000, 0x0000000085600000|  0%| F|  |TAMS 0x0000000085500000, 0x0000000085500000| Untracked 
|  86|0x0000000085600000, 0x0000000085600000, 0x0000000085700000|  0%| F|  |TAMS 0x0000000085600000, 0x0000000085600000| Untracked 
|  87|0x0000000085700000, 0x0000000085700000, 0x0000000085800000|  0%| F|  |TAMS 0x0000000085700000, 0x0000000085700000| Untracked 
|  88|0x0000000085800000, 0x0000000085900000, 0x0000000085900000|100%| E|  |TAMS 0x0000000085800000, 0x0000000085800000| Complete 
|  89|0x0000000085900000, 0x0000000085a00000, 0x0000000085a00000|100%| E|CS|TAMS 0x0000000085900000, 0x0000000085900000| Complete 
|  90|0x0000000085a00000, 0x0000000085b00000, 0x0000000085b00000|100%| E|CS|TAMS 0x0000000085a00000, 0x0000000085a00000| Complete 
|  91|0x0000000085b00000, 0x0000000085c00000, 0x0000000085c00000|100%| E|CS|TAMS 0x0000000085b00000, 0x0000000085b00000| Complete 
|  92|0x0000000085c00000, 0x0000000085d00000, 0x0000000085d00000|100%| E|CS|TAMS 0x0000000085c00000, 0x0000000085c00000| Complete 
|  93|0x0000000085d00000, 0x0000000085e00000, 0x0000000085e00000|100%| E|CS|TAMS 0x0000000085d00000, 0x0000000085d00000| Complete 
|  94|0x0000000085e00000, 0x0000000085f00000, 0x0000000085f00000|100%| E|CS|TAMS 0x0000000085e00000, 0x0000000085e00000| Complete 
|  95|0x0000000085f00000, 0x0000000086000000, 0x0000000086000000|100%| E|CS|TAMS 0x0000000085f00000, 0x0000000085f00000| Complete 
|  96|0x0000000086000000, 0x0000000086100000, 0x0000000086100000|100%| E|CS|TAMS 0x0000000086000000, 0x0000000086000000| Complete 
|  97|0x0000000086100000, 0x0000000086200000, 0x0000000086200000|100%| E|CS|TAMS 0x0000000086100000, 0x0000000086100000| Complete 
|  98|0x0000000086200000, 0x0000000086300000, 0x0000000086300000|100%| E|CS|TAMS 0x0000000086200000, 0x0000000086200000| Complete 
|  99|0x0000000086300000, 0x0000000086400000, 0x0000000086400000|100%| E|CS|TAMS 0x0000000086300000, 0x0000000086300000| Complete 
| 100|0x0000000086400000, 0x0000000086500000, 0x0000000086500000|100%| E|CS|TAMS 0x0000000086400000, 0x0000000086400000| Complete 
| 101|0x0000000086500000, 0x0000000086600000, 0x0000000086600000|100%| E|CS|TAMS 0x0000000086500000, 0x0000000086500000| Complete 
| 102|0x0000000086600000, 0x0000000086700000, 0x0000000086700000|100%| E|CS|TAMS 0x0000000086600000, 0x0000000086600000| Complete 
| 103|0x0000000086700000, 0x0000000086800000, 0x0000000086800000|100%| E|CS|TAMS 0x0000000086700000, 0x0000000086700000| Complete 
| 104|0x0000000086800000, 0x0000000086900000, 0x0000000086900000|100%| E|CS|TAMS 0x0000000086800000, 0x0000000086800000| Complete 
| 105|0x0000000086900000, 0x0000000086a00000, 0x0000000086a00000|100%| E|CS|TAMS 0x0000000086900000, 0x0000000086900000| Complete 
| 106|0x0000000086a00000, 0x0000000086b00000, 0x0000000086b00000|100%| E|CS|TAMS 0x0000000086a00000, 0x0000000086a00000| Complete 
| 107|0x0000000086b00000, 0x0000000086c00000, 0x0000000086c00000|100%| E|CS|TAMS 0x0000000086b00000, 0x0000000086b00000| Complete 
| 108|0x0000000086c00000, 0x0000000086d00000, 0x0000000086d00000|100%| E|CS|TAMS 0x0000000086c00000, 0x0000000086c00000| Complete 
| 109|0x0000000086d00000, 0x0000000086e00000, 0x0000000086e00000|100%| E|CS|TAMS 0x0000000086d00000, 0x0000000086d00000| Complete 
| 110|0x0000000086e00000, 0x0000000086f00000, 0x0000000086f00000|100%| E|CS|TAMS 0x0000000086e00000, 0x0000000086e00000| Complete 
| 111|0x0000000086f00000, 0x0000000087000000, 0x0000000087000000|100%| E|CS|TAMS 0x0000000086f00000, 0x0000000086f00000| Complete 
| 112|0x0000000087000000, 0x0000000087100000, 0x0000000087100000|100%| E|CS|TAMS 0x0000000087000000, 0x0000000087000000| Complete 
| 113|0x0000000087100000, 0x0000000087200000, 0x0000000087200000|100%| E|CS|TAMS 0x0000000087100000, 0x0000000087100000| Complete 
| 114|0x0000000087200000, 0x0000000087300000, 0x0000000087300000|100%| E|CS|TAMS 0x0000000087200000, 0x0000000087200000| Complete 
| 115|0x0000000087300000, 0x0000000087400000, 0x0000000087400000|100%| E|CS|TAMS 0x0000000087300000, 0x0000000087300000| Complete 
| 116|0x0000000087400000, 0x0000000087500000, 0x0000000087500000|100%| E|CS|TAMS 0x0000000087400000, 0x0000000087400000| Complete 
| 117|0x0000000087500000, 0x0000000087600000, 0x0000000087600000|100%| E|CS|TAMS 0x0000000087500000, 0x0000000087500000| Complete 
| 118|0x0000000087600000, 0x0000000087700000, 0x0000000087700000|100%| E|CS|TAMS 0x0000000087600000, 0x0000000087600000| Complete 
| 119|0x0000000087700000, 0x0000000087800000, 0x0000000087800000|100%| E|CS|TAMS 0x0000000087700000, 0x0000000087700000| Complete 
| 120|0x0000000087800000, 0x0000000087900000, 0x0000000087900000|100%| E|CS|TAMS 0x0000000087800000, 0x0000000087800000| Complete 
| 121|0x0000000087900000, 0x0000000087a00000, 0x0000000087a00000|100%| E|  |TAMS 0x0000000087900000, 0x0000000087900000| Complete 
| 122|0x0000000087a00000, 0x0000000087b00000, 0x0000000087b00000|100%| E|CS|TAMS 0x0000000087a00000, 0x0000000087a00000| Complete 
| 123|0x0000000087b00000, 0x0000000087c00000, 0x0000000087c00000|100%| E|CS|TAMS 0x0000000087b00000, 0x0000000087b00000| Complete 
| 124|0x0000000087c00000, 0x0000000087d00000, 0x0000000087d00000|100%| E|CS|TAMS 0x0000000087c00000, 0x0000000087c00000| Complete 
| 125|0x0000000087d00000, 0x0000000087e00000, 0x0000000087e00000|100%| E|CS|TAMS 0x0000000087d00000, 0x0000000087d00000| Complete 

Card table byte_map: [0x0000016b49470000,0x0000016b49870000] _byte_map_base: 0x0000016b49070000

Marking Bits (Prev, Next): (CMBitMap*) 0x0000016b344ecf08, (CMBitMap*) 0x0000016b344ecf40
 Prev Bits: [0x0000016b49c70000, 0x0000016b4bc70000)
 Next Bits: [0x0000016b4bc70000, 0x0000016b4dc70000)

Polling page: 0x0000016b34590000

Metaspace:

Usage:
  Non-class:     46.46 MB capacity,    45.70 MB ( 98%) used,   694.38 KB (  1%) free+waste,    88.19 KB ( <1%) overhead. 
      Class:      6.98 MB capacity,     6.64 MB ( 95%) used,   299.84 KB (  4%) free+waste,    39.94 KB ( <1%) overhead. 
       Both:     53.44 MB capacity,    52.34 MB ( 98%) used,   994.22 KB (  2%) free+waste,   128.13 KB ( <1%) overhead. 

Virtual space:
  Non-class space:       48.00 MB reserved,      46.50 MB ( 97%) committed 
      Class space:        1.00 GB reserved,       7.00 MB ( <1%) committed 
             Both:        1.05 GB reserved,      53.50 MB (  5%) committed 

Chunk freelists:
   Non-Class:  38.00 KB
       Class:  1.00 KB
        Both:  39.00 KB

MaxMetaspaceSize: 17179869184.00 GB
CompressedClassSpaceSize: 1.00 GB

CodeHeap 'non-profiled nmethods': size=120000Kb used=2260Kb max_used=2260Kb free=117740Kb
 bounds [0x0000016b410d0000, 0x0000016b41340000, 0x0000016b48600000]
CodeHeap 'profiled nmethods': size=120000Kb used=8687Kb max_used=8687Kb free=111312Kb
 bounds [0x0000016b39ba0000, 0x0000016b3a420000, 0x0000016b410d0000]
CodeHeap 'non-nmethods': size=5760Kb used=2225Kb max_used=2268Kb free=3534Kb
 bounds [0x0000016b39600000, 0x0000016b39870000, 0x0000016b39ba0000]
 total_blobs=5074 nmethods=4269 adapters=716
 compilation: enabled
              stopped_count=0, restarted_count=0
 full_count=0

Compilation events (20 events):
Event: 8.618 Thread 0x0000016b50777800 4495       3       org.gradle.api.internal.DefaultDomainObjectCollection::<init> (38 bytes)
Event: 8.618 Thread 0x0000016b50777800 nmethod 4495 0x0000016b3a414a10 code [0x0000016b3a414c00, 0x0000016b3a415168]
Event: 8.618 Thread 0x0000016b50777800 4496       3       org.gradle.api.internal.DefaultDomainObjectCollection$1::<init> (15 bytes)
Event: 8.618 Thread 0x0000016b50777800 nmethod 4496 0x0000016b3a415310 code [0x0000016b3a4154c0, 0x0000016b3a4156d8]
Event: 8.618 Thread 0x0000016b50777800 4497       3       org.gradle.api.internal.DefaultMutationGuard::<init> (17 bytes)
Event: 8.618 Thread 0x0000016b50777800 nmethod 4497 0x0000016b3a415790 code [0x0000016b3a415980, 0x0000016b3a415e58]
Event: 8.618 Thread 0x0000016b50777800 4498       3       org.gradle.internal.ImmutableActionSet::<init> (5 bytes)
Event: 8.618 Thread 0x0000016b50777800 nmethod 4498 0x0000016b3a416090 code [0x0000016b3a416240, 0x0000016b3a416398]
Event: 8.618 Thread 0x0000016b50777800 4499       3       org.gradle.internal.ImmutableActionSet::add (84 bytes)
Event: 8.619 Thread 0x0000016b50777800 nmethod 4499 0x0000016b3a416490 code [0x0000016b3a4166e0, 0x0000016b3a4172d8]
Event: 8.619 Thread 0x0000016b50777800 4500       3       org.gradle.api.internal.file.AbstractFileCollection::<init> (5 bytes)
Event: 8.619 Thread 0x0000016b50777800 nmethod 4500 0x0000016b3a417490 code [0x0000016b3a417640, 0x0000016b3a417798]
Event: 8.619 Thread 0x0000016b50777800 4501       3       org.gradle.api.internal.artifacts.configurations.DefaultConfiguration::validateMutation (16 bytes)
Event: 8.619 Thread 0x0000016b50777800 nmethod 4501 0x0000016b3a417890 code [0x0000016b3a417a60, 0x0000016b3a417cd8]
Event: 8.619 Thread 0x0000016b50777800 4502       3       org.gradle.api.internal.artifacts.configurations.DefaultConfiguration::preventIllegalMutation (164 bytes)
Event: 8.620 Thread 0x0000016b50777800 nmethod 4502 0x0000016b3a417e10 code [0x0000016b3a418300, 0x0000016b3a41ac18]
Event: 8.632 Thread 0x0000016b50777800 4503       3       org.gradle.internal.ImmutableActionSet$EmptySet::addOne (9 bytes)
Event: 8.632 Thread 0x0000016b50777800 nmethod 4503 0x0000016b3a41b790 code [0x0000016b3a41b960, 0x0000016b3a41bc38]
Event: 8.632 Thread 0x0000016b50777800 4504       3       org.gradle.internal.ImmutableActionSet$SingletonSet::<init> (10 bytes)
Event: 8.632 Thread 0x0000016b50777800 nmethod 4504 0x0000016b3a41bd90 code [0x0000016b3a41bf40, 0x0000016b3a41c158]

GC Heap History (16 events):
Event: 0.981 GC heap before
{Heap before GC invocations=0 (full 0):
 garbage-first heap   total 129024K, used 28672K [0x0000000080000000, 0x0000000100000000)
  region size 1024K, 24 young (24576K), 0 survivors (0K)
 Metaspace       used 10321K, capacity 10564K, committed 10752K, reserved 1058816K
  class space    used 1085K, capacity 1157K, committed 1280K, reserved 1048576K
}
Event: 0.986 GC heap after
{Heap after GC invocations=1 (full 0):
 garbage-first heap   total 129024K, used 7543K [0x0000000080000000, 0x0000000100000000)
  region size 1024K, 3 young (3072K), 3 survivors (3072K)
 Metaspace       used 10321K, capacity 10564K, committed 10752K, reserved 1058816K
  class space    used 1085K, capacity 1157K, committed 1280K, reserved 1048576K
}
Event: 2.541 GC heap before
{Heap before GC invocations=1 (full 0):
 garbage-first heap   total 129024K, used 81271K [0x0000000080000000, 0x0000000100000000)
  region size 1024K, 75 young (76800K), 3 survivors (3072K)
 Metaspace       used 20704K, capacity 21147K, committed 21248K, reserved 1067008K
  class space    used 2609K, capacity 2752K, committed 2816K, reserved 1048576K
}
Event: 2.549 GC heap after
{Heap after GC invocations=2 (full 0):
 garbage-first heap   total 129024K, used 14981K [0x0000000080000000, 0x0000000100000000)
  region size 1024K, 10 young (10240K), 10 survivors (10240K)
 Metaspace       used 20704K, capacity 21147K, committed 21248K, reserved 1067008K
  class space    used 2609K, capacity 2752K, committed 2816K, reserved 1048576K
}
Event: 2.557 GC heap before
{Heap before GC invocations=2 (full 0):
 garbage-first heap   total 129024K, used 14981K [0x0000000080000000, 0x0000000100000000)
  region size 1024K, 11 young (11264K), 10 survivors (10240K)
 Metaspace       used 20783K, capacity 21179K, committed 21248K, reserved 1067008K
  class space    used 2625K, capacity 2784K, committed 2816K, reserved 1048576K
}
Event: 2.564 GC heap after
{Heap after GC invocations=3 (full 0):
 garbage-first heap   total 129024K, used 15789K [0x0000000080000000, 0x0000000100000000)
  region size 1024K, 1 young (1024K), 1 survivors (1024K)
 Metaspace       used 20783K, capacity 21179K, committed 21248K, reserved 1067008K
  class space    used 2625K, capacity 2784K, committed 2816K, reserved 1048576K
}
Event: 3.323 GC heap before
{Heap before GC invocations=4 (full 0):
 garbage-first heap   total 129024K, used 65965K [0x0000000080000000, 0x0000000100000000)
  region size 1024K, 42 young (43008K), 1 survivors (1024K)
 Metaspace       used 27686K, capacity 28337K, committed 28416K, reserved 1073152K
  class space    used 3523K, capacity 3774K, committed 3840K, reserved 1048576K
}
Event: 3.326 GC heap after
{Heap after GC invocations=5 (full 0):
 garbage-first heap   total 129024K, used 28588K [0x0000000080000000, 0x0000000100000000)
  region size 1024K, 5 young (5120K), 5 survivors (5120K)
 Metaspace       used 27686K, capacity 28337K, committed 28416K, reserved 1073152K
  class space    used 3523K, capacity 3774K, committed 3840K, reserved 1048576K
}
Event: 4.038 GC heap before
{Heap before GC invocations=5 (full 0):
 garbage-first heap   total 129024K, used 71596K [0x0000000080000000, 0x0000000100000000)
  region size 1024K, 46 young (47104K), 5 survivors (5120K)
 Metaspace       used 35040K, capacity 35621K, committed 35840K, reserved 1081344K
  class space    used 4373K, capacity 4599K, committed 4608K, reserved 1048576K
}
Event: 4.046 GC heap after
{Heap after GC invocations=6 (full 0):
 garbage-first heap   total 129024K, used 31249K [0x0000000080000000, 0x0000000100000000)
  region size 1024K, 3 young (3072K), 3 survivors (3072K)
 Metaspace       used 35040K, capacity 35621K, committed 35840K, reserved 1081344K
  class space    used 4373K, capacity 4599K, committed 4608K, reserved 1048576K
}
Event: 4.490 GC heap before
{Heap before GC invocations=7 (full 0):
 garbage-first heap   total 129024K, used 77329K [0x0000000080000000, 0x0000000100000000)
  region size 1024K, 48 young (49152K), 3 survivors (3072K)
 Metaspace       used 38709K, capacity 39337K, committed 39552K, reserved 1083392K
  class space    used 4986K, capacity 5198K, committed 5248K, reserved 1048576K
}
Event: 4.495 GC heap after
{Heap after GC invocations=8 (full 0):
 garbage-first heap   total 129024K, used 33219K [0x0000000080000000, 0x0000000100000000)
  region size 1024K, 5 young (5120K), 5 survivors (5120K)
 Metaspace       used 38709K, capacity 39337K, committed 39552K, reserved 1083392K
  class space    used 4986K, capacity 5198K, committed 5248K, reserved 1048576K
}
Event: 7.527 GC heap before
{Heap before GC invocations=8 (full 0):
 garbage-first heap   total 129024K, used 83395K [0x0000000080000000, 0x0000000100000000)
  region size 1024K, 52 young (53248K), 5 survivors (5120K)
 Metaspace       used 41978K, capacity 42923K, committed 43136K, reserved 1087488K
  class space    used 5388K, capacity 5666K, committed 5760K, reserved 1048576K
}
Event: 7.534 GC heap after
{Heap after GC invocations=9 (full 0):
 garbage-first heap   total 129024K, used 42458K [0x0000000080000000, 0x0000000100000000)
  region size 1024K, 7 young (7168K), 7 survivors (7168K)
 Metaspace       used 41978K, capacity 42923K, committed 43136K, reserved 1087488K
  class space    used 5388K, capacity 5666K, committed 5760K, reserved 1048576K
}
Event: 8.181 GC heap before
{Heap before GC invocations=9 (full 0):
 garbage-first heap   total 129024K, used 87514K [0x0000000080000000, 0x0000000100000000)
  region size 1024K, 51 young (52224K), 7 survivors (7168K)
 Metaspace       used 50532K, capacity 51589K, committed 51712K, reserved 1093632K
  class space    used 6424K, capacity 6791K, committed 6912K, reserved 1048576K
}
Event: 8.189 GC heap after
{Heap after GC invocations=10 (full 0):
 garbage-first heap   total 129024K, used 46162K [0x0000000080000000, 0x0000000100000000)
  region size 1024K, 4 young (4096K), 4 survivors (4096K)
 Metaspace       used 50532K, capacity 51589K, committed 51712K, reserved 1093632K
  class space    used 6424K, capacity 6791K, committed 6912K, reserved 1048576K
}

Deoptimization events (20 events):
Event: 8.525 Thread 0x0000016b52b58000 Uncommon trap: trap_request=0xffffff4d fr.pc=0x0000016b4111aa98 relative=0x0000000000000458
Event: 8.525 Thread 0x0000016b52b58000 Uncommon trap: reason=unstable_if action=reinterpret pc=0x0000016b4111aa98 method=java.lang.String.substring(II)Ljava/lang/String; @ 31 c2
Event: 8.525 Thread 0x0000016b52b58000 DEOPT PACKING pc=0x0000016b4111aa98 sp=0x00000015a75f8be0
Event: 8.525 Thread 0x0000016b52b58000 DEOPT UNPACKING pc=0x0000016b396274af sp=0x00000015a75f8b98 mode 2
Event: 8.525 Thread 0x0000016b52b58000 Uncommon trap: trap_request=0xffffff4d fr.pc=0x0000016b4110b4a8 relative=0x0000000000000468
Event: 8.525 Thread 0x0000016b52b58000 Uncommon trap: reason=unstable_if action=reinterpret pc=0x0000016b4110b4a8 method=java.lang.AbstractStringBuilder.putStringAt(ILjava/lang/String;)V @ 8 c2
Event: 8.525 Thread 0x0000016b52b58000 DEOPT PACKING pc=0x0000016b4110b4a8 sp=0x00000015a75f8c50
Event: 8.525 Thread 0x0000016b52b58000 DEOPT UNPACKING pc=0x0000016b396274af sp=0x00000015a75f8bb0 mode 2
Event: 8.525 Thread 0x0000016b52b58000 Uncommon trap: trap_request=0xffffff4d fr.pc=0x0000016b410f946c relative=0x00000000000000cc
Event: 8.525 Thread 0x0000016b52b58000 Uncommon trap: reason=unstable_if action=reinterpret pc=0x0000016b410f946c method=java.lang.String.getBytes([BIB)V @ 5 c2
Event: 8.525 Thread 0x0000016b52b58000 DEOPT PACKING pc=0x0000016b410f946c sp=0x00000015a75f8bd0
Event: 8.525 Thread 0x0000016b52b58000 DEOPT UNPACKING pc=0x0000016b396274af sp=0x00000015a75f8b78 mode 2
Event: 8.528 Thread 0x0000016b52b58000 Uncommon trap: trap_request=0xffffff4d fr.pc=0x0000016b410d9fd4 relative=0x0000000000000034
Event: 8.528 Thread 0x0000016b52b58000 Uncommon trap: reason=unstable_if action=reinterpret pc=0x0000016b410d9fd4 method=java.lang.StringLatin1.canEncode(I)Z @ 4 c2
Event: 8.528 Thread 0x0000016b52b58000 DEOPT PACKING pc=0x0000016b410d9fd4 sp=0x00000015a75f8e40
Event: 8.528 Thread 0x0000016b52b58000 DEOPT UNPACKING pc=0x0000016b396274af sp=0x00000015a75f8dd0 mode 2
Event: 8.569 Thread 0x0000016b52b58000 Uncommon trap: trap_request=0xffffff4d fr.pc=0x0000016b41216308 relative=0x0000000000000428
Event: 8.569 Thread 0x0000016b52b58000 Uncommon trap: reason=unstable_if action=reinterpret pc=0x0000016b41216308 method=org.gradle.internal.reflect.PropertyAccessorType.of(Ljava/lang/reflect/Method;)Lorg/gradle/internal/reflect/PropertyAccessorType; @ 56 c2
Event: 8.569 Thread 0x0000016b52b58000 DEOPT PACKING pc=0x0000016b41216308 sp=0x00000015a75f9c30
Event: 8.569 Thread 0x0000016b52b58000 DEOPT UNPACKING pc=0x0000016b396274af sp=0x00000015a75f9bf0 mode 2

Classes redefined (0 events):
No events

Internal exceptions (20 events):
Event: 7.652 Thread 0x0000016b52b58000 Exception <a 'java/lang/NoSuchMethodError'{0x0000000087769fc8}: 'void java.lang.invoke.DirectMethodHandle$Holder.invokeInterface(java.lang.Object, java.lang.Object)'> (0x0000000087769fc8) thrown at [./src/hotspot/share/interpreter/linkResolver.cpp, line 773]
Event: 7.865 Thread 0x0000016b52b58000 Exception <a 'java/lang/NoSuchMethodError'{0x00000000865c8478}: 'void java.lang.invoke.DirectMethodHandle$Holder.invokeStatic(java.lang.Object, java.lang.Object, java.lang.Object, java.lang.Object)'> (0x00000000865c8478) thrown at [./src/hotspot/share/interpreter/linkResolver.cpp, line 773]
Event: 7.874 Thread 0x0000016b52b58000 Exception <a 'java/lang/NoSuchMethodError'{0x0000000086471508}: 'void java.lang.invoke.DirectMethodHandle$Holder.invokeSpecial(java.lang.Object, java.lang.Object)'> (0x0000000086471508) thrown at [./src/hotspot/share/interpreter/linkResolver.cpp, line 773]
Event: 7.953 Thread 0x0000016b52b58000 Exception <a 'java/lang/NoSuchMethodError'{0x0000000085f7b180}: 'java.lang.Object java.lang.invoke.DirectMethodHandle$Holder.invokeSpecial(java.lang.Object, java.lang.Object, java.lang.Object, java.lang.Object, java.lang.Object, java.lang.Object, java.lang.Object, java.lang.Object, java.lang.Object, java.lang.Object, java.lang.Object, java.lang.Object)'> (0x0000000085f7b180) thrown at [./src/hotspot/share/interpreter/linkResolver.cpp, line 773]
Event: 7.954 Thread 0x0000016b52b58000 Exception <a 'java/lang/NoSuchMethodError'{0x0000000085f9e490}: 'java.lang.Object java.lang.invoke.DirectMethodHandle$Holder.invokeSpecial(java.lang.Object, java.lang.Object, java.lang.Object, java.lang.Object, java.lang.Object, java.lang.Object, java.lang.Object, java.lang.Object, java.lang.Object, java.lang.Object, java.lang.Object)'> (0x0000000085f9e490) thrown at [./src/hotspot/share/interpreter/linkResolver.cpp, line 773]
Event: 7.954 Thread 0x0000016b52b58000 Exception <a 'java/lang/NoSuchMethodError'{0x0000000085fa31b8}: 'java.lang.Object java.lang.invoke.Invokers$Holder.invoker(java.lang.Object, java.lang.Object, java.lang.Object, java.lang.Object, java.lang.Object, java.lang.Object, java.lang.Object, java.lang.Object, java.lang.Object, java.lang.Object, java.lang.Object)'> (0x0000000085fa31b8) thrown at [./src/hotspot/share/interpreter/linkResolver.cpp, line 773]
Event: 8.035 Thread 0x0000016b52b58000 Exception <a 'java/lang/NoSuchMethodError'{0x00000000858001f8}: 'java.lang.Object java.lang.invoke.Invokers$Holder.linkToTargetMethod(java.lang.Object, long, java.lang.Object)'> (0x00000000858001f8) thrown at [./src/hotspot/share/interpreter/linkResolver.cpp, line 773]
Event: 8.073 Thread 0x0000016b52b58000 Implicit null exception at 0x0000016b411ad80b to 0x0000016b411ad8e4
Event: 8.340 Thread 0x0000016b52b58000 Exception <a 'java/lang/ClassNotFoundException'{0x0000000086dd6248}: com/android/build/gradle/internal/api/DefaultAndroidSourceSet_DecoratedBeanInfo> (0x0000000086dd6248) thrown at [./src/hotspot/share/classfile/systemDictionary.cpp, line 231]
Event: 8.341 Thread 0x0000016b52b58000 Exception <a 'java/lang/ClassNotFoundException'{0x0000000086de7668}: com/android/build/gradle/internal/api/DefaultAndroidSourceSetBeanInfo> (0x0000000086de7668) thrown at [./src/hotspot/share/classfile/systemDictionary.cpp, line 231]
Event: 8.341 Thread 0x0000016b52b58000 Exception <a 'java/lang/ClassNotFoundException'{0x0000000086df8a50}: com/android/build/gradle/internal/api/DefaultAndroidSourceSetCustomizer> (0x0000000086df8a50) thrown at [./src/hotspot/share/classfile/systemDictionary.cpp, line 231]
Event: 8.343 Thread 0x0000016b52b58000 Exception <a 'java/lang/ClassNotFoundException'{0x0000000086c3ee70}: com/android/build/gradle/internal/api/DefaultAndroidSourceSet_DecoratedCustomizer> (0x0000000086c3ee70) thrown at [./src/hotspot/share/classfile/systemDictionary.cpp, line 231]
Event: 8.583 Thread 0x0000016b52b58000 Exception <a 'java/lang/ClassNotFoundException'{0x0000000085c86238}: com/android/build/gradle/internal/dsl/BuildType_DecoratedBeanInfo> (0x0000000085c86238) thrown at [./src/hotspot/share/classfile/systemDictionary.cpp, line 231]
Event: 8.583 Thread 0x0000016b52b58000 Exception <a 'java/lang/ClassNotFoundException'{0x0000000085c97b00}: com/android/build/gradle/internal/dsl/BuildTypeBeanInfo> (0x0000000085c97b00) thrown at [./src/hotspot/share/classfile/systemDictionary.cpp, line 231]
Event: 8.584 Thread 0x0000016b52b58000 Exception <a 'java/lang/ClassNotFoundException'{0x0000000085ca6bf8}: com/android/builder/core/DefaultBuildTypeBeanInfo> (0x0000000085ca6bf8) thrown at [./src/hotspot/share/classfile/systemDictionary.cpp, line 231]
Event: 8.584 Thread 0x0000016b52b58000 Exception <a 'java/lang/ClassNotFoundException'{0x0000000085cb6a10}: com/android/builder/internal/BaseConfigImplBeanInfo> (0x0000000085cb6a10) thrown at [./src/hotspot/share/classfile/systemDictionary.cpp, line 231]
Event: 8.584 Thread 0x0000016b52b58000 Exception <a 'java/lang/ClassNotFoundException'{0x0000000085cc6800}: com/android/builder/internal/BaseConfigImplCustomizer> (0x0000000085cc6800) thrown at [./src/hotspot/share/classfile/systemDictionary.cpp, line 231]
Event: 8.585 Thread 0x0000016b52b58000 Exception <a 'java/lang/ClassNotFoundException'{0x0000000085cedf38}: com/android/builder/core/DefaultBuildTypeCustomizer> (0x0000000085cedf38) thrown at [./src/hotspot/share/classfile/systemDictionary.cpp, line 231]
Event: 8.587 Thread 0x0000016b52b58000 Exception <a 'java/lang/ClassNotFoundException'{0x0000000085b11770}: com/android/build/gradle/internal/dsl/BuildTypeCustomizer> (0x0000000085b11770) thrown at [./src/hotspot/share/classfile/systemDictionary.cpp, line 231]
Event: 8.590 Thread 0x0000016b52b58000 Exception <a 'java/lang/ClassNotFoundException'{0x0000000085b4c7e8}: com/android/build/gradle/internal/dsl/BuildType_DecoratedCustomizer> (0x0000000085b4c7e8) thrown at [./src/hotspot/share/classfile/systemDictionary.cpp, line 231]

Events (20 events):
Event: 8.633 loading class com/android/build/gradle/internal/TaskManager$ConfigAttrTask
Event: 8.633 loading class com/android/build/gradle/internal/TaskManager$ConfigAttrTask done
Event: 8.633 loading class com/android/build/gradle/internal/TaskManager$ConfigAttrTask
Event: 8.633 loading class com/android/build/gradle/internal/TaskManager$ConfigAttrTask done
Event: 8.633 loading class com/android/build/gradle/internal/TaskManager$ConfigAttrTask
Event: 8.633 loading class com/android/build/gradle/internal/TaskManager$ConfigAttrTask done
Event: 8.633 loading class org/gradle/api/Action
Event: 8.633 loading class org/gradle/api/Action done
Event: 8.633 loading class com/android/build/gradle/internal/TaskManager$ConfigAttrTask
Event: 8.633 loading class com/android/build/gradle/internal/TaskManager$ConfigAttrTask done
Event: 8.633 loading class org/gradle/api/Action
Event: 8.633 loading class org/gradle/api/Action done
Event: 8.634 loading class org/gradle/api/Project
Event: 8.634 loading class org/gradle/api/Project done
Event: 8.634 loading class org/gradle/api/Project
Event: 8.634 loading class org/gradle/api/Project done
Event: 8.634 loading class com/android/build/gradle/BasePlugin
Event: 8.634 loading class com/android/build/gradle/BasePlugin done
Event: 8.634 loading class com/android/build/gradle/internal/crash/CrashReporting$afterEvaluate$1
Event: 8.634 loading class com/android/build/gradle/internal/crash/CrashReporting$afterEvaluate$1 done


Dynamic libraries:
0x00007ff7c0160000 - 0x00007ff7c016a000 	D:\Android Studio\jre\bin\java.exe
0x00007ffd0b510000 - 0x00007ffd0b705000 	C:\WINDOWS\SYSTEM32\ntdll.dll
0x00007ffd099a0000 - 0x00007ffd09a5d000 	C:\WINDOWS\System32\KERNEL32.DLL
0x00007ffd08d90000 - 0x00007ffd09059000 	C:\WINDOWS\System32\KERNELBASE.dll
0x00007ffd09340000 - 0x00007ffd09440000 	C:\WINDOWS\System32\ucrtbase.dll
0x00007ffd00d90000 - 0x00007ffd00da9000 	D:\Android Studio\jre\bin\jli.dll
0x00007ffd09f80000 - 0x00007ffd0a120000 	C:\WINDOWS\System32\USER32.dll
0x00007ffd092c0000 - 0x00007ffd092e2000 	C:\WINDOWS\System32\win32u.dll
0x00007ffd09cf0000 - 0x00007ffd09d1a000 	C:\WINDOWS\System32\GDI32.dll
0x00007ffd09440000 - 0x00007ffd0954b000 	C:\WINDOWS\System32\gdi32full.dll
0x00007ffd090c0000 - 0x00007ffd0915d000 	C:\WINDOWS\System32\msvcp_win.dll
0x00007ffce5a40000 - 0x00007ffce5cda000 	C:\WINDOWS\WinSxS\amd64_microsoft.windows.common-controls_6595b64144ccf1df_6.0.19041.1110_none_60b5254171f9507e\COMCTL32.dll
0x00007ffd0ae10000 - 0x00007ffd0aeae000 	C:\WINDOWS\System32\msvcrt.dll
0x00007ffcec0c0000 - 0x00007ffcec0d7000 	D:\Android Studio\jre\bin\VCRUNTIME140.dll
0x00007ffd09970000 - 0x00007ffd099a0000 	C:\WINDOWS\System32\IMM32.DLL
0x00007ffccad90000 - 0x00007ffccae2d000 	D:\Android Studio\jre\bin\msvcp140.dll
0x00007ffc98680000 - 0x00007ffc9913c000 	D:\Android Studio\jre\bin\server\jvm.dll
0x00007ffd0ad60000 - 0x00007ffd0ae0c000 	C:\WINDOWS\System32\ADVAPI32.dll
0x00007ffd0af30000 - 0x00007ffd0afcb000 	C:\WINDOWS\System32\sechost.dll
0x00007ffd09de0000 - 0x00007ffd09f0a000 	C:\WINDOWS\System32\RPCRT4.dll
0x00007ffd09b80000 - 0x00007ffd09b88000 	C:\WINDOWS\System32\PSAPI.DLL
0x00007ffd06040000 - 0x00007ffd06067000 	C:\WINDOWS\SYSTEM32\WINMM.dll
0x00007ffcffdc0000 - 0x00007ffcffdca000 	C:\WINDOWS\SYSTEM32\VERSION.dll
0x00007ffcefb70000 - 0x00007ffcefb79000 	C:\WINDOWS\SYSTEM32\WSOCK32.dll
0x00007ffd09f10000 - 0x00007ffd09f7b000 	C:\WINDOWS\System32\ws2_32.DLL
0x00007ffd06d60000 - 0x00007ffd06d72000 	C:\WINDOWS\SYSTEM32\kernel.appcore.dll
0x00007ffcfeed0000 - 0x00007ffcfeee1000 	D:\Android Studio\jre\bin\verify.dll
0x00007ffd06510000 - 0x00007ffd066f4000 	C:\WINDOWS\SYSTEM32\DBGHELP.DLL
0x00007ffd06010000 - 0x00007ffd0603c000 	C:\WINDOWS\SYSTEM32\dbgcore.DLL
0x00007ffd08c50000 - 0x00007ffd08cd3000 	C:\WINDOWS\System32\bcryptPrimitives.dll
0x00007ffcec350000 - 0x00007ffcec379000 	D:\Android Studio\jre\bin\java.dll
0x00007ffcffb80000 - 0x00007ffcffb8b000 	D:\Android Studio\jre\bin\jimage.dll
0x00007ffcf9350000 - 0x00007ffcf9368000 	D:\Android Studio\jre\bin\zip.dll
0x00007ffd0a5b0000 - 0x00007ffd0acef000 	C:\WINDOWS\System32\SHELL32.dll
0x00007ffd06d80000 - 0x00007ffd07511000 	C:\WINDOWS\SYSTEM32\windows.storage.dll
0x00007ffd0b170000 - 0x00007ffd0b4c5000 	C:\WINDOWS\System32\combase.dll
0x00007ffd086c0000 - 0x00007ffd086ec000 	C:\WINDOWS\SYSTEM32\Wldp.dll
0x00007ffd0b0c0000 - 0x00007ffd0b16e000 	C:\WINDOWS\System32\SHCORE.dll
0x00007ffd09d80000 - 0x00007ffd09dd5000 	C:\WINDOWS\System32\shlwapi.dll
0x00007ffd08b90000 - 0x00007ffd08baf000 	C:\WINDOWS\SYSTEM32\profapi.dll
0x00007ffcecac0000 - 0x00007ffcecada000 	D:\Android Studio\jre\bin\net.dll
0x00007ffd01030000 - 0x00007ffd0113a000 	C:\WINDOWS\SYSTEM32\WINHTTP.dll
0x00007ffd08420000 - 0x00007ffd0848a000 	C:\WINDOWS\system32\mswsock.dll
0x00007ffcec2b0000 - 0x00007ffcec2c4000 	D:\Android Studio\jre\bin\nio.dll
0x00007ffce25c0000 - 0x00007ffce25e6000 	C:\Users\missv\.gradle\native\29\windows-amd64\native-platform.dll
0x00007ffcfb860000 - 0x00007ffcfb86a000 	D:\Android Studio\jre\bin\management.dll
0x00007ffcf9fc0000 - 0x00007ffcf9fcc000 	D:\Android Studio\jre\bin\management_ext.dll
0x00007ffd08600000 - 0x00007ffd08618000 	C:\WINDOWS\SYSTEM32\CRYPTSP.dll
0x00007ffd07d50000 - 0x00007ffd07d84000 	C:\WINDOWS\system32\rsaenh.dll
0x00007ffd09550000 - 0x00007ffd09577000 	C:\WINDOWS\System32\bcrypt.dll
0x00007ffd08b10000 - 0x00007ffd08b3e000 	C:\WINDOWS\SYSTEM32\USERENV.dll
0x00007ffd08620000 - 0x00007ffd0862c000 	C:\WINDOWS\SYSTEM32\CRYPTBASE.dll
0x00007ffd080c0000 - 0x00007ffd080fb000 	C:\WINDOWS\SYSTEM32\IPHLPAPI.DLL
0x00007ffd0b0b0000 - 0x00007ffd0b0b8000 	C:\WINDOWS\System32\NSI.dll
0x00007ffcffda0000 - 0x00007ffcffdb7000 	C:\WINDOWS\SYSTEM32\dhcpcsvc6.DLL
0x00007ffcffe60000 - 0x00007ffcffe7d000 	C:\WINDOWS\SYSTEM32\dhcpcsvc.DLL
0x00007ffd08110000 - 0x00007ffd081dc000 	C:\WINDOWS\SYSTEM32\DNSAPI.dll

dbghelp: loaded successfully - version: 4.0.5 - missing functions: none
symbol engine: initialized successfully - sym options: 0x614 - pdb path: .;D:\Android Studio\jre\bin;C:\WINDOWS\SYSTEM32;C:\WINDOWS\WinSxS\amd64_microsoft.windows.common-controls_6595b64144ccf1df_6.0.19041.1110_none_60b5254171f9507e;D:\Android Studio\jre\bin\server;C:\Users\missv\.gradle\native\29\windows-amd64

VM Arguments:
jvm_args: --add-opens=java.base/java.util=ALL-UNNAMED --add-opens=java.base/java.lang=ALL-UNNAMED --add-opens=java.base/java.lang.invoke=ALL-UNNAMED --add-opens=java.prefs/java.util.prefs=ALL-UNNAMED -Xmx2048m -Dfile.encoding=UTF-8 -Duser.country=US -Duser.language=en -Duser.variant 
java_command: org.gradle.launcher.daemon.bootstrap.GradleDaemon 5.4.1
java_class_path (initial): C:\Users\missv\.gradle\wrapper\dists\gradle-5.4.1-all\3221gyojl5jsh0helicew7rwx\gradle-5.4.1\lib\gradle-launcher-5.4.1.jar
Launcher Type: SUN_STANDARD

[Global flags]
     intx CICompilerCount                          = 4                                         {product} {ergonomic}
     uint ConcGCThreads                            = 2                                         {product} {ergonomic}
     uint G1ConcRefinementThreads                  = 8                                         {product} {ergonomic}
   size_t G1HeapRegionSize                         = 1048576                                   {product} {ergonomic}
    uintx GCDrainStackTargetSize                   = 64                                        {product} {ergonomic}
   size_t InitialHeapSize                          = 132120576                                 {product} {ergonomic}
   size_t MarkStackSize                            = 4194304                                   {product} {ergonomic}
   size_t MaxHeapSize                              = 2147483648                                {product} {command line}
   size_t MaxNewSize                               = 1287651328                                {product} {ergonomic}
   size_t MinHeapDeltaBytes                        = 1048576                                   {product} {ergonomic}
    uintx NonNMethodCodeHeapSize                   = 5836300                                {pd product} {ergonomic}
    uintx NonProfiledCodeHeapSize                  = 122910970                              {pd product} {ergonomic}
    uintx ProfiledCodeHeapSize                     = 122910970                              {pd product} {ergonomic}
    uintx ReservedCodeCacheSize                    = 251658240                              {pd product} {ergonomic}
     bool SegmentedCodeCache                       = true                                      {product} {ergonomic}
     bool UseCompressedClassPointers               = true                                 {lp64_product} {ergonomic}
     bool UseCompressedOops                        = true                                 {lp64_product} {ergonomic}
     bool UseG1GC                                  = true                                      {product} {ergonomic}
     bool UseLargePagesIndividualAllocation        = false                                  {pd product} {ergonomic}

Logging:
Log output configuration:
 #0: stdout all=warning uptime,level,tags
 #1: stderr all=off uptime,level,tags

Environment Variables:
PATH=C:\Program Files (x86)\Common Files\Oracle\Java\javapath;C:\Python38\Scripts\;C:\Python38\;C:\Windows\system32;C:\Windows;C:\Windows\System32\Wbem;C:\Windows\System32\WindowsPowerShell\v1.0\;C:\Windows\System32\OpenSSH\;C:\Program Files\Intel\WiFi\bin\;C:\Program Files\Common Files\Intel\WirelessCommon\;C:\Program Files (x86)\NVIDIA Corporation\PhysX\Common;C:\Program Files\NVIDIA Corporation\NVIDIA NvDLISR;C:\WINDOWS\system32;C:\WINDOWS;C:\WINDOWS\System32\Wbem;C:\WINDOWS\System32\WindowsPowerShell\v1.0\;C:\WINDOWS\System32\OpenSSH\;C:\Program Files\Git\cmd;C:\ProgramData\chocolatey\bin;C:\Program Files\Java\jdk1.8.0_291\bin
USERNAME=missv
OS=Windows_NT
PROCESSOR_IDENTIFIER=Intel64 Family 6 Model 158 Stepping 10, GenuineIntel



---------------  S Y S T E M  ---------------

OS: Windows 10 , 64 bit Build 19041 (10.0.19041.1023)
OS uptime: 3 days 16:17 hours

CPU:total 8 (initial active 8) (4 cores per cpu, 2 threads per core) family 6 model 158 stepping 10, cmov, cx8, fxsr, mmx, sse, sse2, sse3, ssse3, sse4.1, sse4.2, popcnt, avx, avx2, aes, clmul, erms, 3dnowpref, lzcnt, ht, tsc, tscinvbit, bmi1, bmi2, adx, fma

Memory: 4k page, system-wide physical 7973M (497M free)
TotalPageFile size 21217M (AvailPageFile size 5M)
current process WorkingSet (physical memory assigned to process): 308M, peak: 313M
current process commit charge ("private bytes"): 349M, peak: 353M

vm_info: OpenJDK 64-Bit Server VM (11.0.8+10-b944.6842174) for windows-amd64 JRE (11.0.8+10-b944.6842174), built on Sep 19 2020 01:11:42 by "builder" with MS VC++ 14.0 (VS2015)

END.
