#
# There is insufficient memory for the Java Runtime Environment to continue.
# Native memory allocation (mmap) failed to map 154140672 bytes for Failed to commit area from 0x000000008f600000 to 0x0000000098900000 of length 154140672.
# Possible reasons:
#   The system is out of physical RAM or swap space
#   The process is running with CompressedOops enabled, and the Java Heap may be blocking the growth of the native heap
# Possible solutions:
#   Reduce memory load on the system
#   Increase physical memory or swap space
#   Check if swap backing store is full
#   Decrease Java heap size (-Xmx/-Xms)
#   Decrease number of Java threads
#   Decrease Java thread stack sizes (-Xss)
#   Set larger code cache with -XX:ReservedCodeCacheSize=
#   JVM is running with Unscaled Compressed Oops mode in which the Java heap is
#     placed in the first 4GB address space. The Java Heap base address is the
#     maximum limit for the native heap growth. Please use -XX:HeapBaseMinAddress
#     to set the Java Heap base and to place the Java Heap above 4GB virtual address.
# This output file may be truncated or incomplete.
#
#  Out of Memory Error (./src/hotspot/os/windows/os_windows.cpp:3303), pid=11804, tid=20088
#
# JRE version: OpenJDK Runtime Environment (11.0.8+10) (build 11.0.8+10-b944.6842174)
# Java VM: OpenJDK 64-Bit Server VM (11.0.8+10-b944.6842174, mixed mode, tiered, compressed oops, g1 gc, windows-amd64)
# No core dump will be written. Minidumps are not enabled by default on client versions of Windows
#

---------------  S U M M A R Y ------------

Command Line: --add-opens=java.base/java.util=ALL-UNNAMED --add-opens=java.base/java.lang=ALL-UNNAMED --add-opens=java.base/java.lang.invoke=ALL-UNNAMED --add-opens=java.prefs/java.util.prefs=ALL-UNNAMED -Xmx2048m -Dfile.encoding=UTF-8 -Duser.country=US -Duser.language=en -Duser.variant org.gradle.launcher.daemon.bootstrap.GradleDaemon 5.4.1

Host: Intel(R) Core(TM) i5-9300H CPU @ 2.40GHz, 8 cores, 7G,  Windows 10 , 64 bit Build 19041 (10.0.19041.1023)
Time: Fri Jul 30 09:38:09 2021 SE Asia Standard Time elapsed time: 1505 seconds (0d 0h 25m 5s)

---------------  T H R E A D  ---------------

Current thread (0x000001330703b000):  VMThread "VM Thread" [stack: 0x0000002729b00000,0x0000002729c00000] [id=20088]

Stack: [0x0000002729b00000,0x0000002729c00000]
[error occurred during error reporting (printing stack bounds), id 0xc0000005, EXCEPTION_ACCESS_VIOLATION (0xc0000005) at pc=0x000001336fe30dad]

Native frames: (J=compiled Java code, j=interpreted, Vv=VM code, C=native code)
V  [jvm.dll+0x5de50a]
V  [jvm.dll+0x7122f5]
V  [jvm.dll+0x71384d]
V  [jvm.dll+0x713e65]
V  [jvm.dll+0x713e1b]
V  [jvm.dll+0x5dd958]
V  [jvm.dll+0x5de0f8]
C  [ntdll.dll+0xa217f]
C  [ntdll.dll+0x51454]
C  [ntdll.dll+0xa0cae]
C  0x000001336fe30dad

VM_Operation (0x000000272abfa4c0): G1CollectForAllocation, mode: safepoint, requested by thread 0x000001330dce4800


---------------  P R O C E S S  ---------------

Threads class SMR info:
_java_thread_list=0x0000013309fbddd0, length=41, elements={
0x000001336acf7800, 0x000001330703f800, 0x0000013307041000, 0x00000133079c2800,
0x0000013307054800, 0x0000013307056800, 0x0000013307067000, 0x000001330706a000,
0x0000013307b1d800, 0x0000013307b36800, 0x00000133089a2800, 0x000001330918b800,
0x00000133092d0000, 0x00000133096af000, 0x00000133096a9800, 0x00000133096aa000,
0x00000133096b0000, 0x0000013309b61800, 0x0000013309b5e000, 0x000001330dce3000,
0x000001330dce6000, 0x000001330dce4800, 0x0000013309b65800, 0x000001330dce5800,
0x000001330dce7000, 0x000001330dce8000, 0x000001330dce2000, 0x000001330dce8800,
0x000001330dce9800, 0x000001330dce3800, 0x000001330dcee800, 0x000001330dcea000,
0x000001330dcef000, 0x000001330dcf0000, 0x000001330dcf1000, 0x000001330dceb000,
0x000001330dcec000, 0x000001330dcec800, 0x000001330dced800, 0x0000013309b60000,
0x0000013309b5a000
}

Java Threads: ( => current thread )
  0x000001336acf7800 JavaThread "main" [_thread_blocked, id=9344, stack(0x0000002729500000,0x0000002729600000)]
  0x000001330703f800 JavaThread "Reference Handler" daemon [_thread_blocked, id=4644, stack(0x0000002729c00000,0x0000002729d00000)]
  0x0000013307041000 JavaThread "Finalizer" daemon [_thread_blocked, id=10176, stack(0x0000002729d00000,0x0000002729e00000)]
  0x00000133079c2800 JavaThread "Signal Dispatcher" daemon [_thread_blocked, id=9956, stack(0x0000002729e00000,0x0000002729f00000)]
  0x0000013307054800 JavaThread "Attach Listener" daemon [_thread_blocked, id=8680, stack(0x0000002729f00000,0x000000272a000000)]
  0x0000013307056800 JavaThread "C2 CompilerThread0" daemon [_thread_in_native, id=7096, stack(0x000000272a000000,0x000000272a100000)]
  0x0000013307067000 JavaThread "C1 CompilerThread0" daemon [_thread_blocked, id=19364, stack(0x000000272a100000,0x000000272a200000)]
  0x000001330706a000 JavaThread "Sweeper thread" daemon [_thread_blocked, id=17480, stack(0x000000272a200000,0x000000272a300000)]
  0x0000013307b1d800 JavaThread "Common-Cleaner" daemon [_thread_blocked, id=4068, stack(0x000000272a300000,0x000000272a400000)]
  0x0000013307b36800 JavaThread "Service Thread" daemon [_thread_blocked, id=3496, stack(0x000000272a400000,0x000000272a500000)]
  0x00000133089a2800 JavaThread "Daemon health stats" [_thread_blocked, id=13236, stack(0x000000272a800000,0x000000272a900000)]
  0x000001330918b800 JavaThread "Incoming local TCP Connector on port 56587" [_thread_in_native, id=16700, stack(0x000000272a900000,0x000000272aa00000)]
  0x00000133092d0000 JavaThread "Daemon periodic checks" [_thread_blocked, id=12684, stack(0x000000272aa00000,0x000000272ab00000)]
  0x00000133096af000 JavaThread "Cache worker for file hash cache (C:\Users\missv\.gradle\caches\5.4.1\fileHashes)" [_thread_blocked, id=14724, stack(0x000000272b200000,0x000000272b300000)]
  0x00000133096a9800 JavaThread "File lock request listener" [_thread_in_native, id=16488, stack(0x000000272b300000,0x000000272b400000)]
  0x00000133096aa000 JavaThread "Cache worker for journal cache (C:\Users\missv\.gradle\caches\journal-1)" [_thread_blocked, id=12292, stack(0x000000272b400000,0x000000272b500000)]
  0x00000133096b0000 JavaThread "Cache worker for execution history cache (C:\Users\missv\.gradle\caches\5.4.1\executionHistory)" [_thread_blocked, id=968, stack(0x000000272be00000,0x000000272bf00000)]
  0x0000013309b61800 JavaThread "Memory manager" [_thread_blocked, id=16312, stack(0x000000272c800000,0x000000272c900000)]
  0x0000013309b5e000 JavaThread "Cache worker for file content cache (C:\Users\missv\.gradle\caches\5.4.1\fileContent)" [_thread_blocked, id=14100, stack(0x000000272c900000,0x000000272ca00000)]
  0x000001330dce3000 JavaThread "ForkJoinPool.commonPool-worker-3" daemon [_thread_blocked, id=1464, stack(0x000000272cb00000,0x000000272cc00000)]
  0x000001330dce6000 JavaThread "Daemon Thread 3" [_thread_blocked, id=4668, stack(0x0000002729200000,0x0000002729300000)]
  0x000001330dce4800 JavaThread "Daemon worker Thread 3" [_thread_blocked, id=8264, stack(0x000000272ab00000,0x000000272ac00000)]
  0x0000013309b65800 JavaThread "Cache worker for Java compile cache (C:\Users\missv\.gradle\caches\5.4.1\javaCompile)" [_thread_blocked, id=772, stack(0x000000272d200000,0x000000272d300000)]
  0x000001330dce5800 JavaThread "Handler for socket connection from /127.0.0.1:56587 to /127.0.0.1:54530" [_thread_in_native, id=20292, stack(0x0000002729300000,0x0000002729400000)]
  0x000001330dce7000 JavaThread "Cancel handler" [_thread_blocked, id=9948, stack(0x0000002729400000,0x0000002729500000)]
  0x000001330dce8000 JavaThread "Asynchronous log dispatcher for DefaultDaemonConnection: socket connection from /127.0.0.1:56587 to /127.0.0.1:54530" [_thread_blocked, id=6864, stack(0x000000272ac00000,0x000000272ad00000)]
  0x000001330dce2000 JavaThread "Stdin handler" [_thread_blocked, id=11840, stack(0x000000272ad00000,0x000000272ae00000)]
  0x000001330dce8800 JavaThread "Thread-148" [_thread_blocked, id=12892, stack(0x000000272ae00000,0x000000272af00000)]
  0x000001330dce9800 JavaThread "Cache worker for file hash cache (D:\Covid19TrackerApp\.gradle\5.4.1\fileHashes)" [_thread_blocked, id=17444, stack(0x000000272af00000,0x000000272b000000)]
  0x000001330dce3800 JavaThread "Cache worker for cache directory md-supplier (C:\Users\missv\.gradle\caches\5.4.1\md-supplier)" [_thread_blocked, id=10548, stack(0x000000272b000000,0x000000272b100000)]
  0x000001330dcee800 JavaThread "Cache worker for cache directory md-rule (C:\Users\missv\.gradle\caches\5.4.1\md-rule)" [_thread_blocked, id=20204, stack(0x000000272b100000,0x000000272b200000)]
  0x000001330dcea000 JavaThread "Build operations" [_thread_blocked, id=6588, stack(0x000000272bb00000,0x000000272bc00000)]
  0x000001330dcef000 JavaThread "Build operations Thread 2" [_thread_blocked, id=18812, stack(0x000000272bc00000,0x000000272bd00000)]
  0x000001330dcf0000 JavaThread "Build operations Thread 3" [_thread_blocked, id=19800, stack(0x000000272bd00000,0x000000272be00000)]
  0x000001330dcf1000 JavaThread "Build operations Thread 4" [_thread_blocked, id=14456, stack(0x000000272bf00000,0x000000272c000000)]
  0x000001330dceb000 JavaThread "Build operations Thread 5" [_thread_blocked, id=11452, stack(0x000000272c000000,0x000000272c100000)]
  0x000001330dcec000 JavaThread "Build operations Thread 6" [_thread_blocked, id=10704, stack(0x000000272c100000,0x000000272c200000)]
  0x000001330dcec800 JavaThread "Build operations Thread 7" [_thread_blocked, id=5160, stack(0x000000272c200000,0x000000272c300000)]
  0x000001330dced800 JavaThread "Build operations Thread 8" [_thread_blocked, id=12948, stack(0x000000272c300000,0x000000272c400000)]
  0x0000013309b60000 JavaThread "Cache worker for Build Output Cleanup Cache (D:\Covid19TrackerApp\.gradle\buildOutputCleanup)" [_thread_blocked, id=12828, stack(0x000000272c400000,0x000000272c500000)]
  0x0000013309b5a000 JavaThread "Cache worker for file content cache (D:\Covid19TrackerApp\.gradle\5.4.1\fileContent)" [_thread_blocked, id=9988, stack(0x000000272c500000,0x000000272c600000)]

Other Threads:
=>0x000001330703b000 VMThread "VM Thread" [stack: 0x0000002729b00000,0x0000002729c00000] [id=20088]
  0x0000013307b37800 WatcherThread [stack: 0x000000272a500000,0x000000272a600000] [id=16908]
  0x000001336ad0f000 GCTaskThread "GC Thread#0" [stack: 0x0000002729600000,0x0000002729700000] [id=1140]
  0x0000013307a49800 GCTaskThread "GC Thread#1" [stack: 0x000000272a600000,0x000000272a700000] [id=3220]
  0x0000013307a4a800 GCTaskThread "GC Thread#2" [stack: 0x000000272a700000,0x000000272a800000] [id=3344]
  0x0000013307a4b000 GCTaskThread "GC Thread#3" [stack: 0x000000272b500000,0x000000272b600000] [id=15152]
  0x0000013307a48000 GCTaskThread "GC Thread#4" [stack: 0x000000272b600000,0x000000272b700000] [id=12896]
  0x0000013307a47800 GCTaskThread "GC Thread#5" [stack: 0x000000272b700000,0x000000272b800000] [id=7368]
  0x0000013307a46800 GCTaskThread "GC Thread#6" [stack: 0x000000272b800000,0x000000272b900000] [id=15660]
  0x0000013307a4c000 GCTaskThread "GC Thread#7" [stack: 0x000000272b900000,0x000000272ba00000] [id=7076]
  0x000001336ad3f800 ConcurrentGCThread "G1 Main Marker" [stack: 0x0000002729700000,0x0000002729800000] [id=9632]
  0x000001336ad45000 ConcurrentGCThread "G1 Conc#0" [stack: 0x0000002729800000,0x0000002729900000] [id=2384]
  0x0000013307a45800 ConcurrentGCThread "G1 Conc#1" [stack: 0x000000272ba00000,0x000000272bb00000] [id=6940]
  0x0000013306e90800 ConcurrentGCThread "G1 Refine#0" [stack: 0x0000002729900000,0x0000002729a00000] [id=14376]
  0x0000013311ddc000 ConcurrentGCThread "G1 Refine#1" [stack: 0x000000272d000000,0x000000272d100000] [id=8380]
  0x0000013306e91800 ConcurrentGCThread "G1 Young RemSet Sampling" [stack: 0x0000002729a00000,0x0000002729b00000] [id=9588]

Threads with active compile tasks:
C2 CompilerThread01505930 16615       4       org.gradle.internal.graph.CachingDirectedGraphWalker::doSearch (659 bytes)
C1 CompilerThread01505930 16674       3       java.net.URI::decode (379 bytes)

VM state:at safepoint (normal execution)

VM Mutex/Monitor currently owned by a thread:  ([mutex/lock_event])
[0x000001336acf53c0] Threads_lock - owner thread: 0x000001330703b000
[0x000001336acf6530] Heap_lock - owner thread: 0x000001330dce4800

Heap address: 0x0000000080000000, size: 2048 MB, Compressed Oops mode: 32-bit
Narrow klass base: 0x0000000000000000, Narrow klass shift: 3
Compressed class space size: 1073741824 Address: 0x0000000100000000

Heap:
 garbage-first heap   total 402432K, used 147716K [0x0000000080000000, 0x0000000100000000)
  region size 1024K, 5 young (5120K), 5 survivors (5120K)
 Metaspace       used 99391K, capacity 101967K, committed 102264K, reserved 1138688K
  class space    used 12169K, capacity 13046K, committed 13176K, reserved 1048576K
Heap Regions: E=young(eden), S=young(survivor), O=old, HS=humongous(starts), HC=humongous(continues), CS=collection set, F=free, A=archive, TAMS=top-at-mark-start (previous, next)
|   0|0x0000000080000000, 0x0000000080100000, 0x0000000080100000|100%|HS|  |TAMS 0x0000000080100000, 0x0000000080000000| Complete 
|   1|0x0000000080100000, 0x0000000080200000, 0x0000000080200000|100%|HC|  |TAMS 0x0000000080200000, 0x0000000080100000| Complete 
|   2|0x0000000080200000, 0x0000000080300000, 0x0000000080300000|100%|HS|  |TAMS 0x0000000080300000, 0x0000000080200000| Complete 
|   3|0x0000000080300000, 0x0000000080400000, 0x0000000080400000|100%|HS|  |TAMS 0x0000000080400000, 0x0000000080300000| Complete 
|   4|0x0000000080400000, 0x0000000080500000, 0x0000000080500000|100%|HC|  |TAMS 0x0000000080500000, 0x0000000080400000| Complete 
|   5|0x0000000080500000, 0x0000000080600000, 0x0000000080600000|100%| O|  |TAMS 0x0000000080600000, 0x0000000080500000| Untracked 
|   6|0x0000000080600000, 0x0000000080700000, 0x0000000080700000|100%| O|  |TAMS 0x0000000080700000, 0x0000000080600000| Complete 
|   7|0x0000000080700000, 0x0000000080800000, 0x0000000080800000|100%|HS|  |TAMS 0x0000000080800000, 0x0000000080700000| Complete 
|   8|0x0000000080800000, 0x0000000080900000, 0x0000000080900000|100%|HC|  |TAMS 0x0000000080900000, 0x0000000080800000| Complete 
|   9|0x0000000080900000, 0x0000000080a00000, 0x0000000080a00000|100%|HC|  |TAMS 0x0000000080a00000, 0x0000000080900000| Complete 
|  10|0x0000000080a00000, 0x0000000080b00000, 0x0000000080b00000|100%|HS|  |TAMS 0x0000000080b00000, 0x0000000080a00000| Complete 
|  11|0x0000000080b00000, 0x0000000080c00000, 0x0000000080c00000|100%|HC|  |TAMS 0x0000000080c00000, 0x0000000080b00000| Complete 
|  12|0x0000000080c00000, 0x0000000080d00000, 0x0000000080d00000|100%|HC|  |TAMS 0x0000000080d00000, 0x0000000080c00000| Complete 
|  13|0x0000000080d00000, 0x0000000080e00000, 0x0000000080e00000|100%|HC|  |TAMS 0x0000000080e00000, 0x0000000080d00000| Complete 
|  14|0x0000000080e00000, 0x0000000080f00000, 0x0000000080f00000|100%| O|  |TAMS 0x0000000080f00000, 0x0000000080e00000| Untracked 
|  15|0x0000000080f00000, 0x0000000081000000, 0x0000000081000000|100%| O|  |TAMS 0x0000000081000000, 0x0000000080f00000| Untracked 
|  16|0x0000000081000000, 0x0000000081100000, 0x0000000081100000|100%| O|  |TAMS 0x0000000081100000, 0x0000000081000000| Untracked 
|  17|0x0000000081100000, 0x0000000081200000, 0x0000000081200000|100%| O|  |TAMS 0x0000000081200000, 0x0000000081100000| Untracked 
|  18|0x0000000081200000, 0x0000000081300000, 0x0000000081300000|100%| O|  |TAMS 0x0000000081300000, 0x0000000081200000| Untracked 
|  19|0x0000000081300000, 0x0000000081400000, 0x0000000081400000|100%| O|  |TAMS 0x0000000081400000, 0x0000000081300000| Untracked 
|  20|0x0000000081400000, 0x0000000081500000, 0x0000000081500000|100%| O|  |TAMS 0x0000000081500000, 0x0000000081400000| Untracked 
|  21|0x0000000081500000, 0x0000000081600000, 0x0000000081600000|100%| O|  |TAMS 0x0000000081600000, 0x0000000081500000| Complete 
|  22|0x0000000081600000, 0x0000000081700000, 0x0000000081700000|100%| O|  |TAMS 0x0000000081700000, 0x0000000081600000| Untracked 
|  23|0x0000000081700000, 0x0000000081800000, 0x0000000081800000|100%| O|  |TAMS 0x0000000081800000, 0x0000000081700000| Untracked 
|  24|0x0000000081800000, 0x0000000081900000, 0x0000000081900000|100%| O|  |TAMS 0x0000000081900000, 0x0000000081800000| Complete 
|  25|0x0000000081900000, 0x0000000081a00000, 0x0000000081a00000|100%| O|  |TAMS 0x0000000081a00000, 0x0000000081900000| Untracked 
|  26|0x0000000081a00000, 0x0000000081b00000, 0x0000000081b00000|100%| O|  |TAMS 0x0000000081b00000, 0x0000000081a00000| Complete 
|  27|0x0000000081b00000, 0x0000000081c00000, 0x0000000081c00000|100%| O|  |TAMS 0x0000000081c00000, 0x0000000081b00000| Untracked 
|  28|0x0000000081c00000, 0x0000000081d00000, 0x0000000081d00000|100%| O|  |TAMS 0x0000000081d00000, 0x0000000081c00000| Untracked 
|  29|0x0000000081d00000, 0x0000000081e00000, 0x0000000081e00000|100%| O|  |TAMS 0x0000000081e00000, 0x0000000081d00000| Untracked 
|  30|0x0000000081e00000, 0x0000000081f00000, 0x0000000081f00000|100%| O|  |TAMS 0x0000000081f00000, 0x0000000081e00000| Complete 
|  31|0x0000000081f00000, 0x0000000082000000, 0x0000000082000000|100%|HS|  |TAMS 0x0000000082000000, 0x0000000081f00000| Complete 
|  32|0x0000000082000000, 0x0000000082100000, 0x0000000082100000|100%|HC|  |TAMS 0x0000000082100000, 0x0000000082000000| Complete 
|  33|0x0000000082100000, 0x0000000082200000, 0x0000000082200000|100%| O|  |TAMS 0x0000000082200000, 0x0000000082100000| Complete 
|  34|0x0000000082200000, 0x0000000082300000, 0x0000000082300000|100%| O|  |TAMS 0x0000000082300000, 0x0000000082200000| Untracked 
|  35|0x0000000082300000, 0x0000000082400000, 0x0000000082400000|100%| O|  |TAMS 0x0000000082400000, 0x0000000082300000| Untracked 
|  36|0x0000000082400000, 0x0000000082500000, 0x0000000082500000|100%| O|  |TAMS 0x0000000082500000, 0x0000000082400000| Untracked 
|  37|0x0000000082500000, 0x0000000082600000, 0x0000000082600000|100%| O|  |TAMS 0x0000000082600000, 0x0000000082500000| Untracked 
|  38|0x0000000082600000, 0x0000000082700000, 0x0000000082700000|100%| O|  |TAMS 0x0000000082700000, 0x0000000082600000| Untracked 
|  39|0x0000000082700000, 0x0000000082800000, 0x0000000082800000|100%| O|  |TAMS 0x0000000082800000, 0x0000000082700000| Complete 
|  40|0x0000000082800000, 0x0000000082900000, 0x0000000082900000|100%| O|  |TAMS 0x0000000082900000, 0x0000000082800000| Untracked 
|  41|0x0000000082900000, 0x0000000082a00000, 0x0000000082a00000|100%| O|  |TAMS 0x0000000082a00000, 0x0000000082900000| Untracked 
|  42|0x0000000082a00000, 0x0000000082b00000, 0x0000000082b00000|100%| O|  |TAMS 0x0000000082b00000, 0x0000000082a00000| Untracked 
|  43|0x0000000082b00000, 0x0000000082c00000, 0x0000000082c00000|100%| O|  |TAMS 0x0000000082c00000, 0x0000000082b00000| Complete 
|  44|0x0000000082c00000, 0x0000000082d00000, 0x0000000082d00000|100%| O|  |TAMS 0x0000000082d00000, 0x0000000082c00000| Complete 
|  45|0x0000000082d00000, 0x0000000082e00000, 0x0000000082e00000|100%| O|  |TAMS 0x0000000082e00000, 0x0000000082d00000| Untracked 
|  46|0x0000000082e00000, 0x0000000082f00000, 0x0000000082f00000|100%| O|  |TAMS 0x0000000082f00000, 0x0000000082e00000| Untracked 
|  47|0x0000000082f00000, 0x0000000083000000, 0x0000000083000000|100%| O|  |TAMS 0x0000000083000000, 0x0000000082f00000| Untracked 
|  48|0x0000000083000000, 0x0000000083100000, 0x0000000083100000|100%| O|  |TAMS 0x0000000083100000, 0x0000000083000000| Complete 
|  49|0x0000000083100000, 0x0000000083200000, 0x0000000083200000|100%| O|  |TAMS 0x0000000083200000, 0x0000000083100000| Untracked 
|  50|0x0000000083200000, 0x0000000083300000, 0x0000000083300000|100%| O|  |TAMS 0x0000000083300000, 0x0000000083200000| Complete 
|  51|0x0000000083300000, 0x0000000083400000, 0x0000000083400000|100%| O|  |TAMS 0x0000000083400000, 0x0000000083300000| Complete 
|  52|0x0000000083400000, 0x0000000083500000, 0x0000000083500000|100%| O|  |TAMS 0x0000000083500000, 0x0000000083400000| Untracked 
|  53|0x0000000083500000, 0x0000000083600000, 0x0000000083600000|100%| O|  |TAMS 0x0000000083600000, 0x0000000083500000| Complete 
|  54|0x0000000083600000, 0x0000000083700000, 0x0000000083700000|100%| O|  |TAMS 0x0000000083700000, 0x0000000083600000| Complete 
|  55|0x0000000083700000, 0x0000000083800000, 0x0000000083800000|100%| O|  |TAMS 0x0000000083800000, 0x0000000083700000| Complete 
|  56|0x0000000083800000, 0x0000000083900000, 0x0000000083900000|100%| O|  |TAMS 0x0000000083900000, 0x0000000083800000| Complete 
|  57|0x0000000083900000, 0x0000000083a00000, 0x0000000083a00000|100%| O|  |TAMS 0x0000000083a00000, 0x0000000083900000| Complete 
|  58|0x0000000083a00000, 0x0000000083b00000, 0x0000000083b00000|100%| O|  |TAMS 0x0000000083b00000, 0x0000000083a00000| Complete 
|  59|0x0000000083b00000, 0x0000000083c00000, 0x0000000083c00000|100%| O|  |TAMS 0x0000000083c00000, 0x0000000083b00000| Untracked 
|  60|0x0000000083c00000, 0x0000000083d00000, 0x0000000083d00000|100%| O|  |TAMS 0x0000000083d00000, 0x0000000083c00000| Untracked 
|  61|0x0000000083d00000, 0x0000000083e00000, 0x0000000083e00000|100%| O|  |TAMS 0x0000000083e00000, 0x0000000083d00000| Complete 
|  62|0x0000000083e00000, 0x0000000083f00000, 0x0000000083f00000|100%|HS|  |TAMS 0x0000000083f00000, 0x0000000083e00000| Complete 
|  63|0x0000000083f00000, 0x0000000084000000, 0x0000000084000000|100%|HC|  |TAMS 0x0000000084000000, 0x0000000083f00000| Complete 
|  64|0x0000000084000000, 0x00000000840c4e00, 0x0000000084100000| 76%| O|  |TAMS 0x0000000084000000, 0x0000000084000000| Untracked 
|  65|0x0000000084100000, 0x0000000084100000, 0x0000000084200000|  0%| F|  |TAMS 0x0000000084100000, 0x0000000084100000| Untracked 
|  66|0x0000000084200000, 0x0000000084200000, 0x0000000084300000|  0%| F|  |TAMS 0x0000000084200000, 0x0000000084200000| Untracked 
|  67|0x0000000084300000, 0x0000000084300000, 0x0000000084400000|  0%| F|  |TAMS 0x0000000084300000, 0x0000000084300000| Untracked 
|  68|0x0000000084400000, 0x0000000084400000, 0x0000000084500000|  0%| F|  |TAMS 0x0000000084400000, 0x0000000084400000| Untracked 
|  69|0x0000000084500000, 0x0000000084600000, 0x0000000084600000|100%| O|  |TAMS 0x0000000084600000, 0x0000000084500000| Complete 
|  70|0x0000000084600000, 0x0000000084600000, 0x0000000084700000|  0%| F|  |TAMS 0x0000000084600000, 0x0000000084600000| Untracked 
|  71|0x0000000084700000, 0x0000000084800000, 0x0000000084800000|100%| O|  |TAMS 0x0000000084800000, 0x0000000084700000| Complete 
|  72|0x0000000084800000, 0x0000000084900000, 0x0000000084900000|100%| O|  |TAMS 0x0000000084900000, 0x0000000084800000| Complete 
|  73|0x0000000084900000, 0x0000000084a00000, 0x0000000084a00000|100%| O|  |TAMS 0x0000000084a00000, 0x0000000084900000| Complete 
|  74|0x0000000084a00000, 0x0000000084b00000, 0x0000000084b00000|100%| O|  |TAMS 0x0000000084b00000, 0x0000000084a00000| Complete 
|  75|0x0000000084b00000, 0x0000000084c00000, 0x0000000084c00000|100%| O|  |TAMS 0x0000000084c00000, 0x0000000084b00000| Complete 
|  76|0x0000000084c00000, 0x0000000084d00000, 0x0000000084d00000|100%| O|  |TAMS 0x0000000084d00000, 0x0000000084c00000| Complete 
|  77|0x0000000084d00000, 0x0000000084e00000, 0x0000000084e00000|100%| O|  |TAMS 0x0000000084e00000, 0x0000000084d00000| Complete 
|  78|0x0000000084e00000, 0x0000000084f00000, 0x0000000084f00000|100%| O|  |TAMS 0x0000000084f00000, 0x0000000084e00000| Complete 
|  79|0x0000000084f00000, 0x0000000085000000, 0x0000000085000000|100%| O|  |TAMS 0x0000000085000000, 0x0000000084f00000| Complete 
|  80|0x0000000085000000, 0x0000000085100000, 0x0000000085100000|100%| O|  |TAMS 0x0000000085100000, 0x0000000085000000| Complete 
|  81|0x0000000085100000, 0x0000000085200000, 0x0000000085200000|100%| O|  |TAMS 0x0000000085200000, 0x0000000085100000| Untracked 
|  82|0x0000000085200000, 0x0000000085300000, 0x0000000085300000|100%| O|  |TAMS 0x0000000085300000, 0x0000000085200000| Complete 
|  83|0x0000000085300000, 0x0000000085400000, 0x0000000085400000|100%| O|  |TAMS 0x0000000085400000, 0x0000000085300000| Complete 
|  84|0x0000000085400000, 0x0000000085500000, 0x0000000085500000|100%| O|  |TAMS 0x0000000085500000, 0x0000000085400000| Complete 
|  85|0x0000000085500000, 0x0000000085600000, 0x0000000085600000|100%| O|  |TAMS 0x0000000085600000, 0x0000000085500000| Complete 
|  86|0x0000000085600000, 0x0000000085700000, 0x0000000085700000|100%| O|  |TAMS 0x0000000085700000, 0x0000000085600000| Complete 
|  87|0x0000000085700000, 0x0000000085700000, 0x0000000085800000|  0%| F|  |TAMS 0x0000000085700000, 0x0000000085700000| Untracked 
|  88|0x0000000085800000, 0x0000000085800000, 0x0000000085900000|  0%| F|  |TAMS 0x0000000085800000, 0x0000000085800000| Untracked 
|  89|0x0000000085900000, 0x0000000085a00000, 0x0000000085a00000|100%| O|  |TAMS 0x0000000085a00000, 0x0000000085900000| Untracked 
|  90|0x0000000085a00000, 0x0000000085b00000, 0x0000000085b00000|100%| O|  |TAMS 0x0000000085b00000, 0x0000000085a00000| Untracked 
|  91|0x0000000085b00000, 0x0000000085c00000, 0x0000000085c00000|100%| O|  |TAMS 0x0000000085c00000, 0x0000000085b00000| Complete 
|  92|0x0000000085c00000, 0x0000000085d00000, 0x0000000085d00000|100%| O|  |TAMS 0x0000000085d00000, 0x0000000085c00000| Complete 
|  93|0x0000000085d00000, 0x0000000085e00000, 0x0000000085e00000|100%| O|  |TAMS 0x0000000085e00000, 0x0000000085d00000| Complete 
|  94|0x0000000085e00000, 0x0000000085f00000, 0x0000000085f00000|100%| O|  |TAMS 0x0000000085f00000, 0x0000000085e00000| Complete 
|  95|0x0000000085f00000, 0x0000000086000000, 0x0000000086000000|100%| O|  |TAMS 0x0000000086000000, 0x0000000085f00000| Complete 
|  96|0x0000000086000000, 0x0000000086100000, 0x0000000086100000|100%| O|  |TAMS 0x0000000086100000, 0x0000000086000000| Complete 
|  97|0x0000000086100000, 0x0000000086200000, 0x0000000086200000|100%| O|  |TAMS 0x0000000086200000, 0x0000000086100000| Complete 
|  98|0x0000000086200000, 0x0000000086300000, 0x0000000086300000|100%| O|  |TAMS 0x0000000086300000, 0x0000000086200000| Complete 
|  99|0x0000000086300000, 0x0000000086400000, 0x0000000086400000|100%| O|  |TAMS 0x0000000086400000, 0x0000000086300000| Complete 
| 100|0x0000000086400000, 0x0000000086500000, 0x0000000086500000|100%| O|  |TAMS 0x0000000086500000, 0x0000000086400000| Complete 
| 101|0x0000000086500000, 0x0000000086600000, 0x0000000086600000|100%| O|  |TAMS 0x0000000086600000, 0x0000000086500000| Complete 
| 102|0x0000000086600000, 0x0000000086700000, 0x0000000086700000|100%| O|  |TAMS 0x0000000086700000, 0x0000000086600000| Complete 
| 103|0x0000000086700000, 0x0000000086800000, 0x0000000086800000|100%| O|  |TAMS 0x0000000086800000, 0x0000000086700000| Complete 
| 104|0x0000000086800000, 0x0000000086900000, 0x0000000086900000|100%| O|  |TAMS 0x0000000086900000, 0x0000000086800000| Complete 
| 105|0x0000000086900000, 0x0000000086a00000, 0x0000000086a00000|100%| O|  |TAMS 0x0000000086a00000, 0x0000000086900000| Complete 
| 106|0x0000000086a00000, 0x0000000086b00000, 0x0000000086b00000|100%| O|  |TAMS 0x0000000086b00000, 0x0000000086a00000| Complete 
| 107|0x0000000086b00000, 0x0000000086c00000, 0x0000000086c00000|100%| O|  |TAMS 0x0000000086c00000, 0x0000000086b00000| Untracked 
| 108|0x0000000086c00000, 0x0000000086d00000, 0x0000000086d00000|100%| O|  |TAMS 0x0000000086d00000, 0x0000000086c00000| Complete 
| 109|0x0000000086d00000, 0x0000000086e00000, 0x0000000086e00000|100%| O|  |TAMS 0x0000000086e00000, 0x0000000086d00000| Untracked 
| 110|0x0000000086e00000, 0x0000000086f00000, 0x0000000086f00000|100%| O|  |TAMS 0x0000000086f00000, 0x0000000086e00000| Complete 
| 111|0x0000000086f00000, 0x0000000087000000, 0x0000000087000000|100%| O|  |TAMS 0x0000000087000000, 0x0000000086f00000| Complete 
| 112|0x0000000087000000, 0x0000000087100000, 0x0000000087100000|100%| O|  |TAMS 0x0000000087100000, 0x0000000087000000| Complete 
| 113|0x0000000087100000, 0x0000000087200000, 0x0000000087200000|100%| O|  |TAMS 0x0000000087200000, 0x0000000087100000| Complete 
| 114|0x0000000087200000, 0x0000000087200000, 0x0000000087300000|  0%| F|  |TAMS 0x0000000087200000, 0x0000000087200000| Untracked 
| 115|0x0000000087300000, 0x0000000087400000, 0x0000000087400000|100%| O|  |TAMS 0x0000000087400000, 0x0000000087300000| Complete 
| 116|0x0000000087400000, 0x0000000087500000, 0x0000000087500000|100%| O|  |TAMS 0x0000000087500000, 0x0000000087400000| Complete 
| 117|0x0000000087500000, 0x0000000087600000, 0x0000000087600000|100%| O|  |TAMS 0x0000000087600000, 0x0000000087500000| Complete 
| 118|0x0000000087600000, 0x0000000087600000, 0x0000000087700000|  0%| F|  |TAMS 0x0000000087600000, 0x0000000087600000| Untracked 
| 119|0x0000000087700000, 0x0000000087800000, 0x0000000087800000|100%|HS|  |TAMS 0x0000000087800000, 0x0000000087700000| Complete 
| 120|0x0000000087800000, 0x0000000087900000, 0x0000000087900000|100%|HC|  |TAMS 0x0000000087900000, 0x0000000087800000| Complete 
| 121|0x0000000087900000, 0x0000000087a00000, 0x0000000087a00000|100%| O|  |TAMS 0x0000000087a00000, 0x0000000087900000| Complete 
| 122|0x0000000087a00000, 0x0000000087b00000, 0x0000000087b00000|100%| O|  |TAMS 0x0000000087b00000, 0x0000000087a00000| Complete 
| 123|0x0000000087b00000, 0x0000000087c00000, 0x0000000087c00000|100%| O|  |TAMS 0x0000000087c00000, 0x0000000087b00000| Complete 
| 124|0x0000000087c00000, 0x0000000087d00000, 0x0000000087d00000|100%| O|  |TAMS 0x0000000087d00000, 0x0000000087c00000| Untracked 
| 125|0x0000000087d00000, 0x0000000087e00000, 0x0000000087e00000|100%| O|  |TAMS 0x0000000087e00000, 0x0000000087d00000| Complete 
| 126|0x0000000087e00000, 0x0000000087f00000, 0x0000000087f00000|100%| O|  |TAMS 0x0000000087f00000, 0x0000000087e00000| Complete 
| 127|0x0000000087f00000, 0x0000000088000000, 0x0000000088000000|100%| O|  |TAMS 0x0000000088000000, 0x0000000087f00000| Complete 
| 128|0x0000000088000000, 0x0000000088100000, 0x0000000088100000|100%| O|  |TAMS 0x0000000088100000, 0x0000000088000000| Complete 
| 129|0x0000000088100000, 0x0000000088100000, 0x0000000088200000|  0%| F|  |TAMS 0x0000000088100000, 0x0000000088100000| Untracked 
| 130|0x0000000088200000, 0x0000000088200000, 0x0000000088300000|  0%| F|  |TAMS 0x0000000088200000, 0x0000000088200000| Untracked 
| 131|0x0000000088300000, 0x0000000088400000, 0x0000000088400000|100%| O|  |TAMS 0x0000000088400000, 0x0000000088300000| Complete 
| 132|0x0000000088400000, 0x0000000088500000, 0x0000000088500000|100%| O|  |TAMS 0x0000000088500000, 0x0000000088400000| Complete 
| 133|0x0000000088500000, 0x0000000088600000, 0x0000000088600000|100%| O|  |TAMS 0x0000000088600000, 0x0000000088500000| Complete 
| 134|0x0000000088600000, 0x0000000088700000, 0x0000000088700000|100%| O|  |TAMS 0x0000000088700000, 0x0000000088600000| Complete 
| 135|0x0000000088700000, 0x0000000088800000, 0x0000000088800000|100%| O|  |TAMS 0x0000000088800000, 0x0000000088700000| Complete 
| 136|0x0000000088800000, 0x0000000088800000, 0x0000000088900000|  0%| F|  |TAMS 0x0000000088800000, 0x0000000088800000| Untracked 
| 137|0x0000000088900000, 0x0000000088900000, 0x0000000088a00000|  0%| F|  |TAMS 0x0000000088900000, 0x0000000088900000| Untracked 
| 138|0x0000000088a00000, 0x0000000088b00000, 0x0000000088b00000|100%| O|  |TAMS 0x0000000088b00000, 0x0000000088a00000| Complete 
| 139|0x0000000088b00000, 0x0000000088b00000, 0x0000000088c00000|  0%| F|  |TAMS 0x0000000088b00000, 0x0000000088b00000| Untracked 
| 140|0x0000000088c00000, 0x0000000088c00000, 0x0000000088d00000|  0%| F|  |TAMS 0x0000000088c00000, 0x0000000088c00000| Untracked 
| 141|0x0000000088d00000, 0x0000000088d00000, 0x0000000088e00000|  0%| F|  |TAMS 0x0000000088d00000, 0x0000000088d00000| Untracked 
| 142|0x0000000088e00000, 0x0000000088e00000, 0x0000000088f00000|  0%| F|  |TAMS 0x0000000088e00000, 0x0000000088e00000| Untracked 
| 143|0x0000000088f00000, 0x0000000088f00000, 0x0000000089000000|  0%| F|  |TAMS 0x0000000088f00000, 0x0000000088f00000| Untracked 
| 144|0x0000000089000000, 0x0000000089000000, 0x0000000089100000|  0%| F|  |TAMS 0x0000000089000000, 0x0000000089000000| Untracked 
| 145|0x0000000089100000, 0x0000000089200000, 0x0000000089200000|100%| O|  |TAMS 0x0000000089200000, 0x0000000089100000| Complete 
| 146|0x0000000089200000, 0x0000000089200000, 0x0000000089300000|  0%| F|  |TAMS 0x0000000089200000, 0x0000000089200000| Untracked 
| 147|0x0000000089300000, 0x0000000089300000, 0x0000000089400000|  0%| F|  |TAMS 0x0000000089300000, 0x0000000089300000| Untracked 
| 148|0x0000000089400000, 0x0000000089500000, 0x0000000089500000|100%| O|  |TAMS 0x0000000089500000, 0x0000000089400000| Complete 
| 149|0x0000000089500000, 0x0000000089500000, 0x0000000089600000|  0%| F|  |TAMS 0x0000000089500000, 0x0000000089500000| Untracked 
| 150|0x0000000089600000, 0x0000000089600000, 0x0000000089700000|  0%| F|  |TAMS 0x0000000089600000, 0x0000000089600000| Untracked 
| 151|0x0000000089700000, 0x0000000089800000, 0x0000000089800000|100%| O|  |TAMS 0x0000000089800000, 0x0000000089700000| Complete 
| 152|0x0000000089800000, 0x0000000089900000, 0x0000000089900000|100%| O|  |TAMS 0x0000000089900000, 0x0000000089800000| Complete 
| 153|0x0000000089900000, 0x0000000089900000, 0x0000000089a00000|  0%| F|  |TAMS 0x0000000089900000, 0x0000000089900000| Untracked 
| 154|0x0000000089a00000, 0x0000000089a00000, 0x0000000089b00000|  0%| F|  |TAMS 0x0000000089a00000, 0x0000000089a00000| Untracked 
| 155|0x0000000089b00000, 0x0000000089c00000, 0x0000000089c00000|100%| O|  |TAMS 0x0000000089c00000, 0x0000000089b00000| Complete 
| 156|0x0000000089c00000, 0x0000000089d00000, 0x0000000089d00000|100%| O|  |TAMS 0x0000000089d00000, 0x0000000089c00000| Complete 
| 157|0x0000000089d00000, 0x0000000089e00000, 0x0000000089e00000|100%| O|  |TAMS 0x0000000089e00000, 0x0000000089d00000| Complete 
| 158|0x0000000089e00000, 0x0000000089f00000, 0x0000000089f00000|100%| O|  |TAMS 0x0000000089f00000, 0x0000000089e00000| Complete 
| 159|0x0000000089f00000, 0x000000008a000000, 0x000000008a000000|100%| O|  |TAMS 0x000000008a000000, 0x0000000089f00000| Complete 
| 160|0x000000008a000000, 0x000000008a100000, 0x000000008a100000|100%| O|  |TAMS 0x000000008a100000, 0x000000008a000000| Complete 
| 161|0x000000008a100000, 0x000000008a200000, 0x000000008a200000|100%| O|  |TAMS 0x000000008a200000, 0x000000008a100000| Complete 
| 162|0x000000008a200000, 0x000000008a300000, 0x000000008a300000|100%| O|  |TAMS 0x000000008a300000, 0x000000008a200000| Complete 
| 163|0x000000008a300000, 0x000000008a400000, 0x000000008a400000|100%| O|  |TAMS 0x000000008a400000, 0x000000008a300000| Complete 
| 164|0x000000008a400000, 0x000000008a500000, 0x000000008a500000|100%| O|  |TAMS 0x000000008a500000, 0x000000008a400000| Complete 
| 165|0x000000008a500000, 0x000000008a500000, 0x000000008a600000|  0%| F|  |TAMS 0x000000008a500000, 0x000000008a500000| Untracked 
| 166|0x000000008a600000, 0x000000008a600000, 0x000000008a700000|  0%| F|  |TAMS 0x000000008a600000, 0x000000008a600000| Untracked 
| 167|0x000000008a700000, 0x000000008a700000, 0x000000008a800000|  0%| F|  |TAMS 0x000000008a700000, 0x000000008a700000| Untracked 
| 168|0x000000008a800000, 0x000000008a800000, 0x000000008a900000|  0%| F|  |TAMS 0x000000008a800000, 0x000000008a800000| Untracked 
| 169|0x000000008a900000, 0x000000008a900000, 0x000000008aa00000|  0%| F|  |TAMS 0x000000008a900000, 0x000000008a900000| Untracked 
| 170|0x000000008aa00000, 0x000000008aa00000, 0x000000008ab00000|  0%| F|  |TAMS 0x000000008aa00000, 0x000000008aa00000| Untracked 
| 171|0x000000008ab00000, 0x000000008ab00000, 0x000000008ac00000|  0%| F|  |TAMS 0x000000008ab00000, 0x000000008ab00000| Untracked 
| 172|0x000000008ac00000, 0x000000008ac00000, 0x000000008ad00000|  0%| F|  |TAMS 0x000000008ac00000, 0x000000008ac00000| Untracked 
| 173|0x000000008ad00000, 0x000000008ad00000, 0x000000008ae00000|  0%| F|  |TAMS 0x000000008ad00000, 0x000000008ad00000| Untracked 
| 174|0x000000008ae00000, 0x000000008ae00000, 0x000000008af00000|  0%| F|  |TAMS 0x000000008ae00000, 0x000000008ae00000| Untracked 
| 175|0x000000008af00000, 0x000000008af00000, 0x000000008b000000|  0%| F|  |TAMS 0x000000008af00000, 0x000000008af00000| Untracked 
| 176|0x000000008b000000, 0x000000008b000000, 0x000000008b100000|  0%| F|  |TAMS 0x000000008b000000, 0x000000008b000000| Untracked 
| 177|0x000000008b100000, 0x000000008b100000, 0x000000008b200000|  0%| F|  |TAMS 0x000000008b100000, 0x000000008b100000| Untracked 
| 178|0x000000008b200000, 0x000000008b200000, 0x000000008b300000|  0%| F|  |TAMS 0x000000008b200000, 0x000000008b200000| Untracked 
| 179|0x000000008b300000, 0x000000008b300000, 0x000000008b400000|  0%| F|  |TAMS 0x000000008b300000, 0x000000008b300000| Untracked 
| 180|0x000000008b400000, 0x000000008b400000, 0x000000008b500000|  0%| F|  |TAMS 0x000000008b400000, 0x000000008b400000| Untracked 
| 181|0x000000008b500000, 0x000000008b500000, 0x000000008b600000|  0%| F|  |TAMS 0x000000008b500000, 0x000000008b500000| Untracked 
| 182|0x000000008b600000, 0x000000008b600000, 0x000000008b700000|  0%| F|  |TAMS 0x000000008b600000, 0x000000008b600000| Untracked 
| 183|0x000000008b700000, 0x000000008b700000, 0x000000008b800000|  0%| F|  |TAMS 0x000000008b700000, 0x000000008b700000| Untracked 
| 184|0x000000008b800000, 0x000000008b800000, 0x000000008b900000|  0%| F|  |TAMS 0x000000008b800000, 0x000000008b800000| Untracked 
| 185|0x000000008b900000, 0x000000008b900000, 0x000000008ba00000|  0%| F|  |TAMS 0x000000008b900000, 0x000000008b900000| Untracked 
| 186|0x000000008ba00000, 0x000000008ba00000, 0x000000008bb00000|  0%| F|  |TAMS 0x000000008ba00000, 0x000000008ba00000| Untracked 
| 187|0x000000008bb00000, 0x000000008bb00000, 0x000000008bc00000|  0%| F|  |TAMS 0x000000008bb00000, 0x000000008bb00000| Untracked 
| 188|0x000000008bc00000, 0x000000008bc00000, 0x000000008bd00000|  0%| F|  |TAMS 0x000000008bc00000, 0x000000008bc00000| Untracked 
| 189|0x000000008bd00000, 0x000000008bd00000, 0x000000008be00000|  0%| F|  |TAMS 0x000000008bd00000, 0x000000008bd00000| Untracked 
| 190|0x000000008be00000, 0x000000008be00000, 0x000000008bf00000|  0%| F|  |TAMS 0x000000008be00000, 0x000000008be00000| Untracked 
| 191|0x000000008bf00000, 0x000000008bf00000, 0x000000008c000000|  0%| F|  |TAMS 0x000000008bf00000, 0x000000008bf00000| Untracked 
| 192|0x000000008c000000, 0x000000008c000000, 0x000000008c100000|  0%| F|  |TAMS 0x000000008c000000, 0x000000008c000000| Untracked 
| 193|0x000000008c100000, 0x000000008c100000, 0x000000008c200000|  0%| F|  |TAMS 0x000000008c100000, 0x000000008c100000| Untracked 
| 194|0x000000008c200000, 0x000000008c200000, 0x000000008c300000|  0%| F|  |TAMS 0x000000008c200000, 0x000000008c200000| Untracked 
| 195|0x000000008c300000, 0x000000008c300000, 0x000000008c400000|  0%| F|  |TAMS 0x000000008c300000, 0x000000008c300000| Untracked 
| 196|0x000000008c400000, 0x000000008c400000, 0x000000008c500000|  0%| F|  |TAMS 0x000000008c400000, 0x000000008c400000| Untracked 
| 197|0x000000008c500000, 0x000000008c500000, 0x000000008c600000|  0%| F|  |TAMS 0x000000008c500000, 0x000000008c500000| Untracked 
| 198|0x000000008c600000, 0x000000008c600000, 0x000000008c700000|  0%| F|  |TAMS 0x000000008c600000, 0x000000008c600000| Untracked 
| 199|0x000000008c700000, 0x000000008c700000, 0x000000008c800000|  0%| F|  |TAMS 0x000000008c700000, 0x000000008c700000| Untracked 
| 200|0x000000008c800000, 0x000000008c800000, 0x000000008c900000|  0%| F|  |TAMS 0x000000008c800000, 0x000000008c800000| Untracked 
| 201|0x000000008c900000, 0x000000008c900000, 0x000000008ca00000|  0%| F|  |TAMS 0x000000008c900000, 0x000000008c900000| Untracked 
| 202|0x000000008ca00000, 0x000000008ca00000, 0x000000008cb00000|  0%| F|  |TAMS 0x000000008ca00000, 0x000000008ca00000| Untracked 
| 203|0x000000008cb00000, 0x000000008cb00000, 0x000000008cc00000|  0%| F|  |TAMS 0x000000008cb00000, 0x000000008cb00000| Untracked 
| 204|0x000000008cc00000, 0x000000008cc00000, 0x000000008cd00000|  0%| F|  |TAMS 0x000000008cc00000, 0x000000008cc00000| Untracked 
| 205|0x000000008cd00000, 0x000000008cd00000, 0x000000008ce00000|  0%| F|  |TAMS 0x000000008cd00000, 0x000000008cd00000| Untracked 
| 206|0x000000008ce00000, 0x000000008ce7c250, 0x000000008cf00000| 48%| S|CS|TAMS 0x000000008ce00000, 0x000000008ce00000| Complete 
| 207|0x000000008cf00000, 0x000000008d000000, 0x000000008d000000|100%| S|CS|TAMS 0x000000008cf00000, 0x000000008cf00000| Complete 
| 208|0x000000008d000000, 0x000000008d100000, 0x000000008d100000|100%| S|CS|TAMS 0x000000008d000000, 0x000000008d000000| Complete 
| 209|0x000000008d100000, 0x000000008d200000, 0x000000008d200000|100%| S|CS|TAMS 0x000000008d100000, 0x000000008d100000| Complete 
| 210|0x000000008d200000, 0x000000008d300000, 0x000000008d300000|100%| S|CS|TAMS 0x000000008d200000, 0x000000008d200000| Complete 
| 211|0x000000008d300000, 0x000000008d300000, 0x000000008d400000|  0%| F|  |TAMS 0x000000008d300000, 0x000000008d300000| Untracked 
| 212|0x000000008d400000, 0x000000008d400000, 0x000000008d500000|  0%| F|  |TAMS 0x000000008d400000, 0x000000008d400000| Untracked 
| 213|0x000000008d500000, 0x000000008d500000, 0x000000008d600000|  0%| F|  |TAMS 0x000000008d500000, 0x000000008d500000| Untracked 
| 214|0x000000008d600000, 0x000000008d600000, 0x000000008d700000|  0%| F|  |TAMS 0x000000008d600000, 0x000000008d600000| Untracked 
| 215|0x000000008d700000, 0x000000008d700000, 0x000000008d800000|  0%| F|  |TAMS 0x000000008d700000, 0x000000008d700000| Untracked 
| 216|0x000000008d800000, 0x000000008d800000, 0x000000008d900000|  0%| F|  |TAMS 0x000000008d800000, 0x000000008d800000| Untracked 
| 217|0x000000008d900000, 0x000000008d900000, 0x000000008da00000|  0%| F|  |TAMS 0x000000008d900000, 0x000000008d900000| Untracked 
| 218|0x000000008da00000, 0x000000008da00000, 0x000000008db00000|  0%| F|  |TAMS 0x000000008da00000, 0x000000008da00000| Untracked 
| 219|0x000000008db00000, 0x000000008db00000, 0x000000008dc00000|  0%| F|  |TAMS 0x000000008db00000, 0x000000008db00000| Untracked 
| 220|0x000000008dc00000, 0x000000008dc00000, 0x000000008dd00000|  0%| F|  |TAMS 0x000000008dc00000, 0x000000008dc00000| Untracked 
| 221|0x000000008dd00000, 0x000000008dd00000, 0x000000008de00000|  0%| F|  |TAMS 0x000000008dd00000, 0x000000008dd00000| Untracked 
| 222|0x000000008de00000, 0x000000008de00000, 0x000000008df00000|  0%| F|  |TAMS 0x000000008de00000, 0x000000008de00000| Untracked 
| 223|0x000000008df00000, 0x000000008df00000, 0x000000008e000000|  0%| F|  |TAMS 0x000000008df00000, 0x000000008df00000| Untracked 
| 224|0x000000008e000000, 0x000000008e000000, 0x000000008e100000|  0%| F|  |TAMS 0x000000008e000000, 0x000000008e000000| Untracked 
| 225|0x000000008e100000, 0x000000008e100000, 0x000000008e200000|  0%| F|  |TAMS 0x000000008e100000, 0x000000008e100000| Untracked 
| 226|0x000000008e200000, 0x000000008e200000, 0x000000008e300000|  0%| F|  |TAMS 0x000000008e200000, 0x000000008e200000| Untracked 
| 227|0x000000008e300000, 0x000000008e300000, 0x000000008e400000|  0%| F|  |TAMS 0x000000008e300000, 0x000000008e300000| Untracked 
| 228|0x000000008e400000, 0x000000008e400000, 0x000000008e500000|  0%| F|  |TAMS 0x000000008e400000, 0x000000008e400000| Untracked 
| 229|0x000000008e500000, 0x000000008e500000, 0x000000008e600000|  0%| F|  |TAMS 0x000000008e500000, 0x000000008e500000| Untracked 
| 230|0x000000008e600000, 0x000000008e600000, 0x000000008e700000|  0%| F|  |TAMS 0x000000008e600000, 0x000000008e600000| Untracked 
| 231|0x000000008e700000, 0x000000008e700000, 0x000000008e800000|  0%| F|  |TAMS 0x000000008e700000, 0x000000008e700000| Untracked 
| 232|0x000000008e800000, 0x000000008e800000, 0x000000008e900000|  0%| F|  |TAMS 0x000000008e800000, 0x000000008e800000| Untracked 
| 233|0x000000008e900000, 0x000000008e900000, 0x000000008ea00000|  0%| F|  |TAMS 0x000000008e900000, 0x000000008e900000| Untracked 
| 234|0x000000008ea00000, 0x000000008ea00000, 0x000000008eb00000|  0%| F|  |TAMS 0x000000008ea00000, 0x000000008ea00000| Untracked 
| 235|0x000000008eb00000, 0x000000008eb00000, 0x000000008ec00000|  0%| F|  |TAMS 0x000000008eb00000, 0x000000008eb00000| Untracked 
| 236|0x000000008ec00000, 0x000000008ec00000, 0x000000008ed00000|  0%| F|  |TAMS 0x000000008ec00000, 0x000000008ec00000| Untracked 
| 237|0x000000008ed00000, 0x000000008ed00000, 0x000000008ee00000|  0%| F|  |TAMS 0x000000008ed00000, 0x000000008ed00000| Untracked 
| 238|0x000000008ee00000, 0x000000008ee00000, 0x000000008ef00000|  0%| F|  |TAMS 0x000000008ee00000, 0x000000008ee00000| Untracked 
| 239|0x000000008ef00000, 0x000000008ef00000, 0x000000008f000000|  0%| F|  |TAMS 0x000000008ef00000, 0x000000008ef00000| Untracked 
| 240|0x000000008f000000, 0x000000008f000000, 0x000000008f100000|  0%| F|  |TAMS 0x000000008f000000, 0x000000008f000000| Untracked 
| 241|0x000000008f100000, 0x000000008f100000, 0x000000008f200000|  0%| F|  |TAMS 0x000000008f100000, 0x000000008f100000| Untracked 
| 242|0x000000008f200000, 0x000000008f200000, 0x000000008f300000|  0%| F|  |TAMS 0x000000008f200000, 0x000000008f200000| Untracked 
| 243|0x000000008f300000, 0x000000008f300000, 0x000000008f400000|  0%| F|  |TAMS 0x000000008f300000, 0x000000008f300000| Untracked 
| 244|0x000000008f400000, 0x000000008f400000, 0x000000008f500000|  0%| F|  |TAMS 0x000000008f400000, 0x000000008f400000| Untracked 
| 245|0x000000008f500000, 0x000000008f500000, 0x000000008f600000|  0%| F|  |TAMS 0x000000008f500000, 0x000000008f500000| Untracked 

Card table byte_map: [0x0000013300000000,0x0000013300400000] _byte_map_base: 0x00000132ffc00000

Marking Bits (Prev, Next): (CMBitMap*) 0x000001336ad36d40, (CMBitMap*) 0x000001336ad36d08
 Prev Bits: [0x0000013302800000, 0x0000013304800000)
 Next Bits: [0x0000013300800000, 0x0000013302800000)

Polling page: 0x000001336abc0000

Metaspace:

Usage:
  Non-class:     86.84 MB capacity,    85.18 MB ( 98%) used,     1.42 MB (  2%) free+waste,   244.19 KB ( <1%) overhead. 
      Class:     12.74 MB capacity,    11.88 MB ( 93%) used,   769.94 KB (  6%) free+waste,   106.25 KB ( <1%) overhead. 
       Both:     99.58 MB capacity,    97.06 MB ( 97%) used,     2.17 MB (  2%) free+waste,   350.44 KB ( <1%) overhead. 

Virtual space:
  Non-class space:       88.00 MB reserved,      87.00 MB ( 99%) committed 
      Class space:        1.00 GB reserved,      12.87 MB (  1%) committed 
             Both:        1.09 GB reserved,      99.87 MB (  9%) committed 

Chunk freelists:
   Non-Class:  39.00 KB
       Class:  10.00 KB
        Both:  49.00 KB

MaxMetaspaceSize: 17179869184.00 GB
CompressedClassSpaceSize: 1.00 GB

CodeHeap 'non-profiled nmethods': size=120000Kb used=7390Kb max_used=7390Kb free=112609Kb
 bounds [0x0000013377900000, 0x0000013378050000, 0x000001337ee30000]
CodeHeap 'profiled nmethods': size=120000Kb used=30642Kb max_used=31517Kb free=89357Kb
 bounds [0x00000133703d0000, 0x00000133722b0000, 0x0000013377900000]
CodeHeap 'non-nmethods': size=5760Kb used=2313Kb max_used=2369Kb free=3446Kb
 bounds [0x000001336fe30000, 0x00000133700a0000, 0x00000133703d0000]
 total_blobs=15881 nmethods=14953 adapters=838
 compilation: enabled
              stopped_count=0, restarted_count=0
 full_count=0

Compilation events (20 events):
Event: 1505.834 Thread 0x0000013307067000 nmethod 16657 0x0000013370990690 code [0x0000013370990840, 0x00000133709909d8]
Event: 1505.838 Thread 0x0000013307067000 16658       3       org.gradle.api.internal.artifacts.ivyservice.resolveengine.result.ComponentSelectionReasons$DefaultComponentSelectionReason::<init> (56 bytes)
Event: 1505.839 Thread 0x0000013307067000 nmethod 16658 0x0000013370c2a110 code [0x0000013370c2a320, 0x0000013370c2aa08]
Event: 1505.840 Thread 0x0000013307067000 16659       3       java.util.LinkedHashSet::<init> (27 bytes)
Event: 1505.841 Thread 0x0000013307067000 nmethod 16659 0x0000013370d2c410 code [0x0000013370d2c640, 0x0000013370d2cc88]
Event: 1505.841 Thread 0x0000013307067000 16660       3       org.gradle.api.internal.artifacts.ivyservice.modulecache.artifacts.ArtifactsAtRepositoryKey::hashCode (36 bytes)
Event: 1505.841 Thread 0x0000013307067000 nmethod 16660 0x0000013370b4e790 code [0x0000013370b4e960, 0x0000013370b4ebc8]
Event: 1505.841 Thread 0x0000013307067000 16661       3       org.gradle.api.internal.artifacts.ivyservice.modulecache.artifacts.AbstractArtifactsCache::getCachedArtifacts (41 bytes)
Event: 1505.847 Thread 0x0000013307067000 nmethod 16661 0x0000013370d2e390 code [0x0000013370d2e5a0, 0x0000013370d2ed78]
Event: 1505.847 Thread 0x0000013307067000 16662       3       org.gradle.api.internal.artifacts.ivyservice.modulecache.artifacts.ArtifactsAtRepositoryKey::<init> (20 bytes)
Event: 1505.848 Thread 0x0000013307067000 nmethod 16662 0x0000013370b6c990 code [0x0000013370b6cb40, 0x0000013370b6cdb8]
Event: 1505.848 Thread 0x0000013307067000 16663       3       org.gradle.api.internal.artifacts.ivyservice.modulecache.artifacts.AbstractArtifactsCache::createCacheArtifacts (30 bytes)
Event: 1505.848 Thread 0x0000013307067000 nmethod 16663 0x0000013370bd5610 code [0x0000013370bd57e0, 0x0000013370bd5af8]
Event: 1505.852 Thread 0x0000013307067000 16664       3       java.lang.Long::equals (30 bytes)
Event: 1505.854 Thread 0x0000013307067000 nmethod 16664 0x0000013370be0490 code [0x0000013370be0660, 0x0000013370be09f8]
Event: 1505.856 Thread 0x0000013307067000 16666       3       org.gradle.internal.component.external.model.DefaultModuleComponentIdentifier::getGroup (10 bytes)
Event: 1505.856 Thread 0x0000013307067000 nmethod 16666 0x00000133709c3310 code [0x00000133709c34c0, 0x00000133709c3618]
Event: 1505.857 Thread 0x0000013307067000 16667       3       org.gradle.api.internal.artifacts.dsl.dependencies.DefaultDependencyConstraintHandler::add (17 bytes)
Event: 1505.861 Thread 0x0000013307067000 nmethod 16667 0x0000013370d33f10 code [0x0000013370d34160, 0x0000013370d34cc8]
Event: 1505.861 Thread 0x0000013307067000 16674       3       java.net.URI::decode (379 bytes)

GC Heap History (20 events):
Event: 1446.041 GC heap after
{Heap after GC invocations=36 (full 0):
 garbage-first heap   total 187392K, used 140288K [0x0000000080000000, 0x0000000100000000)
  region size 1024K, 4 young (4096K), 4 survivors (4096K)
 Metaspace       used 96319K, capacity 98615K, committed 98808K, reserved 1134592K
  class space    used 11884K, capacity 12644K, committed 12792K, reserved 1048576K
}
Event: 1446.246 GC heap before
{Heap before GC invocations=36 (full 0):
 garbage-first heap   total 187392K, used 152576K [0x0000000080000000, 0x0000000100000000)
  region size 1024K, 16 young (16384K), 4 survivors (4096K)
 Metaspace       used 96999K, capacity 99294K, committed 99576K, reserved 1136640K
  class space    used 11945K, capacity 12721K, committed 12792K, reserved 1048576K
}
Event: 1446.259 GC heap after
{Heap after GC invocations=37 (full 0):
 garbage-first heap   total 187392K, used 143196K [0x0000000080000000, 0x0000000100000000)
  region size 1024K, 2 young (2048K), 2 survivors (2048K)
 Metaspace       used 96999K, capacity 99294K, committed 99576K, reserved 1136640K
  class space    used 11945K, capacity 12721K, committed 12792K, reserved 1048576K
}
Event: 1446.295 GC heap before
{Heap before GC invocations=38 (full 0):
 garbage-first heap   total 187392K, used 155484K [0x0000000080000000, 0x0000000100000000)
  region size 1024K, 14 young (14336K), 2 survivors (2048K)
 Metaspace       used 97028K, capacity 99302K, committed 99576K, reserved 1136640K
  class space    used 11945K, capacity 12721K, committed 12792K, reserved 1048576K
}
Event: 1446.310 GC heap after
{Heap after GC invocations=39 (full 0):
 garbage-first heap   total 187392K, used 152294K [0x0000000080000000, 0x0000000100000000)
  region size 1024K, 2 young (2048K), 2 survivors (2048K)
 Metaspace       used 97028K, capacity 99302K, committed 99576K, reserved 1136640K
  class space    used 11945K, capacity 12721K, committed 12792K, reserved 1048576K
}
Event: 1446.330 GC heap before
{Heap before GC invocations=39 (full 0):
 garbage-first heap   total 187392K, used 159462K [0x0000000080000000, 0x0000000100000000)
  region size 1024K, 9 young (9216K), 2 survivors (2048K)
 Metaspace       used 97028K, capacity 99302K, committed 99576K, reserved 1136640K
  class space    used 11945K, capacity 12721K, committed 12792K, reserved 1048576K
}
Event: 1446.346 GC heap after
{Heap after GC invocations=40 (full 0):
 garbage-first heap   total 187392K, used 157059K [0x0000000080000000, 0x0000000100000000)
  region size 1024K, 2 young (2048K), 2 survivors (2048K)
 Metaspace       used 97028K, capacity 99302K, committed 99576K, reserved 1136640K
  class space    used 11945K, capacity 12721K, committed 12792K, reserved 1048576K
}
Event: 1446.393 GC heap before
{Heap before GC invocations=40 (full 0):
 garbage-first heap   total 187392K, used 164227K [0x0000000080000000, 0x0000000100000000)
  region size 1024K, 9 young (9216K), 2 survivors (2048K)
 Metaspace       used 97065K, capacity 99305K, committed 99576K, reserved 1136640K
  class space    used 11946K, capacity 12721K, committed 12792K, reserved 1048576K
}
Event: 1446.401 GC heap after
{Heap after GC invocations=41 (full 0):
 garbage-first heap   total 187392K, used 159672K [0x0000000080000000, 0x0000000100000000)
  region size 1024K, 2 young (2048K), 2 survivors (2048K)
 Metaspace       used 97065K, capacity 99305K, committed 99576K, reserved 1136640K
  class space    used 11946K, capacity 12721K, committed 12792K, reserved 1048576K
}
Event: 1446.435 GC heap before
{Heap before GC invocations=41 (full 0):
 garbage-first heap   total 187392K, used 166840K [0x0000000080000000, 0x0000000100000000)
  region size 1024K, 9 young (9216K), 2 survivors (2048K)
 Metaspace       used 97071K, capacity 99371K, committed 99576K, reserved 1136640K
  class space    used 11946K, capacity 12721K, committed 12792K, reserved 1048576K
}
Event: 1446.443 GC heap after
{Heap after GC invocations=42 (full 0):
 garbage-first heap   total 187392K, used 164007K [0x0000000080000000, 0x0000000100000000)
  region size 1024K, 2 young (2048K), 2 survivors (2048K)
 Metaspace       used 97071K, capacity 99371K, committed 99576K, reserved 1136640K
  class space    used 11946K, capacity 12721K, committed 12792K, reserved 1048576K
}
Event: 1446.471 GC heap before
{Heap before GC invocations=42 (full 0):
 garbage-first heap   total 187392K, used 171175K [0x0000000080000000, 0x0000000100000000)
  region size 1024K, 9 young (9216K), 2 survivors (2048K)
 Metaspace       used 97072K, capacity 99371K, committed 99576K, reserved 1136640K
  class space    used 11946K, capacity 12721K, committed 12792K, reserved 1048576K
}
Event: 1446.484 GC heap after
{Heap after GC invocations=43 (full 0):
 garbage-first heap   total 251904K, used 169518K [0x0000000080000000, 0x0000000100000000)
  region size 1024K, 2 young (2048K), 2 survivors (2048K)
 Metaspace       used 97072K, capacity 99371K, committed 99576K, reserved 1136640K
  class space    used 11946K, capacity 12721K, committed 12792K, reserved 1048576K
}
Event: 1446.810 GC heap before
{Heap before GC invocations=44 (full 0):
 garbage-first heap   total 251904K, used 179758K [0x0000000080000000, 0x0000000100000000)
  region size 1024K, 22 young (22528K), 2 survivors (2048K)
 Metaspace       used 98358K, capacity 100649K, committed 100728K, reserved 1136640K
  class space    used 12081K, capacity 12889K, committed 12920K, reserved 1048576K
}
Event: 1446.820 GC heap after
{Heap after GC invocations=45 (full 0):
 garbage-first heap   total 251904K, used 166620K [0x0000000080000000, 0x0000000100000000)
  region size 1024K, 3 young (3072K), 3 survivors (3072K)
 Metaspace       used 98358K, capacity 100649K, committed 100728K, reserved 1136640K
  class space    used 12081K, capacity 12889K, committed 12920K, reserved 1048576K
}
Event: 1446.936 GC heap before
{Heap before GC invocations=45 (full 0):
 garbage-first heap   total 251904K, used 175836K [0x0000000080000000, 0x0000000100000000)
  region size 1024K, 12 young (12288K), 3 survivors (3072K)
 Metaspace       used 98534K, capacity 100859K, committed 100984K, reserved 1136640K
  class space    used 12085K, capacity 12893K, committed 12920K, reserved 1048576K
}
Event: 1446.947 GC heap after
{Heap after GC invocations=46 (full 0):
 garbage-first heap   total 251904K, used 148446K [0x0000000080000000, 0x0000000100000000)
  region size 1024K, 1 young (1024K), 1 survivors (1024K)
 Metaspace       used 98534K, capacity 100859K, committed 100984K, reserved 1136640K
  class space    used 12085K, capacity 12893K, committed 12920K, reserved 1048576K
}
Event: 1493.356 GC heap before
{Heap before GC invocations=46 (full 0):
 garbage-first heap   total 251904K, used 177118K [0x0000000080000000, 0x0000000100000000)
  region size 1024K, 30 young (30720K), 1 survivors (1024K)
 Metaspace       used 99086K, capacity 101528K, committed 101624K, reserved 1138688K
  class space    used 12141K, capacity 12983K, committed 13048K, reserved 1048576K
}
Event: 1493.448 GC heap after
{Heap after GC invocations=47 (full 0):
 garbage-first heap   total 251904K, used 150431K [0x0000000080000000, 0x0000000100000000)
  region size 1024K, 3 young (3072K), 3 survivors (3072K)
 Metaspace       used 99086K, capacity 101528K, committed 101624K, reserved 1138688K
  class space    used 12141K, capacity 12983K, committed 13048K, reserved 1048576K
}
Event: 1505.868 GC heap before
{Heap before GC invocations=48 (full 0):
 garbage-first heap   total 251904K, used 178079K [0x0000000080000000, 0x0000000100000000)
  region size 1024K, 35 young (35840K), 3 survivors (3072K)
 Metaspace       used 99391K, capacity 101967K, committed 102264K, reserved 1138688K
  class space    used 12169K, capacity 13046K, committed 13176K, reserved 1048576K
}

Deoptimization events (20 events):
Event: 1493.170 Thread 0x000001330dce4800 DEOPT PACKING pc=0x0000013377d34d54 sp=0x000000272abfe120
Event: 1493.170 Thread 0x000001330dce4800 DEOPT UNPACKING pc=0x000001336fe574af sp=0x000000272abfe0e8 mode 2
Event: 1493.466 Thread 0x000001330dce8000 DEOPT PACKING pc=0x0000013372156344 sp=0x000000272c3fd9f0
Event: 1493.466 Thread 0x000001330dce8000 DEOPT UNPACKING pc=0x000001336fe572ce sp=0x000000272c3fcf90 mode 0
Event: 1493.830 Thread 0x000001330dce8800 DEOPT PACKING pc=0x0000013372156344 sp=0x000000272c5fad90
Event: 1493.830 Thread 0x000001330dce8800 DEOPT UNPACKING pc=0x000001336fe572ce sp=0x000000272c5fa330 mode 0
Event: 1493.950 Thread 0x000001330dce8800 DEOPT PACKING pc=0x0000013372156344 sp=0x000000272c5fb050
Event: 1493.950 Thread 0x000001330dce8800 DEOPT UNPACKING pc=0x000001336fe572ce sp=0x000000272c5fa5f0 mode 0
Event: 1495.036 Thread 0x000001330dce8800 DEOPT PACKING pc=0x0000013372156344 sp=0x000000272c5fab50
Event: 1495.037 Thread 0x000001330dce8800 DEOPT UNPACKING pc=0x000001336fe572ce sp=0x000000272c5fa0f0 mode 0
Event: 1502.255 Thread 0x00000133089a2800 Uncommon trap: trap_request=0xffffff4d fr.pc=0x0000013377b926e0 relative=0x0000000000001ac0
Event: 1502.255 Thread 0x00000133089a2800 Uncommon trap: reason=unstable_if action=reinterpret pc=0x0000013377b926e0 method=java.util.HashMap.values()Ljava/util/Collection; @ 6 c2
Event: 1502.255 Thread 0x00000133089a2800 DEOPT PACKING pc=0x0000013377b926e0 sp=0x000000272a8fe4b0
Event: 1502.255 Thread 0x00000133089a2800 DEOPT UNPACKING pc=0x000001336fe574af sp=0x000000272a8fe410 mode 2
Event: 1505.531 Thread 0x000001330dcec000 DEOPT PACKING pc=0x0000013372156344 sp=0x000000272c1fda60
Event: 1505.531 Thread 0x000001330dcec000 DEOPT UNPACKING pc=0x000001336fe572ce sp=0x000000272c1fd000 mode 0
Event: 1505.542 Thread 0x000001330dcf0000 DEOPT PACKING pc=0x0000013372156344 sp=0x000000272bdfda40
Event: 1505.542 Thread 0x000001330dcf0000 DEOPT UNPACKING pc=0x000001336fe572ce sp=0x000000272bdfcfe0 mode 0
Event: 1505.708 Thread 0x000001330dce4800 DEOPT PACKING pc=0x0000013370de55da sp=0x000000272abfa240
Event: 1505.708 Thread 0x000001330dce4800 DEOPT UNPACKING pc=0x000001336fe572ce sp=0x000000272abf9760 mode 0

Classes redefined (0 events):
No events

Internal exceptions (20 events):
Event: 1446.715 Thread 0x0000013309b5c800 Exception <a 'sun/nio/fs/WindowsException'{0x000000008e6122a8}> (0x000000008e6122a8) thrown at [./src/hotspot/share/prims/jni.cpp, line 615]
Event: 1446.717 Thread 0x0000013309b5c800 Exception <a 'sun/nio/fs/WindowsException'{0x000000008e6206b0}> (0x000000008e6206b0) thrown at [./src/hotspot/share/prims/jni.cpp, line 615]
Event: 1446.732 Thread 0x0000013309b5c800 Exception <a 'sun/nio/fs/WindowsException'{0x000000008e6ba490}> (0x000000008e6ba490) thrown at [./src/hotspot/share/prims/jni.cpp, line 615]
Event: 1446.735 Thread 0x0000013309b5c800 Exception <a 'sun/nio/fs/WindowsException'{0x000000008e6d17a0}> (0x000000008e6d17a0) thrown at [./src/hotspot/share/prims/jni.cpp, line 615]
Event: 1446.744 Thread 0x0000013309b5c800 Exception <a 'sun/nio/fs/WindowsException'{0x000000008e525748}> (0x000000008e525748) thrown at [./src/hotspot/share/prims/jni.cpp, line 615]
Event: 1446.754 Thread 0x0000013309b5c800 Exception <a 'sun/nio/fs/WindowsException'{0x000000008e59e328}> (0x000000008e59e328) thrown at [./src/hotspot/share/prims/jni.cpp, line 615]
Event: 1446.754 Thread 0x0000013309b5c800 Exception <a 'sun/nio/fs/WindowsException'{0x000000008e59f270}> (0x000000008e59f270) thrown at [./src/hotspot/share/prims/jni.cpp, line 615]
Event: 1446.757 Thread 0x0000013309b5c800 Exception <a 'sun/nio/fs/WindowsException'{0x000000008e5a3a40}> (0x000000008e5a3a40) thrown at [./src/hotspot/share/prims/jni.cpp, line 615]
Event: 1446.762 Thread 0x0000013309b5c800 Exception <a 'sun/nio/fs/WindowsException'{0x000000008e5ae3e0}> (0x000000008e5ae3e0) thrown at [./src/hotspot/share/prims/jni.cpp, line 615]
Event: 1446.764 Thread 0x0000013309b5c800 Exception <a 'sun/nio/fs/WindowsException'{0x000000008e5bc638}> (0x000000008e5bc638) thrown at [./src/hotspot/share/prims/jni.cpp, line 615]
Event: 1446.766 Thread 0x0000013309b5c800 Exception <a 'sun/nio/fs/WindowsException'{0x000000008e5d5340}> (0x000000008e5d5340) thrown at [./src/hotspot/share/prims/jni.cpp, line 615]
Event: 1446.767 Thread 0x0000013309b5c800 Exception <a 'sun/nio/fs/WindowsException'{0x000000008e5db6a8}> (0x000000008e5db6a8) thrown at [./src/hotspot/share/prims/jni.cpp, line 615]
Event: 1447.119 Thread 0x0000013309b5c800 Exception <a 'java/lang/reflect/InvocationTargetException'{0x000000008e4df2d0}> (0x000000008e4df2d0) thrown at [./src/hotspot/share/runtime/reflection.cpp, line 1247]
Event: 1447.304 Thread 0x000001330dce7000 Exception <a 'java/lang/NoSuchMethodError'{0x000000008e105220}: <clinit>> (0x000000008e105220) thrown at [./src/hotspot/share/prims/jni.cpp, line 1362]
Event: 1447.311 Thread 0x000001330dce7000 Exception <a 'java/lang/NoSuchMethodError'{0x000000008e160c28}: <clinit>> (0x000000008e160c28) thrown at [./src/hotspot/share/prims/jni.cpp, line 1362]
Event: 1447.324 Thread 0x000001330dce4800 Exception <a 'sun/nio/fs/WindowsException'{0x000000008e1660e0}> (0x000000008e1660e0) thrown at [./src/hotspot/share/prims/jni.cpp, line 615]
Event: 1493.141 Thread 0x0000013309b5b000 Exception <a 'java/lang/NoSuchMethodError'{0x000000008deccd98}: <clinit>> (0x000000008deccd98) thrown at [./src/hotspot/share/prims/jni.cpp, line 1362]
Event: 1493.715 Thread 0x0000013309b60800 Exception <a 'java/lang/NoSuchMethodError'{0x000000008ed07c30}: <clinit>> (0x000000008ed07c30) thrown at [./src/hotspot/share/prims/jni.cpp, line 1362]
Event: 1495.399 Thread 0x000001330dce4800 Exception <a 'sun/nio/fs/WindowsException'{0x000000008ee707e0}> (0x000000008ee707e0) thrown at [./src/hotspot/share/prims/jni.cpp, line 615]
Event: 1502.255 Thread 0x00000133089a2800 Implicit null exception at 0x0000013377b90e7b to 0x0000013377b926c4

Events (20 events):
Event: 1505.640 loading class org/gradle/cli/CommandLineParser$ParserState
Event: 1505.640 loading class org/gradle/cli/CommandLineParser$ParserState done
Event: 1505.641 loading class org/gradle/cli/CommandLineParser$BeforeFirstSubCommand
Event: 1505.641 loading class org/gradle/cli/CommandLineParser$BeforeFirstSubCommand done
Event: 1505.642 loading class org/gradle/cli/CommandLineParser$OptionAwareParserState
Event: 1505.642 loading class org/gradle/cli/CommandLineParser$OptionAwareParserState done
Event: 1505.643 loading class org/gradle/cli/CommandLineParser$AfterOptions
Event: 1505.643 loading class org/gradle/cli/CommandLineParser$AfterOptions done
Event: 1505.644 loading class org/gradle/cli/ParsedCommandLine
Event: 1505.644 loading class org/gradle/cli/ParsedCommandLine done
Event: 1505.645 loading class org/gradle/cli/CommandLineParser$AfterFirstSubCommand
Event: 1505.645 loading class org/gradle/cli/CommandLineParser$AfterFirstSubCommand done
Event: 1505.645 loading class org/gradle/cli/CommandLineParser$OptionParserState
Event: 1505.645 loading class org/gradle/cli/CommandLineParser$OptionParserState done
Event: 1505.645 loading class org/gradle/cli/CommandLineParser$UnknownOptionParserState
Event: 1505.645 loading class org/gradle/cli/CommandLineParser$UnknownOptionParserState done
Event: 1505.645 loading class org/gradle/cli/CommandLineParser$KnownOptionParserState
Event: 1505.645 loading class org/gradle/cli/CommandLineParser$KnownOptionParserState done
Event: 1505.652 Thread 0x0000013309b5a000 Thread added: 0x0000013309b5a000
Event: 1505.867 Executing VM operation: G1CollectForAllocation


Dynamic libraries:
0x00007ff7d3700000 - 0x00007ff7d370a000 	D:\Android Studio\jre\bin\java.exe
0x00007fffff9d0000 - 0x00007fffffbc5000 	C:\WINDOWS\SYSTEM32\ntdll.dll
0x00007ffffdae0000 - 0x00007ffffdb9d000 	C:\WINDOWS\System32\KERNEL32.DLL
0x00007ffffd440000 - 0x00007ffffd709000 	C:\WINDOWS\System32\KERNELBASE.dll
0x00007ffffd140000 - 0x00007ffffd240000 	C:\WINDOWS\System32\ucrtbase.dll
0x00007ffff0ff0000 - 0x00007ffff1007000 	D:\Android Studio\jre\bin\VCRUNTIME140.dll
0x00007fffe5210000 - 0x00007fffe5229000 	D:\Android Studio\jre\bin\jli.dll
0x00007fffff1b0000 - 0x00007fffff350000 	C:\WINDOWS\System32\USER32.dll
0x00007ffffda10000 - 0x00007ffffda32000 	C:\WINDOWS\System32\win32u.dll
0x00007fffe5920000 - 0x00007fffe5bba000 	C:\WINDOWS\WinSxS\amd64_microsoft.windows.common-controls_6595b64144ccf1df_6.0.19041.1110_none_60b5254171f9507e\COMCTL32.dll
0x00007ffffdba0000 - 0x00007ffffdbca000 	C:\WINDOWS\System32\GDI32.dll
0x00007ffffe390000 - 0x00007ffffe42e000 	C:\WINDOWS\System32\msvcrt.dll
0x00007ffffd900000 - 0x00007ffffda0b000 	C:\WINDOWS\System32\gdi32full.dll
0x00007ffffd240000 - 0x00007ffffd2dd000 	C:\WINDOWS\System32\msvcp_win.dll
0x00007ffffe9e0000 - 0x00007ffffea10000 	C:\WINDOWS\System32\IMM32.DLL
0x00007fffd1eb0000 - 0x00007fffd1f4d000 	D:\Android Studio\jre\bin\msvcp140.dll
0x00007fffb3140000 - 0x00007fffb3bfc000 	D:\Android Studio\jre\bin\server\jvm.dll
0x00007fffff880000 - 0x00007fffff92c000 	C:\WINDOWS\System32\ADVAPI32.dll
0x00007ffffda40000 - 0x00007ffffdadb000 	C:\WINDOWS\System32\sechost.dll
0x00007ffffe720000 - 0x00007ffffe84a000 	C:\WINDOWS\System32\RPCRT4.dll
0x00007fffff350000 - 0x00007fffff358000 	C:\WINDOWS\System32\PSAPI.DLL
0x00007fffdbf70000 - 0x00007fffdbf79000 	C:\WINDOWS\SYSTEM32\WSOCK32.dll
0x00007ffffa500000 - 0x00007ffffa527000 	C:\WINDOWS\SYSTEM32\WINMM.dll
0x00007ffff3590000 - 0x00007ffff359a000 	C:\WINDOWS\SYSTEM32\VERSION.dll
0x00007ffffe430000 - 0x00007ffffe49b000 	C:\WINDOWS\System32\WS2_32.dll
0x00007ffffb0b0000 - 0x00007ffffb0c2000 	C:\WINDOWS\SYSTEM32\kernel.appcore.dll
0x00007ffff0fc0000 - 0x00007ffff0fd1000 	D:\Android Studio\jre\bin\verify.dll
0x00007ffffad50000 - 0x00007ffffaf34000 	C:\WINDOWS\SYSTEM32\DBGHELP.DLL
0x00007ffffa4d0000 - 0x00007ffffa4fc000 	C:\WINDOWS\SYSTEM32\dbgcore.DLL
0x00007ffffd710000 - 0x00007ffffd793000 	C:\WINDOWS\System32\bcryptPrimitives.dll
0x00007fffe0870000 - 0x00007fffe0899000 	D:\Android Studio\jre\bin\java.dll
0x00007ffff0fb0000 - 0x00007ffff0fbb000 	D:\Android Studio\jre\bin\jimage.dll
0x00007fffe6940000 - 0x00007fffe6958000 	D:\Android Studio\jre\bin\zip.dll
0x00007ffffea10000 - 0x00007fffff14f000 	C:\WINDOWS\System32\SHELL32.dll
0x00007ffffb240000 - 0x00007ffffb9d1000 	C:\WINDOWS\SYSTEM32\windows.storage.dll
0x00007ffffdbd0000 - 0x00007ffffdf25000 	C:\WINDOWS\System32\combase.dll
0x00007ffffcb80000 - 0x00007ffffcbac000 	C:\WINDOWS\SYSTEM32\Wldp.dll
0x00007ffffe1c0000 - 0x00007ffffe26e000 	C:\WINDOWS\System32\SHCORE.dll
0x00007ffffe6c0000 - 0x00007ffffe715000 	C:\WINDOWS\System32\shlwapi.dll
0x00007ffffd050000 - 0x00007ffffd06f000 	C:\WINDOWS\SYSTEM32\profapi.dll
0x00007fffe43e0000 - 0x00007fffe43fa000 	D:\Android Studio\jre\bin\net.dll
0x00007ffff4f90000 - 0x00007ffff509a000 	C:\WINDOWS\SYSTEM32\WINHTTP.dll
0x00007ffffc8e0000 - 0x00007ffffc94a000 	C:\WINDOWS\system32\mswsock.dll
0x00007fffe09c0000 - 0x00007fffe09d4000 	D:\Android Studio\jre\bin\nio.dll
0x00007ffff4dc0000 - 0x00007ffff4de6000 	C:\Users\missv\.gradle\native\29\windows-amd64\native-platform.dll
0x00007fffef9f0000 - 0x00007fffef9fa000 	D:\Android Studio\jre\bin\management.dll
0x00007fffef990000 - 0x00007fffef99c000 	D:\Android Studio\jre\bin\management_ext.dll
0x00007ffffcac0000 - 0x00007ffffcad8000 	C:\WINDOWS\SYSTEM32\CRYPTSP.dll
0x00007ffffc210000 - 0x00007ffffc244000 	C:\WINDOWS\system32\rsaenh.dll
0x00007ffffd110000 - 0x00007ffffd137000 	C:\WINDOWS\System32\bcrypt.dll
0x00007ffffd010000 - 0x00007ffffd03e000 	C:\WINDOWS\SYSTEM32\USERENV.dll
0x00007ffffcae0000 - 0x00007ffffcaec000 	C:\WINDOWS\SYSTEM32\CRYPTBASE.dll
0x00007ffffc580000 - 0x00007ffffc5bb000 	C:\WINDOWS\SYSTEM32\IPHLPAPI.DLL
0x00007fffff3e0000 - 0x00007fffff3e8000 	C:\WINDOWS\System32\NSI.dll
0x00007ffff2580000 - 0x00007ffff2597000 	C:\WINDOWS\SYSTEM32\dhcpcsvc6.DLL
0x00007ffff2ac0000 - 0x00007ffff2add000 	C:\WINDOWS\SYSTEM32\dhcpcsvc.DLL
0x00007ffffc5c0000 - 0x00007ffffc68c000 	C:\WINDOWS\SYSTEM32\DNSAPI.dll
0x00007fffd3ed0000 - 0x00007fffd3ef7000 	D:\Android Studio\jre\bin\sunec.dll
0x00007ffff26a0000 - 0x00007ffff26aa000 	C:\Windows\System32\rasadhlp.dll
0x00007ffff19c0000 - 0x00007ffff1a3f000 	C:\WINDOWS\System32\fwpuclnt.dll

dbghelp: loaded successfully - version: 4.0.5 - missing functions: none
symbol engine: initialized successfully - sym options: 0x614 - pdb path: .;D:\Android Studio\jre\bin;C:\WINDOWS\SYSTEM32;C:\WINDOWS\WinSxS\amd64_microsoft.windows.common-controls_6595b64144ccf1df_6.0.19041.1110_none_60b5254171f9507e;D:\Android Studio\jre\bin\server;C:\Users\missv\.gradle\native\29\windows-amd64

VM Arguments:
jvm_args: --add-opens=java.base/java.util=ALL-UNNAMED --add-opens=java.base/java.lang=ALL-UNNAMED --add-opens=java.base/java.lang.invoke=ALL-UNNAMED --add-opens=java.prefs/java.util.prefs=ALL-UNNAMED -Xmx2048m -Dfile.encoding=UTF-8 -Duser.country=US -Duser.language=en -Duser.variant 
java_command: org.gradle.launcher.daemon.bootstrap.GradleDaemon 5.4.1
java_class_path (initial): C:\Users\missv\.gradle\wrapper\dists\gradle-5.4.1-all\3221gyojl5jsh0helicew7rwx\gradle-5.4.1\lib\gradle-launcher-5.4.1.jar
Launcher Type: SUN_STANDARD

[Global flags]
     intx CICompilerCount                          = 4                                         {product} {ergonomic}
     uint ConcGCThreads                            = 2                                         {product} {ergonomic}
     uint G1ConcRefinementThreads                  = 8                                         {product} {ergonomic}
   size_t G1HeapRegionSize                         = 1048576                                   {product} {ergonomic}
    uintx GCDrainStackTargetSize                   = 64                                        {product} {ergonomic}
   size_t InitialHeapSize                          = 132120576                                 {product} {ergonomic}
   size_t MarkStackSize                            = 4194304                                   {product} {ergonomic}
   size_t MaxHeapSize                              = 2147483648                                {product} {command line}
   size_t MaxNewSize                               = 1287651328                                {product} {ergonomic}
   size_t MinHeapDeltaBytes                        = 1048576                                   {product} {ergonomic}
    uintx NonNMethodCodeHeapSize                   = 5836300                                {pd product} {ergonomic}
    uintx NonProfiledCodeHeapSize                  = 122910970                              {pd product} {ergonomic}
    uintx ProfiledCodeHeapSize                     = 122910970                              {pd product} {ergonomic}
    uintx ReservedCodeCacheSize                    = 251658240                              {pd product} {ergonomic}
     bool SegmentedCodeCache                       = true                                      {product} {ergonomic}
     bool UseCompressedClassPointers               = true                                 {lp64_product} {ergonomic}
     bool UseCompressedOops                        = true                                 {lp64_product} {ergonomic}
     bool UseG1GC                                  = true                                      {product} {ergonomic}
     bool UseLargePagesIndividualAllocation        = false                                  {pd product} {ergonomic}

Logging:
Log output configuration:
 #0: stdout all=warning uptime,level,tags
 #1: stderr all=off uptime,level,tags

Environment Variables:
PATH=C:\Program Files (x86)\Common Files\Oracle\Java\javapath;C:\Python38\Scripts\;C:\Python38\;C:\Windows\system32;C:\Windows;C:\Windows\System32\Wbem;C:\Windows\System32\WindowsPowerShell\v1.0\;C:\Windows\System32\OpenSSH\;C:\Program Files\Intel\WiFi\bin\;C:\Program Files\Common Files\Intel\WirelessCommon\;C:\Program Files (x86)\NVIDIA Corporation\PhysX\Common;C:\Program Files\NVIDIA Corporation\NVIDIA NvDLISR;C:\WINDOWS\system32;C:\WINDOWS;C:\WINDOWS\System32\Wbem;C:\WINDOWS\System32\WindowsPowerShell\v1.0\;C:\WINDOWS\System32\OpenSSH\;C:\Program Files\Git\cmd;C:\ProgramData\chocolatey\bin;C:\Program Files\Java\jdk1.8.0_291\bin
USERNAME=missv
OS=Windows_NT
PROCESSOR_IDENTIFIER=Intel64 Family 6 Model 158 Stepping 10, GenuineIntel



---------------  S Y S T E M  ---------------

OS: Windows 10 , 64 bit Build 19041 (10.0.19041.1023)
OS uptime: 1 days 2:32 hours

CPU:total 8 (initial active 8) (4 cores per cpu, 2 threads per core) family 6 model 158 stepping 10, cmov, cx8, fxsr, mmx, sse, sse2, sse3, ssse3, sse4.1, sse4.2, popcnt, avx, avx2, aes, clmul, erms, 3dnowpref, lzcnt, ht, tsc, tscinvbit, bmi1, bmi2, adx, fma

Memory: 4k page, system-wide physical 7973M (201M free)
TotalPageFile size 21217M (AvailPageFile size 100M)
current process WorkingSet (physical memory assigned to process): 214M, peak: 396M
current process commit charge ("private bytes"): 556M, peak: 700M

vm_info: OpenJDK 64-Bit Server VM (11.0.8+10-b944.6842174) for windows-amd64 JRE (11.0.8+10-b944.6842174), built on Sep 19 2020 01:11:42 by "builder" with MS VC++ 14.0 (VS2015)

END.
