#
# There is insufficient memory for the Java Runtime Environment to continue.
# Native memory allocation (mmap) failed to map 85983232 bytes for Failed to commit area from 0x000000008f000000 to 0x0000000094200000 of length 85983232.
# Possible reasons:
#   The system is out of physical RAM or swap space
#   The process is running with CompressedOops enabled, and the Java Heap may be blocking the growth of the native heap
# Possible solutions:
#   Reduce memory load on the system
#   Increase physical memory or swap space
#   Check if swap backing store is full
#   Decrease Java heap size (-Xmx/-Xms)
#   Decrease number of Java threads
#   Decrease Java thread stack sizes (-Xss)
#   Set larger code cache with -XX:ReservedCodeCacheSize=
#   JVM is running with Unscaled Compressed Oops mode in which the Java heap is
#     placed in the first 4GB address space. The Java Heap base address is the
#     maximum limit for the native heap growth. Please use -XX:HeapBaseMinAddress
#     to set the Java Heap base and to place the Java Heap above 4GB virtual address.
# This output file may be truncated or incomplete.
#
#  Out of Memory Error (./src/hotspot/os/windows/os_windows.cpp:3303), pid=16908, tid=15292
#
# JRE version: OpenJDK Runtime Environment (11.0.8+10) (build 11.0.8+10-b944.6842174)
# Java VM: OpenJDK 64-Bit Server VM (11.0.8+10-b944.6842174, mixed mode, tiered, compressed oops, g1 gc, windows-amd64)
# No core dump will be written. Minidumps are not enabled by default on client versions of Windows
#

---------------  S U M M A R Y ------------

Command Line: --add-opens=java.base/java.util=ALL-UNNAMED --add-opens=java.base/java.lang=ALL-UNNAMED --add-opens=java.base/java.lang.invoke=ALL-UNNAMED --add-opens=java.prefs/java.util.prefs=ALL-UNNAMED -Xmx2048m -Dfile.encoding=UTF-8 -Duser.country=US -Duser.language=en -Duser.variant org.gradle.launcher.daemon.bootstrap.GradleDaemon 6.7.1

Host: Intel(R) Core(TM) i5-9300H CPU @ 2.40GHz, 8 cores, 7G,  Windows 10 , 64 bit Build 19041 (10.0.19041.1023)
Time: Sun Jul  4 17:29:21 2021 SE Asia Standard Time elapsed time: 44 seconds (0d 0h 0m 44s)

---------------  T H R E A D  ---------------

Current thread (0x000001677b220800):  VMThread "VM Thread" [stack: 0x0000003ab4f00000,0x0000003ab5000000] [id=15292]

Stack: [0x0000003ab4f00000,0x0000003ab5000000]
[error occurred during error reporting (printing stack bounds), id 0xc0000005, EXCEPTION_ACCESS_VIOLATION (0xc0000005) at pc=0x0000016700000dad]

Native frames: (J=compiled Java code, j=interpreted, Vv=VM code, C=native code)
V  [jvm.dll+0x5de50a]
V  [jvm.dll+0x7122f5]
V  [jvm.dll+0x71384d]
V  [jvm.dll+0x713e65]
V  [jvm.dll+0x713e1b]
V  [jvm.dll+0x5dd958]
V  [jvm.dll+0x5de0f8]
C  [ntdll.dll+0xa217f]
C  [ntdll.dll+0x51454]
C  [ntdll.dll+0xa0cae]
C  0x0000016700000dad

VM_Operation (0x0000003abe4fc900): G1CollectForAllocation, mode: safepoint, requested by thread 0x0000016712d2f000


---------------  P R O C E S S  ---------------

Threads class SMR info:
_java_thread_list=0x0000016710d84090, length=141, elements={
0x000001676f6ea800, 0x000001677aa0a800, 0x000001677aa13000, 0x000001677b225000,
0x000001677b226800, 0x000001677b227800, 0x000001677b238800, 0x000001677b23d000,
0x000001677b3de800, 0x000001677b3df800, 0x000001677cf3a800, 0x000001677ce0b000,
0x000001677d026800, 0x000001677cbdd000, 0x000001677ca40800, 0x000001677d043800,
0x000001677d184800, 0x000001677d308800, 0x000001677d30a000, 0x000001677ce5a000,
0x000001677ce05000, 0x000001677ce07000, 0x000001677ce06000, 0x000001677ce07800,
0x000001670f3b9800, 0x000001670f3bc000, 0x000001670f3c0000, 0x000001670f3bd800,
0x000001670f3be800, 0x000001670f3bf800, 0x000001670f3bd000, 0x000001670f3ba800,
0x000001670f3c1000, 0x000001670f3bb800, 0x000001670f3c5000, 0x000001670f3c3800,
0x000001670f3c6800, 0x000001670f3c7800, 0x000001670f3c2000, 0x000001670f3c8800,
0x000001677ddef000, 0x000001677ddee800, 0x000001677ddf0000, 0x000001677ddf1000,
0x000001677ddf1800, 0x000001677ddec000, 0x000001677ddf2800, 0x000001677ddec800,
0x000001677ddf3000, 0x000001677dded800, 0x000001677ddf4000, 0x000001677ddf9000,
0x000001677ddfa000, 0x000001677ddfa800, 0x000001677ddf8000, 0x000001677ddf5000,
0x000001677ddf5800, 0x000001677ddf7800, 0x000001677ddf6800, 0x000001670f451000,
0x000001670f452000, 0x000001670f453800, 0x000001670f454800, 0x000001670f455000,
0x000001670f453000, 0x000001670f456000, 0x000001670f450800, 0x000001670f457000,
0x000001670f45b000, 0x000001670f457800, 0x000001670f45c800, 0x000001670f45c000,
0x000001670f45d800, 0x000001670f45a000, 0x000001670f45e000, 0x000001670f458800,
0x000001670f45f000, 0x000001670f459800, 0x000001670f395800, 0x000001670f393000,
0x000001670f394000, 0x000001670f394800, 0x000001670f392800, 0x000001670f397000,
0x000001670f396800, 0x000001670f391800, 0x000001670f398000, 0x000001677be73000,
0x000001677be74800, 0x000001677be75800, 0x000001677be77000, 0x000001677be72000,
0x000001677be78800, 0x000001677be76000, 0x000001677be73800, 0x000001677be7c800,
0x000001677be7b000, 0x000001677be79800, 0x000001677be7c000, 0x000001677be7d800,
0x000001677be7a000, 0x000001677be78000, 0x000001677be7e800, 0x000001677be7f000,
0x000001677be80000, 0x000001677be81000, 0x000001670f2b8000, 0x000001670f2bd000,
0x000001670f2ba800, 0x000001670f2b9000, 0x000001670f2b7000, 0x000001670f2b9800,
0x000001670f2bf800, 0x000001670f2be800, 0x000001670f2bd800, 0x000001670f2c1000,
0x000001670f2bc000, 0x000001670f2c0000, 0x000001670f2bb000, 0x000001670f2c1800,
0x000001670f2c6000, 0x000001670f2c2800, 0x000001670f2c3800, 0x000001670f2c4000,
0x000001670f2c5000, 0x0000016712d27000, 0x0000016712d28800, 0x0000016712d2a000,
0x0000016712d29800, 0x0000016712d2b000, 0x0000016712d27800, 0x0000016712d26000,
0x0000016712d2c800, 0x0000016712d2c000, 0x0000016712d25800, 0x0000016712d30800,
0x0000016712d2d800, 0x0000016712d34000, 0x0000016712d2f000, 0x0000016712d2e800,
0x0000016712d30000
}

Java Threads: ( => current thread )
  0x000001676f6ea800 JavaThread "main" [_thread_blocked, id=3756, stack(0x0000003ab4900000,0x0000003ab4a00000)]
  0x000001677aa0a800 JavaThread "Reference Handler" daemon [_thread_blocked, id=8576, stack(0x0000003ab5000000,0x0000003ab5100000)]
  0x000001677aa13000 JavaThread "Finalizer" daemon [_thread_blocked, id=18516, stack(0x0000003ab5100000,0x0000003ab5200000)]
  0x000001677b225000 JavaThread "Signal Dispatcher" daemon [_thread_blocked, id=1412, stack(0x0000003ab5200000,0x0000003ab5300000)]
  0x000001677b226800 JavaThread "Attach Listener" daemon [_thread_blocked, id=21324, stack(0x0000003ab5300000,0x0000003ab5400000)]
  0x000001677b227800 JavaThread "C2 CompilerThread0" daemon [_thread_in_native, id=9276, stack(0x0000003ab5400000,0x0000003ab5500000)]
  0x000001677b238800 JavaThread "C1 CompilerThread0" daemon [_thread_blocked, id=20100, stack(0x0000003ab5500000,0x0000003ab5600000)]
  0x000001677b23d000 JavaThread "Sweeper thread" daemon [_thread_blocked, id=15676, stack(0x0000003ab5600000,0x0000003ab5700000)]
  0x000001677b3de800 JavaThread "Common-Cleaner" daemon [_thread_blocked, id=11828, stack(0x0000003ab5700000,0x0000003ab5800000)]
  0x000001677b3df800 JavaThread "Service Thread" daemon [_thread_blocked, id=12464, stack(0x0000003ab5800000,0x0000003ab5900000)]
  0x000001677cf3a800 JavaThread "Daemon health stats" [_thread_blocked, id=21124, stack(0x0000003ab5c00000,0x0000003ab5d00000)]
  0x000001677ce0b000 JavaThread "Incoming local TCP Connector on port 51525" [_thread_in_native, id=1312, stack(0x0000003ab5f00000,0x0000003ab6000000)]
  0x000001677d026800 JavaThread "Daemon periodic checks" [_thread_blocked, id=8928, stack(0x0000003ab6000000,0x0000003ab6100000)]
  0x000001677cbdd000 JavaThread "Daemon" [_thread_blocked, id=9608, stack(0x0000003ab6100000,0x0000003ab6200000)]
  0x000001677ca40800 JavaThread "Handler for socket connection from /127.0.0.1:51525 to /127.0.0.1:51526" [_thread_in_native, id=20628, stack(0x0000003ab6200000,0x0000003ab6300000)]
  0x000001677d043800 JavaThread "Cancel handler" [_thread_blocked, id=15208, stack(0x0000003ab6300000,0x0000003ab6400000)]
  0x000001677d184800 JavaThread "Daemon worker" [_thread_blocked, id=16104, stack(0x0000003ab6400000,0x0000003ab6500000)]
  0x000001677d308800 JavaThread "Asynchronous log dispatcher for DefaultDaemonConnection: socket connection from /127.0.0.1:51525 to /127.0.0.1:51526" [_thread_blocked, id=7680, stack(0x0000003ab6500000,0x0000003ab6600000)]
  0x000001677d30a000 JavaThread "Stdin handler" [_thread_blocked, id=1328, stack(0x0000003ab6600000,0x0000003ab6700000)]
  0x000001677ce5a000 JavaThread "Thread-8" [_thread_blocked, id=16660, stack(0x0000003ab6700000,0x0000003ab6800000)]
  0x000001677ce05000 JavaThread "Cache worker for file hash cache (C:\Users\missv\.gradle\caches\6.7.1\fileHashes)" [_thread_blocked, id=11588, stack(0x0000003ab6d00000,0x0000003ab6e00000)]
  0x000001677ce07000 JavaThread "File lock request listener" [_thread_in_native, id=5784, stack(0x0000003ab6e00000,0x0000003ab6f00000)]
  0x000001677ce06000 JavaThread "Cache worker for journal cache (C:\Users\missv\.gradle\caches\journal-1)" [_thread_blocked, id=2372, stack(0x0000003ab7000000,0x0000003ab7100000)]
  0x000001677ce07800 JavaThread "Cache worker for file hash cache (D:\Covid19TrackerApp\.gradle\6.7.1\fileHashes)" [_thread_blocked, id=11924, stack(0x0000003ab7100000,0x0000003ab7200000)]
  0x000001670f3b9800 JavaThread "jar transforms" [_thread_blocked, id=1716, stack(0x0000003ab7200000,0x0000003ab7300000)]
  0x000001670f3bc000 JavaThread "jar transforms Thread 2" [_thread_blocked, id=5260, stack(0x0000003ab7300000,0x0000003ab7400000)]
  0x000001670f3c0000 JavaThread "jar transforms Thread 3" [_thread_blocked, id=20096, stack(0x0000003ab7400000,0x0000003ab7500000)]
  0x000001670f3bd800 JavaThread "jar transforms Thread 4" [_thread_blocked, id=11796, stack(0x0000003ab7500000,0x0000003ab7600000)]
  0x000001670f3be800 JavaThread "jar transforms Thread 5" [_thread_blocked, id=3824, stack(0x0000003ab7600000,0x0000003ab7700000)]
  0x000001670f3bf800 JavaThread "jar transforms Thread 6" [_thread_blocked, id=17700, stack(0x0000003ab7700000,0x0000003ab7800000)]
  0x000001670f3bd000 JavaThread "Cache worker for checksums cache (D:\Covid19TrackerApp\.gradle\checksums)" [_thread_blocked, id=11568, stack(0x0000003ab7800000,0x0000003ab7900000)]
  0x000001670f3ba800 JavaThread "Cache worker for cache directory md-supplier (C:\Users\missv\.gradle\caches\6.7.1\md-supplier)" [_thread_blocked, id=12348, stack(0x0000003ab7900000,0x0000003ab7a00000)]
  0x000001670f3c1000 JavaThread "Cache worker for cache directory md-rule (C:\Users\missv\.gradle\caches\6.7.1\md-rule)" [_thread_blocked, id=18248, stack(0x0000003ab7a00000,0x0000003ab7b00000)]
  0x000001670f3bb800 JavaThread "Cache worker for execution history cache (C:\Users\missv\.gradle\caches\6.7.1\executionHistory)" [_thread_blocked, id=21196, stack(0x0000003ab7b00000,0x0000003ab7c00000)]
  0x000001670f3c5000 JavaThread "Cache worker for file content cache (C:\Users\missv\.gradle\caches\6.7.1\fileContent)" [_thread_blocked, id=18116, stack(0x0000003ab7c00000,0x0000003ab7d00000)]
  0x000001670f3c3800 JavaThread "Cache worker for Build Output Cleanup Cache (D:\Covid19TrackerApp\.gradle\buildOutputCleanup)" [_thread_blocked, id=9632, stack(0x0000003ab7d00000,0x0000003ab7e00000)]
  0x000001670f3c6800 JavaThread "Build operations" [_thread_blocked, id=20128, stack(0x0000003ab7e00000,0x0000003ab7f00000)]
  0x000001670f3c7800 JavaThread "Build operations Thread 2" [_thread_blocked, id=19624, stack(0x0000003ab7f00000,0x0000003ab8000000)]
  0x000001670f3c2000 JavaThread "Build operations Thread 3" [_thread_blocked, id=15448, stack(0x0000003ab8000000,0x0000003ab8100000)]
  0x000001670f3c8800 JavaThread "Build operations Thread 4" [_thread_blocked, id=2840, stack(0x0000003ab8100000,0x0000003ab8200000)]
  0x000001677ddef000 JavaThread "Build operations Thread 5" [_thread_blocked, id=19956, stack(0x0000003ab8200000,0x0000003ab8300000)]
  0x000001677ddee800 JavaThread "Build operations Thread 6" [_thread_blocked, id=20232, stack(0x0000003ab8300000,0x0000003ab8400000)]
  0x000001677ddf0000 JavaThread "Build operations Thread 7" [_thread_blocked, id=11640, stack(0x0000003ab8400000,0x0000003ab8500000)]
  0x000001677ddf1000 JavaThread "Build operations Thread 8" [_thread_blocked, id=11244, stack(0x0000003ab8500000,0x0000003ab8600000)]
  0x000001677ddf1800 JavaThread "jar transforms Thread 7" [_thread_blocked, id=1564, stack(0x0000003ab8600000,0x0000003ab8700000)]
  0x000001677ddec000 JavaThread "jar transforms Thread 8" [_thread_blocked, id=6452, stack(0x0000003ab8700000,0x0000003ab8800000)]
  0x000001677ddf2800 JavaThread "jar transforms Thread 9" [_thread_blocked, id=17564, stack(0x0000003ab8800000,0x0000003ab8900000)]
  0x000001677ddec800 JavaThread "jar transforms Thread 10" [_thread_blocked, id=20068, stack(0x0000003ab8900000,0x0000003ab8a00000)]
  0x000001677ddf3000 JavaThread "jar transforms Thread 11" [_thread_blocked, id=16616, stack(0x0000003ab8a00000,0x0000003ab8b00000)]
  0x000001677dded800 JavaThread "jar transforms Thread 12" [_thread_blocked, id=16824, stack(0x0000003ab8b00000,0x0000003ab8c00000)]
  0x000001677ddf4000 JavaThread "jar transforms Thread 13" [_thread_blocked, id=13748, stack(0x0000003ab8c00000,0x0000003ab8d00000)]
  0x000001677ddf9000 JavaThread "jar transforms Thread 14" [_thread_blocked, id=11824, stack(0x0000003ab8d00000,0x0000003ab8e00000)]
  0x000001677ddfa000 JavaThread "jar transforms Thread 15" [_thread_blocked, id=5168, stack(0x0000003ab8e00000,0x0000003ab8f00000)]
  0x000001677ddfa800 JavaThread "jar transforms Thread 16" [_thread_blocked, id=19776, stack(0x0000003ab8f00000,0x0000003ab9000000)]
  0x000001677ddf8000 JavaThread "jar transforms Thread 17" [_thread_blocked, id=17580, stack(0x0000003ab9000000,0x0000003ab9100000)]
  0x000001677ddf5000 JavaThread "jar transforms Thread 18" [_thread_blocked, id=16116, stack(0x0000003ab9100000,0x0000003ab9200000)]
  0x000001677ddf5800 JavaThread "jar transforms Thread 19" [_thread_blocked, id=12052, stack(0x0000003ab9200000,0x0000003ab9300000)]
  0x000001677ddf7800 JavaThread "jar transforms Thread 20" [_thread_blocked, id=17384, stack(0x0000003ab9300000,0x0000003ab9400000)]
  0x000001677ddf6800 JavaThread "jar transforms Thread 21" [_thread_blocked, id=8912, stack(0x0000003ab9400000,0x0000003ab9500000)]
  0x000001670f451000 JavaThread "jar transforms Thread 22" [_thread_blocked, id=4576, stack(0x0000003ab9500000,0x0000003ab9600000)]
  0x000001670f452000 JavaThread "jar transforms Thread 23" [_thread_blocked, id=15880, stack(0x0000003ab9600000,0x0000003ab9700000)]
  0x000001670f453800 JavaThread "jar transforms Thread 24" [_thread_blocked, id=10736, stack(0x0000003ab9700000,0x0000003ab9800000)]
  0x000001670f454800 JavaThread "jar transforms Thread 25" [_thread_blocked, id=14068, stack(0x0000003ab9800000,0x0000003ab9900000)]
  0x000001670f455000 JavaThread "jar transforms Thread 26" [_thread_blocked, id=1048, stack(0x0000003ab9900000,0x0000003ab9a00000)]
  0x000001670f453000 JavaThread "jar transforms Thread 27" [_thread_blocked, id=17344, stack(0x0000003ab9a00000,0x0000003ab9b00000)]
  0x000001670f456000 JavaThread "jar transforms Thread 28" [_thread_blocked, id=12976, stack(0x0000003ab9b00000,0x0000003ab9c00000)]
  0x000001670f450800 JavaThread "jar transforms Thread 29" [_thread_blocked, id=21088, stack(0x0000003ab9c00000,0x0000003ab9d00000)]
  0x000001670f457000 JavaThread "jar transforms Thread 30" [_thread_blocked, id=17956, stack(0x0000003ab9d00000,0x0000003ab9e00000)]
  0x000001670f45b000 JavaThread "jar transforms Thread 31" [_thread_blocked, id=20104, stack(0x0000003ab9e00000,0x0000003ab9f00000)]
  0x000001670f457800 JavaThread "jar transforms Thread 32" [_thread_blocked, id=13880, stack(0x0000003ab9f00000,0x0000003aba000000)]
  0x000001670f45c800 JavaThread "jar transforms Thread 33" [_thread_blocked, id=18828, stack(0x0000003aba000000,0x0000003aba100000)]
  0x000001670f45c000 JavaThread "jar transforms Thread 34" [_thread_blocked, id=15864, stack(0x0000003aba100000,0x0000003aba200000)]
  0x000001670f45d800 JavaThread "jar transforms Thread 35" [_thread_blocked, id=19416, stack(0x0000003aba200000,0x0000003aba300000)]
  0x000001670f45a000 JavaThread "jar transforms Thread 36" [_thread_blocked, id=16316, stack(0x0000003aba300000,0x0000003aba400000)]
  0x000001670f45e000 JavaThread "jar transforms Thread 37" [_thread_blocked, id=1748, stack(0x0000003aba400000,0x0000003aba500000)]
  0x000001670f458800 JavaThread "jar transforms Thread 38" [_thread_blocked, id=9952, stack(0x0000003aba500000,0x0000003aba600000)]
  0x000001670f45f000 JavaThread "jar transforms Thread 39" [_thread_blocked, id=13592, stack(0x0000003aba600000,0x0000003aba700000)]
  0x000001670f459800 JavaThread "jar transforms Thread 40" [_thread_blocked, id=15020, stack(0x0000003aba700000,0x0000003aba800000)]
  0x000001670f395800 JavaThread "jar transforms Thread 41" [_thread_blocked, id=13020, stack(0x0000003aba800000,0x0000003aba900000)]
  0x000001670f393000 JavaThread "jar transforms Thread 42" [_thread_blocked, id=6348, stack(0x0000003aba900000,0x0000003abaa00000)]
  0x000001670f394000 JavaThread "jar transforms Thread 43" [_thread_blocked, id=21388, stack(0x0000003abaa00000,0x0000003abab00000)]
  0x000001670f394800 JavaThread "jar transforms Thread 44" [_thread_blocked, id=2108, stack(0x0000003abab00000,0x0000003abac00000)]
  0x000001670f392800 JavaThread "jar transforms Thread 45" [_thread_blocked, id=12732, stack(0x0000003abac00000,0x0000003abad00000)]
  0x000001670f397000 JavaThread "jar transforms Thread 46" [_thread_blocked, id=15984, stack(0x0000003abad00000,0x0000003abae00000)]
  0x000001670f396800 JavaThread "jar transforms Thread 47" [_thread_blocked, id=16760, stack(0x0000003abae00000,0x0000003abaf00000)]
  0x000001670f391800 JavaThread "jar transforms Thread 48" [_thread_blocked, id=17136, stack(0x0000003abaf00000,0x0000003abb000000)]
  0x000001670f398000 JavaThread "jar transforms Thread 49" [_thread_blocked, id=12916, stack(0x0000003abb000000,0x0000003abb100000)]
  0x000001677be73000 JavaThread "jar transforms Thread 50" [_thread_blocked, id=14356, stack(0x0000003abb100000,0x0000003abb200000)]
  0x000001677be74800 JavaThread "jar transforms Thread 51" [_thread_blocked, id=12140, stack(0x0000003abb200000,0x0000003abb300000)]
  0x000001677be75800 JavaThread "jar transforms Thread 52" [_thread_blocked, id=16188, stack(0x0000003abb300000,0x0000003abb400000)]
  0x000001677be77000 JavaThread "jar transforms Thread 53" [_thread_blocked, id=19736, stack(0x0000003abb400000,0x0000003abb500000)]
  0x000001677be72000 JavaThread "jar transforms Thread 54" [_thread_blocked, id=16172, stack(0x0000003abb500000,0x0000003abb600000)]
  0x000001677be78800 JavaThread "jar transforms Thread 55" [_thread_blocked, id=18848, stack(0x0000003abb600000,0x0000003abb700000)]
  0x000001677be76000 JavaThread "jar transforms Thread 56" [_thread_blocked, id=2568, stack(0x0000003abb700000,0x0000003abb800000)]
  0x000001677be73800 JavaThread "jar transforms Thread 57" [_thread_blocked, id=8472, stack(0x0000003abb800000,0x0000003abb900000)]
  0x000001677be7c800 JavaThread "jar transforms Thread 58" [_thread_blocked, id=18160, stack(0x0000003abb900000,0x0000003abba00000)]
  0x000001677be7b000 JavaThread "jar transforms Thread 59" [_thread_blocked, id=9724, stack(0x0000003abba00000,0x0000003abbb00000)]
  0x000001677be79800 JavaThread "jar transforms Thread 60" [_thread_blocked, id=13952, stack(0x0000003abbb00000,0x0000003abbc00000)]
  0x000001677be7c000 JavaThread "jar transforms Thread 61" [_thread_blocked, id=14972, stack(0x0000003abbc00000,0x0000003abbd00000)]
  0x000001677be7d800 JavaThread "jar transforms Thread 62" [_thread_blocked, id=9324, stack(0x0000003abbd00000,0x0000003abbe00000)]
  0x000001677be7a000 JavaThread "jar transforms Thread 63" [_thread_blocked, id=17248, stack(0x0000003abbe00000,0x0000003abbf00000)]
  0x000001677be78000 JavaThread "jar transforms Thread 64" [_thread_blocked, id=10764, stack(0x0000003abbf00000,0x0000003abc000000)]
  0x000001677be7e800 JavaThread "jar transforms Thread 65" [_thread_blocked, id=14844, stack(0x0000003abc000000,0x0000003abc100000)]
  0x000001677be7f000 JavaThread "jar transforms Thread 66" [_thread_blocked, id=14492, stack(0x0000003abc100000,0x0000003abc200000)]
  0x000001677be80000 JavaThread "jar transforms Thread 67" [_thread_blocked, id=14392, stack(0x0000003abc200000,0x0000003abc300000)]
  0x000001677be81000 JavaThread "jar transforms Thread 68" [_thread_blocked, id=18960, stack(0x0000003abc300000,0x0000003abc400000)]
  0x000001670f2b8000 JavaThread "jar transforms Thread 69" [_thread_blocked, id=11100, stack(0x0000003abc400000,0x0000003abc500000)]
  0x000001670f2bd000 JavaThread "jar transforms Thread 70" [_thread_blocked, id=3856, stack(0x0000003abc500000,0x0000003abc600000)]
  0x000001670f2ba800 JavaThread "jar transforms Thread 71" [_thread_blocked, id=13296, stack(0x0000003abc600000,0x0000003abc700000)]
  0x000001670f2b9000 JavaThread "jar transforms Thread 72" [_thread_blocked, id=13440, stack(0x0000003abc700000,0x0000003abc800000)]
  0x000001670f2b7000 JavaThread "jar transforms Thread 73" [_thread_blocked, id=4536, stack(0x0000003abc800000,0x0000003abc900000)]
  0x000001670f2b9800 JavaThread "jar transforms Thread 74" [_thread_blocked, id=14556, stack(0x0000003abc900000,0x0000003abca00000)]
  0x000001670f2bf800 JavaThread "jar transforms Thread 75" [_thread_blocked, id=15440, stack(0x0000003abca00000,0x0000003abcb00000)]
  0x000001670f2be800 JavaThread "jar transforms Thread 76" [_thread_blocked, id=19980, stack(0x0000003abcb00000,0x0000003abcc00000)]
  0x000001670f2bd800 JavaThread "jar transforms Thread 77" [_thread_blocked, id=14140, stack(0x0000003abcc00000,0x0000003abcd00000)]
  0x000001670f2c1000 JavaThread "jar transforms Thread 78" [_thread_blocked, id=7440, stack(0x0000003abcd00000,0x0000003abce00000)]
  0x000001670f2bc000 JavaThread "jar transforms Thread 79" [_thread_blocked, id=18844, stack(0x0000003abce00000,0x0000003abcf00000)]
  0x000001670f2c0000 JavaThread "jar transforms Thread 80" [_thread_blocked, id=12044, stack(0x0000003abcf00000,0x0000003abd000000)]
  0x000001670f2bb000 JavaThread "jar transforms Thread 81" [_thread_blocked, id=9712, stack(0x0000003abd000000,0x0000003abd100000)]
  0x000001670f2c1800 JavaThread "jar transforms Thread 82" [_thread_blocked, id=9756, stack(0x0000003abd100000,0x0000003abd200000)]
  0x000001670f2c6000 JavaThread "jar transforms Thread 83" [_thread_blocked, id=10152, stack(0x0000003abd200000,0x0000003abd300000)]
  0x000001670f2c2800 JavaThread "Memory manager" [_thread_blocked, id=17968, stack(0x0000003abd300000,0x0000003abd400000)]
  0x000001670f2c3800 JavaThread "Execution worker for ':'" [_thread_blocked, id=16020, stack(0x0000003abd400000,0x0000003abd500000)]
  0x000001670f2c4000 JavaThread "Execution worker for ':' Thread 2" [_thread_blocked, id=20088, stack(0x0000003abd500000,0x0000003abd600000)]
  0x000001670f2c5000 JavaThread "Execution worker for ':' Thread 3" [_thread_blocked, id=9908, stack(0x0000003abd600000,0x0000003abd700000)]
  0x0000016712d27000 JavaThread "Execution worker for ':' Thread 4" [_thread_blocked, id=9412, stack(0x0000003abd700000,0x0000003abd800000)]
  0x0000016712d28800 JavaThread "Execution worker for ':' Thread 5" [_thread_blocked, id=13636, stack(0x0000003abd800000,0x0000003abd900000)]
  0x0000016712d2a000 JavaThread "Execution worker for ':' Thread 6" [_thread_blocked, id=5652, stack(0x0000003abd900000,0x0000003abda00000)]
  0x0000016712d29800 JavaThread "Execution worker for ':' Thread 7" [_thread_blocked, id=10916, stack(0x0000003abda00000,0x0000003abdb00000)]
  0x0000016712d2b000 JavaThread "Cache worker for execution history cache (D:\Covid19TrackerApp\.gradle\6.7.1\executionHistory)" [_thread_blocked, id=14536, stack(0x0000003abdb00000,0x0000003abdc00000)]
  0x0000016712d27800 JavaThread "WorkerExecutor Queue" [_thread_blocked, id=9028, stack(0x0000003abdc00000,0x0000003abdd00000)]
  0x0000016712d26000 JavaThread "pool-2-thread-1" [_thread_blocked, id=19520, stack(0x0000003abde00000,0x0000003abdf00000)]
  0x0000016712d2c800 JavaThread "stderr" [_thread_in_native, id=17512, stack(0x0000003abdf00000,0x0000003abe000000)]
  0x0000016712d2c000 JavaThread "stdout" [_thread_in_native, id=14192, stack(0x0000003abe000000,0x0000003abe100000)]
  0x0000016712d25800 JavaThread "Cache worker for Java compile cache (C:\Users\missv\.gradle\caches\6.7.1\javaCompile)" [_thread_blocked, id=14936, stack(0x0000003abdd00000,0x0000003abde00000)]
  0x0000016712d30800 JavaThread "Cache worker for Java compile cache (D:\Covid19TrackerApp\.gradle\6.7.1\javaCompile)" [_thread_blocked, id=8564, stack(0x0000003abe100000,0x0000003abe200000)]
  0x0000016712d2d800 JavaThread "WorkerExecutor Queue Thread 3" [_thread_blocked, id=20348, stack(0x0000003abe200000,0x0000003abe300000)]
  0x0000016712d34000 JavaThread "WorkerExecutor Queue Thread 4" [_thread_blocked, id=10816, stack(0x0000003abe300000,0x0000003abe400000)]
  0x0000016712d2f000 JavaThread "WorkerExecutor Queue Thread 5" [_thread_blocked, id=9948, stack(0x0000003abe400000,0x0000003abe500000)]
  0x0000016712d2e800 JavaThread "WorkerExecutor Queue Thread 6" [_thread_blocked, id=15252, stack(0x0000003abe500000,0x0000003abe600000)]
  0x0000016712d30000 JavaThread "WorkerExecutor Queue Thread 7" [_thread_blocked, id=900, stack(0x0000003abe600000,0x0000003abe700000)]

Other Threads:
=>0x000001677b220800 VMThread "VM Thread" [stack: 0x0000003ab4f00000,0x0000003ab5000000] [id=15292]
  0x000001677b40c000 WatcherThread [stack: 0x0000003ab5900000,0x0000003ab5a00000] [id=17160]
  0x000001676f701800 GCTaskThread "GC Thread#0" [stack: 0x0000003ab4a00000,0x0000003ab4b00000] [id=19716]
  0x000001677bf12000 GCTaskThread "GC Thread#1" [stack: 0x0000003ab5a00000,0x0000003ab5b00000] [id=9660]
  0x000001677bd3f000 GCTaskThread "GC Thread#2" [stack: 0x0000003ab5b00000,0x0000003ab5c00000] [id=9892]
  0x000001677d0db800 GCTaskThread "GC Thread#3" [stack: 0x0000003ab6800000,0x0000003ab6900000] [id=16804]
  0x000001677d377800 GCTaskThread "GC Thread#4" [stack: 0x0000003ab6900000,0x0000003ab6a00000] [id=16724]
  0x000001677d395800 GCTaskThread "GC Thread#5" [stack: 0x0000003ab6a00000,0x0000003ab6b00000] [id=8132]
  0x000001677d0b6000 GCTaskThread "GC Thread#6" [stack: 0x0000003ab6b00000,0x0000003ab6c00000] [id=7840]
  0x000001677d03e800 GCTaskThread "GC Thread#7" [stack: 0x0000003ab6c00000,0x0000003ab6d00000] [id=11452]
  0x000001676f733000 ConcurrentGCThread "G1 Main Marker" [stack: 0x0000003ab4b00000,0x0000003ab4c00000] [id=7744]
  0x000001676f73a000 ConcurrentGCThread "G1 Conc#0" [stack: 0x0000003ab4c00000,0x0000003ab4d00000] [id=18540]
  0x000001677d6e0000 ConcurrentGCThread "G1 Conc#1" [stack: 0x0000003ab6f00000,0x0000003ab7000000] [id=7980]
  0x000001677a830800 ConcurrentGCThread "G1 Refine#0" [stack: 0x0000003ab4d00000,0x0000003ab4e00000] [id=21112]
  0x000001677a831000 ConcurrentGCThread "G1 Young RemSet Sampling" [stack: 0x0000003ab4e00000,0x0000003ab4f00000] [id=19696]

Threads with active compile tasks:
C2 CompilerThread0  44603 13305       4       com.android.tools.r8.ir.conversion.N::traceInstruction (259 bytes)
C1 CompilerThread0  44603 13668 %     3       com.android.tools.r8.ir.regalloc.LinearScanRegisterAllocator::a @ 2036 (3743 bytes)

VM state:at safepoint (normal execution)

VM Mutex/Monitor currently owned by a thread:  ([mutex/lock_event])
[0x000001676f6e7c20] Threads_lock - owner thread: 0x000001677b220800
[0x000001676f6e6e10] Heap_lock - owner thread: 0x0000016712d2f000

Heap address: 0x0000000080000000, size: 2048 MB, Compressed Oops mode: 32-bit
Narrow klass base: 0x0000000000000000, Narrow klass shift: 3
Compressed class space size: 1073741824 Address: 0x0000000100000000

Heap:
 garbage-first heap   total 329728K, used 101659K [0x0000000080000000, 0x0000000100000000)
  region size 1024K, 2 young (2048K), 2 survivors (2048K)
 Metaspace       used 95279K, capacity 98078K, committed 98304K, reserved 1134592K
  class space    used 12189K, capacity 13237K, committed 13312K, reserved 1048576K
Heap Regions: E=young(eden), S=young(survivor), O=old, HS=humongous(starts), HC=humongous(continues), CS=collection set, F=free, A=archive, TAMS=top-at-mark-start (previous, next)
|   0|0x0000000080000000, 0x0000000080100000, 0x0000000080100000|100%| O|  |TAMS 0x0000000080100000, 0x0000000080000000| Untracked 
|   1|0x0000000080100000, 0x0000000080200000, 0x0000000080200000|100%| O|  |TAMS 0x0000000080200000, 0x0000000080100000| Complete 
|   2|0x0000000080200000, 0x0000000080300000, 0x0000000080300000|100%| O|  |TAMS 0x0000000080300000, 0x0000000080200000| Untracked 
|   3|0x0000000080300000, 0x0000000080400000, 0x0000000080400000|100%|HS|  |TAMS 0x0000000080400000, 0x0000000080300000| Complete 
|   4|0x0000000080400000, 0x0000000080500000, 0x0000000080500000|100%|HC|  |TAMS 0x0000000080500000, 0x0000000080400000| Complete 
|   5|0x0000000080500000, 0x0000000080600000, 0x0000000080600000|100%|HC|  |TAMS 0x0000000080600000, 0x0000000080500000| Complete 
|   6|0x0000000080600000, 0x0000000080700000, 0x0000000080700000|100%| O|  |TAMS 0x0000000080700000, 0x0000000080600000| Untracked 
|   7|0x0000000080700000, 0x0000000080800000, 0x0000000080800000|100%| O|  |TAMS 0x0000000080800000, 0x0000000080700000| Untracked 
|   8|0x0000000080800000, 0x0000000080900000, 0x0000000080900000|100%| O|  |TAMS 0x0000000080900000, 0x0000000080800000| Untracked 
|   9|0x0000000080900000, 0x0000000080a00000, 0x0000000080a00000|100%| O|  |TAMS 0x0000000080a00000, 0x0000000080900000| Untracked 
|  10|0x0000000080a00000, 0x0000000080b00000, 0x0000000080b00000|100%| O|  |TAMS 0x0000000080b00000, 0x0000000080a00000| Untracked 
|  11|0x0000000080b00000, 0x0000000080c00000, 0x0000000080c00000|100%| O|  |TAMS 0x0000000080c00000, 0x0000000080b00000| Untracked 
|  12|0x0000000080c00000, 0x0000000080d00000, 0x0000000080d00000|100%| O|  |TAMS 0x0000000080d00000, 0x0000000080c00000| Untracked 
|  13|0x0000000080d00000, 0x0000000080e00000, 0x0000000080e00000|100%| O|  |TAMS 0x0000000080e00000, 0x0000000080d00000| Untracked 
|  14|0x0000000080e00000, 0x0000000080f00000, 0x0000000080f00000|100%| O|  |TAMS 0x0000000080f00000, 0x0000000080e00000| Untracked 
|  15|0x0000000080f00000, 0x0000000081000000, 0x0000000081000000|100%| O|  |TAMS 0x0000000081000000, 0x0000000080f00000| Untracked 
|  16|0x0000000081000000, 0x0000000081100000, 0x0000000081100000|100%|HS|  |TAMS 0x0000000081100000, 0x0000000081000000| Complete 
|  17|0x0000000081100000, 0x0000000081200000, 0x0000000081200000|100%|HC|  |TAMS 0x0000000081200000, 0x0000000081100000| Complete 
|  18|0x0000000081200000, 0x0000000081300000, 0x0000000081300000|100%|HS|  |TAMS 0x0000000081300000, 0x0000000081200000| Complete 
|  19|0x0000000081300000, 0x0000000081400000, 0x0000000081400000|100%|HC|  |TAMS 0x0000000081400000, 0x0000000081300000| Complete 
|  20|0x0000000081400000, 0x0000000081500000, 0x0000000081500000|100%|HC|  |TAMS 0x0000000081500000, 0x0000000081400000| Complete 
|  21|0x0000000081500000, 0x0000000081600000, 0x0000000081600000|100%|HS|  |TAMS 0x0000000081600000, 0x0000000081500000| Complete 
|  22|0x0000000081600000, 0x0000000081700000, 0x0000000081700000|100%|HC|  |TAMS 0x0000000081700000, 0x0000000081600000| Complete 
|  23|0x0000000081700000, 0x0000000081800000, 0x0000000081800000|100%|HC|  |TAMS 0x0000000081800000, 0x0000000081700000| Complete 
|  24|0x0000000081800000, 0x0000000081900000, 0x0000000081900000|100%|HC|  |TAMS 0x0000000081900000, 0x0000000081800000| Complete 
|  25|0x0000000081900000, 0x0000000081a00000, 0x0000000081a00000|100%| O|  |TAMS 0x0000000081a00000, 0x0000000081900000| Untracked 
|  26|0x0000000081a00000, 0x0000000081b00000, 0x0000000081b00000|100%| O|  |TAMS 0x0000000081b00000, 0x0000000081a00000| Untracked 
|  27|0x0000000081b00000, 0x0000000081c00000, 0x0000000081c00000|100%| O|  |TAMS 0x0000000081c00000, 0x0000000081b00000| Complete 
|  28|0x0000000081c00000, 0x0000000081d00000, 0x0000000081d00000|100%| O|  |TAMS 0x0000000081d00000, 0x0000000081c00000| Untracked 
|  29|0x0000000081d00000, 0x0000000081e00000, 0x0000000081e00000|100%| O|  |TAMS 0x0000000081e00000, 0x0000000081d00000| Untracked 
|  30|0x0000000081e00000, 0x0000000081f00000, 0x0000000081f00000|100%| O|  |TAMS 0x0000000081f00000, 0x0000000081e00000| Untracked 
|  31|0x0000000081f00000, 0x0000000082000000, 0x0000000082000000|100%| O|  |TAMS 0x0000000082000000, 0x0000000081f00000| Untracked 
|  32|0x0000000082000000, 0x0000000082100000, 0x0000000082100000|100%|HS|  |TAMS 0x0000000082100000, 0x0000000082000000| Complete 
|  33|0x0000000082100000, 0x0000000082200000, 0x0000000082200000|100%|HC|  |TAMS 0x0000000082200000, 0x0000000082100000| Complete 
|  34|0x0000000082200000, 0x0000000082300000, 0x0000000082300000|100%| O|  |TAMS 0x0000000082300000, 0x0000000082200000| Untracked 
|  35|0x0000000082300000, 0x0000000082400000, 0x0000000082400000|100%| O|  |TAMS 0x0000000082400000, 0x0000000082300000| Untracked 
|  36|0x0000000082400000, 0x0000000082500000, 0x0000000082500000|100%| O|  |TAMS 0x0000000082500000, 0x0000000082400000| Untracked 
|  37|0x0000000082500000, 0x0000000082600000, 0x0000000082600000|100%| O|  |TAMS 0x0000000082600000, 0x0000000082500000| Untracked 
|  38|0x0000000082600000, 0x0000000082700000, 0x0000000082700000|100%| O|  |TAMS 0x0000000082700000, 0x0000000082600000| Complete 
|  39|0x0000000082700000, 0x0000000082800000, 0x0000000082800000|100%| O|  |TAMS 0x0000000082800000, 0x0000000082700000| Untracked 
|  40|0x0000000082800000, 0x0000000082900000, 0x0000000082900000|100%| O|  |TAMS 0x0000000082900000, 0x0000000082800000| Untracked 
|  41|0x0000000082900000, 0x0000000082a00000, 0x0000000082a00000|100%| O|  |TAMS 0x0000000082a00000, 0x0000000082900000| Untracked 
|  42|0x0000000082a00000, 0x0000000082b00000, 0x0000000082b00000|100%| O|  |TAMS 0x0000000082b00000, 0x0000000082a00000| Untracked 
|  43|0x0000000082b00000, 0x0000000082c00000, 0x0000000082c00000|100%| O|  |TAMS 0x0000000082c00000, 0x0000000082b00000| Untracked 
|  44|0x0000000082c00000, 0x0000000082d00000, 0x0000000082d00000|100%| O|  |TAMS 0x0000000082d00000, 0x0000000082c00000| Untracked 
|  45|0x0000000082d00000, 0x0000000082e00000, 0x0000000082e00000|100%| O|  |TAMS 0x0000000082e00000, 0x0000000082d00000| Untracked 
|  46|0x0000000082e00000, 0x0000000082f00000, 0x0000000082f00000|100%| O|  |TAMS 0x0000000082f00000, 0x0000000082e00000| Complete 
|  47|0x0000000082f00000, 0x0000000083000000, 0x0000000083000000|100%| O|  |TAMS 0x0000000083000000, 0x0000000082f00000| Complete 
|  48|0x0000000083000000, 0x0000000083100000, 0x0000000083100000|100%| O|  |TAMS 0x0000000083100000, 0x0000000083000000| Untracked 
|  49|0x0000000083100000, 0x0000000083200000, 0x0000000083200000|100%| O|  |TAMS 0x0000000083200000, 0x0000000083100000| Untracked 
|  50|0x0000000083200000, 0x0000000083300000, 0x0000000083300000|100%| O|  |TAMS 0x0000000083300000, 0x0000000083200000| Untracked 
|  51|0x0000000083300000, 0x0000000083400000, 0x0000000083400000|100%| O|  |TAMS 0x0000000083400000, 0x0000000083300000| Untracked 
|  52|0x0000000083400000, 0x0000000083500000, 0x0000000083500000|100%| O|  |TAMS 0x0000000083500000, 0x0000000083400000| Untracked 
|  53|0x0000000083500000, 0x0000000083600000, 0x0000000083600000|100%| O|  |TAMS 0x0000000083600000, 0x0000000083500000| Complete 
|  54|0x0000000083600000, 0x0000000083700000, 0x0000000083700000|100%| O|  |TAMS 0x0000000083700000, 0x0000000083600000| Untracked 
|  55|0x0000000083700000, 0x0000000083800000, 0x0000000083800000|100%| O|  |TAMS 0x0000000083800000, 0x0000000083700000| Complete 
|  56|0x0000000083800000, 0x0000000083900000, 0x0000000083900000|100%| O|  |TAMS 0x0000000083900000, 0x0000000083800000| Untracked 
|  57|0x0000000083900000, 0x0000000083a00000, 0x0000000083a00000|100%| O|  |TAMS 0x0000000083a00000, 0x0000000083900000| Untracked 
|  58|0x0000000083a00000, 0x0000000083b00000, 0x0000000083b00000|100%| O|  |TAMS 0x0000000083b00000, 0x0000000083a00000| Untracked 
|  59|0x0000000083b00000, 0x0000000083c00000, 0x0000000083c00000|100%| O|  |TAMS 0x0000000083c00000, 0x0000000083b00000| Untracked 
|  60|0x0000000083c00000, 0x0000000083d00000, 0x0000000083d00000|100%| O|  |TAMS 0x0000000083d00000, 0x0000000083c00000| Untracked 
|  61|0x0000000083d00000, 0x0000000083e00000, 0x0000000083e00000|100%| O|  |TAMS 0x0000000083e00000, 0x0000000083d00000| Complete 
|  62|0x0000000083e00000, 0x0000000083f00000, 0x0000000083f00000|100%| O|  |TAMS 0x0000000083f00000, 0x0000000083e00000| Untracked 
|  63|0x0000000083f00000, 0x0000000084000000, 0x0000000084000000|100%| O|  |TAMS 0x0000000084000000, 0x0000000083f00000| Untracked 
|  64|0x0000000084000000, 0x0000000084100000, 0x0000000084100000|100%| O|  |TAMS 0x0000000084100000, 0x0000000084000000| Complete 
|  65|0x0000000084100000, 0x0000000084200000, 0x0000000084200000|100%| O|  |TAMS 0x0000000084200000, 0x0000000084100000| Complete 
|  66|0x0000000084200000, 0x0000000084300000, 0x0000000084300000|100%| O|  |TAMS 0x0000000084300000, 0x0000000084200000| Untracked 
|  67|0x0000000084300000, 0x0000000084400000, 0x0000000084400000|100%| O|  |TAMS 0x0000000084400000, 0x0000000084300000| Complete 
|  68|0x0000000084400000, 0x0000000084500000, 0x0000000084500000|100%| O|  |TAMS 0x0000000084500000, 0x0000000084400000| Complete 
|  69|0x0000000084500000, 0x0000000084600000, 0x0000000084600000|100%| O|  |TAMS 0x0000000084600000, 0x0000000084500000| Untracked 
|  70|0x0000000084600000, 0x0000000084700000, 0x0000000084700000|100%| O|  |TAMS 0x0000000084700000, 0x0000000084600000| Untracked 
|  71|0x0000000084700000, 0x0000000084800000, 0x0000000084800000|100%| O|  |TAMS 0x0000000084800000, 0x0000000084700000| Untracked 
|  72|0x0000000084800000, 0x0000000084900000, 0x0000000084900000|100%| O|  |TAMS 0x0000000084900000, 0x0000000084800000| Complete 
|  73|0x0000000084900000, 0x0000000084a00000, 0x0000000084a00000|100%| O|  |TAMS 0x0000000084a00000, 0x0000000084900000| Complete 
|  74|0x0000000084a00000, 0x0000000084b00000, 0x0000000084b00000|100%| O|  |TAMS 0x0000000084b00000, 0x0000000084a00000| Complete 
|  75|0x0000000084b00000, 0x0000000084c00000, 0x0000000084c00000|100%| O|  |TAMS 0x0000000084b00000, 0x0000000084b00000| Untracked 
|  76|0x0000000084c00000, 0x0000000084c00000, 0x0000000084d00000|  0%| F|  |TAMS 0x0000000084c00000, 0x0000000084c00000| Untracked 
|  77|0x0000000084d00000, 0x0000000084e00000, 0x0000000084e00000|100%| O|  |TAMS 0x0000000084e00000, 0x0000000084d00000| Complete 
|  78|0x0000000084e00000, 0x0000000084e00000, 0x0000000084f00000|  0%| F|  |TAMS 0x0000000084e00000, 0x0000000084e00000| Untracked 
|  79|0x0000000084f00000, 0x0000000084f00000, 0x0000000085000000|  0%| F|  |TAMS 0x0000000084f00000, 0x0000000084f00000| Untracked 
|  80|0x0000000085000000, 0x0000000085000000, 0x0000000085100000|  0%| F|  |TAMS 0x0000000085000000, 0x0000000085000000| Untracked 
|  81|0x0000000085100000, 0x0000000085200000, 0x0000000085200000|100%| O|  |TAMS 0x0000000085200000, 0x0000000085100000| Complete 
|  82|0x0000000085200000, 0x0000000085300000, 0x0000000085300000|100%| O|  |TAMS 0x0000000085300000, 0x0000000085200000| Complete 
|  83|0x0000000085300000, 0x0000000085300000, 0x0000000085400000|  0%| F|  |TAMS 0x0000000085300000, 0x0000000085300000| Untracked 
|  84|0x0000000085400000, 0x0000000085400000, 0x0000000085500000|  0%| F|  |TAMS 0x0000000085400000, 0x0000000085400000| Untracked 
|  85|0x0000000085500000, 0x0000000085500000, 0x0000000085600000|  0%| F|  |TAMS 0x0000000085500000, 0x0000000085500000| Untracked 
|  86|0x0000000085600000, 0x0000000085600000, 0x0000000085700000|  0%| F|  |TAMS 0x0000000085600000, 0x0000000085600000| Untracked 
|  87|0x0000000085700000, 0x0000000085700000, 0x0000000085800000|  0%| F|  |TAMS 0x0000000085700000, 0x0000000085700000| Untracked 
|  88|0x0000000085800000, 0x0000000085800000, 0x0000000085900000|  0%| F|  |TAMS 0x0000000085800000, 0x0000000085800000| Untracked 
|  89|0x0000000085900000, 0x0000000085a00000, 0x0000000085a00000|100%|HS|  |TAMS 0x0000000085a00000, 0x0000000085900000| Complete 
|  90|0x0000000085a00000, 0x0000000085b00000, 0x0000000085b00000|100%|HC|  |TAMS 0x0000000085b00000, 0x0000000085a00000| Complete 
|  91|0x0000000085b00000, 0x0000000085b00000, 0x0000000085c00000|  0%| F|  |TAMS 0x0000000085b00000, 0x0000000085b00000| Untracked 
|  92|0x0000000085c00000, 0x0000000085c00000, 0x0000000085d00000|  0%| F|  |TAMS 0x0000000085c00000, 0x0000000085c00000| Untracked 
|  93|0x0000000085d00000, 0x0000000085e00000, 0x0000000085e00000|100%|HS|  |TAMS 0x0000000085e00000, 0x0000000085d00000| Complete 
|  94|0x0000000085e00000, 0x0000000085f00000, 0x0000000085f00000|100%|HC|  |TAMS 0x0000000085f00000, 0x0000000085e00000| Complete 
|  95|0x0000000085f00000, 0x0000000085f00000, 0x0000000086000000|  0%| F|  |TAMS 0x0000000085f00000, 0x0000000085f00000| Untracked 
|  96|0x0000000086000000, 0x0000000086000000, 0x0000000086100000|  0%| F|  |TAMS 0x0000000086000000, 0x0000000086000000| Untracked 
|  97|0x0000000086100000, 0x0000000086100000, 0x0000000086200000|  0%| F|  |TAMS 0x0000000086100000, 0x0000000086100000| Untracked 
|  98|0x0000000086200000, 0x0000000086300000, 0x0000000086300000|100%| O|  |TAMS 0x0000000086300000, 0x0000000086200000| Complete 
|  99|0x0000000086300000, 0x0000000086400000, 0x0000000086400000|100%| O|  |TAMS 0x0000000086400000, 0x0000000086300000| Complete 
| 100|0x0000000086400000, 0x0000000086500000, 0x0000000086500000|100%| O|  |TAMS 0x0000000086500000, 0x0000000086400000| Untracked 
| 101|0x0000000086500000, 0x0000000086600000, 0x0000000086600000|100%| O|  |TAMS 0x0000000086600000, 0x0000000086500000| Untracked 
| 102|0x0000000086600000, 0x0000000086700000, 0x0000000086700000|100%| O|  |TAMS 0x0000000086700000, 0x0000000086600000| Untracked 
| 103|0x0000000086700000, 0x0000000086800000, 0x0000000086800000|100%| O|  |TAMS 0x0000000086800000, 0x0000000086700000| Complete 
| 104|0x0000000086800000, 0x0000000086900000, 0x0000000086900000|100%| O|  |TAMS 0x0000000086900000, 0x0000000086800000| Complete 
| 105|0x0000000086900000, 0x0000000086a00000, 0x0000000086a00000|100%| O|  |TAMS 0x0000000086a00000, 0x0000000086900000| Untracked 
| 106|0x0000000086a00000, 0x0000000086a00000, 0x0000000086b00000|  0%| F|  |TAMS 0x0000000086a00000, 0x0000000086a00000| Untracked 
| 107|0x0000000086b00000, 0x0000000086b00000, 0x0000000086c00000|  0%| F|  |TAMS 0x0000000086b00000, 0x0000000086b00000| Untracked 
| 108|0x0000000086c00000, 0x0000000086d00000, 0x0000000086d00000|100%| O|  |TAMS 0x0000000086d00000, 0x0000000086c00000| Untracked 
| 109|0x0000000086d00000, 0x0000000086e00000, 0x0000000086e00000|100%| O|  |TAMS 0x0000000086e00000, 0x0000000086d00000| Untracked 
| 110|0x0000000086e00000, 0x0000000086f00000, 0x0000000086f00000|100%| O|  |TAMS 0x0000000086e25800, 0x0000000086e00000| Untracked 
| 111|0x0000000086f00000, 0x0000000087000000, 0x0000000087000000|100%| O|  |TAMS 0x0000000086f00000, 0x0000000086f00000| Untracked 
| 112|0x0000000087000000, 0x00000000870f2c00, 0x0000000087100000| 94%| O|  |TAMS 0x0000000087000000, 0x0000000087000000| Untracked 
| 113|0x0000000087100000, 0x0000000087100000, 0x0000000087200000|  0%| F|  |TAMS 0x0000000087100000, 0x0000000087100000| Untracked 
| 114|0x0000000087200000, 0x0000000087200000, 0x0000000087300000|  0%| F|  |TAMS 0x0000000087200000, 0x0000000087200000| Untracked 
| 115|0x0000000087300000, 0x0000000087300000, 0x0000000087400000|  0%| F|  |TAMS 0x0000000087300000, 0x0000000087300000| Untracked 
| 116|0x0000000087400000, 0x0000000087400000, 0x0000000087500000|  0%| F|  |TAMS 0x0000000087400000, 0x0000000087400000| Untracked 
| 117|0x0000000087500000, 0x0000000087500000, 0x0000000087600000|  0%| F|  |TAMS 0x0000000087500000, 0x0000000087500000| Untracked 
| 118|0x0000000087600000, 0x0000000087600000, 0x0000000087700000|  0%| F|  |TAMS 0x0000000087600000, 0x0000000087600000| Untracked 
| 119|0x0000000087700000, 0x0000000087700000, 0x0000000087800000|  0%| F|  |TAMS 0x0000000087700000, 0x0000000087700000| Untracked 
| 120|0x0000000087800000, 0x0000000087800000, 0x0000000087900000|  0%| F|  |TAMS 0x0000000087800000, 0x0000000087800000| Untracked 
| 121|0x0000000087900000, 0x0000000087900000, 0x0000000087a00000|  0%| F|  |TAMS 0x0000000087900000, 0x0000000087900000| Untracked 
| 122|0x0000000087a00000, 0x0000000087a00000, 0x0000000087b00000|  0%| F|  |TAMS 0x0000000087a00000, 0x0000000087a00000| Untracked 
| 123|0x0000000087b00000, 0x0000000087b00000, 0x0000000087c00000|  0%| F|  |TAMS 0x0000000087b00000, 0x0000000087b00000| Untracked 
| 124|0x0000000087c00000, 0x0000000087c00000, 0x0000000087d00000|  0%| F|  |TAMS 0x0000000087c00000, 0x0000000087c00000| Untracked 
| 125|0x0000000087d00000, 0x0000000087d00000, 0x0000000087e00000|  0%| F|  |TAMS 0x0000000087d00000, 0x0000000087d00000| Untracked 
| 126|0x0000000087e00000, 0x0000000087e00000, 0x0000000087f00000|  0%| F|  |TAMS 0x0000000087e00000, 0x0000000087e00000| Untracked 
| 127|0x0000000087f00000, 0x0000000088000000, 0x0000000088000000|100%| O|  |TAMS 0x0000000088000000, 0x0000000087f00000| Complete 
| 128|0x0000000088000000, 0x0000000088100000, 0x0000000088100000|100%| O|  |TAMS 0x0000000088100000, 0x0000000088000000| Complete 
| 129|0x0000000088100000, 0x0000000088100000, 0x0000000088200000|  0%| F|  |TAMS 0x0000000088100000, 0x0000000088100000| Untracked 
| 130|0x0000000088200000, 0x0000000088200000, 0x0000000088300000|  0%| F|  |TAMS 0x0000000088200000, 0x0000000088200000| Untracked 
| 131|0x0000000088300000, 0x0000000088300000, 0x0000000088400000|  0%| F|  |TAMS 0x0000000088300000, 0x0000000088300000| Untracked 
| 132|0x0000000088400000, 0x0000000088400000, 0x0000000088500000|  0%| F|  |TAMS 0x0000000088400000, 0x0000000088400000| Untracked 
| 133|0x0000000088500000, 0x0000000088500000, 0x0000000088600000|  0%| F|  |TAMS 0x0000000088500000, 0x0000000088500000| Untracked 
| 134|0x0000000088600000, 0x0000000088600000, 0x0000000088700000|  0%| F|  |TAMS 0x0000000088600000, 0x0000000088600000| Untracked 
| 135|0x0000000088700000, 0x0000000088700000, 0x0000000088800000|  0%| F|  |TAMS 0x0000000088700000, 0x0000000088700000| Untracked 
| 136|0x0000000088800000, 0x0000000088800000, 0x0000000088900000|  0%| F|  |TAMS 0x0000000088800000, 0x0000000088800000| Untracked 
| 137|0x0000000088900000, 0x0000000088900000, 0x0000000088a00000|  0%| F|  |TAMS 0x0000000088900000, 0x0000000088900000| Untracked 
| 138|0x0000000088a00000, 0x0000000088a00000, 0x0000000088b00000|  0%| F|  |TAMS 0x0000000088a00000, 0x0000000088a00000| Untracked 
| 139|0x0000000088b00000, 0x0000000088b00000, 0x0000000088c00000|  0%| F|  |TAMS 0x0000000088b00000, 0x0000000088b00000| Untracked 
| 140|0x0000000088c00000, 0x0000000088c00000, 0x0000000088d00000|  0%| F|  |TAMS 0x0000000088c00000, 0x0000000088c00000| Untracked 
| 141|0x0000000088d00000, 0x0000000088d00000, 0x0000000088e00000|  0%| F|  |TAMS 0x0000000088d00000, 0x0000000088d00000| Untracked 
| 142|0x0000000088e00000, 0x0000000088e00000, 0x0000000088f00000|  0%| F|  |TAMS 0x0000000088e00000, 0x0000000088e00000| Untracked 
| 143|0x0000000088f00000, 0x0000000088f00000, 0x0000000089000000|  0%| F|  |TAMS 0x0000000088f00000, 0x0000000088f00000| Untracked 
| 144|0x0000000089000000, 0x0000000089000000, 0x0000000089100000|  0%| F|  |TAMS 0x0000000089000000, 0x0000000089000000| Untracked 
| 145|0x0000000089100000, 0x0000000089100000, 0x0000000089200000|  0%| F|  |TAMS 0x0000000089100000, 0x0000000089100000| Untracked 
| 146|0x0000000089200000, 0x0000000089200000, 0x0000000089300000|  0%| F|  |TAMS 0x0000000089200000, 0x0000000089200000| Untracked 
| 147|0x0000000089300000, 0x0000000089300000, 0x0000000089400000|  0%| F|  |TAMS 0x0000000089300000, 0x0000000089300000| Untracked 
| 148|0x0000000089400000, 0x0000000089400000, 0x0000000089500000|  0%| F|  |TAMS 0x0000000089400000, 0x0000000089400000| Untracked 
| 149|0x0000000089500000, 0x0000000089500000, 0x0000000089600000|  0%| F|  |TAMS 0x0000000089500000, 0x0000000089500000| Untracked 
| 150|0x0000000089600000, 0x0000000089600000, 0x0000000089700000|  0%| F|  |TAMS 0x0000000089600000, 0x0000000089600000| Untracked 
| 151|0x0000000089700000, 0x0000000089700000, 0x0000000089800000|  0%| F|  |TAMS 0x0000000089700000, 0x0000000089700000| Untracked 
| 152|0x0000000089800000, 0x0000000089800000, 0x0000000089900000|  0%| F|  |TAMS 0x0000000089800000, 0x0000000089800000| Untracked 
| 153|0x0000000089900000, 0x0000000089900000, 0x0000000089a00000|  0%| F|  |TAMS 0x0000000089900000, 0x0000000089900000| Untracked 
| 154|0x0000000089a00000, 0x0000000089a00000, 0x0000000089b00000|  0%| F|  |TAMS 0x0000000089a00000, 0x0000000089a00000| Untracked 
| 155|0x0000000089b00000, 0x0000000089b00000, 0x0000000089c00000|  0%| F|  |TAMS 0x0000000089b00000, 0x0000000089b00000| Untracked 
| 156|0x0000000089c00000, 0x0000000089c00000, 0x0000000089d00000|  0%| F|  |TAMS 0x0000000089c00000, 0x0000000089c00000| Untracked 
| 157|0x0000000089d00000, 0x0000000089d00000, 0x0000000089e00000|  0%| F|  |TAMS 0x0000000089d00000, 0x0000000089d00000| Untracked 
| 158|0x0000000089e00000, 0x0000000089e00000, 0x0000000089f00000|  0%| F|  |TAMS 0x0000000089e00000, 0x0000000089e00000| Untracked 
| 159|0x0000000089f00000, 0x0000000089f00000, 0x000000008a000000|  0%| F|  |TAMS 0x0000000089f00000, 0x0000000089f00000| Untracked 
| 160|0x000000008a000000, 0x000000008a000000, 0x000000008a100000|  0%| F|  |TAMS 0x000000008a000000, 0x000000008a000000| Untracked 
| 161|0x000000008a100000, 0x000000008a100000, 0x000000008a200000|  0%| F|  |TAMS 0x000000008a100000, 0x000000008a100000| Untracked 
| 162|0x000000008a200000, 0x000000008a200000, 0x000000008a300000|  0%| F|  |TAMS 0x000000008a200000, 0x000000008a200000| Untracked 
| 163|0x000000008a300000, 0x000000008a300000, 0x000000008a400000|  0%| F|  |TAMS 0x000000008a300000, 0x000000008a300000| Untracked 
| 164|0x000000008a400000, 0x000000008a400000, 0x000000008a500000|  0%| F|  |TAMS 0x000000008a400000, 0x000000008a400000| Untracked 
| 165|0x000000008a500000, 0x000000008a500000, 0x000000008a600000|  0%| F|  |TAMS 0x000000008a500000, 0x000000008a500000| Untracked 
| 166|0x000000008a600000, 0x000000008a600000, 0x000000008a700000|  0%| F|  |TAMS 0x000000008a600000, 0x000000008a600000| Untracked 
| 167|0x000000008a700000, 0x000000008a700000, 0x000000008a800000|  0%| F|  |TAMS 0x000000008a700000, 0x000000008a700000| Untracked 
| 168|0x000000008a800000, 0x000000008a800000, 0x000000008a900000|  0%| F|  |TAMS 0x000000008a800000, 0x000000008a800000| Untracked 
| 169|0x000000008a900000, 0x000000008a900000, 0x000000008aa00000|  0%| F|  |TAMS 0x000000008a900000, 0x000000008a900000| Untracked 
| 170|0x000000008aa00000, 0x000000008aa00000, 0x000000008ab00000|  0%| F|  |TAMS 0x000000008aa00000, 0x000000008aa00000| Untracked 
| 171|0x000000008ab00000, 0x000000008ab00000, 0x000000008ac00000|  0%| F|  |TAMS 0x000000008ab00000, 0x000000008ab00000| Untracked 
| 172|0x000000008ac00000, 0x000000008ac00000, 0x000000008ad00000|  0%| F|  |TAMS 0x000000008ac00000, 0x000000008ac00000| Untracked 
| 173|0x000000008ad00000, 0x000000008ad00000, 0x000000008ae00000|  0%| F|  |TAMS 0x000000008ad00000, 0x000000008ad00000| Untracked 
| 174|0x000000008ae00000, 0x000000008ae00000, 0x000000008af00000|  0%| F|  |TAMS 0x000000008ae00000, 0x000000008ae00000| Untracked 
| 175|0x000000008af00000, 0x000000008af00000, 0x000000008b000000|  0%| F|  |TAMS 0x000000008af00000, 0x000000008af00000| Untracked 
| 176|0x000000008b000000, 0x000000008b000000, 0x000000008b100000|  0%| F|  |TAMS 0x000000008b000000, 0x000000008b000000| Untracked 
| 177|0x000000008b100000, 0x000000008b100000, 0x000000008b200000|  0%| F|  |TAMS 0x000000008b100000, 0x000000008b100000| Untracked 
| 178|0x000000008b200000, 0x000000008b200000, 0x000000008b300000|  0%| F|  |TAMS 0x000000008b200000, 0x000000008b200000| Untracked 
| 179|0x000000008b300000, 0x000000008b300000, 0x000000008b400000|  0%| F|  |TAMS 0x000000008b300000, 0x000000008b300000| Untracked 
| 180|0x000000008b400000, 0x000000008b400000, 0x000000008b500000|  0%| F|  |TAMS 0x000000008b400000, 0x000000008b400000| Untracked 
| 181|0x000000008b500000, 0x000000008b500000, 0x000000008b600000|  0%| F|  |TAMS 0x000000008b500000, 0x000000008b500000| Untracked 
| 182|0x000000008b600000, 0x000000008b600000, 0x000000008b700000|  0%| F|  |TAMS 0x000000008b600000, 0x000000008b600000| Untracked 
| 183|0x000000008b700000, 0x000000008b700000, 0x000000008b800000|  0%| F|  |TAMS 0x000000008b700000, 0x000000008b700000| Untracked 
| 184|0x000000008b800000, 0x000000008b800000, 0x000000008b900000|  0%| F|  |TAMS 0x000000008b800000, 0x000000008b800000| Untracked 
| 185|0x000000008b900000, 0x000000008b900000, 0x000000008ba00000|  0%| F|  |TAMS 0x000000008b900000, 0x000000008b900000| Untracked 
| 186|0x000000008ba00000, 0x000000008ba00000, 0x000000008bb00000|  0%| F|  |TAMS 0x000000008ba00000, 0x000000008ba00000| Untracked 
| 187|0x000000008bb00000, 0x000000008bb00000, 0x000000008bc00000|  0%| F|  |TAMS 0x000000008bb00000, 0x000000008bb00000| Untracked 
| 188|0x000000008bc00000, 0x000000008bc00000, 0x000000008bd00000|  0%| F|  |TAMS 0x000000008bc00000, 0x000000008bc00000| Untracked 
| 189|0x000000008bd00000, 0x000000008bd00000, 0x000000008be00000|  0%| F|  |TAMS 0x000000008bd00000, 0x000000008bd00000| Untracked 
| 190|0x000000008be00000, 0x000000008be00000, 0x000000008bf00000|  0%| F|  |TAMS 0x000000008be00000, 0x000000008be00000| Untracked 
| 191|0x000000008bf00000, 0x000000008bf00000, 0x000000008c000000|  0%| F|  |TAMS 0x000000008bf00000, 0x000000008bf00000| Untracked 
| 192|0x000000008c000000, 0x000000008c000000, 0x000000008c100000|  0%| F|  |TAMS 0x000000008c000000, 0x000000008c000000| Untracked 
| 193|0x000000008c100000, 0x000000008c100000, 0x000000008c200000|  0%| F|  |TAMS 0x000000008c100000, 0x000000008c100000| Untracked 
| 194|0x000000008c200000, 0x000000008c200000, 0x000000008c300000|  0%| F|  |TAMS 0x000000008c200000, 0x000000008c200000| Untracked 
| 195|0x000000008c300000, 0x000000008c300000, 0x000000008c400000|  0%| F|  |TAMS 0x000000008c300000, 0x000000008c300000| Untracked 
| 196|0x000000008c400000, 0x000000008c400000, 0x000000008c500000|  0%| F|  |TAMS 0x000000008c400000, 0x000000008c400000| Untracked 
| 197|0x000000008c500000, 0x000000008c500000, 0x000000008c600000|  0%| F|  |TAMS 0x000000008c500000, 0x000000008c500000| Untracked 
| 198|0x000000008c600000, 0x000000008c600000, 0x000000008c700000|  0%| F|  |TAMS 0x000000008c600000, 0x000000008c600000| Untracked 
| 199|0x000000008c700000, 0x000000008c700000, 0x000000008c800000|  0%| F|  |TAMS 0x000000008c700000, 0x000000008c700000| Untracked 
| 200|0x000000008c800000, 0x000000008c800000, 0x000000008c900000|  0%| F|  |TAMS 0x000000008c800000, 0x000000008c800000| Untracked 
| 201|0x000000008c900000, 0x000000008c900000, 0x000000008ca00000|  0%| F|  |TAMS 0x000000008c900000, 0x000000008c900000| Untracked 
| 202|0x000000008ca00000, 0x000000008ca00000, 0x000000008cb00000|  0%| F|  |TAMS 0x000000008ca00000, 0x000000008ca00000| Untracked 
| 203|0x000000008cb00000, 0x000000008cb00000, 0x000000008cc00000|  0%| F|  |TAMS 0x000000008cb00000, 0x000000008cb00000| Untracked 
| 204|0x000000008cc00000, 0x000000008cc00000, 0x000000008cd00000|  0%| F|  |TAMS 0x000000008cc00000, 0x000000008cc00000| Untracked 
| 205|0x000000008cd00000, 0x000000008cd00000, 0x000000008ce00000|  0%| F|  |TAMS 0x000000008cd00000, 0x000000008cd00000| Untracked 
| 206|0x000000008ce00000, 0x000000008ce00000, 0x000000008cf00000|  0%| F|  |TAMS 0x000000008ce00000, 0x000000008ce00000| Untracked 
| 207|0x000000008cf00000, 0x000000008cf00000, 0x000000008d000000|  0%| F|  |TAMS 0x000000008cf00000, 0x000000008cf00000| Untracked 
| 208|0x000000008d000000, 0x000000008d000000, 0x000000008d100000|  0%| F|  |TAMS 0x000000008d000000, 0x000000008d000000| Untracked 
| 209|0x000000008d100000, 0x000000008d100000, 0x000000008d200000|  0%| F|  |TAMS 0x000000008d100000, 0x000000008d100000| Untracked 
| 210|0x000000008d200000, 0x000000008d200000, 0x000000008d300000|  0%| F|  |TAMS 0x000000008d200000, 0x000000008d200000| Untracked 
| 211|0x000000008d300000, 0x000000008d300000, 0x000000008d400000|  0%| F|  |TAMS 0x000000008d300000, 0x000000008d300000| Untracked 
| 212|0x000000008d400000, 0x000000008d400000, 0x000000008d500000|  0%| F|  |TAMS 0x000000008d400000, 0x000000008d400000| Untracked 
| 213|0x000000008d500000, 0x000000008d500000, 0x000000008d600000|  0%| F|  |TAMS 0x000000008d500000, 0x000000008d500000| Untracked 
| 214|0x000000008d600000, 0x000000008d600000, 0x000000008d700000|  0%| F|  |TAMS 0x000000008d600000, 0x000000008d600000| Untracked 
| 215|0x000000008d700000, 0x000000008d700000, 0x000000008d800000|  0%| F|  |TAMS 0x000000008d700000, 0x000000008d700000| Untracked 
| 216|0x000000008d800000, 0x000000008d800000, 0x000000008d900000|  0%| F|  |TAMS 0x000000008d800000, 0x000000008d800000| Untracked 
| 217|0x000000008d900000, 0x000000008d900000, 0x000000008da00000|  0%| F|  |TAMS 0x000000008d900000, 0x000000008d900000| Untracked 
| 218|0x000000008da00000, 0x000000008da00000, 0x000000008db00000|  0%| F|  |TAMS 0x000000008da00000, 0x000000008da00000| Untracked 
| 219|0x000000008db00000, 0x000000008db00000, 0x000000008dc00000|  0%| F|  |TAMS 0x000000008db00000, 0x000000008db00000| Untracked 
| 220|0x000000008dc00000, 0x000000008dc00000, 0x000000008dd00000|  0%| F|  |TAMS 0x000000008dc00000, 0x000000008dc00000| Untracked 
| 221|0x000000008dd00000, 0x000000008dd00000, 0x000000008de00000|  0%| F|  |TAMS 0x000000008dd00000, 0x000000008dd00000| Untracked 
| 222|0x000000008de00000, 0x000000008de00000, 0x000000008df00000|  0%| F|  |TAMS 0x000000008de00000, 0x000000008de00000| Untracked 
| 223|0x000000008df00000, 0x000000008df00000, 0x000000008e000000|  0%| F|  |TAMS 0x000000008df00000, 0x000000008df00000| Untracked 
| 224|0x000000008e000000, 0x000000008e000000, 0x000000008e100000|  0%| F|  |TAMS 0x000000008e000000, 0x000000008e000000| Untracked 
| 225|0x000000008e100000, 0x000000008e100000, 0x000000008e200000|  0%| F|  |TAMS 0x000000008e100000, 0x000000008e100000| Untracked 
| 226|0x000000008e200000, 0x000000008e200000, 0x000000008e300000|  0%| F|  |TAMS 0x000000008e200000, 0x000000008e200000| Untracked 
| 227|0x000000008e300000, 0x000000008e300000, 0x000000008e400000|  0%| F|  |TAMS 0x000000008e300000, 0x000000008e300000| Untracked 
| 228|0x000000008e400000, 0x000000008e400000, 0x000000008e500000|  0%| F|  |TAMS 0x000000008e400000, 0x000000008e400000| Untracked 
| 229|0x000000008e500000, 0x000000008e500000, 0x000000008e600000|  0%| F|  |TAMS 0x000000008e500000, 0x000000008e500000| Untracked 
| 230|0x000000008e600000, 0x000000008e600000, 0x000000008e700000|  0%| F|  |TAMS 0x000000008e600000, 0x000000008e600000| Untracked 
| 231|0x000000008e700000, 0x000000008e7541a8, 0x000000008e800000| 32%| S|CS|TAMS 0x000000008e700000, 0x000000008e700000| Complete 
| 232|0x000000008e800000, 0x000000008e900000, 0x000000008e900000|100%| S|CS|TAMS 0x000000008e800000, 0x000000008e800000| Complete 
| 233|0x000000008e900000, 0x000000008e900000, 0x000000008ea00000|  0%| F|  |TAMS 0x000000008e900000, 0x000000008e900000| Untracked 
| 234|0x000000008ea00000, 0x000000008ea00000, 0x000000008eb00000|  0%| F|  |TAMS 0x000000008ea00000, 0x000000008ea00000| Untracked 
| 235|0x000000008eb00000, 0x000000008eb00000, 0x000000008ec00000|  0%| F|  |TAMS 0x000000008eb00000, 0x000000008eb00000| Untracked 
| 236|0x000000008ec00000, 0x000000008ec00000, 0x000000008ed00000|  0%| F|  |TAMS 0x000000008ec00000, 0x000000008ec00000| Untracked 
| 237|0x000000008ed00000, 0x000000008ed00000, 0x000000008ee00000|  0%| F|  |TAMS 0x000000008ed00000, 0x000000008ed00000| Untracked 
| 238|0x000000008ee00000, 0x000000008ee00000, 0x000000008ef00000|  0%| F|  |TAMS 0x000000008ee00000, 0x000000008ee00000| Untracked 
| 239|0x000000008ef00000, 0x000000008ef00000, 0x000000008f000000|  0%| F|  |TAMS 0x000000008ef00000, 0x000000008ef00000| Untracked 

Card table byte_map: [0x00000167737a0000,0x0000016773ba0000] _byte_map_base: 0x00000167733a0000

Marking Bits (Prev, Next): (CMBitMap*) 0x000001676f72a128, (CMBitMap*) 0x000001676f72a160
 Prev Bits: [0x0000016773fa0000, 0x0000016775fa0000)
 Next Bits: [0x0000016775fa0000, 0x0000016777fa0000)

Polling page: 0x000001676d890000

Metaspace:

Usage:
  Non-class:     82.85 MB capacity,    81.14 MB ( 98%) used,     1.41 MB (  2%) free+waste,   305.31 KB ( <1%) overhead. 
      Class:     12.93 MB capacity,    11.90 MB ( 92%) used,   908.30 KB (  7%) free+waste,   139.50 KB (  1%) overhead. 
       Both:     95.78 MB capacity,    93.05 MB ( 97%) used,     2.30 MB (  2%) free+waste,   444.81 KB ( <1%) overhead. 

Virtual space:
  Non-class space:       84.00 MB reserved,      83.00 MB ( 99%) committed 
      Class space:        1.00 GB reserved,      13.00 MB (  1%) committed 
             Both:        1.08 GB reserved,      96.00 MB (  9%) committed 

Chunk freelists:
   Non-Class:  151.00 KB
       Class:  43.00 KB
        Both:  194.00 KB

MaxMetaspaceSize: 17179869184.00 GB
CompressedClassSpaceSize: 1.00 GB

CodeHeap 'non-profiled nmethods': size=120000Kb used=5686Kb max_used=5686Kb free=114314Kb
 bounds [0x0000016707ad0000, 0x0000016708060000, 0x000001670f000000]
CodeHeap 'profiled nmethods': size=120000Kb used=28635Kb max_used=28635Kb free=91365Kb
 bounds [0x00000167005a0000, 0x00000167021a0000, 0x0000016707ad0000]
CodeHeap 'non-nmethods': size=5760Kb used=2291Kb max_used=2320Kb free=3468Kb
 bounds [0x0000016700000000, 0x0000016700270000, 0x00000167005a0000]
 total_blobs=14000 nmethods=13102 adapters=807
 compilation: enabled
              stopped_count=0, restarted_count=0
 full_count=0

Compilation events (20 events):
Event: 44.506 Thread 0x000001677b238800 nmethod 13655 0x0000016702196410 code [0x00000167021965c0, 0x0000016702196718]
Event: 44.506 Thread 0x000001677b238800 13656       2       java.util.IdentityHashMap$IdentityHashMapSpliterator::<init> (32 bytes)
Event: 44.506 Thread 0x000001677b238800 nmethod 13656 0x0000016702196790 code [0x0000016702196940, 0x0000016702196a98]
Event: 44.506 Thread 0x000001677b238800 13650       2       java.util.BitSet::set (18 bytes)
Event: 44.506 Thread 0x000001677b238800 nmethod 13650 0x0000016702196b10 code [0x0000016702196ce0, 0x0000016702196e18]
Event: 44.506 Thread 0x000001677b238800 13657       2       java.util.Collections$SetFromMap::stream (10 bytes)
Event: 44.506 Thread 0x000001677b238800 nmethod 13657 0x0000016702196f10 code [0x00000167021970c0, 0x00000167021971e8]
Event: 44.506 Thread 0x000001677b238800 13649       1       com.android.tools.r8.ir.regalloc.LiveIntervals::B (5 bytes)
Event: 44.507 Thread 0x000001677b238800 nmethod 13649 0x000001670805d210 code [0x000001670805d3c0, 0x000001670805d478]
Event: 44.507 Thread 0x000001677b238800 13651       1       com.android.tools.r8.ir.code.Instruction::isNewInstance (2 bytes)
Event: 44.507 Thread 0x000001677b238800 nmethod 13651 0x000001670805d510 code [0x000001670805d6c0, 0x000001670805d778]
Event: 44.508 Thread 0x000001677b238800 13662       2       com.android.tools.r8.ir.regalloc.LiveIntervals::c (44 bytes)
Event: 44.508 Thread 0x000001677b238800 nmethod 13662 0x0000016702197290 code [0x0000016702197480, 0x0000016702197718]
Event: 44.508 Thread 0x000001677b238800 13663       2       com.android.tools.r8.graph.ParameterAnnotationsList::isEmpty (14 bytes)
Event: 44.508 Thread 0x000001677b238800 nmethod 13663 0x0000016702197910 code [0x0000016702197ac0, 0x0000016702197bd8]
Event: 44.508 Thread 0x000001677b238800 13665       2       java.util.TreeMap::getLastEntry (26 bytes)
Event: 44.508 Thread 0x000001677b238800 nmethod 13665 0x0000016702197c90 code [0x0000016702197e40, 0x0000016702197f98]
Event: 44.509 Thread 0x000001677b238800 13664   !   2       com.android.tools.r8.graph.DexProgramClass::c (22 bytes)
Event: 44.509 Thread 0x000001677b238800 nmethod 13664 0x0000016702198090 code [0x00000167021982c0, 0x0000016702198a48]
Event: 44.509 Thread 0x000001677b238800 13668 %     3       com.android.tools.r8.ir.regalloc.LinearScanRegisterAllocator::a @ 2036 (3743 bytes)

GC Heap History (20 events):
Event: 35.252 GC heap after
{Heap after GC invocations=40 (full 0):
 garbage-first heap   total 155648K, used 128967K [0x0000000080000000, 0x0000000100000000)
  region size 1024K, 1 young (1024K), 1 survivors (1024K)
 Metaspace       used 85152K, capacity 87483K, committed 87680K, reserved 1124352K
  class space    used 10883K, capacity 11783K, committed 11904K, reserved 1048576K
}
Event: 35.506 GC heap before
{Heap before GC invocations=41 (full 0):
 garbage-first heap   total 155648K, used 135111K [0x0000000080000000, 0x0000000100000000)
  region size 1024K, 7 young (7168K), 1 survivors (1024K)
 Metaspace       used 86034K, capacity 88393K, committed 88448K, reserved 1126400K
  class space    used 10983K, capacity 11873K, committed 11904K, reserved 1048576K
}
Event: 35.516 GC heap after
{Heap after GC invocations=42 (full 0):
 garbage-first heap   total 245760K, used 130207K [0x0000000080000000, 0x0000000100000000)
  region size 1024K, 1 young (1024K), 1 survivors (1024K)
 Metaspace       used 86034K, capacity 88393K, committed 88448K, reserved 1126400K
  class space    used 10983K, capacity 11873K, committed 11904K, reserved 1048576K
}
Event: 35.783 GC heap before
{Heap before GC invocations=42 (full 0):
 garbage-first heap   total 245760K, used 141471K [0x0000000080000000, 0x0000000100000000)
  region size 1024K, 12 young (12288K), 1 survivors (1024K)
 Metaspace       used 86386K, capacity 88762K, committed 89088K, reserved 1126400K
  class space    used 10987K, capacity 11909K, committed 12032K, reserved 1048576K
}
Event: 35.788 GC heap after
{Heap after GC invocations=43 (full 0):
 garbage-first heap   total 245760K, used 128575K [0x0000000080000000, 0x0000000100000000)
  region size 1024K, 2 young (2048K), 2 survivors (2048K)
 Metaspace       used 86386K, capacity 88762K, committed 89088K, reserved 1126400K
  class space    used 10987K, capacity 11909K, committed 12032K, reserved 1048576K
}
Event: 38.280 GC heap before
{Heap before GC invocations=43 (full 0):
 garbage-first heap   total 245760K, used 160319K [0x0000000080000000, 0x0000000100000000)
  region size 1024K, 33 young (33792K), 2 survivors (2048K)
 Metaspace       used 86958K, capacity 89431K, committed 89600K, reserved 1126400K
  class space    used 11003K, capacity 11917K, committed 12032K, reserved 1048576K
}
Event: 38.289 GC heap after
{Heap after GC invocations=44 (full 0):
 garbage-first heap   total 245760K, used 130711K [0x0000000080000000, 0x0000000100000000)
  region size 1024K, 4 young (4096K), 4 survivors (4096K)
 Metaspace       used 86958K, capacity 89431K, committed 89600K, reserved 1126400K
  class space    used 11003K, capacity 11917K, committed 12032K, reserved 1048576K
}
Event: 42.192 GC heap before
{Heap before GC invocations=45 (full 0):
 garbage-first heap   total 245760K, used 161431K [0x0000000080000000, 0x0000000100000000)
  region size 1024K, 37 young (37888K), 4 survivors (4096K)
 Metaspace       used 87100K, capacity 89551K, committed 89856K, reserved 1126400K
  class space    used 11011K, capacity 11925K, committed 12032K, reserved 1048576K
}
Event: 42.203 GC heap after
{Heap after GC invocations=46 (full 0):
 garbage-first heap   total 245760K, used 130053K [0x0000000080000000, 0x0000000100000000)
  region size 1024K, 4 young (4096K), 4 survivors (4096K)
 Metaspace       used 87100K, capacity 89551K, committed 89856K, reserved 1126400K
  class space    used 11011K, capacity 11925K, committed 12032K, reserved 1048576K
}
Event: 42.311 GC heap before
{Heap before GC invocations=46 (full 0):
 garbage-first heap   total 245760K, used 138245K [0x0000000080000000, 0x0000000100000000)
  region size 1024K, 12 young (12288K), 4 survivors (4096K)
 Metaspace       used 87748K, capacity 90229K, committed 90368K, reserved 1128448K
  class space    used 11108K, capacity 12022K, committed 12032K, reserved 1048576K
}
Event: 42.323 GC heap after
{Heap after GC invocations=47 (full 0):
 garbage-first heap   total 245760K, used 108340K [0x0000000080000000, 0x0000000100000000)
  region size 1024K, 1 young (1024K), 1 survivors (1024K)
 Metaspace       used 87748K, capacity 90229K, committed 90368K, reserved 1128448K
  class space    used 11108K, capacity 12022K, committed 12032K, reserved 1048576K
}
Event: 42.801 GC heap before
{Heap before GC invocations=47 (full 0):
 garbage-first heap   total 245760K, used 120628K [0x0000000080000000, 0x0000000100000000)
  region size 1024K, 12 young (12288K), 1 survivors (1024K)
 Metaspace       used 88575K, capacity 91089K, committed 91392K, reserved 1128448K
  class space    used 11238K, capacity 12173K, committed 12288K, reserved 1048576K
}
Event: 42.808 GC heap after
{Heap after GC invocations=48 (full 0):
 garbage-first heap   total 245760K, used 111058K [0x0000000080000000, 0x0000000100000000)
  region size 1024K, 2 young (2048K), 2 survivors (2048K)
 Metaspace       used 88575K, capacity 91089K, committed 91392K, reserved 1128448K
  class space    used 11238K, capacity 12173K, committed 12288K, reserved 1048576K
}
Event: 43.795 GC heap before
{Heap before GC invocations=48 (full 0):
 garbage-first heap   total 245760K, used 155090K [0x0000000080000000, 0x0000000100000000)
  region size 1024K, 46 young (47104K), 2 survivors (2048K)
 Metaspace       used 93535K, capacity 96283K, committed 96512K, reserved 1132544K
  class space    used 11972K, capacity 12991K, committed 13056K, reserved 1048576K
}
Event: 43.807 GC heap after
{Heap after GC invocations=49 (full 0):
 garbage-first heap   total 245760K, used 117548K [0x0000000080000000, 0x0000000100000000)
  region size 1024K, 6 young (6144K), 6 survivors (6144K)
 Metaspace       used 93535K, capacity 96283K, committed 96512K, reserved 1132544K
  class space    used 11972K, capacity 12991K, committed 13056K, reserved 1048576K
}
Event: 44.173 GC heap before
{Heap before GC invocations=49 (full 0):
 garbage-first heap   total 245760K, used 163628K [0x0000000080000000, 0x0000000100000000)
  region size 1024K, 51 young (52224K), 6 survivors (6144K)
 Metaspace       used 94854K, capacity 97597K, committed 97664K, reserved 1134592K
  class space    used 12126K, capacity 13146K, committed 13184K, reserved 1048576K
}
Event: 44.186 GC heap after
{Heap after GC invocations=50 (full 0):
 garbage-first heap   total 245760K, used 119270K [0x0000000080000000, 0x0000000100000000)
  region size 1024K, 3 young (3072K), 3 survivors (3072K)
 Metaspace       used 94854K, capacity 97597K, committed 97664K, reserved 1134592K
  class space    used 12126K, capacity 13146K, committed 13184K, reserved 1048576K
}
Event: 44.510 GC heap before
{Heap before GC invocations=51 (full 0):
 garbage-first heap   total 245760K, used 166374K [0x0000000080000000, 0x0000000100000000)
  region size 1024K, 51 young (52224K), 3 survivors (3072K)
 Metaspace       used 95275K, capacity 98072K, committed 98304K, reserved 1134592K
  class space    used 12187K, capacity 13235K, committed 13312K, reserved 1048576K
}
Event: 44.529 GC heap after
{Heap after GC invocations=52 (full 0):
 garbage-first heap   total 245760K, used 120022K [0x0000000080000000, 0x0000000100000000)
  region size 1024K, 5 young (5120K), 5 survivors (5120K)
 Metaspace       used 95275K, capacity 98072K, committed 98304K, reserved 1134592K
  class space    used 12187K, capacity 13235K, committed 13312K, reserved 1048576K
}
Event: 44.549 GC heap before
{Heap before GC invocations=52 (full 0):
 garbage-first heap   total 245760K, used 126166K [0x0000000080000000, 0x0000000100000000)
  region size 1024K, 12 young (12288K), 5 survivors (5120K)
 Metaspace       used 95279K, capacity 98078K, committed 98304K, reserved 1134592K
  class space    used 12189K, capacity 13237K, committed 13312K, reserved 1048576K
}

Deoptimization events (20 events):
Event: 44.487 Thread 0x0000016712d34000 DEOPT PACKING pc=0x00000167008a0ec9 sp=0x0000003abe3fd150
Event: 44.487 Thread 0x0000016712d34000 DEOPT UNPACKING pc=0x00000167000272ce sp=0x0000003abe3fc5c8 mode 0
Event: 44.492 Thread 0x0000016712d34000 DEOPT PACKING pc=0x00000167008a0ec9 sp=0x0000003abe3fd150
Event: 44.492 Thread 0x0000016712d34000 DEOPT UNPACKING pc=0x00000167000272ce sp=0x0000003abe3fc5c8 mode 0
Event: 44.495 Thread 0x0000016712d34000 DEOPT PACKING pc=0x00000167008a0ec9 sp=0x0000003abe3fd150
Event: 44.495 Thread 0x0000016712d34000 DEOPT UNPACKING pc=0x00000167000272ce sp=0x0000003abe3fc5c8 mode 0
Event: 44.498 Thread 0x0000016712d34000 DEOPT PACKING pc=0x00000167008a1011 sp=0x0000003abe3fcf00
Event: 44.498 Thread 0x0000016712d34000 DEOPT UNPACKING pc=0x00000167000272ce sp=0x0000003abe3fc378 mode 0
Event: 44.503 Thread 0x0000016712d2f000 DEOPT PACKING pc=0x00000167008a0ec9 sp=0x0000003abe4fd1c0
Event: 44.503 Thread 0x0000016712d2f000 DEOPT UNPACKING pc=0x00000167000272ce sp=0x0000003abe4fc638 mode 0
Event: 44.508 Thread 0x0000016712d34000 DEOPT PACKING pc=0x00000167008a1011 sp=0x0000003abe3fd150
Event: 44.508 Thread 0x0000016712d34000 DEOPT UNPACKING pc=0x00000167000272ce sp=0x0000003abe3fc5c8 mode 0
Event: 44.531 Thread 0x0000016712d2e800 DEOPT PACKING pc=0x00000167020765e9 sp=0x0000003abe5fc150
Event: 44.531 Thread 0x0000016712d2e800 DEOPT UNPACKING pc=0x00000167000272ce sp=0x0000003abe5fb600 mode 0
Event: 44.538 Thread 0x0000016712d2e800 DEOPT PACKING pc=0x00000167020765e9 sp=0x0000003abe5fc150
Event: 44.538 Thread 0x0000016712d2e800 DEOPT UNPACKING pc=0x00000167000272ce sp=0x0000003abe5fb600 mode 0
Event: 44.544 Thread 0x0000016712d2d800 DEOPT PACKING pc=0x00000167008a0ec9 sp=0x0000003abe2fd3b0
Event: 44.544 Thread 0x0000016712d2d800 DEOPT UNPACKING pc=0x00000167000272ce sp=0x0000003abe2fc828 mode 0
Event: 44.548 Thread 0x0000016712d2d800 DEOPT PACKING pc=0x00000167008a0ec9 sp=0x0000003abe2fd3b0
Event: 44.548 Thread 0x0000016712d2d800 DEOPT UNPACKING pc=0x00000167000272ce sp=0x0000003abe2fc828 mode 0

Classes redefined (0 events):
No events

Internal exceptions (20 events):
Event: 44.496 Thread 0x0000016712d34000 Exception <a 'sun/nio/fs/WindowsException'{0x000000008c8c7558}> (0x000000008c8c7558) thrown at [./src/hotspot/share/prims/jni.cpp, line 615]
Event: 44.498 Thread 0x0000016712d34000 Exception <a 'sun/nio/fs/WindowsException'{0x000000008c8cdea0}> (0x000000008c8cdea0) thrown at [./src/hotspot/share/prims/jni.cpp, line 615]
Event: 44.500 Thread 0x0000016712d2f000 Exception <a 'sun/nio/fs/WindowsException'{0x000000008cadbe68}> (0x000000008cadbe68) thrown at [./src/hotspot/share/prims/jni.cpp, line 615]
Event: 44.502 Thread 0x0000016712d2f000 Exception <a 'sun/nio/fs/WindowsException'{0x000000008cae1d68}> (0x000000008cae1d68) thrown at [./src/hotspot/share/prims/jni.cpp, line 615]
Event: 44.504 Thread 0x0000016712d2f000 Exception <a 'sun/nio/fs/WindowsException'{0x000000008c3d6430}> (0x000000008c3d6430) thrown at [./src/hotspot/share/prims/jni.cpp, line 615]
Event: 44.504 Thread 0x0000016712d2d800 Exception <a 'sun/nio/fs/WindowsException'{0x000000008d0f79d8}> (0x000000008d0f79d8) thrown at [./src/hotspot/share/prims/jni.cpp, line 615]
Event: 44.505 Thread 0x0000016712d2f000 Exception <a 'sun/nio/fs/WindowsException'{0x000000008c3dc4a8}> (0x000000008c3dc4a8) thrown at [./src/hotspot/share/prims/jni.cpp, line 615]
Event: 44.507 Thread 0x0000016712d2f000 Exception <a 'sun/nio/fs/WindowsException'{0x000000008c3e2308}> (0x000000008c3e2308) thrown at [./src/hotspot/share/prims/jni.cpp, line 615]
Event: 44.508 Thread 0x0000016712d34000 Exception <a 'sun/nio/fs/WindowsException'{0x000000008c0ef1c0}> (0x000000008c0ef1c0) thrown at [./src/hotspot/share/prims/jni.cpp, line 615]
Event: 44.530 Thread 0x0000016712d2d800 Exception <a 'sun/nio/fs/WindowsException'{0x000000008ef54aa0}> (0x000000008ef54aa0) thrown at [./src/hotspot/share/prims/jni.cpp, line 615]
Event: 44.531 Thread 0x0000016712d34000 Exception <a 'sun/nio/fs/WindowsException'{0x000000008efd4448}> (0x000000008efd4448) thrown at [./src/hotspot/share/prims/jni.cpp, line 615]
Event: 44.533 Thread 0x0000016712d34000 Exception <a 'sun/nio/fs/WindowsException'{0x000000008efda068}> (0x000000008efda068) thrown at [./src/hotspot/share/prims/jni.cpp, line 615]
Event: 44.535 Thread 0x0000016712d2f000 Exception <a 'sun/nio/fs/WindowsException'{0x000000008ed2d9d8}> (0x000000008ed2d9d8) thrown at [./src/hotspot/share/prims/jni.cpp, line 615]
Event: 44.539 Thread 0x0000016712d2f000 Exception <a 'sun/nio/fs/WindowsException'{0x000000008ec7b578}> (0x000000008ec7b578) thrown at [./src/hotspot/share/prims/jni.cpp, line 615]
Event: 44.541 Thread 0x0000016712d2f000 Exception <a 'sun/nio/fs/WindowsException'{0x000000008eb71c30}> (0x000000008eb71c30) thrown at [./src/hotspot/share/prims/jni.cpp, line 615]
Event: 44.543 Thread 0x0000016712d2f000 Exception <a 'sun/nio/fs/WindowsException'{0x000000008ea5b148}> (0x000000008ea5b148) thrown at [./src/hotspot/share/prims/jni.cpp, line 615]
Event: 44.545 Thread 0x0000016712d2f000 Exception <a 'sun/nio/fs/WindowsException'{0x000000008eaaf058}> (0x000000008eaaf058) thrown at [./src/hotspot/share/prims/jni.cpp, line 615]
Event: 44.545 Thread 0x0000016712d2d800 Exception <a 'sun/nio/fs/WindowsException'{0x000000008eafa670}> (0x000000008eafa670) thrown at [./src/hotspot/share/prims/jni.cpp, line 615]
Event: 44.548 Thread 0x0000016712d2f000 Exception <a 'sun/nio/fs/WindowsException'{0x000000008e94dc00}> (0x000000008e94dc00) thrown at [./src/hotspot/share/prims/jni.cpp, line 615]
Event: 44.548 Thread 0x0000016712d2d800 Exception <a 'sun/nio/fs/WindowsException'{0x000000008e9d2688}> (0x000000008e9d2688) thrown at [./src/hotspot/share/prims/jni.cpp, line 615]

Events (20 events):
Event: 44.366 loading class com/android/tools/r8/code/d1 done
Event: 44.367 loading class com/android/tools/r8/code/b1
Event: 44.367 loading class com/android/tools/r8/code/b1 done
Event: 44.367 loading class com/android/tools/r8/code/Z0
Event: 44.367 loading class com/android/tools/r8/code/Z0 done
Event: 44.367 loading class com/android/tools/r8/code/W0
Event: 44.367 loading class com/android/tools/r8/code/W0 done
Event: 44.367 loading class com/android/tools/r8/code/RemIntLit8
Event: 44.367 loading class com/android/tools/r8/code/RemIntLit8 done
Event: 44.368 loading class com/android/tools/r8/code/c1
Event: 44.368 loading class com/android/tools/r8/code/c1 done
Event: 44.406 Executing VM operation: CGC_Operation
Event: 44.408 Executing VM operation: CGC_Operation done
Event: 44.507 Executing VM operation: ICBufferFull
Event: 44.508 Executing VM operation: ICBufferFull done
Event: 44.510 Executing VM operation: G1CollectForAllocation
Event: 44.529 Executing VM operation: G1CollectForAllocation done
Event: 44.533 loading class com/android/tools/r8/ir/regalloc/LinearScanRegisterAllocator
Event: 44.533 loading class com/android/tools/r8/ir/regalloc/LinearScanRegisterAllocator done
Event: 44.549 Executing VM operation: G1CollectForAllocation


Dynamic libraries:
0x00007ff6241a0000 - 0x00007ff6241aa000 	D:\Android Studio\jre\bin\java.exe
0x00007ffbba690000 - 0x00007ffbba885000 	C:\WINDOWS\SYSTEM32\ntdll.dll
0x00007ffbb9f60000 - 0x00007ffbba01d000 	C:\WINDOWS\System32\KERNEL32.DLL
0x00007ffbb7dd0000 - 0x00007ffbb8098000 	C:\WINDOWS\System32\KERNELBASE.dll
0x00007ffbb8500000 - 0x00007ffbb8600000 	C:\WINDOWS\System32\ucrtbase.dll
0x00007ffb9da00000 - 0x00007ffb9da19000 	D:\Android Studio\jre\bin\jli.dll
0x00007ffb9d230000 - 0x00007ffb9d247000 	D:\Android Studio\jre\bin\VCRUNTIME140.dll
0x00007ffbba4b0000 - 0x00007ffbba650000 	C:\WINDOWS\System32\USER32.dll
0x00007ffbb84d0000 - 0x00007ffbb84f2000 	C:\WINDOWS\System32\win32u.dll
0x00007ffbb9ec0000 - 0x00007ffbb9eea000 	C:\WINDOWS\System32\GDI32.dll
0x00007ffbb8230000 - 0x00007ffbb833b000 	C:\WINDOWS\System32\gdi32full.dll
0x00007ffbb8660000 - 0x00007ffbb86fd000 	C:\WINDOWS\System32\msvcp_win.dll
0x00007ffbb71f0000 - 0x00007ffbb748a000 	C:\WINDOWS\WinSxS\amd64_microsoft.windows.common-controls_6595b64144ccf1df_6.0.19041.1052_none_60b8f8fd71f5e8cb\COMCTL32.dll
0x00007ffbb91b0000 - 0x00007ffbb924e000 	C:\WINDOWS\System32\msvcrt.dll
0x00007ffbb8e00000 - 0x00007ffbb8e30000 	C:\WINDOWS\System32\IMM32.DLL
0x00007ffb9a500000 - 0x00007ffb9a59d000 	D:\Android Studio\jre\bin\msvcp140.dll
0x00007ffb46f30000 - 0x00007ffb479ec000 	D:\Android Studio\jre\bin\server\jvm.dll
0x00007ffbb9a00000 - 0x00007ffbb9aac000 	C:\WINDOWS\System32\ADVAPI32.dll
0x00007ffbb9040000 - 0x00007ffbb90db000 	C:\WINDOWS\System32\sechost.dll
0x00007ffbb8f10000 - 0x00007ffbb903b000 	C:\WINDOWS\System32\RPCRT4.dll
0x00007ffbba020000 - 0x00007ffbba028000 	C:\WINDOWS\System32\PSAPI.DLL
0x00007ffbb46b0000 - 0x00007ffbb46d7000 	C:\WINDOWS\SYSTEM32\WINMM.dll
0x00007ffbb58d0000 - 0x00007ffbb58da000 	C:\WINDOWS\SYSTEM32\VERSION.dll
0x00007ffb93260000 - 0x00007ffb93269000 	C:\WINDOWS\SYSTEM32\WSOCK32.dll
0x00007ffbb9ef0000 - 0x00007ffbb9f5b000 	C:\WINDOWS\System32\ws2_32.DLL
0x00007ffbb50f0000 - 0x00007ffbb5102000 	C:\WINDOWS\SYSTEM32\kernel.appcore.dll
0x00007ffbaec10000 - 0x00007ffbaec21000 	D:\Android Studio\jre\bin\verify.dll
0x00007ffbb7800000 - 0x00007ffbb79e4000 	C:\WINDOWS\SYSTEM32\DBGHELP.DLL
0x00007ffbb7750000 - 0x00007ffbb777c000 	C:\WINDOWS\SYSTEM32\dbgcore.DLL
0x00007ffbb81a0000 - 0x00007ffbb8223000 	C:\WINDOWS\System32\bcryptPrimitives.dll
0x00007ffb9e590000 - 0x00007ffb9e5b9000 	D:\Android Studio\jre\bin\java.dll
0x00007ffbb6060000 - 0x00007ffbb606b000 	D:\Android Studio\jre\bin\jimage.dll
0x00007ffb9e430000 - 0x00007ffb9e448000 	D:\Android Studio\jre\bin\zip.dll
0x00007ffbb9260000 - 0x00007ffbb999f000 	C:\WINDOWS\System32\SHELL32.dll
0x00007ffbb5130000 - 0x00007ffbb58c0000 	C:\WINDOWS\SYSTEM32\windows.storage.dll
0x00007ffbb9ab0000 - 0x00007ffbb9e05000 	C:\WINDOWS\System32\combase.dll
0x00007ffbb7150000 - 0x00007ffbb717c000 	C:\WINDOWS\SYSTEM32\Wldp.dll
0x00007ffbb9e10000 - 0x00007ffbb9ebe000 	C:\WINDOWS\System32\SHCORE.dll
0x00007ffbb8c70000 - 0x00007ffbb8cc5000 	C:\WINDOWS\System32\shlwapi.dll
0x00007ffbb7d10000 - 0x00007ffbb7d2f000 	C:\WINDOWS\SYSTEM32\profapi.dll
0x00007ffb9e340000 - 0x00007ffb9e35a000 	D:\Android Studio\jre\bin\net.dll
0x00007ffbaf4b0000 - 0x00007ffbaf5bb000 	C:\WINDOWS\SYSTEM32\WINHTTP.dll
0x00007ffbb7030000 - 0x00007ffbb709a000 	C:\WINDOWS\system32\mswsock.dll
0x00007ffb9e1c0000 - 0x00007ffb9e1d4000 	D:\Android Studio\jre\bin\nio.dll
0x00007ffb9d250000 - 0x00007ffb9d277000 	C:\Users\missv\.gradle\native\fdc75f09e3144964f2cf3f50f0aa648679c211496f362492102eb8c894070792\windows-amd64\native-platform.dll
0x00007ffb64170000 - 0x00007ffb64306000 	C:\Users\missv\.gradle\native\12488b8bf47d2d4c9fbf2f6322a914ad602e24e48041cd04a747c6da556b65c4\windows-amd64\native-platform-file-events.dll
0x00007ffbb5fd0000 - 0x00007ffbb5fda000 	D:\Android Studio\jre\bin\management.dll
0x00007ffbaf820000 - 0x00007ffbaf82c000 	D:\Android Studio\jre\bin\management_ext.dll
0x00007ffbb7b60000 - 0x00007ffbb7b78000 	C:\WINDOWS\SYSTEM32\CRYPTSP.dll
0x00007ffbb6870000 - 0x00007ffbb68a4000 	C:\WINDOWS\system32\rsaenh.dll
0x00007ffbb84a0000 - 0x00007ffbb84c7000 	C:\WINDOWS\System32\bcrypt.dll
0x00007ffbb7c90000 - 0x00007ffbb7cbe000 	C:\WINDOWS\SYSTEM32\USERENV.dll
0x00007ffbb6f80000 - 0x00007ffbb6f8c000 	C:\WINDOWS\SYSTEM32\CRYPTBASE.dll
0x00007ffbb6ba0000 - 0x00007ffbb6bdb000 	C:\WINDOWS\SYSTEM32\IPHLPAPI.DLL
0x00007ffbba4a0000 - 0x00007ffbba4a8000 	C:\WINDOWS\System32\NSI.dll
0x00007ffbacb30000 - 0x00007ffbacb47000 	C:\WINDOWS\SYSTEM32\dhcpcsvc6.DLL
0x00007ffbacb10000 - 0x00007ffbacb2d000 	C:\WINDOWS\SYSTEM32\dhcpcsvc.DLL
0x00007ffbb6be0000 - 0x00007ffbb6cac000 	C:\WINDOWS\SYSTEM32\DNSAPI.dll
0x00007ffbaf5d0000 - 0x00007ffbaf5db000 	C:\WINDOWS\SYSTEM32\WINNSI.DLL

dbghelp: loaded successfully - version: 4.0.5 - missing functions: none
symbol engine: initialized successfully - sym options: 0x614 - pdb path: .;D:\Android Studio\jre\bin;C:\WINDOWS\SYSTEM32;C:\WINDOWS\WinSxS\amd64_microsoft.windows.common-controls_6595b64144ccf1df_6.0.19041.1052_none_60b8f8fd71f5e8cb;D:\Android Studio\jre\bin\server;C:\Users\missv\.gradle\native\fdc75f09e3144964f2cf3f50f0aa648679c211496f362492102eb8c894070792\windows-amd64;C:\Users\missv\.gradle\native\12488b8bf47d2d4c9fbf2f6322a914ad602e24e48041cd04a747c6da556b65c4\windows-amd64

VM Arguments:
jvm_args: --add-opens=java.base/java.util=ALL-UNNAMED --add-opens=java.base/java.lang=ALL-UNNAMED --add-opens=java.base/java.lang.invoke=ALL-UNNAMED --add-opens=java.prefs/java.util.prefs=ALL-UNNAMED -Xmx2048m -Dfile.encoding=UTF-8 -Duser.country=US -Duser.language=en -Duser.variant 
java_command: org.gradle.launcher.daemon.bootstrap.GradleDaemon 6.7.1
java_class_path (initial): C:\Users\missv\.gradle\wrapper\dists\gradle-6.7.1-bin\bwlcbys1h7rz3272sye1xwiv6\gradle-6.7.1\lib\gradle-launcher-6.7.1.jar
Launcher Type: SUN_STANDARD

[Global flags]
     intx CICompilerCount                          = 4                                         {product} {ergonomic}
     uint ConcGCThreads                            = 2                                         {product} {ergonomic}
     uint G1ConcRefinementThreads                  = 8                                         {product} {ergonomic}
   size_t G1HeapRegionSize                         = 1048576                                   {product} {ergonomic}
    uintx GCDrainStackTargetSize                   = 64                                        {product} {ergonomic}
   size_t InitialHeapSize                          = 132120576                                 {product} {ergonomic}
   size_t MarkStackSize                            = 4194304                                   {product} {ergonomic}
   size_t MaxHeapSize                              = 2147483648                                {product} {command line}
   size_t MaxNewSize                               = 1287651328                                {product} {ergonomic}
   size_t MinHeapDeltaBytes                        = 1048576                                   {product} {ergonomic}
    uintx NonNMethodCodeHeapSize                   = 5836300                                {pd product} {ergonomic}
    uintx NonProfiledCodeHeapSize                  = 122910970                              {pd product} {ergonomic}
    uintx ProfiledCodeHeapSize                     = 122910970                              {pd product} {ergonomic}
    uintx ReservedCodeCacheSize                    = 251658240                              {pd product} {ergonomic}
     bool SegmentedCodeCache                       = true                                      {product} {ergonomic}
     bool UseCompressedClassPointers               = true                                 {lp64_product} {ergonomic}
     bool UseCompressedOops                        = true                                 {lp64_product} {ergonomic}
     bool UseG1GC                                  = true                                      {product} {ergonomic}
     bool UseLargePagesIndividualAllocation        = false                                  {pd product} {ergonomic}

Logging:
Log output configuration:
 #0: stdout all=warning uptime,level,tags
 #1: stderr all=off uptime,level,tags

Environment Variables:
PATH=C:\Program Files\Common Files\Oracle\Java\javapath;C:\Python38\Scripts\;C:\Python38\;C:\Windows\system32;C:\Windows;C:\Windows\System32\Wbem;C:\Windows\System32\WindowsPowerShell\v1.0\;C:\Windows\System32\OpenSSH\;C:\Program Files\Intel\WiFi\bin\;C:\Program Files\Common Files\Intel\WirelessCommon\;C:\Program Files (x86)\NVIDIA Corporation\PhysX\Common;C:\Program Files\NVIDIA Corporation\NVIDIA NvDLISR;C:\WINDOWS\system32;C:\WINDOWS;C:\WINDOWS\System32\Wbem;C:\WINDOWS\System32\WindowsPowerShell\v1.0\;C:\WINDOWS\System32\OpenSSH\;C:\Program Files\Git\cmd;C:\ProgramData\chocolatey\bin;C:\Windows\system32;C:\Windows;C:\Windows\System32\Wbem;C:\Windows\System32\WindowsPowerShell\v1.0\;C:\Windows\System32\OpenSSH\;C:\Program Files\Intel\WiFi\bin\;C:\Program Files\Common Files\Intel\WirelessCommon\;C:\Program Files (x86)\NVIDIA Corporation\PhysX\Common;C:\Program Files\NVIDIA Corporation\NVIDIA NvDLISR;C:\WINDOWS\system32;C:\WINDOWS;C:\WINDOWS\System32\Wbem;C:\WINDOWS\System32\WindowsPowerShell\v1.0\;C:\WINDOWS\System32\OpenSSH\;C:\Program Files\Git\cmd;C:\Users\missv\AppData\Local\Microsoft\WindowsApps;C:\Users\missv\AppData\Local\GitHubDesktop\bin;C:\Python38\Scripts\;C:\Python38\;
USERNAME=missv
OS=Windows_NT
PROCESSOR_IDENTIFIER=Intel64 Family 6 Model 158 Stepping 10, GenuineIntel



---------------  S Y S T E M  ---------------

OS: Windows 10 , 64 bit Build 19041 (10.0.19041.1023)
OS uptime: 3 days 10:11 hours

CPU:total 8 (initial active 8) (4 cores per cpu, 2 threads per core) family 6 model 158 stepping 10, cmov, cx8, fxsr, mmx, sse, sse2, sse3, ssse3, sse4.1, sse4.2, popcnt, avx, avx2, aes, clmul, erms, 3dnowpref, lzcnt, ht, tsc, tscinvbit, bmi1, bmi2, adx, fma

Memory: 4k page, system-wide physical 7973M (249M free)
TotalPageFile size 21217M (AvailPageFile size 7M)
current process WorkingSet (physical memory assigned to process): 396M, peak: 401M
current process commit charge ("private bytes"): 545M, peak: 629M

vm_info: OpenJDK 64-Bit Server VM (11.0.8+10-b944.6842174) for windows-amd64 JRE (11.0.8+10-b944.6842174), built on Sep 19 2020 01:11:42 by "builder" with MS VC++ 14.0 (VS2015)

END.
